41
6
42
86
137
109
64
172
23
25
53
110
94
169
154
104
158
34
103
92
33
166
29
143
135
145
56
174
20
68
161
37
87
165
129
67
82
66
90
141
122
100
133
70
118
163
147
119
31
3
115
72
106
81
73
146
150
77
128
7
40
99
69
111
43
75
95
21
22
1
2
4
5
8
9
10
11
12
13
14
15
16
17
18
19
24
26
27
28
30
32
35
36
38
39
44
45
46
47
48
49
50
51
52
54
55
57
58
59
60
61
62
63
65
71
74
76
78
79
80
83
84
85
88
89
91
93
96
97
98
101
102
105
107
108
112
113
114
116
117
120
121
123
124
125
126
127
130
131
132
134
136
138
139
140
142
144
148
149
151
152
153
155
156
157
159
160
162
164
167
168
170
171
173
175
