26
37
117
154
34
12
146
6
87
19
93
69
28
17
129
139
43
11
76
126
135
3
89
14
84
165
142
32
148
153
170
133
9
166
94
82
171
106
116
78
188
136
92
100
70
131
177
192
4
77
181
33
178
172
151
185
15
30
61
73
53
125
194
162
40
197
49
158
86
7
161
90
152
62
98
118
2
91
198
97
1
5
8
10
13
16
18
20
21
22
23
24
25
27
29
31
35
36
38
39
41
42
44
45
46
47
48
50
51
52
54
55
56
57
58
59
60
63
64
65
66
67
68
71
72
74
75
79
80
81
83
85
88
95
96
99
101
102
103
104
105
107
108
109
110
111
112
113
114
115
119
120
121
122
123
124
127
128
130
132
134
137
138
140
141
143
144
145
147
149
150
155
156
157
159
160
163
164
167
168
169
173
174
175
176
179
180
182
183
184
186
187
189
190
191
193
195
196
199
200
