182
75
15
71
104
96
100
31
154
64
41
65
113
67
140
21
39
185
35
112
87
7
159
76
109
103
30
55
1
74
175
193
139
23
126
44
146
69
17
61
189
166
156
60
179
149
11
138
26
20
5
184
152
169
121
38
200
29
143
6
191
142
54
133
157
13
163
97
14
45
177
22
119
77
188
89
72
28
106
136
114
190
108
2
3
4
8
9
10
12
16
18
19
24
25
27
32
33
34
36
37
40
42
43
46
47
48
49
50
51
52
53
56
57
58
59
62
63
66
68
70
73
78
79
80
81
82
83
84
85
86
88
90
91
92
93
94
95
98
99
101
102
105
107
110
111
115
116
117
118
120
122
123
124
125
127
128
129
130
131
132
134
135
137
141
144
145
147
148
150
151
153
155
158
160
161
162
164
165
167
168
170
171
172
173
174
176
178
180
181
183
186
187
192
194
195
196
197
198
199
