48
127
67
50
166
68
65
64
18
170
94
103
190
147
44
90
144
22
128
176
80
138
42
145
120
77
114
41
137
102
122
183
197
76
126
119
164
78
121
17
95
110
2
162
92
16
142
73
70
19
123
108
171
47
82
113
161
24
13
179
26
189
66
175
72
6
51
35
177
14
97
89
194
7
3
198
87
23
11
61
59
185
1
4
5
8
9
10
12
15
20
21
25
27
28
29
30
31
32
33
34
36
37
38
39
40
43
45
46
49
52
53
54
55
56
57
58
60
62
63
69
71
74
75
79
81
83
84
85
86
88
91
93
96
98
99
100
101
104
105
106
107
109
111
112
115
116
117
118
124
125
129
130
131
132
133
134
135
136
139
140
141
143
146
148
149
150
151
152
153
154
155
156
157
158
159
160
163
165
167
168
169
172
173
174
178
180
181
182
184
186
187
188
191
192
193
195
196
199
200
