100
196
95
4
174
117
76
8
44
119
99
27
90
140
152
20
67
164
49
10
74
153
120
40
3
57
148
131
87
123
198
39
147
17
192
1
172
32
199
29
142
81
186
92
75
18
47
11
187
180
112
96
169
37
106
91
33
56
136
7
188
183
98
121
189
97
72
190
135
88
59
163
193
116
38
104
41
108
25
60
141
28
125
118
94
179
107
68
2
5
6
9
12
13
14
15
16
19
21
22
23
24
26
30
31
34
35
36
42
43
45
46
48
50
51
52
53
54
55
58
61
62
63
64
65
66
69
70
71
73
77
78
79
80
82
83
84
85
86
89
93
101
102
103
105
109
110
111
113
114
115
122
124
126
127
128
129
130
132
133
134
137
138
139
143
144
145
146
149
150
151
154
155
156
157
158
159
160
161
162
165
166
167
168
170
171
173
175
176
177
178
181
182
184
185
191
194
195
197
200
