176
199
132
133
187
19
28
81
87
20
157
8
97
45
57
50
31
68
44
116
196
140
122
93
43
13
154
38
165
80
168
152
46
30
161
163
73
9
67
12
151
6
149
127
198
192
139
195
52
79
179
164
99
2
76
10
120
171
170
105
153
56
17
77
180
66
106
138
166
89
34
137
95
32
200
1
3
4
5
7
11
14
15
16
18
21
22
23
24
25
26
27
29
33
35
36
37
39
40
41
42
47
48
49
51
53
54
55
58
59
60
61
62
63
64
65
69
70
71
72
74
75
78
82
83
84
85
86
88
90
91
92
94
96
98
100
101
102
103
104
107
108
109
110
111
112
113
114
115
117
118
119
121
123
124
125
126
128
129
130
131
134
135
136
141
142
143
144
145
146
147
148
150
155
156
158
159
160
162
167
169
172
173
174
175
177
178
181
182
183
184
185
186
188
189
190
191
193
194
197
