89
5
170
25
113
141
13
67
92
68
128
24
144
112
114
72
151
118
136
149
53
46
168
59
153
70
45
95
171
148
20
50
74
2
107
163
158
80
169
132
88
34
54
105
23
154
22
121
30
40
44
96
157
83
76
28
98
93
56
11
127
109
47
162
7
37
165
111
27
131
106
124
91
16
1
3
4
6
8
9
10
12
14
15
17
18
19
21
26
29
31
32
33
35
36
38
39
41
42
43
48
49
51
52
55
57
58
60
61
62
63
64
65
66
69
71
73
75
77
78
79
81
82
84
85
86
87
90
94
97
99
100
101
102
103
104
108
110
115
116
117
119
120
122
123
125
126
129
130
133
134
135
137
138
139
140
142
143
145
146
147
150
152
155
156
159
160
161
164
166
167
