131
124
166
34
143
182
199
58
192
30
12
2
133
178
29
186
173
168
145
8
76
156
175
66
157
172
150
117
83
32
21
25
191
126
88
85
190
61
13
4
40
39
100
62
180
130
197
27
33
107
48
188
189
113
99
56
90
97
70
71
135
41
81
98
35
163
128
171
52
15
132
194
151
159
114
158
141
18
160
6
74
37
51
122
153
177
144
200
80
108
183
179
49
1
3
5
7
9
10
11
14
16
17
19
20
22
23
24
26
28
31
36
38
42
43
44
45
46
47
50
53
54
55
57
59
60
63
64
65
67
68
69
72
73
75
77
78
79
82
84
86
87
89
91
92
93
94
95
96
101
102
103
104
105
106
109
110
111
112
115
116
118
119
120
121
123
125
127
129
134
136
137
138
139
140
142
146
147
148
149
152
154
155
161
162
164
165
167
169
170
174
176
181
184
185
187
193
195
196
198
