118
51
200
72
123
99
146
45
132
120
28
39
29
31
102
174
167
69
103
124
175
171
173
194
95
105
98
37
44
106
34
36
130
66
22
63
176
142
107
186
141
48
136
182
150
68
64
3
56
50
139
57
104
5
109
94
96
158
35
177
143
191
87
15
67
33
86
70
71
151
131
195
38
90
188
4
121
83
140
32
189
76
147
14
1
2
6
7
8
9
10
11
12
13
16
17
18
19
20
21
23
24
25
26
27
30
40
41
42
43
46
47
49
52
53
54
55
58
59
60
61
62
65
73
74
75
77
78
79
80
81
82
84
85
88
89
91
92
93
97
100
101
108
110
111
112
113
114
115
116
117
119
122
125
126
127
128
129
133
134
135
137
138
144
145
148
149
152
153
154
155
156
157
159
160
161
162
163
164
165
166
168
169
170
172
178
179
180
181
183
184
185
187
190
192
193
196
197
198
199
