71
174
91
2
22
45
140
24
141
40
53
5
171
25
3
87
77
39
65
33
180
78
182
26
179
55
98
32
135
152
192
159
108
118
46
147
164
138
160
120
50
128
126
172
154
130
183
188
123
61
95
17
30
187
156
145
19
20
84
90
136
131
1
63
48
47
170
169
132
157
4
143
127
119
13
185
124
105
60
58
69
72
38
176
27
12
56
11
28
104
6
7
8
9
10
14
15
16
18
21
23
29
31
34
35
36
37
41
42
43
44
49
51
52
54
57
59
62
64
66
67
68
70
73
74
75
76
79
80
81
82
83
85
86
88
89
92
93
94
96
97
99
100
101
102
103
106
107
109
110
111
112
113
114
115
116
117
121
122
125
129
133
134
137
139
142
144
146
148
149
150
151
153
155
158
161
162
163
165
166
167
168
173
175
177
178
181
184
186
189
190
191
193
