145
129
147
19
107
78
124
89
150
27
81
33
20
102
12
24
103
106
10
67
83
41
62
88
141
55
61
117
34
130
93
13
6
26
122
1
57
156
118
144
2
46
44
87
94
114
45
43
120
17
25
59
14
153
115
3
138
148
28
134
152
54
113
69
131
142
126
22
9
121
84
36
52
30
119
65
79
98
108
4
5
7
8
11
15
16
18
21
23
29
31
32
35
37
38
39
40
42
47
48
49
50
51
53
56
58
60
63
64
66
68
70
71
72
73
74
75
76
77
80
82
85
86
90
91
92
95
96
97
99
100
101
104
105
109
110
111
112
116
123
125
127
128
132
133
135
136
137
139
140
143
146
149
151
154
155
157
158
159
