140
121
192
196
64
188
90
77
11
100
26
167
159
193
165
89
133
130
152
4
114
125
41
33
142
198
109
200
107
86
8
74
48
172
160
85
5
194
12
191
119
118
6
83
63
131
173
177
122
66
126
49
92
113
7
15
20
55
2
97
171
28
47
185
65
141
25
39
75
79
106
38
161
91
128
24
36
1
157
3
9
10
13
14
16
17
18
19
21
22
23
27
29
30
31
32
34
35
37
40
42
43
44
45
46
50
51
52
53
54
56
57
58
59
60
61
62
67
68
69
70
71
72
73
76
78
80
81
82
84
87
88
93
94
95
96
98
99
101
102
103
104
105
108
110
111
112
115
116
117
120
123
124
127
129
132
134
135
136
137
138
139
143
144
145
146
147
148
149
150
151
153
154
155
156
158
162
163
164
166
168
169
170
174
175
176
178
179
180
181
182
183
184
186
187
189
190
195
197
199
