176
187
200
154
69
88
48
63
130
72
78
137
175
74
157
68
144
35
36
148
50
101
19
196
173
85
141
155
131
117
18
42
64
21
169
38
192
31
14
65
12
17
138
62
168
37
16
86
156
67
151
73
115
23
34
1
60
6
79
59
100
33
5
28
118
29
40
45
97
82
177
107
7
25
87
89
132
191
111
153
162
2
3
4
8
9
10
11
13
15
20
22
24
26
27
30
32
39
41
43
44
46
47
49
51
52
53
54
55
56
57
58
61
66
70
71
75
76
77
80
81
83
84
90
91
92
93
94
95
96
98
99
102
103
104
105
106
108
109
110
112
113
114
116
119
120
121
122
123
124
125
126
127
128
129
133
134
135
136
139
140
142
143
145
146
147
149
150
152
158
159
160
161
163
164
165
166
167
170
171
172
174
178
179
180
181
182
183
184
185
186
188
189
190
193
194
195
197
198
199
