6
121
123
81
68
107
125
22
153
185
142
115
58
69
102
184
59
27
49
124
171
156
95
57
183
170
50
151
89
12
56
20
67
166
80
111
108
77
36
154
55
132
23
18
188
5
182
94
139
168
7
66
14
16
2
84
175
167
120
70
180
158
93
100
172
75
174
122
28
105
85
86
87
173
146
177
32
61
62
137
134
29
160
98
60
144
112
63
127
3
119
37
141
1
4
8
9
10
11
13
15
17
19
21
24
25
26
30
31
33
34
35
38
39
40
41
42
43
44
45
46
47
48
51
52
53
54
64
65
71
72
73
74
76
78
79
82
83
88
90
91
92
96
97
99
101
103
104
106
109
110
113
114
116
117
118
126
128
129
130
131
133
135
136
138
140
143
145
147
148
149
150
152
155
157
159
161
162
163
164
165
169
176
178
179
181
186
187
189
