67
37
122
200
136
166
147
88
198
191
176
77
19
179
156
51
123
68
5
26
105
186
163
48
160
111
64
184
161
108
12
11
84
92
130
165
83
134
54
152
97
98
140
177
150
85
6
148
99
55
106
44
73
87
159
56
17
52
162
168
185
4
13
76
61
40
45
50
28
133
93
95
149
1
75
114
104
89
65
10
197
15
23
178
117
196
22
39
113
43
2
3
7
8
9
14
16
18
20
21
24
25
27
29
30
31
32
33
34
35
36
38
41
42
46
47
49
53
57
58
59
60
62
63
66
69
70
71
72
74
78
79
80
81
82
86
90
91
94
96
100
101
102
103
107
109
110
112
115
116
118
119
120
121
124
125
126
127
128
129
131
132
135
137
138
139
141
142
143
144
145
146
151
153
154
155
157
158
164
167
169
170
171
172
173
174
175
180
181
182
183
187
188
189
190
192
193
194
195
199
