56
100
170
142
107
101
116
61
165
190
166
199
30
87
69
198
65
113
178
117
64
95
2
57
6
134
78
132
191
120
110
176
163
22
9
196
154
150
26
10
68
40
133
93
105
164
99
66
43
181
45
169
104
19
32
5
184
85
54
103
119
125
48
124
35
156
76
29
25
90
145
111
4
18
96
51
112
194
55
137
161
21
151
1
3
7
8
11
12
13
14
15
16
17
20
23
24
27
28
31
33
34
36
37
38
39
41
42
44
46
47
49
50
52
53
58
59
60
62
63
67
70
71
72
73
74
75
77
79
80
81
82
83
84
86
88
89
91
92
94
97
98
102
106
108
109
114
115
118
121
122
123
126
127
128
129
130
131
135
136
138
139
140
141
143
144
146
147
148
149
152
153
155
157
158
159
160
162
167
168
171
172
173
174
175
177
179
180
182
183
185
186
187
188
189
192
193
195
197
200
