129
164
174
169
37
41
5
106
146
195
168
199
155
65
147
172
120
116
197
142
32
105
126
187
163
175
161
71
2
20
26
94
45
92
171
30
110
63
198
68
188
118
80
153
82
93
180
61
125
132
54
64
179
88
114
131
52
91
158
167
133
102
8
141
107
49
144
123
154
181
33
128
122
184
44
156
4
189
186
50
57
81
83
85
56
6
1
3
7
9
10
11
12
13
14
15
16
17
18
19
21
22
23
24
25
27
28
29
31
34
35
36
38
39
40
42
43
46
47
48
51
53
55
58
59
60
62
66
67
69
70
72
73
74
75
76
77
78
79
84
86
87
89
90
95
96
97
98
99
100
101
103
104
108
109
111
112
113
115
117
119
121
124
127
130
134
135
136
137
138
139
140
143
145
148
149
150
151
152
157
159
160
162
165
166
170
173
176
177
178
182
183
185
190
191
192
193
194
196
200
