25
15
146
45
35
42
133
194
181
26
162
151
126
168
119
124
3
186
2
103
75
24
108
95
46
102
86
157
191
32
22
188
69
183
122
6
82
9
197
27
20
48
43
147
153
81
64
150
106
19
107
62
47
85
163
120
98
16
79
161
113
152
121
57
190
8
142
93
100
59
1
4
5
7
10
11
12
13
14
17
18
21
23
28
29
30
31
33
34
36
37
38
39
40
41
44
49
50
51
52
53
54
55
56
58
60
61
63
65
66
67
68
70
71
72
73
74
76
77
78
80
83
84
87
88
89
90
91
92
94
96
97
99
101
104
105
109
110
111
112
114
115
116
117
118
123
125
127
128
129
130
131
132
134
135
136
137
138
139
140
141
143
144
145
148
149
154
155
156
158
159
160
164
165
166
167
169
170
171
172
173
174
175
176
177
178
179
180
182
184
185
187
189
192
193
195
196
198
199
200
