131
106
69
46
49
110
13
181
152
141
33
28
193
183
112
3
89
137
64
44
154
185
1
172
77
30
109
180
120
61
130
145
196
179
39
56
71
15
23
68
70
140
190
144
174
57
26
62
93
88
55
124
168
111
101
160
73
38
143
148
171
12
116
119
189
87
99
35
59
43
107
162
22
81
198
72
167
114
96
2
4
5
6
7
8
9
10
11
14
16
17
18
19
20
21
24
25
27
29
31
32
34
36
37
40
41
42
45
47
48
50
51
52
53
54
58
60
63
65
66
67
74
75
76
78
79
80
82
83
84
85
86
90
91
92
94
95
97
98
100
102
103
104
105
108
113
115
117
118
121
122
123
125
126
127
128
129
132
133
134
135
136
138
139
142
146
147
149
150
151
153
155
156
157
158
159
161
163
164
165
166
169
170
173
175
176
177
178
182
184
186
187
188
191
192
194
195
197
199
200
