141
189
89
64
70
133
111
95
164
74
154
106
121
80
25
158
129
18
49
55
99
165
109
41
151
30
160
29
11
23
193
5
196
187
72
94
21
159
194
147
52
195
38
102
51
142
132
163
169
60
22
143
103
145
144
69
57
157
42
9
58
37
83
10
190
20
35
34
168
15
59
71
180
149
16
68
112
127
101
198
185
86
84
173
1
2
3
4
6
7
8
12
13
14
17
19
24
26
27
28
31
32
33
36
39
40
43
44
45
46
47
48
50
53
54
56
61
62
63
65
66
67
73
75
76
77
78
79
81
82
85
87
88
90
91
92
93
96
97
98
100
104
105
107
108
110
113
114
115
116
117
118
119
120
122
123
124
125
126
128
130
131
134
135
136
137
138
139
140
146
148
150
152
153
155
156
161
162
166
167
170
171
172
174
175
176
177
178
179
181
182
183
184
186
188
191
192
197
199
200
