1
89
46
50
147
43
13
31
99
157
165
20
82
119
49
103
97
29
2
12
108
35
6
76
80
67
120
9
55
39
86
98
52
109
75
87
27
16
19
73
125
8
85
139
7
74
114
11
116
38
92
51
72
134
58
115
22
26
158
164
113
95
156
77
33
83
66
47
84
101
4
71
60
110
111
36
126
3
5
10
14
15
17
18
21
23
24
25
28
30
32
34
37
40
41
42
44
45
48
53
54
56
57
59
61
62
63
64
65
68
69
70
78
79
81
88
90
91
93
94
96
100
102
104
105
106
107
112
117
118
121
122
123
124
127
128
129
130
131
132
133
135
136
137
138
140
141
142
143
144
145
146
148
149
150
151
152
153
154
155
159
160
161
162
163
