124
135
38
100
97
5
23
59
28
126
53
191
127
156
182
31
145
162
169
41
93
151
174
67
165
77
160
19
192
10
47
193
175
119
92
32
136
36
161
79
8
43
198
55
183
129
107
75
85
15
134
132
16
7
71
114
123
89
83
106
25
171
197
9
14
133
181
143
12
61
153
52
108
18
157
94
144
163
65
3
20
122
187
1
2
4
6
11
13
17
21
22
24
26
27
29
30
33
34
35
37
39
40
42
44
45
46
48
49
50
51
54
56
57
58
60
62
63
64
66
68
69
70
72
73
74
76
78
80
81
82
84
86
87
88
90
91
95
96
98
99
101
102
103
104
105
109
110
111
112
113
115
116
117
118
120
121
125
128
130
131
137
138
139
140
141
142
146
147
148
149
150
152
154
155
158
159
164
166
167
168
170
172
173
176
177
178
179
180
184
185
186
188
189
190
194
195
196
199
200
