54
180
127
145
67
64
21
106
14
171
55
94
51
164
185
143
49
65
27
190
109
151
20
115
141
25
69
11
186
132
119
92
133
97
170
81
174
74
39
121
82
2
95
44
52
146
137
184
112
53
199
17
144
22
142
98
136
8
29
117
177
176
77
123
196
108
139
113
149
36
140
172
118
71
104
89
124
103
178
76
100
58
28
7
1
3
4
5
6
9
10
12
13
15
16
18
19
23
24
26
30
31
32
33
34
35
37
38
40
41
42
43
45
46
47
48
50
56
57
59
60
61
62
63
66
68
70
72
73
75
78
79
80
83
84
85
86
87
88
90
91
93
96
99
101
102
105
107
110
111
114
116
120
122
125
126
128
129
130
131
134
135
138
147
148
150
152
153
154
155
156
157
158
159
160
161
162
163
165
166
167
168
169
173
175
179
181
182
183
187
188
189
191
192
193
194
195
197
198
200
