37
44
122
19
79
35
149
112
104
137
51
31
69
48
85
57
66
40
151
10
87
54
13
91
143
72
32
142
83
115
94
3
102
140
33
17
89
50
77
126
53
106
74
11
67
139
123
52
5
145
113
147
15
96
105
24
64
21
75
84
124
150
114
29
134
138
78
68
121
26
127
1
2
4
6
7
8
9
12
14
16
18
20
22
23
25
27
28
30
34
36
38
39
41
42
43
45
46
47
49
55
56
58
59
60
61
62
63
65
70
71
73
76
80
81
82
86
88
90
92
93
95
97
98
99
100
101
103
107
108
109
110
111
116
117
118
119
120
125
128
129
130
131
132
133
135
136
141
144
146
148
152
