179
142
44
39
182
55
15
157
187
29
62
115
150
141
82
175
64
69
70
13
160
164
88
78
50
23
152
73
145
192
35
151
93
197
165
167
72
173
41
17
79
198
95
76
45
16
153
52
199
168
123
129
138
184
114
116
101
57
48
122
85
9
107
1
18
67
137
189
183
111
7
87
92
185
66
61
47
46
190
158
177
25
166
74
53
31
33
154
89
113
2
3
4
5
6
8
10
11
12
14
19
20
21
22
24
26
27
28
30
32
34
36
37
38
40
42
43
49
51
54
56
58
59
60
63
65
68
71
75
77
80
81
83
84
86
90
91
94
96
97
98
99
100
102
103
104
105
106
108
109
110
112
117
118
119
120
121
124
125
126
127
128
130
131
132
133
134
135
136
139
140
143
144
146
147
148
149
155
156
159
161
162
163
169
170
171
172
174
176
178
180
181
186
188
191
193
194
195
196
200
