45
110
152
103
187
86
19
30
63
138
8
53
27
13
115
31
91
114
199
180
33
20
105
35
162
145
9
62
146
157
50
101
193
168
174
77
196
58
99
131
43
136
129
142
172
25
141
72
55
64
120
171
97
46
78
181
123
111
6
124
29
65
60
67
83
173
92
137
155
75
189
116
148
166
3
188
41
134
121
23
61
59
95
184
84
1
2
4
5
7
10
11
12
14
15
16
17
18
21
22
24
26
28
32
34
36
37
38
39
40
42
44
47
48
49
51
52
54
56
57
66
68
69
70
71
73
74
76
79
80
81
82
85
87
88
89
90
93
94
96
98
100
102
104
106
107
108
109
112
113
117
118
119
122
125
126
127
128
130
132
133
135
139
140
143
144
147
149
150
151
153
154
156
158
159
160
161
163
164
165
167
169
170
175
176
177
178
179
182
183
185
186
190
191
192
194
195
197
198
