196
122
198
123
136
149
31
3
133
97
127
121
51
110
163
41
194
167
116
170
16
5
35
93
126
1
139
131
178
129
109
20
102
176
108
135
142
120
99
161
77
59
187
64
96
37
75
181
182
189
151
48
145
101
28
150
186
130
54
146
174
119
6
169
113
88
147
81
175
70
153
66
92
155
177
185
94
47
68
143
78
159
40
87
184
30
148
144
19
79
156
12
4
2
7
8
9
10
11
13
14
15
17
18
21
22
23
24
25
26
27
29
32
33
34
36
38
39
42
43
44
45
46
49
50
52
53
55
56
57
58
60
61
62
63
65
67
69
71
72
73
74
76
80
82
83
84
85
86
89
90
91
95
98
100
103
104
105
106
107
111
112
114
115
117
118
124
125
128
132
134
137
138
140
141
152
154
157
158
160
162
164
165
166
168
171
172
173
179
180
183
188
190
191
192
193
195
197
199
200
