86
131
103
150
158
90
53
133
45
119
134
72
95
108
52
48
139
128
61
25
140
62
68
162
82
15
107
64
167
99
17
172
118
127
71
143
177
178
164
9
94
151
73
50
36
104
83
13
144
148
179
77
161
34
135
112
23
7
175
145
85
29
35
12
22
130
111
87
92
46
168
102
100
65
2
155
67
27
51
1
3
4
5
6
8
10
11
14
16
18
19
20
21
24
26
28
30
31
32
33
37
38
39
40
41
42
43
44
47
49
54
55
56
57
58
59
60
63
66
69
70
74
75
76
78
79
80
81
84
88
89
91
93
96
97
98
101
105
106
109
110
113
114
115
116
117
120
121
122
123
124
125
126
129
132
136
137
138
141
142
146
147
149
152
153
154
156
157
159
160
163
165
166
169
170
171
173
174
176
180
