167
43
137
129
41
108
127
141
63
73
133
30
112
18
69
6
74
101
12
94
66
144
152
172
87
52
196
48
164
126
96
35
109
7
200
174
157
79
102
77
97
53
42
1
130
82
67
166
183
140
190
187
40
178
20
169
70
28
3
22
158
5
134
99
21
104
170
117
176
56
72
45
78
110
114
9
180
2
4
8
10
11
13
14
15
16
17
19
23
24
25
26
27
29
31
32
33
34
36
37
38
39
44
46
47
49
50
51
54
55
57
58
59
60
61
62
64
65
68
71
75
76
80
81
83
84
85
86
88
89
90
91
92
93
95
98
100
103
105
106
107
111
113
115
116
118
119
120
121
122
123
124
125
128
131
132
135
136
138
139
142
143
145
146
147
148
149
150
151
153
154
155
156
159
160
161
162
163
165
168
171
173
175
177
179
181
182
184
185
186
188
189
191
192
193
194
195
197
198
199
