152
151
3
100
134
160
85
92
184
174
26
168
139
114
42
60
176
80
165
90
121
172
150
6
142
125
89
17
149
129
63
76
178
126
171
77
101
103
36
112
164
75
146
183
47
157
68
55
5
102
167
192
148
15
191
88
105
69
23
198
159
48
180
1
124
35
4
49
43
163
107
53
188
84
123
65
147
12
2
7
8
9
10
11
13
14
16
18
19
20
21
22
24
25
27
28
29
30
31
32
33
34
37
38
39
40
41
44
45
46
50
51
52
54
56
57
58
59
61
62
64
66
67
70
71
72
73
74
78
79
81
82
83
86
87
91
93
94
95
96
97
98
99
104
106
108
109
110
111
113
115
116
117
118
119
120
122
127
128
130
131
132
133
135
136
137
138
140
141
143
144
145
153
154
155
156
158
161
162
166
169
170
173
175
177
179
181
182
185
186
187
189
190
193
194
195
196
197
199
200
