29
31
141
58
86
152
18
131
180
56
60
105
199
35
172
115
190
72
197
142
12
96
161
133
193
130
119
57
70
135
62
3
73
104
19
41
125
196
178
100
129
44
185
28
23
134
137
150
75
177
46
183
111
198
87
94
195
200
95
67
14
155
117
59
84
146
153
136
81
21
9
128
143
66
85
159
145
147
26
1
2
4
5
6
7
8
10
11
13
15
16
17
20
22
24
25
27
30
32
33
34
36
37
38
39
40
42
43
45
47
48
49
50
51
52
53
54
55
61
63
64
65
68
69
71
74
76
77
78
79
80
82
83
88
89
90
91
92
93
97
98
99
101
102
103
106
107
108
109
110
112
113
114
116
118
120
121
122
123
124
126
127
132
138
139
140
144
148
149
151
154
156
157
158
160
162
163
164
165
166
167
168
169
170
171
173
174
175
176
179
181
182
184
186
187
188
189
191
192
194
