179
119
104
112
153
18
43
145
88
31
17
173
189
87
42
23
158
52
135
28
143
187
127
107
130
63
86
69
56
83
79
171
154
78
47
191
150
116
95
25
126
50
102
68
140
163
19
41
114
141
196
157
101
118
20
67
59
186
77
113
198
40
148
39
9
64
200
73
16
149
57
8
49
155
2
136
26
174
33
1
3
4
5
6
7
10
11
12
13
14
15
21
22
24
27
29
30
32
34
35
36
37
38
44
45
46
48
51
53
54
55
58
60
61
62
65
66
70
71
72
74
75
76
80
81
82
84
85
89
90
91
92
93
94
96
97
98
99
100
103
105
106
108
109
110
111
115
117
120
121
122
123
124
125
128
129
131
132
133
134
137
138
139
142
144
146
147
151
152
156
159
160
161
162
164
165
166
167
168
169
170
172
175
176
177
178
180
181
182
183
184
185
188
190
192
193
194
195
197
199
