6
41
131
135
142
16
9
95
144
10
163
149
5
160
47
150
38
176
178
18
12
37
88
106
132
116
19
170
67
105
57
115
151
45
26
92
55
153
4
138
100
140
157
141
111
118
25
8
64
113
130
59
174
24
82
21
15
179
104
2
183
20
84
191
17
196
89
103
28
87
146
74
60
128
99
125
79
186
181
42
1
3
7
11
13
14
22
23
27
29
30
31
32
33
34
35
36
39
40
43
44
46
48
49
50
51
52
53
54
56
58
61
62
63
65
66
68
69
70
71
72
73
75
76
77
78
80
81
83
85
86
90
91
93
94
96
97
98
101
102
107
108
109
110
112
114
117
119
120
121
122
123
124
126
127
129
133
134
136
137
139
143
145
147
148
152
154
155
156
158
159
161
162
164
165
166
167
168
169
171
172
173
175
177
180
182
184
185
187
188
189
190
192
193
194
195
197
198
199
200
