1
3
6
7
9
10
14
22
24
25
26
28
31
32
37
38
43
45
46
47
48
51
55
56
58
59
61
62
63
65
71
72
73
74
76
78
79
80
82
88
91
92
93
94
95
96
98
99
102
103
108
110
111
117
122
124
125
130
131
136
138
139
143
145
147
149
151
155
156
158
160
165
166
168
172
174
176
181
182
189
193
194
2
4
5
8
11
12
13
15
16
17
18
19
20
21
23
27
29
30
33
34
35
36
39
40
41
42
44
49
50
52
53
54
57
60
64
66
67
68
69
70
75
77
81
83
84
85
86
87
89
90
97
100
101
104
105
106
107
109
112
113
114
115
116
118
119
120
121
123
126
127
128
129
132
133
134
135
137
140
141
142
144
146
148
150
152
153
154
157
159
161
162
163
164
167
169
170
171
173
175
177
178
179
180
183
184
185
186
187
188
190
191
192
195
196
197
198
199
