11
76
149
66
122
199
112
55
31
180
150
68
41
124
159
172
191
18
1
6
182
105
59
174
146
96
155
44
82
39
57
52
144
37
187
176
127
136
58
19
99
168
92
135
154
157
121
109
117
102
17
94
79
173
67
88
200
8
22
90
195
51
194
54
12
34
36
15
27
133
46
141
80
24
7
47
175
185
70
101
188
164
108
10
84
61
60
71
43
148
2
3
4
5
9
13
14
16
20
21
23
25
26
28
29
30
32
33
35
38
40
42
45
48
49
50
53
56
62
63
64
65
69
72
73
74
75
77
78
81
83
85
86
87
89
91
93
95
97
98
100
103
104
106
107
110
111
113
114
115
116
118
119
120
123
125
126
128
129
130
131
132
134
137
138
139
140
142
143
145
147
151
152
153
156
158
160
161
162
163
165
166
167
169
170
171
177
178
179
181
183
184
186
189
190
192
193
196
197
198
