116
38
5
139
95
43
119
39
131
103
63
161
115
90
14
123
105
130
155
179
200
118
166
188
54
195
35
92
83
196
147
20
129
186
193
101
163
152
124
59
10
13
80
168
126
164
48
40
18
178
79
182
33
26
167
55
135
113
11
122
134
191
87
46
58
150
121
78
143
110
174
140
157
197
44
145
108
7
1
2
3
4
6
8
9
12
15
16
17
19
21
22
23
24
25
27
28
29
30
31
32
34
36
37
41
42
45
47
49
50
51
52
53
56
57
60
61
62
64
65
66
67
68
69
70
71
72
73
74
75
76
77
81
82
84
85
86
88
89
91
93
94
96
97
98
99
100
102
104
106
107
109
111
112
114
117
120
125
127
128
132
133
136
137
138
141
142
144
146
148
149
151
153
154
156
158
159
160
162
165
169
170
171
172
173
175
176
177
180
181
183
184
185
187
189
190
192
194
198
199
