125
110
121
14
40
144
85
78
119
172
142
164
32
133
148
149
47
136
17
83
89
71
170
86
65
141
131
20
82
73
87
132
29
158
91
66
38
138
111
100
99
55
34
28
114
63
30
54
166
165
9
171
124
51
35
150
134
161
56
31
3
8
92
117
79
169
26
53
27
135
145
128
156
112
130
126
153
24
12
167
1
2
4
5
6
7
10
11
13
15
16
18
19
21
22
23
25
33
36
37
39
41
42
43
44
45
46
48
49
50
52
57
58
59
60
61
62
64
67
68
69
70
72
74
75
76
77
80
81
84
88
90
93
94
95
96
97
98
101
102
103
104
105
106
107
108
109
113
115
116
118
120
122
123
127
129
137
139
140
143
146
147
151
152
154
155
157
159
160
162
163
168
