169
111
151
46
116
132
138
159
150
134
9
50
162
69
21
71
178
51
14
173
105
172
62
55
52
133
16
20
5
17
13
164
184
1
76
149
139
47
136
42
11
158
53
35
79
175
78
114
65
39
25
170
92
177
108
119
123
165
91
77
73
48
127
103
19
146
57
145
66
179
61
168
85
153
43
49
128
121
166
23
2
3
4
6
7
8
10
12
15
18
22
24
26
27
28
29
30
31
32
33
34
36
37
38
40
41
44
45
54
56
58
59
60
63
64
67
68
70
72
74
75
80
81
82
83
84
86
87
88
89
90
93
94
95
96
97
98
99
100
101
102
104
106
107
109
110
112
113
115
117
118
120
122
124
125
126
129
130
131
135
137
140
141
142
143
144
147
148
152
154
155
156
157
160
161
163
167
171
174
176
180
181
182
183
185
186
187
