78
22
23
163
31
54
134
142
160
161
109
137
172
32
99
98
76
153
15
118
3
1
178
110
176
94
107
128
146
101
60
6
155
71
168
37
139
147
53
83
24
112
140
158
72
56
16
86
117
148
166
12
165
133
95
68
70
36
52
73
120
39
50
119
58
173
97
175
93
59
123
48
96
159
62
157
4
63
49
88
138
47
105
2
5
7
8
9
10
11
13
14
17
18
19
20
21
25
26
27
28
29
30
33
34
35
38
40
41
42
43
44
45
46
51
55
57
61
64
65
66
67
69
74
75
77
79
80
81
82
84
85
87
89
90
91
92
100
102
103
104
106
108
111
113
114
115
116
121
122
124
125
126
127
129
130
131
132
135
136
141
143
144
145
149
150
151
152
154
156
162
164
167
169
170
171
174
177
179
180
181
