3
173
50
111
102
25
12
34
127
83
81
45
24
133
124
185
138
99
79
42
182
72
27
29
183
47
141
89
132
104
184
105
139
36
114
175
125
160
112
71
17
177
96
63
108
94
91
85
145
86
130
179
120
78
21
76
106
123
152
30
75
64
119
53
61
67
128
166
146
80
31
2
33
4
66
154
1
121
43
49
5
6
7
8
9
10
11
13
14
15
16
18
19
20
22
23
26
28
32
35
37
38
39
40
41
44
46
48
51
52
54
55
56
57
58
59
60
62
65
68
69
70
73
74
77
82
84
87
88
90
92
93
95
97
98
100
101
103
107
109
110
113
115
116
117
118
122
126
129
131
134
135
136
137
140
142
143
144
147
148
149
150
151
153
155
156
157
158
159
161
162
163
164
165
167
168
169
170
171
172
174
176
178
180
181
