1
200
61
40
82
115
99
141
135
168
120
154
60
8
24
161
3
186
53
93
85
14
197
149
15
199
131
112
166
21
125
160
74
19
22
78
132
140
164
150
88
46
129
38
28
41
100
179
167
91
108
110
84
192
172
196
6
96
162
133
109
27
45
151
195
105
20
95
5
49
103
190
111
67
7
138
2
4
9
10
11
12
13
16
17
18
23
25
26
29
30
31
32
33
34
35
36
37
39
42
43
44
47
48
50
51
52
54
55
56
57
58
59
62
63
64
65
66
68
69
70
71
72
73
75
76
77
79
80
81
83
86
87
89
90
92
94
97
98
101
102
104
106
107
113
114
116
117
118
119
121
122
123
124
126
127
128
130
134
136
137
139
142
143
144
145
146
147
148
152
153
155
156
157
158
159
163
165
169
170
171
173
174
175
176
177
178
180
181
182
183
184
185
187
188
189
191
193
194
198
