56
93
184
67
108
120
118
182
128
152
26
157
187
131
27
168
29
83
107
10
63
140
34
84
16
197
62
135
200
50
28
170
96
186
116
87
91
12
30
142
47
98
101
73
143
125
65
23
21
97
180
15
134
151
133
57
80
79
25
138
110
174
188
119
183
72
193
64
175
45
176
153
169
106
164
22
99
43
14
166
194
178
196
94
124
78
160
100
71
1
2
3
4
5
6
7
8
9
11
13
17
18
19
20
24
31
32
33
35
36
37
38
39
40
41
42
44
46
48
49
51
52
53
54
55
58
59
60
61
66
68
69
70
74
75
76
77
81
82
85
86
88
89
90
92
95
102
103
104
105
109
111
112
113
114
115
117
121
122
123
126
127
129
130
132
136
137
139
141
144
145
146
147
148
149
150
154
155
156
158
159
161
162
163
165
167
171
172
173
177
179
181
185
189
190
191
192
195
198
199
