118
131
17
54
35
133
72
115
67
24
138
70
101
28
7
73
157
126
16
37
15
97
136
142
121
9
90
19
71
23
120
124
111
122
44
132
52
127
21
161
114
20
33
38
151
18
145
5
69
128
68
99
109
79
91
14
81
60
80
156
119
106
123
22
88
48
86
32
56
149
84
2
82
57
46
87
30
50
6
1
3
4
8
10
11
12
13
25
26
27
29
31
34
36
39
40
41
42
43
45
47
49
51
53
55
58
59
61
62
63
64
65
66
74
75
76
77
78
83
85
89
92
93
94
95
96
98
100
102
103
104
105
107
108
110
112
113
116
117
125
129
130
134
135
137
139
140
141
143
144
146
147
148
150
152
153
154
155
158
159
160
