141
71
57
127
83
42
133
30
29
46
58
44
95
140
110
160
88
143
47
139
115
62
145
98
144
136
103
39
132
153
40
11
118
51
135
16
56
14
26
100
159
90
60
64
81
117
125
86
21
27
111
1
37
126
147
82
129
17
142
154
123
63
6
122
164
84
22
54
8
55
53
20
78
162
2
36
3
4
5
7
9
10
12
13
15
18
19
23
24
25
28
31
32
33
34
35
38
41
43
45
48
49
50
52
59
61
65
66
67
68
69
70
72
73
74
75
76
77
79
80
85
87
89
91
92
93
94
96
97
99
101
102
104
105
106
107
108
109
112
113
114
116
119
120
121
124
128
130
131
134
137
138
146
148
149
150
151
152
155
156
157
158
161
163
165
