181
152
110
90
172
107
173
17
108
133
60
40
82
116
179
197
46
117
184
198
38
147
114
30
57
63
121
74
87
174
149
47
183
72
102
130
153
81
169
155
131
50
166
167
53
132
75
119
137
21
20
19
15
41
160
199
37
8
65
182
80
109
66
54
186
35
144
194
78
91
70
26
13
120
85
170
24
191
33
127
97
193
42
96
122
154
36
171
31
1
2
3
4
5
6
7
9
10
11
12
14
16
18
22
23
25
27
28
29
32
34
39
43
44
45
48
49
51
52
55
56
58
59
61
62
64
67
68
69
71
73
76
77
79
83
84
86
88
89
92
93
94
95
98
99
100
101
103
104
105
106
111
112
113
115
118
123
124
125
126
128
129
134
135
136
138
139
140
141
142
143
145
146
148
150
151
156
157
158
159
161
162
163
164
165
168
175
176
177
178
180
185
187
188
189
190
192
195
196
200
