172
43
51
140
120
136
190
53
14
188
60
3
134
122
158
106
156
157
183
197
30
186
34
97
198
61
159
74
93
103
96
107
42
129
133
193
40
19
16
35
98
81
105
187
24
160
22
131
117
27
45
86
195
50
11
132
199
138
32
145
200
149
58
44
126
1
90
101
142
10
71
75
37
52
68
13
64
177
112
130
92
143
148
2
4
5
6
7
8
9
12
15
17
18
20
21
23
25
26
28
29
31
33
36
38
39
41
46
47
48
49
54
55
56
57
59
62
63
65
66
67
69
70
72
73
76
77
78
79
80
82
83
84
85
87
88
89
91
94
95
99
100
102
104
108
109
110
111
113
114
115
116
118
119
121
123
124
125
127
128
135
137
139
141
144
146
147
150
151
152
153
154
155
161
162
163
164
165
166
167
168
169
170
171
173
174
175
176
178
179
180
181
182
184
185
189
191
192
194
196
