21
85
12
100
35
81
103
30
125
84
19
54
82
155
109
59
112
154
114
141
79
71
115
157
11
120
72
118
90
86
162
91
67
117
53
93
29
149
95
77
31
69
80
130
101
89
96
129
28
99
137
106
20
111
108
153
23
76
121
36
65
3
17
156
27
98
158
61
139
15
57
1
2
4
5
6
7
8
9
10
13
14
16
18
22
24
25
26
32
33
34
37
38
39
40
41
42
43
44
45
46
47
48
49
50
51
52
55
56
58
60
62
63
64
66
68
70
73
74
75
78
83
87
88
92
94
97
102
104
105
107
110
113
116
119
122
123
124
126
127
128
131
132
133
134
135
136
138
140
142
143
144
145
146
147
148
150
151
152
159
160
161
