66
104
14
19
55
176
193
138
186
32
69
86
58
196
43
95
134
153
181
170
88
177
200
115
46
198
78
105
128
110
130
131
161
156
34
56
22
65
119
12
68
42
89
33
79
9
67
70
122
96
5
179
132
85
137
139
90
17
148
71
125
188
63
174
28
60
140
84
112
53
124
38
64
129
101
113
77
136
30
183
141
45
160
23
37
82
1
2
3
4
6
7
8
10
11
13
15
16
18
20
21
24
25
26
27
29
31
35
36
39
40
41
44
47
48
49
50
51
52
54
57
59
61
62
72
73
74
75
76
80
81
83
87
91
92
93
94
97
98
99
100
102
103
106
107
108
109
111
114
116
117
118
120
121
123
126
127
133
135
142
143
144
145
146
147
149
150
151
152
154
155
157
158
159
162
163
164
165
166
167
168
169
171
172
173
175
178
180
182
184
185
187
189
190
191
192
194
195
197
199
