103
98
7
90
29
121
171
109
97
5
62
96
59
24
141
152
64
14
54
1
160
100
83
56
43
117
191
115
130
139
142
155
38
166
158
22
95
156
149
36
76
183
197
147
101
112
120
125
4
175
99
159
55
86
75
45
124
105
73
137
31
138
40
61
195
85
53
18
200
60
136
154
68
134
44
89
146
27
176
71
2
3
6
8
9
10
11
12
13
15
16
17
19
20
21
23
25
26
28
30
32
33
34
35
37
39
41
42
46
47
48
49
50
51
52
57
58
63
65
66
67
69
70
72
74
77
78
79
80
81
82
84
87
88
91
92
93
94
102
104
106
107
108
110
111
113
114
116
118
119
122
123
126
127
128
129
131
132
133
135
140
143
144
145
148
150
151
153
157
161
162
163
164
165
167
168
169
170
172
173
174
177
178
179
180
181
182
184
185
186
187
188
189
190
192
193
194
196
198
199
