46
84
116
29
131
22
70
48
57
51
43
18
27
154
172
45
14
151
78
141
52
10
155
42
62
166
32
109
7
41
170
66
120
100
61
140
4
36
87
23
149
63
9
107
50
142
173
76
129
85
152
1
162
117
125
102
19
25
89
94
167
135
115
71
88
147
15
143
174
79
40
145
148
138
139
165
171
2
3
5
6
8
11
12
13
16
17
20
21
24
26
28
30
31
33
34
35
37
38
39
44
47
49
53
54
55
56
58
59
60
64
65
67
68
69
72
73
74
75
77
80
81
82
83
86
90
91
92
93
95
96
97
98
99
101
103
104
105
106
108
110
111
112
113
114
118
119
121
122
123
124
126
127
128
130
132
133
134
136
137
144
146
150
153
156
157
158
159
160
161
163
164
168
169
175
176
177
178
179
