84
128
141
44
49
22
166
156
73
123
5
172
104
76
51
94
119
169
7
95
158
103
34
72
19
108
24
159
101
53
145
135
33
35
36
112
46
120
8
132
4
131
117
130
113
127
90
10
68
116
86
60
38
6
106
12
178
122
61
62
96
13
114
57
39
52
161
64
93
20
138
74
118
121
2
98
25
54
165
147
37
143
149
155
1
3
9
11
14
15
16
17
18
21
23
26
27
28
29
30
31
32
40
41
42
43
45
47
48
50
55
56
58
59
63
65
66
67
69
70
71
75
77
78
79
80
81
82
83
85
87
88
89
91
92
97
99
100
102
105
107
109
110
111
115
124
125
126
129
133
134
136
137
139
140
142
144
146
148
150
151
152
153
154
157
160
162
163
164
167
168
170
171
173
174
175
176
177
179
180
