147
45
188
28
148
140
132
33
185
8
27
183
152
134
23
114
64
81
56
123
138
113
22
80
6
137
165
9
191
143
144
1
110
88
108
74
161
50
16
154
166
54
127
180
37
36
35
40
156
5
167
95
124
87
107
94
126
76
101
41
49
106
145
122
61
99
69
119
115
43
151
160
21
52
111
47
163
82
2
3
4
7
10
11
12
13
14
15
17
18
19
20
24
25
26
29
30
31
32
34
38
39
42
44
46
48
51
53
55
57
58
59
60
62
63
65
66
67
68
70
71
72
73
75
77
78
79
83
84
85
86
89
90
91
92
93
96
97
98
100
102
103
104
105
109
112
116
117
118
120
121
125
128
129
130
131
133
135
136
139
141
142
146
149
150
153
155
157
158
159
162
164
168
169
170
171
172
173
174
175
176
177
178
179
181
182
184
186
187
189
190
