167
72
185
43
106
53
1
40
150
156
141
60
2
33
91
9
8
119
183
74
117
46
10
75
110
128
194
147
161
168
5
69
50
200
27
73
143
36
44
191
38
108
136
7
100
162
120
180
17
116
189
129
130
29
155
6
80
122
176
3
164
148
178
138
94
12
64
54
131
20
139
170
140
11
57
32
98
83
111
68
28
104
126
4
13
14
15
16
18
19
21
22
23
24
25
26
30
31
34
35
37
39
41
42
45
47
48
49
51
52
55
56
58
59
61
62
63
65
66
67
70
71
76
77
78
79
81
82
84
85
86
87
88
89
90
92
93
95
96
97
99
101
102
103
105
107
109
112
113
114
115
118
121
123
124
125
127
132
133
134
135
137
142
144
145
146
149
151
152
153
154
157
158
159
160
163
165
166
169
171
172
173
174
175
177
179
181
182
184
186
187
188
190
192
193
195
196
197
198
199
