29
28
45
126
19
106
159
83
146
9
96
188
76
189
185
156
97
140
116
127
199
180
77
137
33
171
119
90
128
66
69
105
73
160
36
25
121
167
12
42
70
164
177
65
179
196
124
152
53
181
84
153
78
183
133
190
10
107
108
43
174
88
165
18
74
100
27
195
130
186
72
142
87
47
149
50
163
168
64
162
95
122
21
182
7
104
136
150
191
23
8
59
6
147
134
24
39
173
99
166
141
63
11
115
111
4
35
194
3
154
16
110
55
132
31
14
30
109
125
151
94
155
89
129
54
169
57
1
17
123
32
51
61
103
2
5
13
15
20
22
26
34
37
38
40
41
44
46
48
49
52
56
58
60
62
67
68
71
75
79
80
81
82
85
86
91
92
93
98
101
102
112
113
114
117
118
120
131
135
138
139
143
144
145
148
157
158
161
170
172
175
176
178
184
187
192
193
197
198
200
