18
55
54
101
168
154
124
79
146
41
148
191
149
174
116
76
139
147
97
157
115
121
120
155
22
176
44
61
95
46
64
126
29
194
125
181
100
82
93
21
136
114
131
178
111
16
31
68
11
53
73
166
177
51
35
81
106
109
32
94
67
85
190
175
186
141
23
108
193
138
75
8
172
140
189
88
187
143
86
119
1
2
3
4
5
6
7
9
10
12
13
14
15
17
19
20
24
25
26
27
28
30
33
34
36
37
38
39
40
42
43
45
47
48
49
50
52
56
57
58
59
60
62
63
65
66
69
70
71
72
74
77
78
80
83
84
87
89
90
91
92
96
98
99
102
103
104
105
107
110
112
113
117
118
122
123
127
128
129
130
132
133
134
135
137
142
144
145
150
151
152
153
156
158
159
160
161
162
163
164
165
167
169
170
171
173
179
180
182
183
184
185
188
192
195
196
197
198
199
200
