89
60
35
36
53
50
88
151
138
143
29
164
8
167
102
137
118
177
57
61
197
182
129
179
46
101
31
77
189
6
99
39
69
135
108
111
121
157
153
161
158
63
32
134
188
24
22
159
178
37
148
149
113
172
132
130
71
154
7
97
44
16
198
72
146
65
19
183
116
127
9
163
87
126
33
112
1
2
3
4
5
10
11
12
13
14
15
17
18
20
21
23
25
26
27
28
30
34
38
40
41
42
43
45
47
48
49
51
52
54
55
56
58
59
62
64
66
67
68
70
73
74
75
76
78
79
80
81
82
83
84
85
86
90
91
92
93
94
95
96
98
100
103
104
105
106
107
109
110
114
115
117
119
120
122
123
124
125
128
131
133
136
139
140
141
142
144
145
147
150
152
155
156
160
162
165
166
168
169
170
171
173
174
175
176
180
181
184
185
186
187
190
191
192
193
194
195
196
199
200
