38
115
48
185
20
160
78
116
189
118
150
123
17
177
87
159
29
66
93
30
88
15
33
19
119
28
89
180
82
147
164
59
110
196
187
90
11
157
9
113
34
108
26
5
167
98
75
61
106
53
153
70
71
79
176
85
117
134
41
44
142
74
107
57
131
172
31
124
171
133
72
18
194
182
152
169
54
16
1
2
3
4
6
7
8
10
12
13
14
21
22
23
24
25
27
32
35
36
37
39
40
42
43
45
46
47
49
50
51
52
55
56
58
60
62
63
64
65
67
68
69
73
76
77
80
81
83
84
86
91
92
94
95
96
97
99
100
101
102
103
104
105
109
111
112
114
120
121
122
125
126
127
128
129
130
132
135
136
137
138
139
140
141
143
144
145
146
148
149
151
154
155
156
158
161
162
163
165
166
168
170
173
174
175
178
179
181
183
184
186
188
190
191
192
193
195
197
198
199
200
