74
72
19
57
122
200
173
4
167
146
1
178
165
84
64
52
23
56
163
187
142
80
123
82
199
58
63
132
113
184
104
34
96
43
16
39
65
18
137
44
127
135
180
53
48
9
101
99
141
14
186
120
10
107
61
85
35
25
31
197
176
90
177
162
128
40
79
157
21
47
147
62
28
42
130
22
29
185
2
3
5
6
7
8
11
12
13
15
17
20
24
26
27
30
32
33
36
37
38
41
45
46
49
50
51
54
55
59
60
66
67
68
69
70
71
73
75
76
77
78
81
83
86
87
88
89
91
92
93
94
95
97
98
100
102
103
105
106
108
109
110
111
112
114
115
116
117
118
119
121
124
125
126
129
131
133
134
136
138
139
140
143
144
145
148
149
150
151
152
153
154
155
156
158
159
160
161
164
166
168
169
170
171
172
174
175
179
181
182
183
188
189
190
191
192
193
194
195
196
198
