103
104
172
105
108
109
106
107
60
61
57
59
58
62
180
125
127
87
82
186
68
76
11
78
164
65
184
56
188
67
196
90
83
165
54
41
69
89
63
136
74
85
88
2
6
7
10
3
8
152
70
47
150
71
38
73
154
43
118
91
182
163
80
64
174
139
161
145
1
4
5
9
12
13
14
15
16
17
18
19
20
21
22
23
24
25
26
27
28
29
30
31
32
33
34
35
36
37
39
40
42
44
45
46
48
49
50
51
52
53
55
66
72
75
77
79
81
84
86
92
93
94
95
96
97
98
99
100
101
102
110
111
112
113
114
115
116
117
119
120
121
122
123
124
126
128
129
130
131
132
133
134
135
137
138
140
141
142
143
144
146
147
148
149
151
153
155
156
157
158
159
160
162
166
167
168
169
170
171
173
175
176
177
178
179
181
183
185
187
189
190
191
192
193
194
195
197
198
199
200
