103
194
132
77
11
138
65
174
141
172
67
3
26
89
75
146
62
127
37
66
18
196
78
198
58
50
191
53
177
136
72
42
137
43
73
200
116
182
17
115
130
193
85
15
160
79
126
151
24
144
164
91
156
184
7
25
14
54
81
82
105
192
155
27
181
64
55
84
163
48
178
129
121
76
169
124
189
32
8
159
147
150
49
23
125
122
106
60
52
1
2
4
5
6
9
10
12
13
16
19
20
21
22
28
29
30
31
33
34
35
36
38
39
40
41
44
45
46
47
51
56
57
59
61
63
68
69
70
71
74
80
83
86
87
88
90
92
93
94
95
96
97
98
99
100
101
102
104
107
108
109
110
111
112
113
114
117
118
119
120
123
128
131
133
134
135
139
140
142
143
145
148
149
152
153
154
157
158
161
162
165
166
167
168
170
171
173
175
176
179
180
183
185
186
187
188
190
195
197
199
