9
92
86
46
165
191
36
23
150
61
183
84
180
76
157
94
14
66
62
38
68
88
67
132
196
12
72
113
28
89
63
27
106
152
120
190
55
90
49
79
163
69
1
2
3
4
5
6
7
8
10
11
13
15
16
17
18
19
20
21
22
24
25
26
29
30
31
32
33
34
35
37
39
40
41
42
43
44
45
47
48
50
51
52
53
54
56
57
58
59
60
64
65
70
71
73
74
75
77
78
80
81
82
83
85
87
91
93
95
96
97
98
99
100
101
102
103
104
105
107
108
109
110
111
112
114
115
116
117
118
119
121
122
123
124
125
126
127
128
129
130
131
133
134
135
136
137
138
139
140
141
142
143
144
145
146
147
148
149
151
153
154
155
156
158
159
160
161
162
164
166
167
168
169
170
171
172
173
174
175
176
177
178
179
181
182
184
185
186
187
188
189
192
193
194
195
197
198
199
200
