127
99
16
188
184
130
180
94
53
163
146
51
158
59
84
153
37
137
102
83
160
57
55
164
124
167
76
11
185
149
52
159
87
174
177
192
131
107
118
46
114
176
13
196
126
17
195
169
47
132
73
125
69
5
98
110
119
141
71
96
20
26
122
23
27
79
80
115
75
155
39
78
77
105
93
199
18
109
142
45
145
4
175
133
19
8
171
1
2
3
6
7
9
10
12
14
15
21
22
24
25
28
29
30
31
32
33
34
35
36
38
40
41
42
43
44
48
49
50
54
56
58
60
61
62
63
64
65
66
67
68
70
72
74
81
82
85
86
88
89
90
91
92
95
97
100
101
103
104
106
108
111
112
113
116
117
120
121
123
128
129
134
135
136
138
139
140
143
144
147
148
150
151
152
154
156
157
161
162
165
166
168
170
172
173
178
179
181
182
183
186
187
189
190
191
193
194
197
198
200
