169
180
136
76
138
31
21
27
143
167
102
105
118
131
154
15
39
194
153
62
13
80
36
89
77
11
72
151
188
141
79
84
69
119
185
115
124
7
64
190
86
113
59
16
174
123
97
66
109
177
168
75
175
192
114
155
2
26
14
117
147
44
100
186
129
165
10
82
41
38
116
54
179
90
94
178
146
170
158
78
68
1
3
4
5
6
8
9
12
17
18
19
20
22
23
24
25
28
29
30
32
33
34
35
37
40
42
43
45
46
47
48
49
50
51
52
53
55
56
57
58
60
61
63
65
67
70
71
73
74
81
83
85
87
88
91
92
93
95
96
98
99
101
103
104
106
107
108
110
111
112
120
121
122
125
126
127
128
130
132
133
134
135
137
139
140
142
144
145
148
149
150
152
156
157
159
160
161
162
163
164
166
171
172
173
176
181
182
183
184
187
189
191
193
