138
105
162
177
6
159
49
175
19
115
53
141
153
92
128
58
140
186
8
59
130
117
23
39
150
121
139
169
85
32
86
155
12
174
70
24
57
160
96
35
18
110
83
48
7
60
152
87
31
187
157
84
88
166
21
64
158
114
145
136
184
176
11
89
29
38
72
28
67
132
149
16
80
73
30
106
43
2
66
69
74
14
124
171
1
3
4
5
9
10
13
15
17
20
22
25
26
27
33
34
36
37
40
41
42
44
45
46
47
50
51
52
54
55
56
61
62
63
65
68
71
75
76
77
78
79
81
82
90
91
93
94
95
97
98
99
100
101
102
103
104
107
108
109
111
112
113
116
118
119
120
122
123
125
126
127
129
131
133
134
135
137
142
143
144
146
147
148
151
154
156
161
163
164
165
167
168
170
172
173
178
179
180
181
182
183
185
