85
21
96
94
44
123
23
157
17
58
70
130
125
95
116
153
138
142
3
143
42
109
121
63
120
6
129
80
141
152
91
81
12
75
88
38
149
56
158
45
146
140
24
145
117
79
115
66
11
124
9
102
57
52
25
155
89
7
54
31
144
2
92
13
133
77
134
110
71
1
4
5
8
10
14
15
16
18
19
20
22
26
27
28
29
30
32
33
34
35
36
37
39
40
41
43
46
47
48
49
50
51
53
55
59
60
61
62
64
65
67
68
69
72
73
74
76
78
82
83
84
86
87
90
93
97
98
99
100
101
103
104
105
106
107
108
111
112
113
114
118
119
122
126
127
128
131
132
135
136
137
139
147
148
150
151
154
156
159
160
