137
169
16
172
67
44
121
25
66
76
127
195
18
107
23
24
54
196
173
132
129
20
126
148
154
177
101
152
83
41
37
181
160
143
58
141
110
190
9
53
179
81
105
125
128
135
142
189
147
116
12
119
131
79
171
124
21
156
62
117
174
43
57
150
167
164
47
85
113
45
188
69
168
63
185
139
4
22
145
60
166
42
192
158
162
186
1
2
3
5
6
7
8
10
11
13
14
15
17
19
26
27
28
29
30
31
32
33
34
35
36
38
39
40
46
48
49
50
51
52
55
56
59
61
64
65
68
70
71
72
73
74
75
77
78
80
82
84
86
87
88
89
90
91
92
93
94
95
96
97
98
99
100
102
103
104
106
108
109
111
112
114
115
118
120
122
123
130
133
134
136
138
140
144
146
149
151
153
155
157
159
161
163
165
170
175
176
178
180
182
183
184
187
191
193
194
197
198
199
200
