158
54
22
12
171
180
170
25
58
149
110
30
162
80
169
52
73
160
178
117
43
168
78
24
57
108
114
70
2
127
29
33
121
126
143
182
31
87
55
48
45
14
164
150
138
122
147
1
129
123
85
61
26
79
4
39
59
141
56
173
103
41
102
154
46
13
51
136
88
144
167
183
109
15
72
62
146
3
5
6
7
8
9
10
11
16
17
18
19
20
21
23
27
28
32
34
35
36
37
38
40
42
44
47
49
50
53
60
63
64
65
66
67
68
69
71
74
75
76
77
81
82
83
84
86
89
90
91
92
93
94
95
96
97
98
99
100
101
104
105
106
107
111
112
113
115
116
118
119
120
124
125
128
130
131
132
133
134
135
137
139
140
142
145
148
151
152
153
155
156
157
159
161
163
165
166
172
174
175
176
177
179
181
184
185
