57
148
50
134
85
78
110
127
26
119
117
73
9
123
122
155
125
137
6
27
82
49
140
128
22
42
146
153
8
56
44
37
118
136
86
65
17
28
147
133
60
142
58
121
14
130
112
152
87
67
23
116
32
84
39
24
157
30
38
135
31
4
81
91
107
15
45
70
88
101
96
1
2
3
5
7
10
11
12
13
16
18
19
20
21
25
29
33
34
35
36
40
41
43
46
47
48
51
52
53
54
55
59
61
62
63
64
66
68
69
71
72
74
75
76
77
79
80
83
89
90
92
93
94
95
97
98
99
100
102
103
104
105
106
108
109
111
113
114
115
120
124
126
129
131
132
138
139
141
143
144
145
149
150
151
154
156
158
159
