113
5
184
155
81
49
178
98
133
117
2
109
53
193
124
110
82
59
78
122
156
73
197
50
4
45
11
63
132
17
108
164
22
52
115
154
180
112
40
23
24
165
140
121
172
168
61
7
44
199
103
95
123
163
83
43
94
179
69
28
100
183
76
38
190
105
70
85
57
185
89
25
19
176
144
87
92
107
34
12
118
1
3
6
8
9
10
13
14
15
16
18
20
21
26
27
29
30
31
32
33
35
36
37
39
41
42
46
47
48
51
54
55
56
58
60
62
64
65
66
67
68
71
72
74
75
77
79
80
84
86
88
90
91
93
96
97
99
101
102
104
106
111
114
116
119
120
125
126
127
128
129
130
131
134
135
136
137
138
139
141
142
143
145
146
147
148
149
150
151
152
153
157
158
159
160
161
162
166
167
169
170
171
173
174
175
177
181
182
186
187
188
189
191
192
194
195
196
198
200
