3
9
12
15
19
22
23
29
34
32
35
39
66
67
73
78
98
76
96
83
88
103
132
86
130
87
131
93
137
142
140
147
152
150
151
157
162
160
165
167
191
192
1
2
4
5
6
7
8
10
11
13
14
16
17
18
20
21
24
25
26
27
28
30
31
33
36
37
38
40
41
42
43
44
45
46
47
48
49
50
51
52
53
54
55
56
57
58
59
60
61
62
63
64
65
68
69
70
71
72
74
75
77
79
80
81
82
84
85
89
90
91
92
94
95
97
99
100
101
102
104
105
106
107
108
109
110
111
112
113
114
115
116
117
118
119
120
121
122
123
124
125
126
127
128
129
133
134
135
136
138
139
141
143
144
145
146
148
149
153
154
155
156
158
159
161
163
164
166
168
169
170
171
172
173
174
175
176
177
178
179
180
181
182
183
184
185
186
187
188
189
190
