28
85
77
54
19
5
120
49
51
56
59
169
23
79
100
128
36
121
115
150
73
176
53
16
94
41
132
22
71
171
153
179
37
12
39
26
106
180
181
130
136
143
50
118
45
78
4
160
63
123
173
52
135
167
126
107
91
82
9
43
76
20
75
40
138
84
184
148
55
62
97
152
122
127
74
188
98
42
112
101
134
1
2
3
6
7
8
10
11
13
14
15
17
18
21
24
25
27
29
30
31
32
33
34
35
38
44
46
47
48
57
58
60
61
64
65
66
67
68
69
70
72
80
81
83
86
87
88
89
90
92
93
95
96
99
102
103
104
105
108
109
110
111
113
114
116
117
119
124
125
129
131
133
137
139
140
141
142
144
145
146
147
149
151
154
155
156
157
158
159
161
162
163
164
165
166
168
170
172
174
175
177
178
182
183
185
186
187
