169
106
90
178
151
13
84
128
152
159
6
94
185
114
66
44
59
157
3
118
55
92
138
153
91
62
167
127
97
148
80
61
81
122
140
112
75
134
188
2
156
10
89
68
189
32
31
67
187
125
192
107
190
165
137
24
20
48
43
49
200
93
60
166
150
18
53
4
113
39
51
173
98
191
38
1
5
7
8
9
11
12
14
15
16
17
19
21
22
23
25
26
27
28
29
30
33
34
35
36
37
40
41
42
45
46
47
50
52
54
56
57
58
63
64
65
69
70
71
72
73
74
76
77
78
79
82
83
85
86
87
88
95
96
99
100
101
102
103
104
105
108
109
110
111
115
116
117
119
120
121
123
124
126
129
130
131
132
133
135
136
139
141
142
143
144
145
146
147
149
154
155
158
160
161
162
163
164
168
170
171
172
174
175
176
177
179
180
181
182
183
184
186
193
194
195
196
197
198
199
