52
185
179
75
50
165
23
99
105
129
7
145
136
72
59
70
22
168
108
33
42
110
86
131
111
138
31
87
180
112
28
200
196
29
48
166
151
40
197
37
96
85
46
186
62
104
173
26
150
175
116
25
56
159
167
77
76
1
12
122
93
160
79
176
64
95
8
170
115
119
18
182
142
2
3
4
5
6
9
10
11
13
14
15
16
17
19
20
21
24
27
30
32
34
35
36
38
39
41
43
44
45
47
49
51
53
54
55
57
58
60
61
63
65
66
67
68
69
71
73
74
78
80
81
82
83
84
88
89
90
91
92
94
97
98
100
101
102
103
106
107
109
113
114
117
118
120
121
123
124
125
126
127
128
130
132
133
134
135
137
139
140
141
143
144
146
147
148
149
152
153
154
155
156
157
158
161
162
163
164
169
171
172
174
177
178
181
183
184
187
188
189
190
191
192
193
194
195
198
199
