66
58
114
152
17
111
46
153
100
61
87
68
26
174
69
132
144
5
156
70
30
161
22
18
21
155
180
121
77
129
122
148
10
147
96
31
179
134
60
116
137
63
113
45
42
49
86
98
177
72
120
143
157
141
84
166
76
126
169
78
11
71
118
145
159
80
102
168
125
112
27
6
1
127
171
101
109
178
151
2
3
4
7
8
9
12
13
14
15
16
19
20
23
24
25
28
29
32
33
34
35
36
37
38
39
40
41
43
44
47
48
50
51
52
53
54
55
56
57
59
62
64
65
67
73
74
75
79
81
82
83
85
88
89
90
91
92
93
94
95
97
99
103
104
105
106
107
108
110
115
117
119
123
124
128
130
131
133
135
136
138
139
140
142
146
149
150
154
158
160
162
163
164
165
167
170
172
173
175
176
