68
191
195
161
86
192
16
104
75
52
105
20
47
83
33
57
169
127
172
138
73
78
131
62
79
103
72
137
90
40
130
59
163
168
55
145
167
112
31
36
173
26
35
28
108
2
155
85
43
102
66
99
140
187
51
27
139
106
61
77
18
175
119
63
81
37
150
113
128
133
154
97
11
3
60
82
93
8
162
23
74
53
146
64
41
6
1
4
5
7
9
10
12
13
14
15
17
19
21
22
24
25
29
30
32
34
38
39
42
44
45
46
48
49
50
54
56
58
65
67
69
70
71
76
80
84
87
88
89
91
92
94
95
96
98
100
101
107
109
110
111
114
115
116
117
118
120
121
122
123
124
125
126
129
132
134
135
136
141
142
143
144
147
148
149
151
152
153
156
157
158
159
160
164
165
166
170
171
174
176
177
178
179
180
181
182
183
184
185
186
188
189
190
193
194
