95
184
33
149
137
144
142
90
53
64
1
102
155
199
59
172
146
117
80
135
86
19
29
39
27
154
165
84
12
24
5
89
191
67
109
182
105
42
173
151
100
118
198
17
52
161
21
103
83
110
65
10
28
171
82
45
26
25
147
111
200
123
145
179
116
34
38
57
6
185
35
140
22
9
36
192
167
87
23
75
166
97
2
3
4
7
8
11
13
14
15
16
18
20
30
31
32
37
40
41
43
44
46
47
48
49
50
51
54
55
56
58
60
61
62
63
66
68
69
70
71
72
73
74
76
77
78
79
81
85
88
91
92
93
94
96
98
99
101
104
106
107
108
112
113
114
115
119
120
121
122
124
125
126
127
128
129
130
131
132
133
134
136
138
139
141
143
148
150
152
153
156
157
158
159
160
162
163
164
168
169
170
174
175
176
177
178
180
181
183
186
187
188
189
190
193
194
195
196
197
