8
115
56
99
48
124
161
100
149
3
87
1
111
98
171
31
143
18
19
72
109
147
46
94
76
130
16
150
14
135
110
93
106
95
64
159
83
23
35
58
74
59
133
52
4
90
55
28
54
113
6
43
126
85
134
88
138
53
154
174
26
131
168
33
96
164
169
38
47
50
167
129
42
175
15
60
27
127
71
12
172
155
36
2
5
7
9
10
11
13
17
20
21
22
24
25
29
30
32
34
37
39
40
41
44
45
49
51
57
61
62
63
65
66
67
68
69
70
73
75
77
78
79
80
81
82
84
86
89
91
92
97
101
102
103
104
105
107
108
112
114
116
117
118
119
120
121
122
123
125
128
132
136
137
139
140
141
142
144
145
146
148
151
152
153
156
157
158
160
162
163
165
166
170
173
