60
24
32
28
100
66
20
111
177
171
30
112
151
22
95
167
79
74
133
87
163
62
168
26
96
110
116
119
146
45
190
137
187
59
194
35
55
78
54
5
157
27
70
169
104
106
128
51
17
145
56
117
197
10
113
63
92
86
15
91
164
125
161
36
186
124
71
144
200
131
85
172
43
19
195
16
80
41
130
58
121
69
158
13
107
1
2
3
4
6
7
8
9
11
12
14
18
21
23
25
29
31
33
34
37
38
39
40
42
44
46
47
48
49
50
52
53
57
61
64
65
67
68
72
73
75
76
77
81
82
83
84
88
89
90
93
94
97
98
99
101
102
103
105
108
109
114
115
118
120
122
123
126
127
129
132
134
135
136
138
139
140
141
142
143
147
148
149
150
152
153
154
155
156
159
160
162
165
166
170
173
174
175
176
178
179
180
181
182
183
184
185
188
189
191
192
193
196
198
199
