179
153
111
136
195
126
120
9
54
52
183
66
45
8
69
80
140
68
158
7
50
79
82
134
149
86
194
37
157
92
46
184
181
114
168
63
193
11
98
154
117
31
123
186
78
40
173
141
187
108
176
25
118
21
130
198
139
89
162
84
1
43
5
23
167
53
22
32
41
165
180
67
30
51
151
2
107
133
28
90
97
44
87
113
127
75
3
4
6
10
12
13
14
15
16
17
18
19
20
24
26
27
29
33
34
35
36
38
39
42
47
48
49
55
56
57
58
59
60
61
62
64
65
70
71
72
73
74
76
77
81
83
85
88
91
93
94
95
96
99
100
101
102
103
104
105
106
109
110
112
115
116
119
121
122
124
125
128
129
131
132
135
137
138
142
143
144
145
146
147
148
150
152
155
156
159
160
161
163
164
166
169
170
171
172
174
175
177
178
182
185
188
189
190
191
192
196
197
199
