21
108
119
167
23
72
193
153
139
39
109
26
32
82
185
179
57
199
13
75
184
38
44
5
2
40
7
133
36
96
190
137
110
124
143
120
76
145
100
118
98
27
104
47
28
86
171
192
10
11
164
77
152
126
60
93
135
101
121
154
58
159
35
131
141
41
55
106
149
83
45
102
68
187
87
123
85
146
33
29
198
56
175
144
114
182
59
177
166
180
188
157
84
43
94
48
46
54
89
53
150
88
81
156
134
172
3
69
12
125
127
130
14
165
111
34
173
66
79
147
80
181
176
16
15
4
90
17
169
200
162
31
1
6
8
9
18
19
20
22
24
25
30
37
42
49
50
51
52
61
62
63
64
65
67
70
71
73
74
78
91
92
95
97
99
103
105
107
112
113
115
116
117
122
128
129
132
136
138
140
142
148
151
155
158
160
161
163
168
170
174
178
183
186
189
191
194
195
196
197
