185
104
34
175
199
184
2
163
173
95
44
55
170
40
123
52
74
160
198
157
37
125
82
85
38
142
161
179
167
101
119
112
29
60
132
192
92
54
81
98
109
187
67
69
13
113
159
182
180
138
133
99
186
129
111
28
45
76
197
16
150
131
73
135
36
183
47
189
191
87
66
117
5
51
11
79
100
8
21
89
46
19
65
1
3
4
6
7
9
10
12
14
15
17
18
20
22
23
24
25
26
27
30
31
32
33
35
39
41
42
43
48
49
50
53
56
57
58
59
61
62
63
64
68
70
71
72
75
77
78
80
83
84
86
88
90
91
93
94
96
97
102
103
105
106
107
108
110
114
115
116
118
120
121
122
124
126
127
128
130
134
136
137
139
140
141
143
144
145
146
147
148
149
151
152
153
154
155
156
158
162
164
165
166
168
169
171
172
174
176
177
178
181
188
190
193
194
195
196
200
