77
35
143
171
79
97
44
169
34
63
109
160
37
32
142
90
11
156
138
31
94
127
17
184
71
104
186
191
155
96
139
59
45
53
98
108
193
24
178
118
40
83
192
3
18
51
7
194
9
103
62
42
91
67
110
4
170
87
164
188
198
113
183
166
29
119
130
56
84
61
85
177
15
5
52
36
75
132
144
112
115
162
146
173
179
1
2
6
8
10
12
13
14
16
19
20
21
22
23
25
26
27
28
30
33
38
39
41
43
46
47
48
49
50
54
55
57
58
60
64
65
66
68
69
70
72
73
74
76
78
80
81
82
86
88
89
92
93
95
99
100
101
102
105
106
107
111
114
116
117
120
121
122
123
124
125
126
128
129
131
133
134
135
136
137
140
141
145
147
148
149
150
151
152
153
154
157
158
159
161
163
165
167
168
172
174
175
176
180
181
182
185
187
189
190
195
196
197
199
200
