171
139
200
123
53
173
196
31
135
32
86
59
26
45
48
92
85
108
136
150
112
38
190
103
179
81
22
80
6
101
176
35
23
133
162
83
144
148
186
87
182
154
120
34
183
82
68
57
10
142
198
111
28
7
143
33
132
40
89
67
76
51
177
187
78
97
118
17
1
2
3
4
5
8
9
11
12
13
14
15
16
18
19
20
21
24
25
27
29
30
36
37
39
41
42
43
44
46
47
49
50
52
54
55
56
58
60
61
62
63
64
65
66
69
70
71
72
73
74
75
77
79
84
88
90
91
93
94
95
96
98
99
100
102
104
105
106
107
109
110
113
114
115
116
117
119
121
122
124
125
126
127
128
129
130
131
134
137
138
140
141
145
146
147
149
151
152
153
155
156
157
158
159
160
161
163
164
165
166
167
168
169
170
172
174
175
178
180
181
184
185
188
189
191
192
193
194
195
197
199
