42
90
38
131
22
2
63
105
136
135
118
111
117
142
107
138
65
101
56
150
21
109
72
54
62
92
60
122
89
31
64
125
160
148
100
66
103
97
48
141
24
139
40
133
14
126
81
119
113
137
51
36
124
10
13
104
110
132
9
84
3
153
26
87
96
23
93
73
77
41
67
61
75
146
1
4
5
6
7
8
11
12
15
16
17
18
19
20
25
27
28
29
30
32
33
34
35
37
39
43
44
45
46
47
49
50
52
53
55
57
58
59
68
69
70
71
74
76
78
79
80
82
83
85
86
88
91
94
95
98
99
102
106
108
112
114
115
116
120
121
123
127
128
129
130
134
140
143
144
145
147
149
151
152
154
155
156
157
158
159
161
