20
195
92
15
70
147
41
31
88
170
115
129
151
68
169
196
96
52
199
139
182
103
186
142
83
133
138
89
190
28
176
198
51
34
40
121
91
56
86
104
112
65
57
3
144
120
36
45
163
137
101
43
32
37
188
136
26
27
108
116
30
87
191
8
165
11
171
64
111
140
145
25
14
173
100
29
21
127
123
1
2
4
5
6
7
9
10
12
13
16
17
18
19
22
23
24
33
35
38
39
42
44
46
47
48
49
50
53
54
55
58
59
60
61
62
63
66
67
69
71
72
73
74
75
76
77
78
79
80
81
82
84
85
90
93
94
95
97
98
99
102
105
106
107
109
110
113
114
117
118
119
122
124
125
126
128
130
131
132
134
135
141
143
146
148
149
150
152
153
154
155
156
157
158
159
160
161
162
164
166
167
168
172
174
175
177
178
179
180
181
183
184
185
187
189
192
193
194
197
200
