139
4
163
111
11
142
37
13
131
113
27
81
52
15
98
108
89
130
1
141
162
19
66
48
93
49
54
150
78
105
117
95
99
100
158
31
8
59
148
88
109
103
85
104
60
68
106
34
42
7
24
114
73
144
156
57
155
107
82
28
50
2
101
18
136
9
39
123
23
94
115
138
91
43
79
161
3
5
6
10
12
14
16
17
20
21
22
25
26
29
30
32
33
35
36
38
40
41
44
45
46
47
51
53
55
56
58
61
62
63
64
65
67
69
70
71
72
74
75
76
77
80
83
84
86
87
90
92
96
97
102
110
112
116
118
119
120
121
122
124
125
126
127
128
129
132
133
134
135
137
140
143
145
146
147
149
151
152
153
154
157
159
160
164
