99
71
158
91
59
165
176
15
147
12
36
178
60
185
82
76
153
183
53
50
49
70
7
189
68
114
164
20
157
188
5
137
26
45
123
97
8
21
3
64
194
128
69
1
103
100
56
101
122
90
200
52
107
196
78
118
92
22
187
177
106
4
154
110
124
6
184
173
17
18
130
159
48
24
149
160
37
2
9
10
11
13
14
16
19
23
25
27
28
29
30
31
32
33
34
35
38
39
40
41
42
43
44
46
47
51
54
55
57
58
61
62
63
65
66
67
72
73
74
75
77
79
80
81
83
84
85
86
87
88
89
93
94
95
96
98
102
104
105
108
109
111
112
113
115
116
117
119
120
121
125
126
127
129
131
132
133
134
135
136
138
139
140
141
142
143
144
145
146
148
150
151
152
155
156
161
162
163
166
167
168
169
170
171
172
174
175
179
180
181
182
186
190
191
192
193
195
197
198
199
