50
48
44
146
153
51
53
101
107
71
120
123
111
60
35
27
118
88
131
28
19
21
76
41
6
169
72
103
9
1
121
67
17
14
129
165
56
92
38
128
124
167
132
25
58
84
64
18
159
70
142
141
122
98
114
94
168
138
10
43
82
62
113
102
90
127
135
157
158
130
137
2
3
4
5
7
8
11
12
13
15
16
20
22
23
24
26
29
30
31
32
33
34
36
37
39
40
42
45
46
47
49
52
54
55
57
59
61
63
65
66
68
69
73
74
75
77
78
79
80
81
83
85
86
87
89
91
93
95
96
97
99
100
104
105
106
108
109
110
112
115
116
117
119
125
126
133
134
136
139
140
143
144
145
147
148
149
150
151
152
154
155
156
160
161
162
163
164
166
170
171
172
