102
13
14
115
137
194
110
160
62
169
55
159
94
91
17
183
176
104
154
92
93
12
73
118
192
121
145
125
132
54
25
172
153
99
164
167
58
191
79
87
82
140
71
32
42
2
126
6
109
57
63
124
36
95
180
108
101
186
111
106
77
146
142
182
49
114
144
10
177
43
86
33
47
68
184
170
44
39
11
166
148
127
89
1
3
4
5
7
8
9
15
16
18
19
20
21
22
23
24
26
27
28
29
30
31
34
35
37
38
40
41
45
46
48
50
51
52
53
56
59
60
61
64
65
66
67
69
70
72
74
75
76
78
80
81
83
84
85
88
90
96
97
98
100
103
105
107
112
113
116
117
119
120
122
123
128
129
130
131
133
134
135
136
138
139
141
143
147
149
150
151
152
155
156
157
158
161
162
163
165
168
171
173
174
175
178
179
181
185
187
188
189
190
193
195
196
