128
123
181
138
191
177
101
96
74
189
104
184
69
28
67
170
102
157
86
35
163
160
143
83
82
39
136
11
9
21
200
103
168
19
63
24
92
4
172
105
27
44
61
65
49
132
124
12
148
116
122
84
41
155
194
176
55
133
48
186
53
30
196
6
33
15
199
156
182
1
2
3
5
7
8
10
13
14
16
17
18
20
22
23
25
26
29
31
32
34
36
37
38
40
42
43
45
46
47
50
51
52
54
56
57
58
59
60
62
64
66
68
70
71
72
73
75
76
77
78
79
80
81
85
87
88
89
90
91
93
94
95
97
98
99
100
106
107
108
109
110
111
112
113
114
115
117
118
119
120
121
125
126
127
129
130
131
134
135
137
139
140
141
142
144
145
146
147
149
150
151
152
153
154
158
159
161
162
164
165
166
167
169
171
173
174
175
178
179
180
183
185
187
188
190
192
193
195
197
198
