55
37
99
169
25
146
92
101
107
85
129
100
181
76
163
103
125
196
121
32
170
47
34
75
111
89
9
18
91
139
140
28
118
183
190
78
83
79
187
180
71
179
10
127
138
4
176
126
182
40
106
52
115
19
143
142
189
33
42
120
97
44
188
86
22
66
122
161
114
65
90
130
74
191
1
5
171
168
45
95
160
68
2
3
6
7
8
11
12
13
14
15
16
17
20
21
23
24
26
27
29
30
31
35
36
38
39
41
43
46
48
49
50
51
53
54
56
57
58
59
60
61
62
63
64
67
69
70
72
73
77
80
81
82
84
87
88
93
94
96
98
102
104
105
108
109
110
112
113
116
117
119
123
124
128
131
132
133
134
135
136
137
141
144
145
147
148
149
150
151
152
153
154
155
156
157
158
159
162
164
165
166
167
172
173
174
175
177
178
184
185
186
192
193
194
195
197
