137
152
153
57
165
28
5
146
141
49
91
114
70
102
112
18
134
77
32
25
136
47
161
110
85
143
108
113
61
147
133
63
104
54
157
21
90
50
127
164
11
7
109
129
14
96
19
62
171
10
88
13
123
66
48
23
15
87
169
29
86
27
128
80
156
69
68
17
106
167
89
131
79
67
1
2
3
4
6
8
9
12
16
20
22
24
26
30
31
33
34
35
36
37
38
39
40
41
42
43
44
45
46
51
52
53
55
56
58
59
60
64
65
71
72
73
74
75
76
78
81
82
83
84
92
93
94
95
97
98
99
100
101
103
105
107
111
115
116
117
118
119
120
121
122
124
125
126
130
132
135
138
139
140
142
144
145
148
149
150
151
154
155
158
159
160
162
163
166
168
170
172
173
174
175
