105
22
153
172
189
27
145
130
114
100
13
123
61
166
78
132
115
71
40
198
102
36
18
191
113
38
164
177
80
98
178
91
85
107
86
148
99
179
162
196
144
35
63
154
77
52
95
10
139
118
150
143
48
127
64
33
68
57
84
138
151
163
21
14
56
106
186
70
46
16
32
165
142
133
140
124
192
82
1
2
3
4
5
6
7
8
9
11
12
15
17
19
20
23
24
25
26
28
29
30
31
34
37
39
41
42
43
44
45
47
49
50
51
53
54
55
58
59
60
62
65
66
67
69
72
73
74
75
76
79
81
83
87
88
89
90
92
93
94
96
97
101
103
104
108
109
110
111
112
116
117
119
120
121
122
125
126
128
129
131
134
135
136
137
141
146
147
149
152
155
156
157
158
159
160
161
167
168
169
170
171
173
174
175
176
180
181
182
183
184
185
187
188
190
193
194
195
197
199
200
