158
167
8
194
96
29
112
108
4
72
30
15
100
162
184
165
1
31
35
123
132
33
146
131
25
99
129
44
62
67
180
24
126
192
161
63
54
104
111
152
85
76
38
156
176
43
154
14
83
188
127
181
12
198
70
125
103
190
105
3
53
159
18
22
94
186
26
21
117
124
19
141
168
174
187
106
134
109
175
6
2
5
7
9
10
11
13
16
17
20
23
27
28
32
34
36
37
39
40
41
42
45
46
47
48
49
50
51
52
55
56
57
58
59
60
61
64
65
66
68
69
71
73
74
75
77
78
79
80
81
82
84
86
87
88
89
90
91
92
93
95
97
98
101
102
107
110
113
114
115
116
118
119
120
121
122
128
130
133
135
136
137
138
139
140
142
143
144
145
147
148
149
150
151
153
155
157
160
163
164
166
169
170
171
172
173
177
178
179
182
183
185
189
191
193
195
196
197
199
