36
141
43
18
173
158
119
12
42
124
3
148
63
35
57
2
100
40
118
16
62
51
81
1
110
93
11
88
32
135
129
90
117
111
14
49
96
33
38
13
9
73
7
34
59
127
22
102
140
136
45
137
4
159
142
66
86
133
171
21
39
48
68
146
95
64
67
104
23
17
46
26
121
65
28
167
105
134
84
85
143
5
6
8
10
15
19
20
24
25
27
29
30
31
37
41
44
47
50
52
53
54
55
56
58
60
61
69
70
71
72
74
75
76
77
78
79
80
82
83
87
89
91
92
94
97
98
99
101
103
106
107
108
109
112
113
114
115
116
120
122
123
125
126
128
130
131
132
138
139
144
145
147
149
150
151
152
153
154
155
156
157
160
161
162
163
164
165
166
168
169
170
172
174
175
