119
41
75
30
19
112
146
100
64
27
52
101
14
3
68
103
17
1
83
142
25
92
71
134
132
114
85
150
66
28
98
80
65
31
82
16
44
53
48
78
36
34
72
86
46
130
12
11
128
117
74
62
70
152
115
95
144
108
13
99
120
111
60
7
61
23
33
93
5
105
57
94
2
4
6
8
9
10
15
18
20
21
22
24
26
29
32
35
37
38
39
40
42
43
45
47
49
50
51
54
55
56
58
59
63
67
69
73
76
77
79
81
84
87
88
89
90
91
96
97
102
104
106
107
109
110
113
116
118
121
122
123
124
125
126
127
129
131
133
135
136
137
138
139
140
141
143
145
147
148
149
151
