38
25
71
163
12
86
14
168
173
183
197
52
150
81
169
30
43
73
70
135
95
3
185
103
47
105
8
62
66
72
32
127
182
33
196
57
19
113
143
172
107
61
2
193
58
128
22
44
164
60
192
175
76
106
116
41
36
18
80
188
31
79
171
138
154
88
158
37
87
132
7
149
54
45
101
5
167
139
97
194
78
69
146
161
100
15
46
109
6
91
1
4
9
10
11
13
16
17
20
21
23
24
26
27
28
29
34
35
39
40
42
48
49
50
51
53
55
56
59
63
64
65
67
68
74
75
77
82
83
84
85
89
90
92
93
94
96
98
99
102
104
108
110
111
112
114
115
117
118
119
120
121
122
123
124
125
126
129
130
131
133
134
136
137
140
141
142
144
145
147
148
151
152
153
155
156
157
159
160
162
165
166
170
174
176
177
178
179
180
181
184
186
187
189
190
191
195
198
199
200
