110
5
99
195
3
169
2
146
158
136
124
31
98
21
84
42
83
86
27
100
165
53
43
188
24
125
148
156
49
180
88
163
54
198
12
90
113
128
33
67
25
26
197
176
142
184
58
4
150
161
19
30
164
15
191
189
154
66
119
93
183
157
122
181
89
11
179
75
186
41
162
174
62
155
81
103
1
60
22
96
129
6
7
8
9
10
13
14
16
17
18
20
23
28
29
32
34
35
36
37
38
39
40
44
45
46
47
48
50
51
52
55
56
57
59
61
63
64
65
68
69
70
71
72
73
74
76
77
78
79
80
82
85
87
91
92
94
95
97
101
102
104
105
106
107
108
109
111
112
114
115
116
117
118
120
121
123
126
127
130
131
132
133
134
135
137
138
139
140
141
143
144
145
147
149
151
152
153
159
160
166
167
168
170
171
172
173
175
177
178
182
185
187
190
192
193
194
196
199
200
