199
173
14
191
151
182
95
142
26
66
193
127
40
1
30
90
39
58
98
69
31
108
181
183
29
101
135
48
129
130
160
114
84
9
12
86
17
136
133
131
49
189
71
106
200
110
25
33
144
103
115
43
89
62
147
192
18
146
70
149
143
104
150
159
176
163
171
24
6
94
139
126
99
116
177
67
140
167
23
2
3
4
5
7
8
10
11
13
15
16
19
20
21
22
27
28
32
34
35
36
37
38
41
42
44
45
46
47
50
51
52
53
54
55
56
57
59
60
61
63
64
65
68
72
73
74
75
76
77
78
79
80
81
82
83
85
87
88
91
92
93
96
97
100
102
105
107
109
111
112
113
117
118
119
120
121
122
123
124
125
128
132
134
137
138
141
145
148
152
153
154
155
156
157
158
161
162
164
165
166
168
169
170
172
174
175
178
179
180
184
185
186
187
188
190
194
195
196
197
198
