147
137
32
1
120
136
166
155
139
167
111
106
17
144
127
54
130
23
92
165
158
20
21
59
88
108
45
99
131
169
125
101
52
35
15
93
49
38
145
148
174
115
154
140
83
173
10
16
76
73
26
87
62
63
81
18
100
98
164
122
142
118
171
39
109
95
160
29
102
12
170
78
103
2
3
4
5
6
7
8
9
11
13
14
19
22
24
25
27
28
30
31
33
34
36
37
40
41
42
43
44
46
47
48
50
51
53
55
56
57
58
60
61
64
65
66
67
68
69
70
71
72
74
75
77
79
80
82
84
85
86
89
90
91
94
96
97
104
105
107
110
112
113
114
116
117
119
121
123
124
126
128
129
132
133
134
135
138
141
143
146
149
150
151
152
153
156
157
159
161
162
163
168
172
175
