70
57
134
81
94
11
43
97
86
112
142
92
189
54
167
47
30
148
93
40
154
133
132
128
18
190
2
24
151
152
177
59
26
147
156
90
183
176
22
110
14
187
127
191
158
136
99
13
102
65
109
20
19
131
68
28
61
174
155
34
37
63
120
113
9
144
166
100
95
82
143
38
85
51
16
169
33
181
1
3
4
5
6
7
8
10
12
15
17
21
23
25
27
29
31
32
35
36
39
41
42
44
45
46
48
49
50
52
53
55
56
58
60
62
64
66
67
69
71
72
73
74
75
76
77
78
79
80
83
84
87
88
89
91
96
98
101
103
104
105
106
107
108
111
114
115
116
117
118
119
121
122
123
124
125
126
129
130
135
137
138
139
140
141
145
146
149
150
153
157
159
160
161
162
163
164
165
168
170
171
172
173
175
178
179
180
182
184
185
186
188
192
193
194
