70
32
20
57
133
23
27
81
171
139
117
120
99
166
66
82
3
65
15
94
55
194
72
77
2
31
13
14
177
6
46
4
188
76
75
172
163
193
175
61
127
129
191
17
121
78
178
29
67
108
92
73
86
51
80
34
141
187
105
40
89
183
181
90
74
126
125
118
119
123
189
98
195
186
54
85
107
18
169
93
1
5
7
8
9
10
11
12
16
19
21
22
24
25
26
28
30
33
35
36
37
38
39
41
42
43
44
45
47
48
49
50
52
53
56
58
59
60
62
63
64
68
69
71
79
83
84
87
88
91
95
96
97
100
101
102
103
104
106
109
110
111
112
113
114
115
116
122
124
128
130
131
132
134
135
136
137
138
140
142
143
144
145
146
147
148
149
150
151
152
153
154
155
156
157
158
159
160
161
162
164
165
167
168
170
173
174
176
179
180
182
184
185
190
192
