45
21
174
62
143
53
44
140
89
141
117
147
135
100
47
15
69
75
125
172
158
132
35
13
98
150
23
22
33
76
12
87
82
64
133
139
17
67
111
48
2
50
109
131
169
99
95
46
14
56
9
145
171
137
129
115
108
26
29
106
122
156
165
107
159
61
6
173
11
146
142
83
71
41
36
34
97
39
42
116
123
1
3
4
5
7
8
10
16
18
19
20
24
25
27
28
30
31
32
37
38
40
43
49
51
52
54
55
57
58
59
60
63
65
66
68
70
72
73
74
77
78
79
80
81
84
85
86
88
90
91
92
93
94
96
101
102
103
104
105
110
112
113
114
118
119
120
121
124
126
127
128
130
134
136
138
144
148
149
151
152
153
154
155
157
160
161
162
163
164
166
167
168
170
175
