195
108
87
91
194
156
89
83
119
111
28
18
177
52
198
74
171
130
57
64
42
80
161
56
168
117
13
62
190
4
38
196
184
40
79
48
149
32
39
71
14
181
20
176
82
44
120
34
188
144
65
95
159
162
137
164
173
78
128
104
123
55
140
94
191
36
106
17
127
45
97
25
49
169
9
22
157
186
163
88
182
100
50
142
105
61
192
27
35
1
2
3
5
6
7
8
10
11
12
15
16
19
21
23
24
26
29
30
31
33
37
41
43
46
47
51
53
54
58
59
60
63
66
67
68
69
70
72
73
75
76
77
81
84
85
86
90
92
93
96
98
99
101
102
103
107
109
110
112
113
114
115
116
118
121
122
124
125
126
129
131
132
133
134
135
136
138
139
141
143
145
146
147
148
150
151
152
153
154
155
158
160
165
166
167
170
172
174
175
178
179
180
183
185
187
189
193
197
