114
124
180
159
47
133
143
104
148
132
151
175
173
109
66
61
105
193
40
33
31
18
96
154
153
163
32
164
22
59
162
121
142
83
118
12
64
191
9
120
75
198
130
196
158
34
119
85
14
186
8
53
67
99
199
24
174
5
135
62
190
50
49
69
182
73
72
115
11
10
41
46
13
82
90
165
122
161
166
1
2
3
4
6
7
15
16
17
19
20
21
23
25
26
27
28
29
30
35
36
37
38
39
42
43
44
45
48
51
52
54
55
56
57
58
60
63
65
68
70
71
74
76
77
78
79
80
81
84
86
87
88
89
91
92
93
94
95
97
98
100
101
102
103
106
107
108
110
111
112
113
116
117
123
125
126
127
128
129
131
134
136
137
138
139
140
141
144
145
146
147
149
150
152
155
156
157
160
167
168
169
170
171
172
176
177
178
179
181
183
184
185
187
188
189
192
194
195
197
200
