28
9
126
34
100
94
58
64
110
101
105
139
56
108
18
140
97
148
27
55
25
5
144
80
60
42
113
136
151
132
99
127
1
49
12
3
95
129
111
36
76
147
6
57
118
54
46
92
67
2
62
14
31
50
66
160
152
115
77
61
72
109
120
16
19
74
91
102
4
7
8
10
11
13
15
17
20
21
22
23
24
26
29
30
32
33
35
37
38
39
40
41
43
44
45
47
48
51
52
53
59
63
65
68
69
70
71
73
75
78
79
81
82
83
84
85
86
87
88
89
90
93
96
98
103
104
106
107
112
114
116
117
119
121
122
123
124
125
128
130
131
133
134
135
137
138
141
142
143
145
146
149
150
153
154
155
156
157
158
159
