95
147
75
44
130
149
101
6
40
67
68
88
50
100
58
123
46
86
98
113
59
49
35
12
69
148
23
38
62
60
139
10
56
140
85
33
96
57
87
134
110
97
19
32
92
71
136
107
105
45
2
70
142
47
52
76
42
129
11
41
145
104
137
34
5
114
111
1
3
4
7
8
9
13
14
15
16
17
18
20
21
22
24
25
26
27
28
29
30
31
36
37
39
43
48
51
53
54
55
61
63
64
65
66
72
73
74
77
78
79
80
81
82
83
84
89
90
91
93
94
99
102
103
106
108
109
112
115
116
117
118
119
120
121
122
124
125
126
127
128
131
132
133
135
138
141
143
144
146
150
151
152
