164
49
56
12
57
75
195
102
59
32
142
137
163
167
85
5
186
99
103
37
118
139
154
156
86
171
50
122
184
87
192
31
128
24
166
39
88
18
26
51
115
23
183
174
83
124
61
179
200
178
6
22
185
148
42
64
11
7
131
126
89
55
82
3
107
79
133
196
43
84
35
127
111
65
29
132
10
172
81
187
60
58
189
198
94
33
136
160
1
2
4
8
9
13
14
15
16
17
19
20
21
25
27
28
30
34
36
38
40
41
44
45
46
47
48
52
53
54
62
63
66
67
68
69
70
71
72
73
74
76
77
78
80
90
91
92
93
95
96
97
98
100
101
104
105
106
108
109
110
112
113
114
116
117
119
120
121
123
125
129
130
134
135
138
140
141
143
144
145
146
147
149
150
151
152
153
155
157
158
159
161
162
165
168
169
170
173
175
176
177
180
181
182
188
190
191
193
194
197
199
