49
117
118
8
125
90
84
4
141
123
121
92
26
74
196
31
23
91
173
146
19
171
96
36
76
126
160
136
82
43
1
142
57
38
119
62
124
133
75
16
179
78
17
34
147
189
132
7
12
164
157
11
67
39
44
95
42
181
99
28
194
139
138
111
154
186
72
144
131
37
86
120
46
176
151
185
149
45
85
145
66
108
2
3
5
6
9
10
13
14
15
18
20
21
22
24
25
27
29
30
32
33
35
40
41
47
48
50
51
52
53
54
55
56
58
59
60
61
63
64
65
68
69
70
71
73
77
79
80
81
83
87
88
89
93
94
97
98
100
101
102
103
104
105
106
107
109
110
112
113
114
115
116
122
127
128
129
130
134
135
137
140
143
148
150
152
153
155
156
158
159
161
162
163
165
166
167
168
169
170
172
174
175
177
178
180
182
183
184
187
188
190
191
192
193
195
197
198
199
200
