58
122
144
1
53
70
116
153
39
35
132
167
83
87
166
86
93
33
154
21
140
94
44
170
117
27
101
3
7
72
31
82
56
142
100
125
108
110
59
114
90
146
66
38
119
115
157
57
152
138
95
17
61
131
126
163
173
28
77
113
84
118
135
136
141
103
25
63
30
45
75
160
88
168
18
158
48
151
2
4
5
6
8
9
10
11
12
13
14
15
16
19
20
22
23
24
26
29
32
34
36
37
40
41
42
43
46
47
49
50
51
52
54
55
60
62
64
65
67
68
69
71
73
74
76
78
79
80
81
85
89
91
92
96
97
98
99
102
104
105
106
107
109
111
112
120
121
123
124
127
128
129
130
133
134
137
139
143
145
147
148
149
150
155
156
159
161
162
164
165
169
171
172
