3
14
82
93
138
65
66
143
151
4
9
155
76
173
166
64
105
87
24
168
162
137
72
12
121
84
45
80
146
169
47
96
11
16
113
165
83
106
114
133
158
52
100
61
21
103
118
19
28
174
97
27
142
53
163
77
172
71
94
149
39
67
5
104
35
18
44
122
79
54
7
127
144
126
1
2
6
8
10
13
15
17
20
22
23
25
26
29
30
31
32
33
34
36
37
38
40
41
42
43
46
48
49
50
51
55
56
57
58
59
60
62
63
68
69
70
73
74
75
78
81
85
86
88
89
90
91
92
95
98
99
101
102
107
108
109
110
111
112
115
116
117
119
120
123
124
125
128
129
130
131
132
134
135
136
139
140
141
145
147
148
150
152
153
154
156
157
159
160
161
164
167
170
171
175
