181
154
100
195
44
140
72
49
157
1
115
179
124
156
184
112
20
141
180
125
83
129
197
120
126
51
82
68
8
131
11
142
109
81
143
61
76
146
69
29
192
186
147
105
62
106
2
158
183
32
92
53
89
194
13
7
139
148
30
187
39
43
50
70
163
114
36
175
60
10
193
199
164
136
47
149
90
18
127
33
174
56
150
121
104
96
3
4
5
6
9
12
14
15
16
17
19
21
22
23
24
25
26
27
28
31
34
35
37
38
40
41
42
45
46
48
52
54
55
57
58
59
63
64
65
66
67
71
73
74
75
77
78
79
80
84
85
86
87
88
91
93
94
95
97
98
99
101
102
103
107
108
110
111
113
116
117
118
119
122
123
128
130
132
133
134
135
137
138
144
145
151
152
153
155
159
160
161
162
165
166
167
168
169
170
171
172
173
176
177
178
182
185
188
189
190
191
196
198
200
