182
185
184
43
52
148
60
112
163
144
159
183
126
105
81
34
95
44
11
36
160
164
2
172
168
176
187
140
3
133
54
4
40
47
127
155
1
150
101
123
19
178
124
63
188
58
99
68
26
20
129
96
108
75
125
48
56
146
145
32
72
170
177
77
93
151
153
24
116
86
117
85
5
6
7
8
9
10
12
13
14
15
16
17
18
21
22
23
25
27
28
29
30
31
33
35
37
38
39
41
42
45
46
49
50
51
53
55
57
59
61
62
64
65
66
67
69
70
71
73
74
76
78
79
80
82
83
84
87
88
89
90
91
92
94
97
98
100
102
103
104
106
107
109
110
111
113
114
115
118
119
120
121
122
128
130
131
132
134
135
136
137
138
139
141
142
143
147
149
152
154
156
157
158
161
162
165
166
167
169
171
173
174
175
179
180
181
186
189
190
