136
74
91
105
14
51
81
43
7
107
23
9
39
16
160
165
70
76
100
15
138
1
185
146
46
150
192
152
116
55
38
98
113
199
184
117
173
194
147
35
144
156
133
115
157
20
132
141
149
166
30
119
126
19
47
86
129
114
101
99
94
69
188
148
93
71
45
195
178
21
31
36
197
32
143
128
155
172
10
17
177
61
11
22
139
167
2
3
4
5
6
8
12
13
18
24
25
26
27
28
29
33
34
37
40
41
42
44
48
49
50
52
53
54
56
57
58
59
60
62
63
64
65
66
67
68
72
73
75
77
78
79
80
82
83
84
85
87
88
89
90
92
95
96
97
102
103
104
106
108
109
110
111
112
118
120
121
122
123
124
125
127
130
131
134
135
137
140
142
145
151
153
154
158
159
161
162
163
164
168
169
170
171
174
175
176
179
180
181
182
183
186
187
189
190
191
193
196
198
