35
158
117
71
56
32
33
17
198
12
101
112
130
7
34
152
164
163
200
197
26
66
196
52
146
151
132
30
190
94
95
195
175
96
126
54
168
1
139
6
178
68
42
8
31
11
181
176
157
67
192
114
121
154
69
76
172
65
51
45
199
5
107
116
137
64
189
173
53
149
63
167
84
57
83
10
41
19
92
110
2
46
113
60
85
47
185
44
142
38
43
3
4
9
13
14
15
16
18
20
21
22
23
24
25
27
28
29
36
37
39
40
48
49
50
55
58
59
61
62
70
72
73
74
75
77
78
79
80
81
82
86
87
88
89
90
91
93
97
98
99
100
102
103
104
105
106
108
109
111
115
118
119
120
122
123
124
125
127
128
129
131
133
134
135
136
138
140
141
143
144
145
147
148
150
153
155
156
159
160
161
162
165
166
169
170
171
174
177
179
180
182
183
184
186
187
188
191
193
194
