164
193
65
46
144
194
69
170
190
43
51
199
30
110
70
148
196
7
165
101
177
96
73
84
68
188
126
118
102
72
134
143
198
141
78
152
187
108
136
54
172
52
129
6
21
167
93
181
171
50
149
195
103
3
1
98
66
140
17
115
24
40
169
117
182
91
155
113
174
33
49
200
5
45
191
120
147
57
42
8
184
34
2
4
9
10
11
12
13
14
15
16
18
19
20
22
23
25
26
27
28
29
31
32
35
36
37
38
39
41
44
47
48
53
55
56
58
59
60
61
62
63
64
67
71
74
75
76
77
79
80
81
82
83
85
86
87
88
89
90
92
94
95
97
99
100
104
105
106
107
109
111
112
114
116
119
121
122
123
124
125
127
128
130
131
132
133
135
137
138
139
142
145
146
150
151
153
154
156
157
158
159
160
161
162
163
166
168
173
175
176
178
179
180
183
185
186
189
192
197
