113
135
122
43
166
100
160
5
32
3
67
47
35
74
164
146
39
127
180
107
104
25
72
20
120
111
6
40
64
41
158
46
128
141
23
38
157
31
95
159
57
63
176
136
138
154
75
8
123
30
33
115
87
52
88
153
155
90
58
165
91
77
45
178
129
84
119
179
98
118
144
116
174
54
125
89
102
24
21
61
13
1
2
4
7
9
10
11
12
14
15
16
17
18
19
22
26
27
28
29
34
36
37
42
44
48
49
50
51
53
55
56
59
60
62
65
66
68
69
70
71
73
76
78
79
80
81
82
83
85
86
92
93
94
96
97
99
101
103
105
106
108
109
110
112
114
117
121
124
126
130
131
132
133
134
137
139
140
142
143
145
147
148
149
150
151
152
156
161
162
163
167
168
169
170
171
172
173
175
177
181
