21
4
82
77
176
152
51
58
45
83
43
174
87
171
145
70
49
142
186
140
41
94
158
159
85
27
127
148
76
116
42
8
50
60
36
59
153
88
55
90
1
157
91
61
40
190
30
107
64
179
150
99
164
18
134
53
39
175
7
122
188
11
34
169
123
119
97
3
17
180
75
24
108
98
46
110
103
44
130
2
5
6
9
10
12
13
14
15
16
19
20
22
23
25
26
28
29
31
32
33
35
37
38
47
48
52
54
56
57
62
63
65
66
67
68
69
71
72
73
74
78
79
80
81
84
86
89
92
93
95
96
100
101
102
104
105
106
109
111
112
113
114
115
117
118
120
121
124
125
126
128
129
131
132
133
135
136
137
138
139
141
143
144
146
147
149
151
154
155
156
160
161
162
163
165
166
167
168
170
172
173
177
178
181
182
183
184
185
187
189
