55
140
86
56
95
19
82
6
11
63
91
135
67
65
79
1
118
89
138
92
59
93
102
40
43
62
144
22
104
18
61
28
80
145
7
127
4
31
88
155
103
41
151
38
117
15
114
14
42
94
44
52
120
130
133
5
37
35
3
134
20
50
109
149
112
124
78
150
77
36
90
2
8
9
10
12
13
16
17
21
23
24
25
26
27
29
30
32
33
34
39
45
46
47
48
49
51
53
54
57
58
60
64
66
68
69
70
71
72
73
74
75
76
81
83
84
85
87
96
97
98
99
100
101
105
106
107
108
110
111
113
115
116
119
121
122
123
125
126
128
129
131
132
136
137
139
141
142
143
146
147
148
152
153
154
156
157
