47
48
67
82
75
147
96
172
170
112
105
150
182
189
123
149
195
165
135
122
167
148
159
185
157
192
177
181
176
179
168
199
145
128
197
187
194
130
164
155
127
139
1
2
3
4
5
6
7
8
9
10
11
12
13
14
15
16
17
18
19
20
21
22
23
24
25
26
27
28
29
30
31
32
33
34
35
36
37
38
39
40
41
42
43
44
45
46
49
50
51
52
53
54
55
56
57
58
59
60
61
62
63
64
65
66
68
69
70
71
72
73
74
76
77
78
79
80
81
83
84
85
86
87
88
89
90
91
92
93
94
95
97
98
99
100
101
102
103
104
106
107
108
109
110
111
113
114
115
116
117
118
119
120
121
124
125
126
129
131
132
133
134
136
137
138
140
141
142
143
144
146
151
152
153
154
156
158
160
161
162
163
166
169
171
173
174
175
178
180
183
184
186
188
190
191
193
196
198
200
