130
2
154
72
33
109
177
127
157
159
80
174
122
167
52
89
38
45
99
102
51
78
35
30
125
158
182
55
150
192
70
184
115
126
31
42
57
170
3
91
162
128
181
84
68
6
121
71
85
198
120
4
64
12
179
194
169
147
88
13
32
67
15
10
100
9
59
191
161
43
96
48
183
110
86
123
116
136
44
200
17
129
39
50
61
178
27
146
106
1
5
7
8
11
14
16
18
19
20
21
22
23
24
25
26
28
29
34
36
37
40
41
46
47
49
53
54
56
58
60
62
63
65
66
69
73
74
75
76
77
79
81
82
83
87
90
92
93
94
95
97
98
101
103
104
105
107
108
111
112
113
114
117
118
119
124
131
132
133
134
135
137
138
139
140
141
142
143
144
145
148
149
151
152
153
155
156
160
163
164
165
166
168
171
172
173
175
176
180
185
186
187
188
189
190
193
195
196
197
199
