88
43
165
140
151
56
62
58
169
134
74
14
31
129
174
63
55
8
154
66
86
119
178
33
96
99
91
65
161
83
139
194
157
135
42
64
41
24
57
181
82
105
1
2
3
4
5
6
7
9
10
11
12
13
15
16
17
18
19
20
21
22
23
25
26
27
28
29
30
32
34
35
36
37
38
39
40
44
45
46
47
48
49
50
51
52
53
54
59
60
61
67
68
69
70
71
72
73
75
76
77
78
79
80
81
84
85
87
89
90
92
93
94
95
97
98
100
101
102
103
104
106
107
108
109
110
111
112
113
114
115
116
117
118
120
121
122
123
124
125
126
127
128
130
131
132
133
136
137
138
141
142
143
144
145
146
147
148
149
150
152
153
155
156
158
159
160
162
163
164
166
167
168
170
171
172
173
175
176
177
179
180
182
183
184
185
186
187
188
189
190
191
192
193
195
196
197
198
199
200
