117
58
26
8
163
200
100
79
71
112
151
32
15
1
128
42
59
129
190
69
146
172
149
27
20
99
147
173
126
43
165
140
145
150
171
36
57
14
139
169
138
2
5
142
164
55
81
64
6
104
157
52
101
123
86
135
46
61
181
122
183
119
21
175
88
75
37
162
12
60
13
24
105
25
50
133
102
74
127
68
155
76
168
148
192
89
170
121
191
152
184
110
31
116
97
186
95
53
47
23
77
41
29
51
65
54
19
178
197
98
176
188
48
80
167
90
158
130
194
35
187
141
174
196
91
154
49
177
9
103
198
28
189
82
63
118
84
153
87
85
120
45
124
111
131
115
93
108
179
134
185
16
7
3
166
92
34
107
78
125
106
195
193
66
94
18
40
56
136
143
144
33
113
30
70
109
156
159
132
72
17
44
62
161
22
10
67
73
180
96
4
160
199
83
38
182
137
39
114
11
