94
108
89
192
117
129
134
151
130
124
194
77
135
97
83
183
82
59
150
18
41
80
115
20
199
28
61
188
42
74
119
92
198
122
23
100
169
30
112
147
75
123
174
143
47
71
127
182
133
128
43
132
161
193
144
157
110
142
160
171
5
15
178
185
131
98
85
79
16
52
167
40
162
32
116
187
106
49
25
84
186
53
156
66
86
197
78
111
35
48
163
70
64
175
31
14
137
3
21
165
17
154
4
96
125
200
179
114
51
145
67
141
121
158
46
107
50
99
189
9
45
101
54
38
11
22
181
88
126
7
91
191
103
57
36
29
153
24
6
93
68
8
180
2
164
76
168
69
56
148
87
81
73
113
10
195
104
173
58
166
105
63
1
190
146
26
184
27
13
19
44
39
136
118
149
72
65
95
33
152
55
37
177
159
138
60
120
140
139
102
34
109
12
170
176
172
155
196
62
90
