158
87
136
79
46
72
149
24
13
141
126
179
59
122
48
162
11
170
85
73
52
129
34
171
57
32
15
58
88
183
27
147
75
98
178
114
180
81
144
133
117
1
78
4
17
138
113
29
44
167
130
168
31
14
150
108
47
160
127
121
70
7
99
102
43
39
154
109
45
18
161
22
50
105
68
157
132
80
62
8
30
61
93
165
28
49
12
97
51
110
182
40
25
107
111
21
26
112
146
185
128
164
151
155
173
66
9
137
56
177
123
142
115
3
101
41
94
184
60
163
95
55
54
63
169
106
116
145
2
67
174
64
36
134
76
103
16
152
20
92
37
71
125
69
35
166
135
90
156
118
143
131
84
83
104
65
33
148
96
23
38
10
124
89
77
86
139
181
119
159
82
100
6
19
120
172
176
91
53
42
74
153
140
175
5
