22
47
187
79
118
87
170
44
14
55
72
85
153
38
116
141
37
196
65
147
95
175
97
139
181
124
149
24
192
117
12
156
188
8
64
172
102
41
119
91
69
113
157
40
183
43
100
138
101
21
135
96
56
19
108
75
164
7
194
200
128
193
182
146
34
159
82
46
51
39
66
89
112
103
137
15
31
110
174
35
63
195
123
126
144
29
13
81
83
120
32
58
1
184
23
148
10
33
197
57
167
133
106
74
52
105
62
45
92
114
130
86
77
18
121
9
180
49
71
168
42
6
160
11
80
177
190
17
84
179
155
150
107
90
104
98
78
186
178
16
68
154
173
143
36
48
131
111
53
28
163
76
199
166
2
127
50
162
20
189
132
134
54
140
169
70
93
185
142
4
165
60
115
152
191
129
61
158
59
25
73
88
176
3
99
151
26
94
125
122
198
136
27
30
171
161
145
109
67
5
