70
99
125
152
24
61
22
65
69
58
80
106
133
26
45
77
103
130
29
71
91
117
144
82
108
135
89
115
142
16
12
3
10
50
75
101
128
23
46
27
30
38
72
93
119
146
4
36
73
78
104
131
6
37
57
40
94
120
147
31
53
66
1
49
39
67
19
20
86
112
139
7
32
60
88
114
141
52
90
116
143
47
100
126
127
153
15
41
35
81
107
134
63
18
9
83
109
136
8
13
17
87
113
140
11
54
85
111
138
59
2
62
28
97
123
150
84
110
137
5
42
44
51
96
122
149
43
64
34
92
118
145
95
121
148
56
79
105
132
55
14
76
102
129
21
98
124
151
25
74
48
33
68
