147
60
1
99
189
193
12
8
91
52
59
106
114
149
197
177
122
184
95
141
103
97
198
22
76
53
49
5
18
117
36
2
56
25
89
33
81
100
170
181
38
6
123
196
96
68
146
171
90
64
4
164
162
176
151
46
61
50
161
163
135
137
186
21
107
62
157
79
110
165
158
185
160
132
128
73
24
183
182
94
159
82
187
129
143
30
113
92
20
69
51
101
153
188
48
55
194
19
74
139
28
178
34
93
58
14
78
54
140
16
148
42
75
133
116
173
125
112
152
155
35
47
142
7
70
121
191
72
109
37
145
120
9
88
180
71
13
66
124
134
15
80
98
138
126
175
29
17
43
111
104
3
26
86
131
41
115
200
11
167
119
127
118
144
32
108
84
105
166
199
40
169
45
179
154
65
130
31
102
23
156
168
77
174
87
136
39
192
27
67
172
63
57
190
85
195
10
44
150
83
