25
97
185
196
140
172
27
141
12
198
23
45
121
31
38
177
111
57
109
41
125
191
136
118
87
91
123
17
90
128
33
122
190
11
15
24
26
65
36
80
83
88
1
4
35
54
55
64
77
82
92
130
182
37
106
149
18
79
85
113
120
158
74
20
86
161
133
165
178
193
66
200
8
70
107
100
134
188
3
63
168
192
95
114
42
173
181
104
47
49
143
51
155
99
119
157
56
153
58
127
22
40
67
68
89
151
72
159
19
28
46
112
29
110
160
50
162
171
108
131
175
71
7
2
142
13
126
62
105
138
164
167
30
139
132
16
32
146
186
21
34
76
135
194
59
102
116
145
44
48
60
73
5
115
10
101
179
148
98
14
154
183
75
195
43
84
176
53
189
39
103
152
144
78
96
69
93
124
180
61
184
52
117
129
147
163
137
199
6
156
170
197
174
94
150
169
187
9
81
166
