66
4
83
85
117
50
68
170
67
29
125
149
62
104
11
75
148
154
165
173
53
147
22
52
106
121
138
159
41
44
57
166
13
27
78
17
109
3
84
175
16
115
118
6
30
51
76
126
169
23
156
93
32
103
160
38
113
167
99
105
86
128
1
61
97
116
40
2
81
12
42
46
74
143
31
49
20
60
79
102
112
164
80
133
172
87
94
47
157
15
98
110
43
92
150
25
145
14
139
129
171
176
127
64
77
124
141
101
89
140
146
82
7
144
18
119
120
90
19
5
55
107
163
48
69
135
136
123
132
35
39
45
73
33
54
137
155
168
174
56
162
63
88
152
8
9
10
59
72
142
65
151
177
71
114
95
111
21
28
70
161
26
122
130
108
153
37
91
131
24
58
100
158
178
36
96
34
134
