146
132
174
102
112
186
99
98
35
158
28
191
97
120
69
94
182
72
77
53
188
4
149
105
86
83
151
189
44
178
136
96
100
37
198
48
18
67
85
106
87
180
133
199
22
26
122
8
121
104
176
165
167
95
162
41
50
13
194
138
70
109
3
177
163
179
107
195
171
56
124
131
142
78
63
173
150
181
154
135
32
38
51
17
58
118
11
27
90
39
45
164
68
29
152
54
15
153
61
185
156
74
75
76
130
140
55
34
71
110
145
79
57
25
196
147
80
168
192
193
64
62
1
175
111
187
143
9
139
46
20
159
101
160
114
33
84
103
30
7
12
128
197
127
155
49
66
92
141
200
125
47
144
117
14
169
36
161
166
129
10
5
108
116
52
19
31
81
91
59
157
6
115
2
184
60
93
43
170
24
21
134
183
89
16
23
113
137
65
42
73
88
126
172
119
190
123
82
40
148
