152
134
81
179
135
25
37
156
3
175
127
186
162
128
109
122
68
50
60
115
129
6
39
93
157
142
180
29
14
163
107
20
139
30
51
173
110
74
64
132
185
140
16
170
66
154
192
71
11
52
116
77
126
28
149
88
95
159
138
147
98
150
73
84
4
158
97
181
42
53
144
188
34
160
35
91
38
141
121
187
67
13
104
49
172
161
164
58
184
72
120
137
106
63
43
153
155
96
190
117
101
183
23
89
26
182
90
111
9
61
10
177
143
171
176
100
41
130
54
31
5
108
99
57
189
114
94
24
18
17
15
118
27
102
75
48
36
33
59
83
82
87
62
112
40
168
7
32
2
21
69
178
65
133
146
169
44
76
1
119
148
131
92
105
125
124
85
19
70
167
145
166
86
22
55
103
78
56
136
191
79
80
12
151
113
174
46
8
123
45
47
165
