80
152
30
43
57
180
131
134
27
79
76
73
196
44
140
143
193
179
5
47
151
91
21
45
62
98
14
106
26
176
182
125
116
138
144
178
96
60
23
130
124
25
36
52
83
150
103
194
119
175
137
22
155
15
109
8
66
64
12
157
39
13
71
38
156
160
118
169
67
183
161
18
24
93
101
4
104
75
128
121
184
110
95
153
158
69
11
107
92
100
200
108
86
120
111
141
190
133
115
28
177
171
37
142
35
168
114
185
90
42
87
29
199
174
187
170
84
1
181
172
56
145
99
6
63
148
72
165
32
34
166
41
188
117
149
48
16
54
112
186
82
195
132
189
17
49
78
139
88
51
97
135
53
85
192
159
105
31
127
102
68
197
129
10
126
7
167
122
136
77
61
147
173
146
113
154
164
191
65
163
81
89
162
198
94
59
70
2
19
50
46
33
58
123
3
40
20
74
9
55
