154
117
103
182
57
179
157
22
131
4
110
67
33
126
48
134
66
13
199
190
69
121
192
174
191
50
158
107
1
129
198
53
21
136
115
64
144
25
127
72
123
114
28
194
19
10
18
165
156
160
105
92
137
152
36
49
118
24
145
8
63
77
43
143
183
38
173
37
71
132
9
34
108
40
168
16
101
56
104
39
84
193
172
70
189
112
46
159
12
89
147
91
74
93
44
155
177
195
95
102
23
87
52
148
125
14
51
68
153
11
161
75
62
111
5
90
164
163
100
181
73
116
140
15
178
80
31
61
32
197
122
124
30
139
141
82
55
20
59
83
41
81
98
85
17
186
119
86
29
187
146
120
128
142
2
149
171
166
7
167
196
151
96
27
109
42
113
130
138
200
94
169
47
175
162
184
35
133
26
170
88
6
188
97
65
185
150
135
45
78
3
79
58
76
180
106
176
60
54
99
