101
111
62
88
33
130
5
9
38
86
152
72
54
105
95
37
45
179
193
12
125
119
28
17
140
14
21
198
153
69
43
42
41
78
7
104
84
66
131
34
122
170
171
176
56
63
58
195
166
156
137
76
188
191
181
94
186
68
50
55
32
110
151
112
115
113
1
30
132
52
196
197
163
60
146
160
185
74
144
124
164
189
199
85
81
147
178
141
121
89
161
118
70
46
134
100
187
96
157
91
129
24
138
92
71
2
53
175
117
120
108
22
35
29
75
77
99
145
6
15
23
167
174
148
97
135
149
136
48
44
98
20
127
128
114
139
183
192
11
65
165
142
126
57
194
82
61
3
16
143
184
83
25
116
133
49
200
155
19
159
64
90
10
79
93
39
73
168
102
177
40
4
13
154
80
18
172
47
158
31
26
173
180
87
67
103
27
169
59
106
36
51
107
123
150
109
162
190
182
8
