162
90
83
85
107
167
14
158
146
55
116
9
74
84
39
82
95
136
73
62
173
58
4
177
19
176
33
124
44
63
113
18
47
108
69
115
8
184
142
61
175
99
186
131
182
72
123
64
45
132
88
48
105
101
135
160
28
194
6
7
153
130
53
75
17
80
161
192
89
23
148
40
163
98
13
165
197
141
50
111
32
42
100
10
106
109
16
96
5
27
154
76
137
20
149
41
2
102
31
26
189
15
156
195
190
112
93
34
199
68
52
49
128
144
56
43
120
25
168
119
79
157
147
35
22
121
29
129
57
198
122
104
185
179
21
103
86
30
174
66
51
134
67
133
54
178
87
110
196
1
97
200
46
127
170
187
145
191
180
164
159
126
60
125
155
117
65
169
38
143
193
3
92
37
71
36
139
188
171
24
150
114
70
78
91
172
151
140
77
181
166
94
81
183
118
12
59
152
138
11
