15
17
5
61
93
132
76
81
91
95
200
37
92
138
108
150
11
82
130
178
79
89
103
118
6
7
65
99
126
31
116
169
44
56
63
106
124
176
74
51
140
70
90
117
129
40
131
29
54
105
127
110
184
2
147
35
88
186
134
181
153
78
113
115
146
49
151
196
198
136
199
50
101
172
39
57
72
22
102
8
47
48
69
159
43
152
77
94
21
41
45
83
192
1
66
100
157
107
148
190
26
59
114
183
154
33
84
67
143
161
165
73
128
188
158
9
164
68
142
180
53
109
98
121
193
58
160
175
187
46
20
28
80
168
179
155
25
27
141
195
36
135
162
163
96
112
38
86
32
60
97
123
133
30
125
16
23
52
145
189
71
197
13
64
174
18
75
104
111
191
119
167
185
14
87
170
194
34
12
149
166
24
42
4
122
137
171
10
173
182
55
85
139
3
120
144
156
19
62
177
