146
101
127
110
75
192
1
97
25
175
46
49
149
122
38
200
190
50
162
103
193
164
27
74
6
53
196
22
117
56
24
183
111
90
112
7
59
42
12
161
85
26
138
14
198
30
141
48
3
114
78
54
72
39
76
150
99
108
129
116
156
82
145
60
66
77
160
20
173
165
115
4
182
13
148
86
23
118
136
147
197
70
186
120
33
132
34
52
71
15
63
79
130
98
9
57
45
19
10
88
123
125
47
37
65
135
163
87
139
189
169
133
158
93
100
29
35
171
80
43
113
55
36
153
107
32
143
152
105
106
178
126
61
128
184
31
104
21
8
62
95
91
151
64
188
199
11
157
73
176
124
134
81
94
180
102
51
92
18
187
41
172
84
28
142
131
167
195
2
191
96
168
137
68
154
194
67
5
121
170
159
166
185
109
155
69
140
58
144
83
119
177
40
17
89
16
179
181
44
174
