170
1
6
75
140
143
22
198
178
193
59
4
184
2
57
97
125
172
15
99
138
123
54
77
132
194
81
191
160
46
33
152
155
48
192
183
72
80
41
115
42
32
120
30
87
94
196
21
116
128
34
148
177
12
134
161
176
83
50
38
92
124
165
55
164
113
158
121
154
133
149
200
163
23
130
31
10
131
174
181
102
167
68
96
44
35
168
63
61
197
17
107
16
101
112
126
90
9
199
95
79
5
45
53
43
109
136
18
37
67
118
82
173
3
189
36
147
157
28
29
146
100
89
52
117
104
137
129
8
106
169
153
98
71
49
103
151
84
74
39
56
144
188
60
135
93
19
179
180
25
76
66
111
26
127
122
186
119
166
187
141
139
14
88
85
156
150
27
58
51
108
182
86
24
110
190
171
159
65
145
13
62
114
195
11
69
175
78
142
20
7
91
70
185
47
73
64
162
105
40
