61
71
162
46
63
85
172
15
28
74
138
152
171
196
47
12
44
99
5
60
94
116
127
153
167
188
2
53
56
131
48
185
76
103
143
199
36
124
197
18
112
148
177
67
20
30
118
169
136
165
175
49
68
91
78
109
154
176
156
123
125
81
37
87
88
168
45
194
55
84
198
113
119
163
93
174
178
26
186
17
42
189
157
4
50
114
184
51
83
39
75
158
133
135
193
69
66
106
41
43
35
166
195
13
134
121
10
160
38
24
92
145
170
16
40
183
89
8
29
31
65
179
1
52
146
98
173
79
115
147
122
192
151
3
90
77
97
110
11
23
25
200
149
82
102
180
6
117
129
57
59
100
150
62
34
141
58
105
137
64
181
126
155
190
161
27
104
140
144
164
187
72
132
159
130
111
142
21
86
7
19
22
139
32
95
101
107
108
182
80
128
191
33
73
70
96
9
54
14
120
