121
160
22
109
146
44
68
99
149
55
124
98
114
125
9
20
28
119
142
63
66
132
12
27
141
39
100
102
79
155
25
26
80
78
95
151
23
60
153
106
130
67
86
13
58
8
36
104
105
116
157
163
52
87
51
6
152
112
126
145
165
159
101
41
82
1
135
2
69
45
117
123
156
17
115
43
59
48
96
31
19
64
62
4
97
16
81
5
32
161
40
134
11
120
92
133
61
111
49
107
65
72
136
50
118
128
89
94
75
93
30
103
143
164
34
147
167
3
56
37
84
35
47
71
150
10
76
138
77
24
131
53
18
15
108
7
42
57
21
33
38
162
144
85
91
14
90
110
129
140
46
83
127
148
29
88
122
139
73
137
154
166
74
158
54
70
113
