188
183
77
23
67
197
160
60
171
106
48
135
172
182
12
7
175
68
200
41
100
98
153
164
150
93
42
127
8
81
34
83
29
43
3
37
142
187
124
5
10
9
22
71
54
25
16
147
17
186
137
173
118
76
192
36
49
2
66
27
179
101
58
95
144
72
92
123
134
86
31
24
91
193
129
11
174
19
199
13
113
52
168
115
126
181
51
159
195
53
55
97
196
38
14
180
57
133
156
99
94
107
78
33
112
157
152
108
111
105
1
122
121
169
4
116
39
120
162
59
198
141
109
119
103
163
21
56
50
138
161
35
26
191
80
149
130
114
104
148
82
102
165
70
73
15
136
194
20
132
47
61
185
75
166
32
151
154
143
65
190
158
155
69
46
167
189
117
146
131
64
128
45
30
178
125
84
90
184
85
63
110
62
6
139
87
177
96
140
145
74
18
44
28
89
170
79
88
40
176
