88
30
72
177
152
120
79
24
77
78
87
28
174
154
43
16
67
138
71
159
49
125
150
53
48
75
8
21
186
105
188
85
70
104
38
189
5
107
149
151
26
11
56
20
115
61
47
23
129
44
106
69
22
14
176
143
2
179
122
166
132
121
101
37
158
36
66
55
136
76
139
4
110
113
178
46
135
50
137
173
171
160
31
163
6
123
33
119
109
58
167
147
130
148
124
140
86
74
99
12
162
108
25
94
181
127
187
92
102
81
103
95
27
98
54
89
170
63
126
183
169
7
90
184
131
39
32
41
42
100
165
82
10
114
9
180
34
118
45
185
190
145
116
93
13
96
141
146
64
40
57
112
156
59
91
17
52
128
65
164
153
144
15
35
161
3
168
84
83
97
73
133
175
111
18
19
51
80
142
182
155
117
1
62
172
157
60
68
134
29
