123
168
66
177
42
133
83
121
4
57
73
79
191
9
95
151
175
182
194
126
192
135
160
64
99
111
5
75
76
92
172
85
46
68
155
20
39
62
101
13
146
104
167
171
198
33
70
176
142
90
110
189
10
18
190
1
17
87
137
138
15
67
139
116
12
40
50
173
174
27
32
37
141
161
94
114
140
179
43
74
88
81
124
122
29
41
197
150
96
136
48
53
153
102
157
200
145
31
125
112
149
188
22
97
109
28
44
91
105
170
184
11
35
106
118
120
166
178
181
6
34
38
55
59
65
86
107
127
134
143
49
54
156
186
52
77
78
80
84
89
100
117
164
180
195
3
7
16
23
36
51
56
58
63
82
128
130
144
147
148
152
162
169
14
25
69
93
103
115
119
154
159
165
187
193
8
26
30
45
71
72
98
113
163
183
196
199
2
19
21
24
47
60
61
108
129
131
132
158
185
