59
69
54
40
55
120
131
38
51
66
15
80
143
150
31
102
62
99
148
67
89
2
3
149
4
86
60
111
19
132
5
85
48
70
113
164
165
25
144
146
91
147
65
30
63
126
6
21
169
136
1
23
24
29
112
115
28
118
35
37
88
137
155
16
104
130
156
98
109
125
18
87
139
81
161
82
39
90
72
152
158
170
22
57
116
76
151
46
167
58
119
78
140
106
127
153
157
20
61
77
110
47
52
168
73
105
135
142
166
13
56
138
145
96
133
159
49
53
92
26
101
107
94
33
128
154
41
50
123
9
34
43
97
124
7
83
44
134
79
32
103
27
84
95
114
45
117
17
74
93
71
14
108
163
64
8
100
121
10
162
129
141
12
122
36
42
68
160
11
75
