102
82
14
113
9
199
118
95
186
128
35
84
116
11
12
171
167
146
53
55
96
69
190
153
158
170
13
176
74
30
94
65
52
129
179
151
49
105
100
143
92
112
115
48
135
177
196
77
17
50
3
23
109
89
132
36
29
68
39
149
97
104
21
168
197
178
10
103
76
162
192
71
123
121
46
184
110
57
83
108
2
51
144
64
7
54
173
198
63
133
25
4
140
160
157
111
145
191
138
61
124
114
20
152
164
60
8
73
99
142
163
42
156
169
181
161
27
126
155
58
56
159
91
119
141
189
24
185
134
15
62
28
136
79
67
47
41
66
175
120
150
180
131
106
122
139
165
93
98
174
101
70
75
32
125
187
182
81
37
194
130
166
33
5
137
44
19
6
45
43
34
31
80
22
59
87
40
200
117
16
127
193
172
1
88
183
78
147
18
26
86
188
107
148
38
72
90
195
154
85
