124
155
175
60
152
163
118
177
10
169
161
34
7
126
179
80
14
103
15
164
111
159
102
24
194
74
70
40
120
133
71
193
1
20
49
144
27
188
191
139
143
75
61
84
195
148
199
48
128
37
99
32
72
17
69
28
174
115
63
64
153
109
200
13
86
23
68
55
125
3
46
134
16
187
44
82
130
36
5
168
154
79
21
30
100
196
156
162
12
142
192
65
149
38
137
18
92
81
136
172
135
4
42
88
57
35
45
56
66
178
186
110
39
183
132
67
116
58
173
97
167
43
53
87
98
85
93
96
29
122
19
166
197
141
189
184
190
52
176
6
121
59
151
112
147
73
129
131
22
160
94
33
11
171
119
91
41
107
47
138
145
158
170
76
31
180
108
54
165
146
95
90
181
182
2
26
104
140
113
78
106
157
25
50
101
123
198
89
117
127
114
77
8
83
62
51
105
150
9
185
