111
60
132
63
79
89
166
9
149
165
54
95
77
28
72
90
143
153
119
27
8
86
152
58
101
35
157
91
142
129
97
49
176
22
46
70
7
98
169
133
69
182
175
59
17
120
136
134
93
68
6
80
168
116
106
113
130
34
30
55
83
92
50
102
160
62
87
33
122
40
139
147
161
128
108
105
44
84
25
85
135
163
177
125
42
150
11
172
53
57
171
82
127
164
38
174
12
21
51
67
109
137
181
131
117
183
104
31
37
107
96
66
110
138
99
24
13
103
155
47
45
158
179
121
123
36
5
81
16
151
74
100
71
10
94
88
118
52
14
2
170
73
26
173
115
41
167
141
64
32
146
39
144
114
180
15
48
156
65
20
18
56
124
3
154
1
75
19
159
4
23
162
178
145
112
126
76
61
148
78
140
29
43
