29
109
134
136
18
151
67
127
44
16
86
93
9
69
79
114
99
118
159
22
120
123
57
72
45
33
138
122
58
116
144
97
117
156
19
28
80
91
7
157
20
68
94
107
145
21
31
56
143
155
5
14
52
131
141
81
133
30
62
23
24
84
121
38
60
158
35
54
111
17
112
47
48
78
15
82
101
73
104
66
149
65
113
115
13
70
95
36
37
126
50
87
110
103
130
77
128
132
55
34
71
153
102
12
2
46
39
43
129
161
3
25
148
11
96
100
142
32
61
90
135
51
140
10
88
160
125
124
154
74
40
27
6
64
98
108
106
85
1
89
150
41
119
53
105
26
49
75
83
139
63
152
8
59
76
137
146
4
42
92
147
