169
55
65
57
113
67
87
144
94
125
9
155
45
166
162
99
35
123
168
79
61
44
22
13
189
76
139
184
19
98
85
183
93
64
32
154
28
112
73
116
133
82
70
63
106
134
41
118
137
149
48
107
105
159
185
23
49
119
188
12
2
88
176
14
4
143
21
26
75
173
124
153
171
180
174
86
132
7
6
25
38
170
72
52
51
156
126
150
148
182
60
190
122
160
78
187
43
68
130
178
10
108
92
158
16
141
20
37
62
191
127
117
128
1
90
15
27
17
129
83
138
84
131
29
179
97
101
91
114
30
147
121
96
164
175
42
59
172
74
186
109
66
8
89
102
181
11
100
54
140
142
69
50
161
110
31
167
18
80
53
56
40
47
34
163
46
103
135
152
71
136
33
115
111
39
24
177
5
36
146
145
165
104
3
95
120
157
58
77
81
151
