65
154
57
100
75
96
129
112
51
125
35
71
140
136
48
157
63
121
13
87
102
155
159
40
64
58
67
23
54
11
4
128
3
103
147
108
152
83
91
47
106
148
115
19
109
61
36
29
56
80
2
110
97
68
113
127
28
153
17
24
118
8
21
30
31
12
138
43
53
22
139
41
132
142
86
44
9
95
101
33
16
158
72
117
93
124
126
7
88
135
89
62
73
14
5
123
1
37
20
50
78
82
74
32
25
114
122
60
85
146
119
79
38
98
84
92
151
34
94
49
144
46
145
150
81
39
76
90
143
104
111
26
107
70
120
133
59
69
52
130
105
66
10
42
77
116
55
141
131
45
6
15
18
134
149
99
137
27
156
