187
148
173
131
62
142
91
86
105
115
157
104
169
113
96
84
188
110
12
71
99
53
42
186
40
171
25
38
5
176
23
69
16
150
73
196
183
46
97
100
199
179
121
111
14
191
59
103
64
193
8
117
149
80
33
151
45
49
136
172
185
26
47
134
98
116
9
57
66
112
156
119
43
88
159
4
166
41
11
81
93
83
55
76
126
141
22
70
137
107
20
140
164
79
2
144
94
190
143
177
114
154
102
129
138
74
37
19
125
65
135
60
108
75
54
39
90
120
163
58
200
32
89
146
13
197
52
35
160
118
18
48
180
61
192
31
34
29
72
21
109
174
63
82
44
27
128
165
68
167
189
122
10
155
152
145
92
36
170
50
95
24
106
28
130
51
15
198
181
178
158
6
123
195
194
85
184
133
132
124
175
168
162
30
3
87
147
101
1
182
77
17
127
153
67
139
7
56
78
161
