70
100
115
129
145
190
47
143
171
177
186
44
104
136
165
86
119
21
166
174
11
163
83
63
124
144
74
123
157
178
82
49
195
37
97
118
109
196
13
19
52
117
141
95
200
58
159
43
96
9
175
39
164
42
152
139
6
15
25
154
188
54
77
60
126
108
160
62
80
84
101
138
147
103
134
91
12
33
57
107
169
10
69
140
3
31
158
30
36
61
76
167
184
4
94
38
128
168
199
14
53
113
181
198
28
34
59
88
114
24
98
122
185
7
73
120
16
130
132
5
46
66
68
79
194
173
192
170
32
17
56
162
93
111
112
153
110
149
193
176
20
182
189
75
135
99
64
105
121
146
90
26
50
18
116
137
150
133
148
172
183
85
87
142
23
67
179
27
102
41
45
155
40
8
81
48
51
72
197
2
127
161
35
131
180
106
78
125
187
191
29
65
55
89
1
92
151
71
22
156
