136
170
55
62
122
125
163
82
149
61
32
27
120
51
112
56
86
132
43
114
141
180
77
97
23
38
47
85
95
6
84
88
135
5
145
174
73
123
162
172
177
74
102
103
12
96
160
11
87
17
22
155
64
4
52
63
92
8
33
128
7
9
39
130
83
53
140
25
58
72
35
100
21
48
93
118
179
79
98
54
171
24
68
76
14
139
30
157
16
178
50
65
108
144
152
66
1
111
154
57
69
91
116
159
19
49
110
133
150
158
41
45
67
124
153
20
44
164
94
104
10
75
90
165
59
109
107
115
131
143
151
166
31
129
18
161
28
105
169
147
13
113
148
3
156
70
80
134
99
34
142
46
121
137
2
60
78
101
138
168
126
89
167
71
173
40
29
36
42
127
175
119
26
37
106
146
176
15
117
81
