104
91
6
37
109
96
134
162
89
51
75
148
17
114
64
95
27
41
52
73
103
172
10
158
66
77
118
167
174
184
18
186
35
86
97
135
198
46
136
13
59
94
113
143
19
48
92
187
8
29
120
31
98
49
4
145
32
60
22
76
133
11
87
132
153
16
40
57
138
173
200
15
42
127
150
2
25
84
199
156
175
185
108
166
181
14
155
88
45
125
81
12
137
67
183
1
44
102
112
152
83
115
151
182
123
146
164
163
101
139
160
179
142
47
85
93
171
70
128
154
188
20
28
99
21
189
116
111
3
26
121
157
147
165
192
30
90
141
144
68
74
169
7
80
126
100
43
177
65
131
176
50
33
34
122
53
159
170
79
107
197
38
129
180
191
23
55
190
5
195
62
178
9
119
24
61
39
168
193
58
69
36
106
161
54
71
78
149
56
72
105
194
110
63
124
130
82
117
140
196
