14
115
151
6
61
59
157
140
104
62
3
179
172
148
141
87
111
28
13
112
93
70
153
120
37
113
123
98
65
22
96
107
89
162
8
66
74
58
97
80
50
119
53
86
173
167
121
42
92
100
165
128
85
118
18
71
190
17
88
64
106
4
77
158
45
138
101
52
75
21
103
163
43
23
150
10
133
182
57
156
129
55
27
33
5
2
126
177
184
178
40
116
60
161
68
127
145
105
44
125
124
29
38
131
83
84
188
24
117
154
90
160
95
152
16
11
168
122
48
32
183
7
46
181
35
20
72
15
186
142
110
34
187
164
159
109
19
189
136
185
176
12
67
180
147
49
56
108
169
99
78
175
170
26
149
114
79
166
94
91
132
9
47
143
69
25
135
137
30
76
81
41
171
102
51
139
1
130
82
144
174
73
54
63
155
146
134
36
31
39
