168
173
20
43
79
4
179
1
153
49
133
170
16
65
121
91
149
46
66
71
134
128
11
182
9
152
14
114
151
73
159
138
72
25
116
48
52
139
2
169
94
112
117
150
81
42
164
69
118
127
109
145
162
37
77
181
61
92
132
39
80
47
105
28
178
15
64
123
126
165
84
161
108
146
183
5
13
96
19
68
85
103
124
22
53
82
35
41
51
106
30
17
78
172
31
44
143
86
111
166
32
75
89
125
167
171
154
160
184
101
158
129
176
8
26
50
97
113
119
3
57
135
110
137
21
7
56
180
23
36
40
55
93
144
83
157
175
24
100
107
104
18
136
177
29
122
76
90
102
33
59
60
131
142
62
54
140
156
10
115
34
67
88
120
185
186
187
58
63
141
174
38
163
74
12
45
148
6
95
99
155
27
70
87
98
130
147
