98
136
116
63
20
197
51
162
60
89
58
122
68
10
64
125
143
25
29
80
21
194
37
39
134
156
52
100
33
96
6
166
87
103
46
120
132
94
195
88
148
151
41
129
40
183
54
191
198
44
45
48
138
131
22
31
14
118
126
107
30
150
142
85
34
24
124
11
57
193
69
43
155
189
113
137
106
90
163
161
192
188
86
133
35
74
83
186
159
7
16
121
175
164
1
59
152
53
135
108
79
111
153
199
5
28
9
81
95
112
190
91
93
169
23
66
123
174
139
173
17
160
92
42
62
61
168
147
178
67
101
196
18
77
176
97
187
167
78
127
71
73
72
3
181
50
13
182
141
32
2
47
146
172
154
185
36
49
128
177
105
158
76
4
145
157
26
119
109
115
180
110
70
82
55
27
102
19
171
114
184
140
165
117
12
179
170
56
149
84
200
65
99
130
75
104
15
38
8
144
