134
118
109
123
148
107
131
91
79
59
136
37
65
104
94
72
6
53
82
135
117
149
36
140
69
92
31
30
102
106
127
144
40
4
18
7
48
17
95
73
47
42
67
151
70
96
22
38
29
43
132
54
125
46
99
112
142
85
137
98
114
66
146
145
88
55
101
39
13
150
115
128
49
74
147
51
21
62
143
1
80
41
113
60
119
152
2
8
156
32
139
90
87
154
86
12
58
35
76
124
50
103
83
27
56
9
157
141
122
126
45
100
84
25
130
155
121
89
3
111
28
138
108
57
110
16
24
97
33
129
78
44
5
14
77
68
34
133
158
116
52
26
20
64
71
10
63
23
93
15
61
19
75
81
105
11
153
120
