27
1
19
140
116
54
161
55
149
99
56
106
90
77
78
110
136
13
14
20
39
66
104
15
193
16
98
177
76
160
23
10
154
12
173
75
28
132
42
35
159
24
119
61
22
133
48
146
145
156
71
82
87
120
70
130
94
181
101
95
184
74
52
26
128
194
83
86
179
191
171
62
178
139
7
189
91
144
125
68
188
88
152
151
69
163
126
8
37
29
9
185
190
73
11
103
40
41
137
187
134
67
155
111
92
17
115
164
89
31
33
97
113
147
158
107
34
63
65
53
112
148
195
174
21
122
3
150
135
176
4
127
141
64
50
45
162
153
79
157
198
142
186
25
59
44
165
49
118
143
102
47
80
36
84
38
167
172
121
180
96
168
114
93
199
169
51
196
105
18
81
182
197
100
124
57
192
117
183
43
58
138
5
175
109
6
32
170
60
129
123
2
200
30
46
85
131
72
108
166
