24
7
29
47
66
97
51
64
108
55
48
162
41
133
22
45
156
113
58
147
71
124
59
148
102
88
161
81
155
77
92
35
158
111
70
127
68
112
129
164
53
170
125
99
1
34
150
42
15
131
67
109
139
149
38
13
160
23
4
95
65
57
73
134
46
37
168
76
122
83
3
165
54
90
144
82
140
87
107
40
126
154
145
163
25
86
166
33
93
27
132
121
96
18
61
11
17
167
62
89
115
74
10
36
80
94
103
117
72
159
31
6
69
118
32
128
123
153
142
91
28
114
104
84
106
43
100
44
52
75
19
21
98
2
152
5
105
79
20
116
39
16
146
130
8
63
120
9
110
50
30
119
14
56
137
78
135
136
85
12
151
141
49
26
143
101
138
169
60
157
