102
141
170
136
60
130
71
175
14
128
47
108
49
15
77
73
132
150
36
115
82
118
86
94
172
39
65
162
85
129
37
22
55
26
34
113
78
105
89
148
53
58
99
119
17
145
171
183
70
134
131
124
152
166
57
76
100
182
3
163
181
69
133
139
101
120
40
23
176
147
52
19
92
72
123
109
127
98
121
91
27
79
146
68
44
50
158
126
149
110
62
66
93
28
46
5
74
18
63
140
164
20
33
30
54
116
48
83
165
185
51
13
43
96
8
178
111
67
117
122
159
180
6
59
88
12
31
104
167
153
161
7
154
95
156
114
143
184
125
38
84
106
157
81
42
11
87
41
10
56
2
144
9
97
179
64
142
29
16
4
138
90
21
35
61
32
75
160
135
80
168
137
45
151
25
24
1
112
155
174
169
107
177
103
173
