66
184
119
135
62
46
96
3
70
138
81
143
90
168
118
1
34
20
186
104
160
174
63
159
182
131
8
130
74
59
116
173
33
180
163
108
139
183
50
17
14
28
4
172
32
158
122
15
127
7
115
154
41
113
93
152
38
165
99
35
87
145
49
148
2
133
156
181
61
167
91
169
123
101
125
57
114
136
155
141
95
27
100
162
84
77
179
112
140
47
80
89
134
110
97
54
13
52
151
53
16
120
137
19
37
30
56
6
85
129
71
144
40
94
10
102
86
88
45
29
107
147
69
146
185
5
142
76
170
75
12
23
111
44
98
157
39
164
72
21
171
166
149
83
11
78
103
48
92
128
176
67
18
51
25
105
9
42
109
150
178
43
187
106
124
82
132
161
175
55
36
65
22
79
24
64
58
31
68
26
73
177
153
121
126
60
117
