143
42
139
77
66
129
105
55
11
2
10
34
111
119
68
73
24
38
93
33
46
99
28
52
71
95
118
48
61
103
78
120
64
15
84
19
5
123
54
108
58
102
128
44
122
157
132
75
107
57
109
56
69
162
151
41
116
89
147
82
141
86
7
23
13
20
97
121
3
65
88
125
104
131
50
112
63
136
110
26
81
43
36
146
133
49
80
25
138
60
137
94
74
115
130
100
70
51
166
153
152
165
135
53
40
156
21
96
114
124
160
87
167
127
90
149
67
154
92
106
35
144
126
113
17
29
169
72
101
32
158
159
45
37
16
91
6
27
145
1
12
18
14
148
30
168
161
155
4
47
150
172
142
76
31
134
59
62
171
83
98
163
22
170
117
8
164
140
9
79
85
39
