130
13
75
92
7
34
177
19
137
169
79
66
96
31
122
25
144
143
175
30
146
29
166
170
49
17
132
110
81
134
141
33
70
119
182
23
51
27
117
39
108
36
86
84
118
8
95
82
163
193
59
158
186
159
115
152
99
77
123
47
176
64
171
185
151
18
5
97
32
114
104
192
37
111
24
61
162
9
109
149
106
168
11
142
83
157
103
57
154
40
67
167
78
12
21
52
179
136
87
38
155
58
181
48
113
180
26
173
55
200
116
189
194
150
191
50
94
105
165
140
2
41
28
178
74
73
161
42
16
100
112
184
139
76
14
71
199
72
44
43
53
198
145
22
93
45
148
54
102
6
172
65
4
153
120
160
35
89
121
174
98
128
60
107
69
56
1
10
46
188
187
90
63
68
156
88
101
195
127
80
91
197
133
129
62
85
126
124
190
183
135
131
20
196
15
164
125
147
3
138
