60
27
93
82
41
67
191
143
43
192
73
21
147
99
166
17
47
44
108
131
116
64
154
88
78
165
155
142
23
113
111
48
138
66
3
31
38
57
18
190
169
187
63
69
12
184
61
36
197
46
53
98
8
139
34
15
135
22
45
186
193
91
2
121
180
152
86
42
174
148
133
160
194
120
9
105
55
94
104
109
84
102
85
200
96
127
100
182
167
70
122
183
51
119
158
137
141
58
146
97
89
77
39
140
79
1
33
40
151
149
54
177
126
52
156
136
118
90
11
25
95
110
196
29
134
65
153
171
112
80
81
181
83
62
168
13
145
14
150
92
176
130
144
49
117
76
87
72
132
164
115
20
6
114
125
71
106
179
185
50
189
16
24
59
107
30
28
75
159
128
161
32
5
123
178
188
19
195
124
162
175
170
157
37
198
35
103
129
173
7
101
10
4
172
74
68
199
56
163
26
