146
156
16
122
9
178
192
59
172
179
41
51
78
110
35
55
114
7
27
147
166
67
180
189
53
81
196
66
139
109
92
49
173
31
58
103
152
182
91
116
121
134
171
19
64
73
155
165
187
13
98
85
99
157
40
45
86
123
163
198
46
162
33
61
118
54
62
131
2
25
70
76
144
32
63
101
1
184
112
83
115
197
29
104
138
20
72
5
77
137
142
105
140
23
71
117
174
188
190
38
154
199
111
113
150
30
3
6
124
151
94
127
176
132
136
159
4
168
28
65
107
177
175
95
87
183
39
193
141
36
89
119
48
50
56
21
129
47
34
43
44
161
96
167
12
60
126
169
97
128
17
93
102
135
148
8
79
181
108
153
195
69
82
143
125
160
24
57
133
74
120
149
185
75
191
88
145
90
80
14
18
68
158
15
170
10
100
26
164
194
42
52
84
130
11
186
37
106
22
