40
61
73
146
32
110
118
151
35
50
142
45
23
17
19
129
153
42
64
97
49
95
4
16
91
103
114
132
138
31
70
81
115
105
154
152
130
67
134
74
143
6
15
99
108
71
56
79
101
22
33
120
55
93
8
96
78
82
116
84
100
30
89
11
139
37
46
109
117
124
140
2
25
149
3
21
60
147
102
9
5
76
98
75
68
144
126
28
54
57
24
106
121
137
155
7
20
51
90
125
133
47
62
63
127
53
83
1
26
136
29
145
18
27
69
52
141
72
119
158
34
111
36
123
10
14
85
92
135
88
44
77
150
107
39
41
87
104
157
131
112
48
65
66
94
148
156
43
58
113
80
122
128
38
86
12
13
59
