10
11
12
13
14
179
100
137
87
112
23
29
176
141
152
25
68
59
71
72
60
119
127
108
88
36
42
166
34
63
120
91
76
39
167
165
157
104
110
47
85
32
149
51
19
46
126
24
77
145
107
92
44
131
16
99
69
144
38
28
148
79
109
134
150
37
162
115
67
101
103
31
45
58
17
81
56
70
130
114
50
64
22
35
139
116
169
121
33
171
93
80
96
124
177
111
30
129
61
172
41
173
52
125
55
18
156
54
83
15
113
53
82
178
170
74
140
57
146
154
65
78
158
26
118
133
94
62
97
73
147
128
20
106
153
163
84
48
155
151
102
160
174
75
175
117
40
95
138
1
2
3
4
5
6
7
8
9
21
164
180
181
182
183
184
185
186
187
188
189
190
191
192
193
194
195
196
197
198
199
200
132
27
89
135
123
136
66
159
105
86
122
143
43
168
90
49
142
98
161
