164
89
67
90
143
142
140
175
120
40
13
30
14
69
135
37
133
10
122
19
186
121
29
165
161
5
62
114
83
193
174
129
66
159
118
102
145
182
99
151
73
111
191
162
75
85
198
139
47
39
54
43
7
41
98
187
148
105
50
70
177
109
93
8
79
46
115
125
18
190
195
103
173
12
11
48
124
59
64
180
63
158
108
2
22
4
141
169
56
72
147
128
51
20
107
97
183
61
104
154
36
152
96
74
6
130
87
82
86
23
45
42
60
119
126
94
123
168
15
25
49
178
32
9
52
91
181
199
132
196
185
38
35
200
134
170
57
77
21
53
138
163
58
116
113
131
153
179
95
192
117
44
33
137
110
68
166
88
24
194
16
78
157
3
26
84
28
31
184
149
171
81
189
136
76
146
197
92
127
167
188
172
27
160
65
112
156
34
150
101
106
71
55
80
100
176
155
17
1
144
