11
58
102
153
35
112
104
86
66
117
69
105
17
39
46
71
83
126
42
52
88
128
173
44
62
74
76
4
89
108
6
70
140
152
19
2
15
18
38
45
132
33
51
60
103
91
130
87
114
143
180
55
141
40
98
176
28
168
75
99
101
163
97
21
29
113
154
178
22
50
72
151
85
157
53
100
138
156
12
127
61
81
179
63
136
161
174
57
116
90
20
23
59
65
92
172
139
146
84
118
148
150
54
56
149
164
43
109
121
177
94
158
134
95
119
167
16
82
67
142
145
169
30
25
162
144
27
131
135
137
49
165
147
124
175
10
24
48
78
159
79
181
115
120
110
31
171
5
155
9
133
47
96
106
26
64
170
32
36
111
93
122
14
107
13
77
123
3
73
80
166
7
34
37
125
129
8
68
1
41
160
