58
183
40
140
179
154
83
143
65
108
200
142
196
48
171
144
24
132
78
67
23
167
53
150
25
185
186
101
107
10
109
156
72
190
157
59
1
102
11
45
187
193
17
21
159
106
170
26
182
198
91
39
99
133
68
125
29
195
35
49
28
103
173
32
57
22
122
180
160
27
123
118
88
82
111
63
120
79
81
134
136
19
80
138
181
192
34
62
85
89
92
145
7
86
135
31
162
15
43
30
56
74
174
76
117
110
100
75
6
87
177
38
14
148
37
169
52
97
176
164
71
153
184
51
127
60
94
36
104
194
115
126
96
4
12
175
66
90
131
116
155
55
114
33
41
172
18
9
189
64
95
84
168
98
70
5
61
178
46
139
50
13
163
73
152
161
188
3
20
112
166
146
121
113
105
128
47
147
129
141
8
124
119
16
2
69
130
158
54
199
42
77
149
197
137
191
165
44
93
151
