135
117
41
89
66
71
14
63
187
52
144
193
123
100
180
170
24
65
169
106
148
167
43
50
59
142
47
94
54
56
11
84
30
132
175
96
174
127
140
141
74
58
168
90
157
122
67
134
86
10
75
150
61
42
103
192
166
26
179
97
81
143
121
126
9
8
109
124
147
40
186
45
83
156
158
165
34
62
77
119
92
161
152
138
131
145
118
113
46
196
16
120
197
99
91
108
15
44
173
177
188
18
73
13
181
189
171
39
20
184
137
53
21
125
129
164
133
85
1
38
23
7
79
95
87
12
182
37
33
69
162
82
154
130
128
17
153
110
151
114
198
105
93
5
51
183
102
163
98
6
116
104
64
78
139
4
155
72
88
76
115
32
68
107
22
49
160
2
101
27
35
25
28
159
57
19
48
3
191
111
194
55
178
176
136
172
200
146
60
112
36
70
190
31
29
149
195
199
185
80
