70
178
99
24
61
151
102
22
65
69
58
80
129
135
164
197
169
26
163
137
188
45
172
77
106
111
187
183
143
182
29
71
91
118
191
82
114
159
89
127
130
154
192
158
177
16
147
152
167
198
12
3
134
161
101
128
10
105
146
179
50
75
103
23
133
138
176
189
153
46
113
117
157
27
30
122
142
181
38
72
93
4
36
73
121
78
6
37
57
104
199
40
94
132
165
200
155
31
53
66
1
141
49
108
39
67
19
20
86
7
32
60
88
144
52
90
47
196
180
100
15
41
145
136
35
81
194
63
148
18
185
9
83
120
8
13
184
17
126
87
11
54
150
175
85
186
59
2
115
125
131
170
110
139
149
168
62
28
97
84
5
42
174
173
44
51
123
96
116
124
140
43
64
34
92
119
95
109
195
56
79
55
107
14
76
21
98
162
25
74
190
166
48
156
160
171
112
193
33
68
