22
59
127
179
8
196
25
139
76
169
51
145
175
85
117
125
157
168
147
186
37
194
11
83
114
40
161
132
190
142
33
140
29
55
48
78
71
17
143
137
89
102
111
115
108
199
92
81
163
9
100
195
173
103
177
158
197
148
12
152
122
67
124
176
28
86
183
47
41
2
4
106
46
162
193
185
156
18
110
189
24
60
6
50
87
121
165
170
54
171
99
167
182
31
27
94
35
56
128
141
129
101
184
192
133
61
166
178
118
45
64
23
88
58
66
93
49
97
26
131
96
116
30
198
82
62
180
20
136
70
126
3
123
144
107
188
44
10
153
172
84
104
79
16
69
135
119
113
181
149
74
150
77
57
164
34
1
91
75
68
105
174
155
21
98
42
134
90
130
36
80
19
159
120
109
154
191
38
7
138
200
63
73
14
72
39
43
13
15
146
112
187
160
32
95
65
52
53
5
151
