33
88
143
2
19
58
181
38
82
192
145
59
103
136
73
117
11
190
10
144
184
66
200
87
115
130
153
132
92
197
65
53
108
157
40
94
139
142
63
114
52
67
72
64
7
61
86
195
39
175
14
48
76
85
71
118
74
84
109
162
189
56
140
81
20
116
4
41
36
93
129
37
165
46
55
45
131
106
174
1
68
196
100
133
146
8
49
177
186
169
183
90
128
60
89
134
154
173
54
187
15
50
75
135
120
122
69
102
113
188
166
126
3
23
27
176
34
78
163
191
198
16
26
70
91
180
152
155
171
199
42
95
141
170
99
107
22
111
168
32
156
30
6
125
47
147
5
12
21
9
121
185
119
161
44
101
149
160
178
51
28
62
150
182
112
24
31
79
194
124
17
43
96
179
193
83
164
29
97
110
57
35
159
98
105
137
151
18
80
104
138
158
167
123
172
13
77
127
148
25
