7
73
124
148
173
31
38
96
105
166
184
12
93
109
187
176
101
35
92
82
132
162
123
149
117
2
39
41
48
139
3
25
158
57
64
97
110
16
118
169
32
133
164
14
43
130
71
78
84
115
67
80
114
53
89
141
153
28
119
151
29
185
171
174
23
27
72
26
37
161
40
157
177
59
21
88
129
145
138
19
183
33
56
136
180
8
159
10
47
69
121
60
106
175
181
49
182
6
42
134
150
83
120
15
103
116
179
11
24
160
44
70
85
100
1
22
30
87
152
18
58
65
66
112
45
51
63
86
155
104
20
91
79
113
122
142
13
128
111
186
98
135
5
154
156
131
172
90
146
147
167
46
127
34
144
137
140
170
68
74
99
126
9
95
76
77
52
61
102
36
54
94
125
108
168
4
55
81
62
107
143
17
50
75
163
178
165
