142
172
27
96
145
17
148
14
71
91
12
73
153
54
119
46
43
144
36
157
52
53
176
170
33
32
174
156
84
116
31
150
37
16
55
99
80
78
168
129
30
45
3
134
139
136
98
61
121
76
35
42
109
162
95
6
161
118
173
64
177
159
57
48
88
111
120
1
8
29
67
123
112
163
141
154
72
147
60
155
41
75
115
22
20
158
50
82
102
149
89
94
90
77
138
86
70
58
135
21
51
146
122
104
7
101
62
125
26
83
93
47
160
171
113
2
106
19
13
9
24
165
79
124
39
28
74
69
97
66
117
81
18
130
131
15
110
167
49
114
40
140
87
10
152
128
151
85
34
175
108
105
25
56
137
68
166
127
65
107
164
100
5
44
63
11
133
143
59
38
4
169
126
103
132
92
23
