95
59
132
82
117
24
73
64
162
113
76
86
25
124
90
22
127
110
140
79
87
28
11
98
199
52
19
169
81
48
157
155
128
63
40
30
50
144
156
12
103
166
164
172
149
42
118
85
123
6
176
163
112
186
34
2
31
171
126
108
92
122
100
154
115
38
78
137
35
150
102
36
4
109
26
107
61
94
17
197
53
39
129
5
184
7
136
180
182
195
134
133
97
93
69
185
72
196
41
54
151
23
114
57
15
101
170
1
8
68
71
75
179
183
190
168
66
43
44
160
158
181
145
131
58
83
138
173
147
77
125
47
161
80
18
165
27
120
167
56
135
121
45
142
105
106
178
49
130
74
191
3
51
21
193
70
10
9
119
20
99
187
32
16
91
143
62
65
188
192
46
152
88
33
116
29
84
148
60
194
13
139
177
200
89
37
141
175
96
67
55
111
189
146
159
153
14
104
198
174
