56
28
118
12
152
53
37
62
150
115
20
110
71
63
77
15
76
180
169
35
26
125
36
134
127
97
70
52
13
107
132
79
49
123
143
162
179
73
130
106
139
42
43
1
98
74
82
148
185
5
128
160
23
59
41
89
54
46
122
32
40
135
75
178
174
39
94
16
101
67
186
38
141
88
85
19
112
181
45
183
86
100
147
176
149
154
50
153
34
78
87
120
96
84
4
69
24
47
21
92
146
83
31
133
91
51
9
167
25
172
6
136
188
2
60
68
155
66
184
170
126
145
164
55
22
117
161
29
11
113
157
137
81
64
173
95
58
105
182
33
103
138
61
142
116
72
168
111
163
144
177
171
104
129
108
30
17
187
159
10
80
114
121
119
48
8
65
57
7
44
131
140
165
99
27
109
14
166
124
175
156
90
93
3
18
158
102
151
