200
25
26
99
122
105
119
159
169
171
88
6
196
135
163
56
48
17
177
156
80
24
161
137
134
118
114
91
78
85
191
41
100
49
20
19
72
136
27
125
165
98
176
83
22
46
45
183
21
33
87
151
132
10
58
59
65
186
44
141
133
70
51
16
138
110
140
67
73
74
92
42
62
18
40
108
178
142
192
111
47
60
170
43
162
75
54
66
76
8
35
189
117
39
95
167
198
1
182
120
63
50
34
148
154
89
185
90
64
160
152
38
130
195
158
131
13
109
106
15
166
193
175
187
7
97
143
11
61
157
150
14
129
190
145
104
123
113
139
81
9
121
103
93
101
5
52
31
173
28
107
82
181
153
174
188
149
116
147
77
155
55
124
194
68
144
30
168
197
184
37
79
2
199
94
172
115
4
128
127
69
102
32
180
179
86
3
57
84
36
29
126
96
12
146
23
164
71
53
112
