3
55
67
144
68
109
146
147
2
51
70
90
94
183
42
96
164
13
73
82
127
194
56
78
22
61
16
44
19
48
7
80
41
53
97
108
113
115
162
179
180
184
35
46
50
64
99
107
175
192
14
17
123
199
65
47
122
189
142
153
23
95
26
63
118
145
155
60
102
128
141
24
77
120
33
173
6
15
75
86
111
197
72
126
18
39
131
185
81
1
45
104
92
114
138
156
110
124
139
182
190
89
198
25
62
52
66
137
169
69
193
172
174
195
100
117
105
160
20
76
88
103
119
8
121
135
133
150
38
83
170
200
167
157
59
40
87
101
132
74
152
166
187
181
5
58
176
178
112
151
106
168
11
49
54
84
143
163
171
91
30
136
165
12
93
130
140
196
4
79
116
21
43
148
32
161
149
191
37
125
134
177
188
158
85
186
27
28
29
71
154
36
159
9
98
31
129
34
57
10
