113
49
177
34
31
125
80
98
84
38
88
138
20
124
5
130
32
129
172
12
23
131
40
146
112
166
175
164
170
92
182
45
17
66
123
90
157
148
126
169
70
7
160
173
3
71
81
85
77
44
54
178
13
78
145
57
161
68
14
150
128
99
127
27
96
39
2
35
19
198
168
24
60
180
59
119
121
72
28
189
111
118
103
108
48
37
114
196
50
149
158
25
199
171
185
116
29
87
82
115
9
33
136
144
61
167
95
141
184
200
151
159
190
42
101
89
83
122
26
79
152
155
192
1
156
140
104
10
165
133
186
75
52
188
102
69
143
94
117
154
16
36
135
6
174
193
194
67
110
55
139
153
163
147
97
47
93
43
73
21
51
22
187
53
179
91
176
120
63
18
183
4
64
46
132
56
162
62
191
197
58
105
100
8
15
86
134
195
106
65
107
74
76
11
109
181
142
41
137
30
