16
24
29
68
94
142
39
116
131
72
82
5
65
105
122
125
129
115
30
145
25
26
60
127
112
121
141
139
90
106
151
96
41
53
55
57
138
79
153
38
63
144
150
18
132
133
37
107
154
148
111
27
130
7
59
81
35
45
58
149
152
157
62
52
101
140
11
49
76
147
19
32
84
137
51
100
15
77
92
155
40
67
75
89
103
126
97
123
61
80
88
14
86
119
108
44
13
17
71
114
146
113
158
56
69
36
85
104
109
1
91
99
9
54
43
46
118
3
70
50
95
143
23
87
128
21
124
8
48
66
120
2
93
159
34
102
42
83
136
4
156
135
28
20
74
98
33
73
78
10
134
22
31
6
110
117
160
12
47
64
