129
40
115
196
43
48
96
95
71
87
65
76
44
56
92
1
162
34
79
75
51
66
113
170
67
138
42
118
77
19
164
137
195
16
130
83
63
120
10
160
188
85
112
166
146
99
103
5
158
181
161
32
101
37
178
189
111
175
33
102
114
55
52
159
28
45
142
156
147
127
78
121
107
105
132
145
168
86
91
143
140
88
125
80
187
165
150
81
2
109
126
46
183
152
25
59
157
38
151
139
184
53
9
47
3
171
176
21
4
24
90
8
98
163
6
74
72
190
169
155
60
18
116
17
180
70
173
191
29
11
141
182
110
57
84
172
106
123
35
14
179
122
27
124
94
104
89
154
136
13
153
50
128
61
193
58
68
97
131
20
134
194
100
36
119
26
186
135
167
62
23
54
31
133
108
7
93
174
82
185
39
69
117
64
12
192
197
177
15
148
22
73
30
149
41
144
49
