34
173
42
4
143
147
82
1
189
68
44
19
159
12
83
66
95
74
49
70
31
141
186
171
67
118
151
181
76
86
146
32
55
139
46
43
7
144
14
150
123
75
132
93
99
28
177
125
47
133
62
53
114
107
136
167
120
17
72
39
179
131
37
164
152
168
145
77
188
134
191
138
60
117
85
140
142
45
10
126
16
61
124
35
149
36
174
23
115
91
101
111
96
89
63
78
5
15
22
57
102
192
137
41
185
108
116
158
163
148
154
18
187
2
119
109
51
198
65
193
169
94
190
40
135
166
130
162
183
56
84
128
100
13
90
59
3
165
197
172
157
92
26
110
175
11
29
69
195
58
54
8
105
50
121
156
73
24
184
6
106
48
79
194
104
81
196
153
113
21
38
122
182
155
80
97
27
129
20
52
160
170
176
200
25
178
199
112
87
180
9
33
64
127
71
161
98
103
88
30
