144
198
6
57
13
197
45
187
156
28
171
168
116
42
183
191
41
22
94
82
66
153
4
9
48
178
181
102
118
103
78
159
85
163
126
192
177
12
99
10
131
71
47
92
139
180
138
141
194
93
68
155
145
130
64
189
128
193
113
84
80
100
125
104
14
86
74
58
81
17
120
35
73
111
151
11
40
195
101
77
158
5
174
72
170
88
105
29
70
23
1
110
188
83
119
75
36
115
122
179
87
129
97
123
166
18
148
150
39
190
59
108
199
49
117
79
27
165
53
90
51
8
109
30
172
37
24
33
34
157
186
76
3
52
173
182
89
26
106
32
135
161
164
137
55
38
184
25
152
112
142
132
50
19
61
149
146
176
95
44
54
31
147
175
133
21
65
15
2
60
169
143
140
98
127
167
134
7
69
162
46
56
67
63
16
160
124
121
136
196
96
43
91
185
20
114
154
107
62
