86
105
81
122
60
146
72
196
9
155
134
57
159
84
98
95
193
142
19
31
58
96
150
100
70
82
62
97
137
199
107
152
94
14
67
136
200
18
12
129
76
151
180
71
172
161
198
143
119
5
103
168
23
153
182
29
89
34
27
13
117
166
183
43
112
21
10
48
113
44
197
61
54
104
125
75
192
123
164
53
36
184
156
110
99
49
133
6
145
174
181
176
160
139
194
188
138
185
190
128
41
35
22
109
120
17
186
87
63
45
173
102
127
131
46
47
111
11
56
163
171
78
59
177
195
52
73
147
15
124
24
191
101
33
141
55
68
130
135
4
132
178
115
108
106
121
50
39
30
126
3
40
165
80
74
169
85
83
158
189
65
79
91
118
175
144
8
90
28
16
26
1
93
179
154
140
25
92
37
157
116
77
114
64
32
69
187
88
2
66
7
148
167
38
149
20
51
170
42
162
