198
21
44
125
38
16
97
140
39
46
155
132
117
36
146
86
121
89
148
167
105
110
162
77
56
75
128
40
52
70
34
200
47
165
102
191
20
192
49
84
178
13
103
107
69
129
37
43
28
92
4
50
135
186
143
15
23
124
127
5
152
96
18
141
32
98
188
1
60
174
25
53
54
73
61
172
159
51
169
19
82
68
133
42
85
74
147
193
3
173
2
48
80
166
113
175
122
119
91
137
65
199
8
58
26
14
95
57
55
63
33
31
123
138
157
187
170
88
7
12
41
177
149
144
106
66
62
83
87
179
176
78
181
104
142
190
118
158
94
27
164
153
24
183
154
130
196
160
10
134
189
168
139
163
100
93
45
9
81
29
150
59
112
120
145
195
161
180
99
131
90
151
136
185
171
67
108
76
126
6
35
30
71
182
194
72
64
17
116
197
184
79
109
111
101
115
114
11
156
22
