102
38
75
64
114
160
132
20
26
150
82
99
103
37
179
74
163
31
87
131
138
4
136
17
166
91
104
7
19
80
113
170
67
50
195
69
59
188
130
33
79
141
100
84
108
176
142
24
22
129
172
158
182
196
10
111
77
28
177
2
144
153
140
52
41
122
5
184
21
35
73
11
12
60
43
92
101
44
118
6
16
49
95
135
117
55
70
106
46
116
171
42
192
29
151
9
57
18
32
89
164
76
110
186
90
115
66
8
146
65
159
48
200
165
98
25
133
191
134
120
168
128
156
54
27
157
174
154
3
94
167
181
34
125
78
143
194
56
152
193
45
145
30
124
51
121
40
148
190
112
178
88
198
62
149
97
173
86
47
61
180
183
147
96
199
175
72
23
14
185
127
169
13
15
162
105
107
155
161
81
53
93
119
83
63
109
68
71
85
187
58
39
1
137
36
123
139
126
197
189
