26
34
147
115
187
52
55
81
129
199
16
15
37
8
20
158
6
65
7
64
41
95
103
175
176
177
46
61
102
140
17
89
22
38
127
200
122
139
56
1
152
154
70
39
101
19
43
71
164
50
72
79
113
132
63
75
136
12
161
163
173
106
146
74
117
33
185
2
59
77
100
109
169
14
62
47
104
135
165
67
153
58
150
49
54
88
181
188
162
42
48
82
111
194
25
69
171
151
191
10
21
76
86
170
44
4
78
143
116
133
167
24
35
172
121
182
157
159
27
85
130
142
68
94
97
138
195
107
144
112
137
168
178
192
11
93
196
126
189
124
145
80
125
193
198
29
28
83
87
119
141
160
13
91
131
156
53
60
9
120
184
32
128
174
30
183
96
148
45
118
18
36
51
114
73
3
123
149
166
57
99
23
180
190
92
110
84
98
108
155
40
105
197
5
66
90
134
179
31
186
