87
106
135
174
179
37
137
165
110
116
122
55
15
69
186
125
156
193
9
91
199
42
33
57
4
79
96
19
43
138
160
77
95
31
90
162
163
84
93
142
183
70
129
144
99
147
16
34
61
126
24
120
133
66
26
58
109
74
97
134
194
23
71
124
83
75
113
47
128
168
1
68
108
148
200
5
117
139
130
143
178
3
10
12
40
92
27
136
11
53
59
88
155
2
82
101
115
149
6
22
111
152
166
45
18
51
112
150
169
176
52
78
85
81
118
119
54
197
107
161
170
13
38
72
94
60
76
86
195
153
62
154
167
192
28
64
100
29
63
184
65
80
177
182
191
32
171
181
196
8
185
7
20
25
49
127
151
159
189
36
114
123
175
190
131
50
39
48
14
132
104
172
198
67
102
35
103
105
187
89
41
146
158
17
46
188
121
157
173
44
164
73
145
21
98
30
56
140
141
180
