92
99
73
153
27
49
89
164
200
67
108
133
185
121
131
64
162
98
122
33
16
113
38
41
74
83
189
8
109
30
72
140
183
32
56
167
182
22
35
166
37
94
96
103
125
157
178
193
46
80
86
143
26
40
170
42
5
128
175
195
197
90
119
132
199
1
106
4
156
77
21
31
6
114
115
198
19
36
101
7
120
186
55
112
151
174
65
78
88
141
145
188
17
93
117
10
63
184
146
158
116
138
196
25
45
173
28
53
168
3
43
110
155
169
69
76
79
100
129
172
187
61
44
144
95
14
57
91
11
34
82
51
52
194
20
176
180
68
105
50
160
124
148
15
59
70
107
139
136
118
126
12
161
154
62
159
39
192
152
102
149
179
137
177
60
75
29
135
104
165
48
71
13
97
142
147
18
87
9
123
134
163
181
130
23
81
127
111
47
85
190
2
54
66
84
150
191
24
58
171
