4
82
80
6
52
59
61
10
22
26
33
49
130
126
128
62
73
53
58
60
66
67
76
14
12
106
153
54
78
72
75
152
155
108
109
156
139
69
105
97
154
74
149
151
64
117
20
157
15
28
21
36
163
85
51
79
71
119
47
56
68
40
63
5
31
88
1
7
138
124
131
3
46
24
57
87
166
113
120
161
150
112
96
18
32
11
95
19
94
104
125
132
137
144
140
107
118
129
142
164
84
50
34
43
45
48
55
25
30
38
41
65
70
77
83
13
44
27
39
162
23
116
17
81
148
159
115
127
158
160
165
35
9
42
2
167
8
29
86
111
143
37
170
93
92
101
123
90
134
147
98
122
169
141
89
99
146
91
16
100
102
110
121
133
145
114
135
103
136
168
