89
164
191
196
115
132
181
7
151
194
85
141
84
105
108
100
143
102
59
64
38
146
17
2
39
31
54
90
8
154
172
182
49
34
18
175
110
176
70
28
65
21
186
161
121
80
117
187
3
16
50
198
162
47
185
179
48
139
150
11
177
140
26
125
27
107
158
178
23
41
55
174
25
13
22
46
95
81
119
136
184
36
101
124
78
180
104
5
111
24
138
190
106
67
6
149
58
91
92
122
45
72
19
112
42
128
130
63
160
83
43
135
99
113
52
98
118
82
159
197
37
168
75
183
142
188
73
163
86
133
79
114
33
44
68
1
9
193
147
195
153
30
109
71
126
35
167
94
74
69
192
129
76
155
57
88
157
4
144
127
156
123
137
131
152
103
77
87
96
53
61
173
145
116
93
56
62
120
170
97
29
40
189
14
66
169
60
10
20
148
51
165
15
134
32
12
166
171
