121
49
60
100
127
137
78
172
180
48
83
109
30
34
53
68
86
95
103
169
174
93
161
71
88
101
157
166
12
17
37
144
145
77
98
134
179
148
6
10
96
131
21
61
18
159
124
133
42
102
45
112
129
146
41
154
23
80
118
132
39
99
125
81
152
72
76
114
136
105
120
141
2
5
22
31
126
54
140
147
1
9
11
35
173
155
24
40
62
79
87
69
115
63
70
66
143
151
26
36
14
52
113
122
153
33
51
106
156
64
150
29
56
84
139
168
44
46
116
117
111
27
75
104
138
135
107
50
91
130
164
15
19
47
59
57
58
67
160
176
55
175
92
128
163
25
43
123
82
162
3
89
108
119
74
177
178
94
110
7
16
85
165
171
38
32
170
65
158
149
13
20
4
73
28
90
142
97
167
8
