109
158
106
175
148
17
157
23
138
44
142
32
11
78
126
197
100
57
195
141
129
110
154
56
180
79
183
61
29
28
9
140
20
137
143
121
21
147
131
70
50
186
13
151
162
96
188
179
194
177
105
104
81
193
24
146
43
30
90
47
196
164
38
127
132
136
187
39
36
46
49
134
181
122
80
124
68
72
192
115
8
62
59
83
18
172
33
92
153
99
35
85
130
169
113
174
95
139
117
2
53
5
74
120
152
171
184
156
6
76
66
42
10
145
123
125
160
71
94
73
190
14
149
198
51
86
118
7
87
1
199
161
133
108
64
37
144
185
82
55
34
159
98
176
58
48
84
102
88
67
89
97
173
165
114
45
19
111
200
119
166
178
135
16
52
191
155
75
101
22
25
128
27
69
107
60
31
65
77
163
170
182
26
112
167
116
93
4
3
41
150
189
12
103
15
54
40
63
168
91
