173
86
142
190
136
21
28
121
5
189
139
193
151
89
172
41
114
104
34
163
131
191
23
8
56
51
179
30
112
61
103
45
25
81
70
188
182
37
101
93
40
62
87
74
147
97
26
120
199
90
169
29
105
91
138
165
158
144
83
16
170
150
171
111
65
3
19
129
20
159
36
115
137
177
168
98
178
200
152
127
134
66
14
185
198
58
82
32
11
43
64
52
196
88
108
140
145
176
195
186
39
143
135
128
80
194
192
113
153
63
68
125
184
67
132
10
72
57
85
119
31
79
55
12
49
180
133
100
60
116
130
161
50
84
118
15
174
154
149
122
18
164
27
46
155
107
146
92
148
2
123
77
75
102
96
160
78
42
47
175
59
183
94
110
13
126
181
197
167
69
33
166
53
17
7
95
48
24
35
109
124
73
76
4
117
71
1
156
22
9
44
54
187
38
99
106
141
157
162
6
