42
88
158
27
167
108
157
48
61
57
84
122
76
147
45
107
127
31
116
55
23
87
188
94
171
70
186
43
4
64
100
178
17
21
91
153
40
71
3
121
144
146
174
102
1
2
36
132
15
41
190
128
140
51
163
49
58
151
152
172
176
175
123
77
82
59
68
72
134
29
110
26
52
183
34
39
145
182
11
83
129
119
165
169
111
53
95
99
142
155
10
25
150
103
126
24
117
164
97
125
159
120
148
168
13
14
50
44
89
185
5
6
8
46
69
90
7
160
35
63
92
16
156
166
93
98
136
177
154
20
187
115
184
141
179
62
137
139
189
130
170
112
12
101
18
131
75
113
54
118
9
56
135
19
74
105
30
80
86
180
47
78
81
22
60
124
106
181
73
109
28
66
143
37
38
33
138
65
79
104
133
162
32
67
149
161
96
173
85
114
