113
150
80
107
102
126
48
160
9
73
115
16
123
182
31
11
30
49
88
146
133
152
74
7
38
175
44
131
185
164
82
26
176
78
197
169
119
184
148
194
21
157
61
65
17
5
189
114
29
159
98
1
64
79
165
108
142
41
19
110
116
171
127
144
145
85
172
156
28
139
180
72
70
94
90
188
132
177
87
170
199
106
20
196
187
140
137
117
167
181
154
130
25
34
93
186
56
77
81
198
71
151
124
112
57
54
13
40
101
33
95
47
153
39
27
55
12
10
193
129
166
18
60
183
135
4
84
89
143
45
174
23
91
63
15
2
179
111
100
118
53
86
66
147
105
134
190
141
149
46
92
103
24
97
3
68
59
122
36
8
168
51
128
121
162
52
83
67
22
76
200
155
163
14
191
104
32
42
158
96
69
125
195
109
6
37
50
120
75
192
173
62
138
43
99
178
35
58
161
136
