18
132
39
141
19
27
195
164
187
30
78
194
28
102
148
47
48
120
46
99
155
15
100
54
61
67
143
31
199
90
188
29
65
12
103
53
110
3
79
112
32
88
96
85
170
198
37
7
23
111
150
43
114
25
105
9
14
177
33
84
86
123
119
10
87
158
24
66
140
142
83
134
62
165
116
128
166
176
6
56
139
184
26
68
4
8
95
109
200
97
159
40
69
138
163
41
55
104
144
171
178
183
193
51
167
179
36
60
63
1
5
182
38
13
106
108
130
162
168
58
180
190
22
154
189
45
71
127
174
122
94
50
76
107
151
49
113
126
2
52
117
169
17
59
91
75
11
72
145
157
57
89
93
74
92
98
173
125
131
146
153
82
160
191
42
129
156
133
147
181
196
136
16
21
149
35
80
152
197
175
20
73
101
137
161
121
185
192
44
115
124
135
172
34
81
77
118
64
186
70
