198
103
105
42
134
153
81
83
102
172
126
177
184
6
25
193
60
119
21
161
92
80
98
36
86
17
117
164
125
166
180
175
182
179
85
174
46
116
136
194
33
97
93
30
95
137
159
104
124
156
16
51
108
165
94
11
77
138
28
43
61
65
96
149
106
71
7
78
160
90
75
155
143
186
131
130
38
114
2
185
199
39
142
73
187
191
56
32
55
173
87
189
72
66
150
99
31
167
115
50
62
145
53
82
79
120
100
10
188
109
144
15
113
64
5
13
88
154
45
57
132
68
23
27
12
200
14
58
110
112
139
135
34
148
22
151
183
3
118
49
176
41
52
157
197
4
59
44
1
76
69
101
54
147
181
127
26
67
111
18
168
170
123
192
121
47
162
70
122
74
48
196
84
195
171
19
128
9
24
169
178
163
20
63
8
40
129
141
35
152
29
140
146
89
91
190
158
133
107
37
