100
34
79
154
175
69
22
17
88
60
107
33
176
166
95
73
70
187
132
186
14
156
65
94
31
78
165
131
117
67
112
35
152
180
170
110
28
143
134
111
29
168
56
97
86
77
37
18
89
148
133
178
23
115
8
42
50
114
91
68
82
4
196
155
135
185
74
16
179
15
57
72
76
198
159
167
19
25
142
103
128
6
51
40
52
7
118
141
101
191
1
63
125
12
5
149
173
102
157
200
54
139
199
183
64
174
85
9
188
171
192
3
124
38
27
137
126
120
71
130
193
80
153
151
32
106
147
113
53
93
62
136
116
36
122
177
184
87
59
43
11
138
129
162
75
47
41
10
21
189
144
98
119
123
13
96
172
61
48
30
161
84
58
24
81
150
105
158
92
104
160
46
194
195
45
108
99
55
181
164
140
49
146
190
127
197
182
109
145
20
169
26
90
44
39
66
121
83
2
163
