133
76
40
20
55
163
182
141
56
17
92
71
79
80
193
29
14
185
50
61
28
145
192
35
58
104
175
112
91
78
84
27
85
2
81
162
37
105
66
43
107
1
115
180
34
168
191
156
131
96
128
143
4
149
12
161
10
46
126
99
70
178
67
158
57
9
194
152
24
167
62
135
102
72
199
176
150
111
25
18
140
137
106
121
124
110
39
113
32
94
130
93
170
41
83
26
48
183
172
155
198
90
127
5
95
116
181
148
125
151
31
82
11
173
73
54
63
169
195
23
109
3
179
89
120
197
74
8
22
75
177
65
153
15
101
196
186
119
165
142
36
189
114
88
49
97
108
47
7
164
146
19
100
45
190
154
68
13
147
129
77
136
171
187
166
144
69
42
157
60
38
53
117
123
86
138
160
30
87
52
103
98
122
16
21
188
134
64
174
6
118
59
184
44
200
132
159
51
139
33
