162
155
136
16
17
50
15
156
36
96
180
137
103
85
81
52
19
75
100
117
13
95
151
55
188
192
9
47
116
48
82
25
84
91
145
23
166
167
22
139
123
3
60
110
108
46
65
148
200
158
94
115
54
4
77
104
38
107
140
105
197
6
109
112
129
40
20
97
106
191
90
11
102
152
72
199
70
171
133
92
157
168
131
127
68
32
114
87
113
78
159
18
43
99
138
80
135
176
194
163
44
69
89
169
45
154
177
93
63
101
64
120
37
49
149
58
178
126
2
67
29
74
122
125
71
8
61
86
56
134
196
147
118
183
132
165
51
88
144
5
53
121
34
161
111
141
189
193
184
190
66
33
198
181
185
76
42
124
73
28
27
10
164
41
31
14
186
142
187
35
172
26
7
12
173
30
98
160
153
170
62
57
174
79
83
130
179
24
21
39
143
195
146
119
128
59
175
182
1
150
