143
76
129
149
178
150
5
53
107
180
47
114
42
138
156
105
172
49
15
74
35
68
97
191
80
153
101
9
139
185
159
123
104
57
102
179
22
163
126
167
165
147
88
18
112
4
98
65
109
152
17
81
160
84
61
148
3
145
89
56
198
69
111
124
182
125
100
174
62
8
55
197
151
146
43
133
23
73
66
63
162
75
92
171
25
157
181
168
34
77
48
94
192
173
7
169
132
195
26
99
141
164
166
121
136
142
29
13
193
39
52
6
1
170
128
140
33
45
158
131
120
30
64
183
11
134
119
196
103
176
95
71
21
188
90
40
194
72
144
24
78
96
177
93
108
187
91
10
85
79
36
200
27
58
106
190
161
154
117
67
110
115
51
87
83
86
16
31
130
54
50
12
199
184
82
19
127
189
32
60
155
37
44
70
175
186
20
135
113
46
137
122
14
28
2
59
41
116
38
118
