114
167
173
117
9
65
170
22
77
165
45
143
25
119
155
63
162
71
37
58
93
169
18
38
171
113
42
139
141
147
163
120
144
109
10
88
76
44
91
126
75
134
79
140
60
156
39
106
133
100
158
2
16
23
125
149
124
168
14
26
103
137
24
86
4
62
12
56
105
111
27
61
97
101
175
5
132
166
21
78
108
34
160
53
157
55
70
159
43
178
95
92
107
3
48
54
67
98
19
49
80
46
122
20
52
90
121
172
180
179
32
150
31
136
118
129
35
64
89
138
73
112
81
94
154
104
83
128
40
6
69
131
66
72
84
57
174
11
47
50
59
115
142
28
110
87
123
8
13
177
161
29
51
130
145
151
1
127
135
164
36
116
33
85
96
146
148
176
102
17
74
82
99
152
153
15
7
30
41
68
