88
23
59
107
137
11
114
117
58
165
187
2
92
32
82
118
194
181
68
15
153
168
21
53
151
166
184
43
141
186
4
24
41
40
63
127
179
106
183
66
102
192
109
130
14
85
198
86
189
28
29
152
55
9
16
131
135
45
87
111
136
36
120
84
164
31
7
17
54
67
140
26
5
37
173
175
180
52
64
154
35
42
8
44
121
126
133
176
1
60
12
132
73
22
70
190
38
90
139
50
57
156
159
61
167
191
98
134
3
122
108
116
196
81
171
100
129
149
155
162
178
30
48
97
76
113
75
169
195
13
25
69
124
39
79
89
158
10
65
78
197
125
157
110
27
46
105
115
119
123
188
163
177
51
83
103
6
199
72
193
34
62
80
19
101
18
33
96
174
148
160
182
94
112
128
144
146
150
170
74
77
91
56
147
47
93
104
145
71
172
95
138
99
185
49
161
20
142
143
