112
23
31
182
165
189
120
152
198
164
5
175
181
58
180
10
129
8
140
111
157
184
169
161
155
85
52
74
150
196
102
64
88
62
131
66
22
67
71
73
54
14
105
27
92
37
132
190
26
115
95
159
168
177
9
50
127
4
34
87
110
40
78
69
187
18
162
60
108
15
7
3
143
41
61
172
166
90
49
128
107
160
142
148
17
59
138
12
101
178
30
179
63
121
21
13
70
173
77
96
38
51
11
53
153
80
99
45
126
141
114
86
2
123
106
68
56
170
55
84
19
167
133
156
134
93
154
193
83
47
109
135
35
191
137
183
91
20
97
119
28
145
29
139
117
144
98
122
174
125
43
195
186
146
163
103
136
24
100
36
104
199
113
124
57
82
130
81
116
1
25
44
94
89
149
76
16
65
147
158
46
42
118
39
151
6
48
33
176
194
188
79
72
197
32
192
171
75
185
