76
154
88
70
46
150
110
124
185
42
109
158
52
36
25
79
31
66
116
80
54
32
196
37
60
96
121
44
45
53
164
2
30
47
68
115
8
62
15
138
108
41
172
49
73
102
100
58
188
97
146
183
40
6
112
11
142
163
159
43
67
171
57
78
168
123
33
14
24
107
193
39
103
191
129
145
95
117
1
127
22
189
197
9
120
149
173
199
106
29
81
26
176
38
192
181
180
72
128
184
135
175
69
165
167
48
105
5
101
55
99
136
139
18
16
86
7
13
111
152
83
51
143
195
4
113
34
64
162
87
194
85
19
151
59
50
178
61
27
132
74
169
93
92
161
131
153
71
84
21
56
3
179
144
82
170
182
156
122
140
133
28
65
125
155
114
160
10
174
91
137
200
177
126
134
35
12
20
75
94
104
166
90
186
148
119
98
187
17
157
89
147
118
190
130
77
23
141
198
63
