104
164
110
124
57
126
176
154
13
108
177
169
171
188
83
167
107
63
86
43
146
73
186
153
122
115
68
18
191
92
195
36
180
131
118
114
109
102
142
47
189
159
84
99
143
90
125
148
172
55
111
71
17
12
144
2
166
62
187
170
137
49
94
91
151
7
87
194
25
185
29
132
93
27
31
117
184
120
173
40
33
136
39
44
9
161
85
103
75
106
192
127
54
130
46
10
175
8
50
123
140
42
6
160
168
64
156
4
74
95
16
89
100
149
190
15
145
152
141
28
5
121
79
183
134
1
181
82
56
77
193
128
51
41
80
174
96
101
69
72
98
67
97
139
45
32
52
182
133
113
37
129
78
70
116
150
11
48
59
60
158
112
23
163
135
196
26
162
14
178
19
3
76
119
66
24
20
179
21
22
53
165
157
34
38
58
65
35
147
81
105
155
138
30
61
88
