70
82
152
41
33
21
40
123
80
187
43
190
177
7
142
16
74
147
148
126
35
156
88
169
92
151
124
178
145
110
115
160
180
109
95
81
129
171
73
25
107
164
132
144
182
108
118
166
101
181
154
63
149
49
56
119
85
163
189
5
37
24
168
167
103
87
75
69
113
93
39
8
165
6
50
106
191
131
22
4
61
140
188
36
159
99
89
10
72
9
54
161
31
78
1
116
127
183
26
143
184
45
17
102
68
34
139
91
55
137
114
15
172
58
186
134
94
153
157
125
29
122
146
185
130
175
133
42
44
141
20
111
18
27
97
105
170
173
57
64
71
174
11
62
3
96
23
128
32
112
98
120
138
76
79
47
48
13
104
90
136
162
46
66
59
84
19
51
14
38
53
28
117
52
67
83
65
158
155
121
12
77
30
150
2
86
176
100
60
179
135
