5
96
112
20
48
31
97
126
82
187
73
44
129
158
113
164
144
69
116
59
54
153
72
99
32
98
74
12
70
67
71
46
152
56
114
159
140
174
40
18
52
108
118
134
1
163
146
117
167
122
200
170
21
166
58
22
190
45
62
102
6
137
110
185
76
77
33
169
42
139
38
183
178
184
157
95
10
133
121
107
37
105
138
94
115
41
47
172
101
50
180
63
124
88
19
29
53
87
176
161
132
7
28
177
104
125
90
49
27
26
150
196
160
24
191
3
35
168
149
61
111
79
143
16
83
141
43
80
2
181
106
86
109
119
145
130
175
4
11
23
9
136
100
30
151
189
51
128
91
81
142
92
60
17
188
65
171
64
165
197
131
103
66
14
78
182
8
36
156
192
148
162
155
135
89
15
13
154
199
186
34
120
55
93
195
25
85
127
173
193
68
179
57
84
147
75
39
123
194
198
