6
99
156
163
46
58
76
166
57
111
114
35
61
70
100
92
188
25
153
37
48
151
157
164
39
118
127
199
15
113
143
109
107
148
26
124
129
17
18
51
52
82
98
131
175
144
32
184
191
80
123
112
197
16
117
13
23
130
62
158
189
59
88
183
193
132
133
103
171
34
101
141
146
192
200
135
154
3
97
102
31
42
137
150
174
10
29
77
160
186
55
27
56
140
74
190
33
177
43
145
159
168
14
49
54
172
21
108
122
161
173
178
11
152
2
8
155
180
86
126
170
110
81
162
115
125
182
1
71
104
105
165
89
30
72
83
20
41
65
67
9
85
128
169
24
60
196
63
194
22
78
138
12
84
106
181
4
36
95
96
53
73
136
142
195
28
47
69
38
139
167
44
5
50
176
64
75
87
40
94
134
7
93
179
198
91
147
149
90
68
79
187
19
66
45
119
116
120
121
185
