2
95
64
46
6
8
86
32
103
194
22
188
75
42
16
126
186
3
162
48
142
108
69
26
54
150
163
39
113
147
57
47
168
106
146
9
85
161
27
84
197
93
157
34
35
191
184
25
124
29
40
165
100
190
102
120
71
43
189
94
185
114
199
181
20
81
60
121
200
153
68
28
195
177
51
148
83
15
52
65
160
88
122
131
98
179
141
33
79
58
134
45
97
53
72
62
96
82
167
59
123
127
140
183
119
138
196
166
18
89
118
169
44
149
77
21
116
23
155
151
198
128
133
130
174
176
14
55
175
36
152
73
56
13
107
70
172
156
117
66
192
104
135
37
19
80
105
143
4
17
7
145
136
63
101
164
170
91
110
1
10
74
87
111
50
159
132
90
182
61
129
180
67
187
193
30
49
178
41
173
125
158
115
154
137
76
12
24
31
139
99
112
92
78
171
109
11
5
144
38
