86
71
98
156
72
27
82
152
92
47
49
125
147
35
46
1
4
157
104
20
105
50
6
13
99
111
134
73
149
31
76
97
56
28
150
11
95
12
42
80
67
55
2
25
114
164
110
109
39
93
165
158
34
52
16
89
33
66
124
123
77
26
36
48
57
100
138
81
60
21
132
85
133
70
87
45
51
142
83
29
37
58
112
54
9
8
75
145
5
90
41
24
128
161
160
15
3
88
139
116
136
40
43
121
108
119
122
101
53
131
155
107
120
141
64
148
69
74
7
65
129
117
113
102
115
146
17
151
103
19
163
30
153
118
44
38
106
59
68
61
126
140
159
10
130
79
84
91
127
78
135
63
144
22
143
94
32
96
62
14
154
23
137
18
162
