184
27
25
101
26
103
97
70
160
37
56
127
145
95
177
72
31
109
192
170
131
125
107
85
180
30
96
151
74
87
119
113
89
62
183
102
92
36
182
116
161
81
3
126
133
58
153
46
69
150
178
59
5
11
28
130
140
10
144
75
83
7
50
13
196
124
35
135
121
174
143
111
29
86
16
194
38
138
136
198
195
185
104
84
186
137
61
149
168
189
148
118
173
2
175
19
162
132
114
14
146
8
115
82
197
123
199
154
42
54
21
18
190
45
12
91
53
181
79
88
4
44
6
142
193
159
108
64
106
134
15
60
23
100
169
65
55
155
76
163
166
122
165
67
48
68
117
17
167
33
147
77
200
164
66
98
73
152
105
90
49
94
20
80
41
47
129
179
141
22
157
99
32
39
52
156
57
112
191
110
171
172
1
128
188
40
43
187
9
78
24
120
71
93
158
63
176
34
51
139
