6
83
36
136
159
26
89
48
147
14
67
17
79
161
173
34
44
63
106
73
109
61
117
156
140
146
29
171
174
27
131
65
158
15
33
43
82
53
95
110
31
137
162
98
1
5
8
141
16
23
45
56
151
172
35
46
129
145
165
19
52
47
92
115
143
57
62
74
76
90
142
148
157
135
132
134
21
163
4
37
100
169
128
87
75
85
70
150
71
139
64
38
99
111
11
20
102
126
164
175
50
84
138
2
96
119
122
130
77
155
91
114
12
30
22
78
97
149
154
39
133
125
144
94
108
69
9
25
160
168
41
101
112
3
13
105
166
49
60
124
118
51
54
152
116
7
113
127
72
121
153
18
68
104
167
55
32
80
123
107
66
86
120
28
42
10
24
59
88
58
81
170
40
93
103
