120
171
87
194
34
147
28
156
149
96
88
109
27
130
151
137
186
21
99
188
161
42
132
77
128
70
94
166
126
83
33
144
114
89
25
61
145
3
124
154
141
29
110
11
35
97
53
75
104
181
56
112
71
150
37
64
47
4
19
55
79
165
139
107
22
113
167
143
57
193
172
16
6
121
108
177
118
103
69
78
65
152
92
15
160
148
158
131
191
51
116
17
200
173
98
127
44
39
183
162
62
84
36
67
5
195
142
155
176
40
2
43
1
111
80
187
48
125
168
169
82
9
50
85
32
41
134
146
100
95
199
49
102
179
197
58
157
184
178
115
196
136
13
20
59
73
18
163
164
180
174
45
90
8
76
10
81
86
123
133
46
66
54
68
72
74
117
192
135
129
106
159
93
91
175
189
153
182
60
101
198
31
14
24
63
52
30
26
138
190
23
38
140
7
122
185
170
12
105
119
