71
26
195
191
51
31
10
19
48
76
125
162
167
89
111
23
63
25
29
90
107
110
160
118
158
97
83
53
146
105
163
87
126
180
22
122
101
34
181
152
102
40
70
5
183
144
3
13
198
92
179
194
178
100
41
96
94
127
123
133
67
7
68
81
199
38
60
143
164
149
17
169
189
37
161
145
153
119
135
50
32
28
109
73
33
14
21
8
24
134
15
184
112
75
166
139
136
117
113
79
39
18
35
82
103
197
193
200
12
99
132
185
77
98
147
176
56
148
173
64
150
47
128
131
142
187
61
121
196
66
42
115
20
91
62
156
78
155
43
54
120
182
138
159
80
93
140
46
188
172
74
1
95
130
151
44
16
69
170
65
157
45
85
2
88
108
104
57
30
137
175
36
114
49
11
4
154
55
27
59
165
86
177
174
106
116
6
192
72
58
84
168
129
171
141
9
190
186
124
52
