4
58
68
187
159
24
59
99
100
117
126
157
23
44
52
95
171
5
53
139
170
20
110
155
84
180
177
12
30
63
79
147
169
41
130
148
21
42
61
78
166
34
80
74
133
83
25
31
38
119
193
146
178
101
184
185
22
109
49
54
92
19
26
67
132
2
123
138
181
182
62
75
93
116
163
189
70
124
18
137
36
118
153
136
160
122
127
156
28
82
88
190
29
104
120
47
200
9
94
40
105
107
121
13
106
43
111
158
46
91
102
188
168
172
60
65
199
3
191
134
154
197
16
57
77
128
11
56
167
174
129
141
186
1
55
103
33
150
76
108
144
194
17
37
7
64
175
71
140
165
90
113
149
192
85
96
143
145
135
179
164
50
69
87
45
97
125
173
8
112
89
131
35
81
183
115
161
39
72
114
195
198
6
10
32
51
162
15
196
48
98
27
151
73
86
176
66
142
152
14
