106
121
74
34
66
128
11
56
124
22
47
162
28
46
45
59
7
43
123
112
132
72
50
114
153
76
23
136
157
169
149
27
20
89
41
80
142
118
113
5
126
144
101
31
88
107
44
40
96
168
79
131
154
91
29
38
64
25
84
156
67
98
141
26
163
2
140
95
119
161
134
146
151
148
111
166
170
70
133
6
93
37
75
13
108
18
145
83
109
158
4
53
21
54
165
130
49
167
81
92
171
52
85
30
160
94
138
73
14
35
147
127
62
16
129
137
55
152
3
100
155
48
120
39
10
71
42
77
61
24
17
57
115
116
36
117
32
60
19
87
8
135
82
104
63
86
164
102
9
125
110
97
90
33
68
12
159
58
139
105
143
78
99
1
15
65
122
51
69
150
103
