28
78
73
10
90
149
56
93
187
24
69
3
140
160
74
101
148
12
66
102
103
137
19
36
45
11
120
126
162
88
175
34
122
30
58
145
9
99
166
178
189
47
67
81
1
4
43
114
48
72
86
121
188
84
158
7
13
16
85
125
153
177
131
179
23
50
127
42
80
40
117
15
51
55
100
172
54
35
190
59
65
75
77
185
22
8
138
109
29
6
171
5
21
156
159
38
79
98
133
53
89
154
174
181
186
116
41
60
68
142
184
27
37
46
107
18
32
167
20
25
94
95
105
112
118
150
49
91
123
155
170
71
83
113
132
182
152
61
135
64
124
33
17
180
111
115
157
183
14
165
168
173
161
87
39
44
108
136
163
92
2
57
128
129
151
143
147
76
169
97
106
141
82
31
96
104
130
26
62
144
146
110
119
176
134
139
52
63
70
164
