71
7
141
52
11
186
164
72
99
54
6
144
49
112
95
151
183
116
13
76
93
51
98
135
128
152
153
138
91
198
117
41
160
20
59
2
127
61
136
82
173
185
133
55
56
178
87
21
62
31
189
167
137
159
47
77
73
107
192
84
126
176
134
29
188
25
12
45
89
161
174
65
111
148
171
5
181
120
157
143
78
79
129
100
119
101
64
30
23
108
146
106
18
28
90
154
15
155
163
17
170
37
75
26
197
39
166
58
48
168
27
16
33
191
169
150
122
53
24
142
92
165
130
149
86
70
103
180
68
114
4
57
36
200
147
195
88
193
125
97
190
63
40
19
3
187
46
156
132
105
43
10
66
42
162
8
1
32
80
175
94
179
199
177
83
38
194
145
60
124
172
104
113
85
109
184
118
67
22
81
44
35
196
121
139
34
115
158
14
110
74
69
123
182
9
50
102
140
96
131
