9
10
11
12
13
14
15
33
43
125
161
162
169
179
189
195
196
199
22
45
67
136
148
17
37
41
46
82
93
112
151
156
158
194
88
106
146
172
32
35
36
102
107
144
154
160
163
175
184
190
1
2
23
59
99
123
147
188
34
57
96
108
200
38
92
101
178
28
75
77
95
116
140
25
31
51
58
72
87
94
117
133
40
42
79
83
84
105
114
137
138
164
182
3
4
5
20
64
118
119
130
145
60
66
90
124
139
185
192
48
55
111
129
135
173
186
19
30
47
109
127
155
170
174
197
54
68
74
85
89
104
187
193
6
7
8
16
26
56
62
71
86
100
159
165
167
168
39
61
69
91
110
120
131
132
142
152
122
126
149
191
18
49
50
97
134
143
180
21
24
73
81
113
128
183
27
52
115
121
176
44
65
70
78
80
98
141
166
177
181
198
29
53
103
150
171
63
76
153
157
