23
173
147
108
52
113
99
109
76
43
127
101
119
83
137
164
27
44
18
14
45
106
94
38
68
111
39
98
80
118
157
100
62
63
33
34
15
92
59
116
139
102
125
134
145
126
136
42
93
88
73
121
120
21
170
135
160
148
72
104
138
9
130
117
129
1
49
57
167
87
8
122
154
172
168
37
75
22
124
123
19
174
26
81
12
13
144
142
29
32
3
153
20
162
48
110
143
31
103
70
133
95
17
169
24
35
91
84
171
155
115
36
54
67
78
74
131
175
2
56
71
85
65
16
107
4
82
166
165
141
149
90
41
140
10
7
53
158
40
55
6
25
150
146
86
77
97
152
132
69
151
114
58
161
50
66
96
112
89
163
11
79
64
46
159
51
156
28
128
47
5
61
30
105
60
