55
47
97
175
188
157
200
42
151
69
142
145
115
91
114
108
168
192
6
1
174
95
126
48
16
123
138
167
75
86
140
59
159
166
90
11
127
117
84
61
172
134
100
141
131
121
66
184
186
56
107
43
15
2
46
102
113
25
178
169
109
24
71
67
7
130
49
177
133
122
185
19
82
80
76
93
155
31
161
62
27
181
176
26
29
13
136
87
60
20
65
187
125
158
162
28
68
85
57
144
99
164
73
152
21
5
148
129
182
8
111
96
183
54
50
128
147
18
146
194
163
198
35
3
53
173
120
30
34
40
190
139
116
88
189
33
79
135
179
12
92
191
150
78
98
132
154
70
137
94
110
39
44
112
23
170
103
45
160
195
72
197
81
10
4
37
83
14
124
63
171
119
41
180
105
22
196
118
17
101
156
51
64
149
58
199
52
153
77
143
106
165
36
193
104
89
32
38
9
74
