178
136
107
164
37
138
91
152
23
4
27
132
121
108
49
11
32
55
43
53
105
181
141
81
126
144
109
102
51
189
156
115
74
168
75
154
167
163
193
84
190
198
191
8
116
70
133
54
122
6
106
140
149
17
172
187
192
77
146
9
66
151
22
93
30
82
97
117
199
196
155
186
127
184
73
124
19
26
67
76
177
94
200
103
148
176
143
104
59
169
60
68
41
34
135
113
64
89
165
39
2
83
112
131
52
7
18
160
194
153
50
162
119
1
62
137
129
29
92
96
86
48
174
12
33
5
78
161
185
58
159
3
145
10
130
14
71
40
15
101
28
25
147
24
171
125
21
45
120
65
123
69
179
20
31
36
98
79
88
158
72
56
142
85
80
175
100
114
111
182
150
61
134
157
197
38
35
90
95
170
139
118
63
195
99
87
46
183
110
42
57
173
47
188
180
128
166
16
44
13
