138
61
158
48
4
95
49
40
53
10
152
45
9
34
176
119
135
77
156
56
81
105
68
3
160
55
97
145
86
118
28
29
43
101
2
100
162
51
109
129
175
70
46
84
12
147
140
110
116
170
11
183
177
164
90
42
37
78
41
18
139
126
181
20
33
111
25
59
57
157
133
144
44
150
186
178
50
166
117
104
148
31
179
60
38
92
171
125
155
15
62
69
154
94
76
103
16
146
17
87
73
98
137
151
130
141
173
108
96
58
23
180
72
122
143
93
47
26
13
107
106
124
114
66
163
132
65
136
85
123
131
128
75
6
182
112
142
67
121
64
115
52
74
71
174
83
167
168
27
99
161
127
7
153
89
22
134
159
19
14
5
1
30
54
172
102
36
39
80
165
82
113
91
169
8
79
88
21
149
32
35
24
185
63
184
120
