87
192
37
26
181
12
94
108
118
29
66
153
123
31
113
32
4
103
142
59
1
183
92
138
200
75
102
156
182
119
190
56
62
11
164
195
82
54
80
45
84
53
7
198
39
51
184
10
128
6
131
189
137
186
124
35
65
157
185
154
22
127
57
86
196
148
139
130
143
52
25
58
132
68
78
114
134
122
50
178
88
33
16
111
23
72
115
167
36
100
83
40
199
105
99
152
64
170
60
14
28
136
135
188
162
47
24
160
110
179
96
159
49
43
55
42
15
104
20
2
197
149
145
176
174
48
44
133
175
19
168
34
155
17
85
101
91
125
13
74
98
90
180
70
172
166
97
126
191
117
30
106
8
193
163
46
158
151
147
5
61
9
81
121
89
171
187
71
38
169
129
41
161
63
194
18
165
3
67
173
79
93
112
146
120
77
107
95
109
21
141
76
177
73
144
116
150
140
69
27
