69
78
151
24
90
1
118
5
131
66
119
7
23
141
158
36
79
81
170
108
166
49
163
137
161
59
67
172
43
40
50
115
129
98
173
12
41
104
154
83
148
52
84
112
54
153
35
68
80
124
144
160
60
165
11
55
73
74
62
70
29
30
44
75
106
116
94
114
105
155
14
47
19
34
120
157
8
138
167
3
9
31
102
125
33
93
146
156
162
28
61
91
56
127
164
136
53
122
97
107
134
25
168
147
39
46
45
65
77
109
22
38
140
126
130
152
6
42
85
16
64
101
37
57
72
82
95
48
58
110
88
145
100
17
63
143
149
86
51
92
15
139
113
89
123
128
13
111
159
21
32
2
103
171
117
121
142
27
169
10
76
99
4
26
71
18
87
132
96
133
20
135
150
