80
123
115
33
200
175
116
139
65
188
72
94
152
145
36
58
49
43
119
92
46
173
81
195
11
48
191
13
186
117
130
2
91
143
166
140
131
101
129
40
90
113
14
54
15
60
118
167
78
161
121
164
1
174
196
18
193
77
126
122
93
7
38
73
178
110
3
155
52
138
135
35
83
157
71
10
8
134
136
146
31
132
199
108
107
194
12
180
150
133
62
47
162
103
39
20
104
63
25
127
190
141
96
106
26
17
5
171
9
75
198
28
21
95
159
163
120
98
59
70
24
66
184
197
114
51
97
109
34
105
88
172
168
27
4
158
169
87
142
148
100
67
179
79
125
124
64
160
181
53
99
30
128
57
22
50
69
189
86
170
45
68
176
56
29
154
177
137
165
102
182
41
44
185
151
76
85
55
74
187
192
19
147
89
16
153
112
111
82
183
84
42
23
144
37
156
6
61
32
149
