49
11
6
184
168
84
123
41
100
133
30
99
8
56
89
160
193
46
88
198
60
166
146
85
171
96
134
132
82
26
4
122
25
97
107
197
53
151
35
14
130
67
92
157
196
129
113
181
70
48
152
87
9
120
188
117
15
68
138
13
80
139
23
74
115
34
62
173
64
155
169
75
119
180
43
186
3
33
150
183
93
135
182
90
131
141
158
16
143
52
1
19
105
2
27
161
116
79
174
111
57
51
147
194
12
95
29
136
191
22
125
156
101
32
38
61
110
54
108
58
28
39
94
73
55
137
195
149
165
172
185
199
114
106
44
37
163
175
20
177
154
102
77
118
153
36
76
162
31
124
7
69
126
128
98
71
47
190
72
167
121
10
148
145
127
164
189
140
18
45
17
63
112
83
81
178
144
66
59
176
40
170
192
50
200
103
104
78
91
24
42
187
179
109
142
65
5
21
159
86
