47
189
28
51
170
106
6
41
109
185
116
149
175
153
5
120
145
142
197
194
12
94
127
102
40
69
161
37
54
147
198
114
76
87
103
81
48
119
93
71
31
154
17
57
183
90
151
143
177
68
16
121
96
131
160
4
199
132
13
168
83
158
176
196
77
129
169
70
165
10
150
178
3
19
29
130
139
136
182
152
66
75
128
135
123
186
2
138
113
181
52
26
78
184
144
126
156
118
122
59
74
88
159
163
200
188
195
61
174
18
38
32
1
190
172
35
50
39
173
7
115
33
56
60
64
44
30
107
62
133
187
53
15
105
46
22
110
45
55
65
63
14
180
125
108
111
20
137
171
58
157
148
98
82
72
95
80
97
79
162
192
85
25
100
89
11
43
146
117
99
36
27
124
86
141
91
24
179
191
167
21
134
101
8
73
193
112
92
155
140
9
67
23
42
164
49
84
166
34
104
