41
64
107
47
157
35
137
20
72
102
104
18
52
28
44
24
32
174
164
6
21
30
128
57
136
5
33
58
130
160
31
135
138
166
43
54
122
39
123
126
146
29
142
113
132
8
38
155
11
26
85
99
133
40
49
71
124
178
10
61
118
3
105
158
37
75
56
62
100
101
163
2
45
97
34
51
159
177
25
46
94
144
15
84
92
165
117
152
153
125
22
77
89
119
161
13
141
74
154
95
98
23
50
112
127
67
7
111
36
175
116
129
162
90
103
16
76
147
120
27
115
139
86
106
83
73
14
42
80
69
121
172
176
179
87
150
167
96
110
148
169
53
143
17
108
12
70
78
131
63
149
4
82
180
181
114
91
93
173
55
140
88
151
60
59
79
145
156
66
134
19
65
109
9
48
168
1
68
81
170
171
