176
158
130
162
127
29
61
93
184
137
85
57
118
6
178
65
83
10
71
97
45
63
138
106
31
2
49
157
43
37
185
182
24
80
116
144
47
64
53
154
76
46
54
136
112
67
3
125
39
60
152
50
30
117
174
151
84
150
110
14
1
81
21
62
159
169
36
163
160
164
8
7
40
149
77
122
74
145
88
105
23
107
114
69
75
27
102
5
140
134
126
16
82
148
170
28
90
22
91
131
99
78
11
142
181
165
161
156
129
79
15
58
4
128
52
19
9
141
34
109
33
20
173
42
92
153
115
179
35
17
180
96
121
89
73
87
41
26
12
120
38
155
100
66
86
146
98
32
44
95
55
18
48
104
111
175
132
139
177
25
59
166
72
143
123
119
94
68
101
113
183
168
13
167
56
51
124
70
133
171
172
103
147
135
108
