10
85
153
100
190
21
35
116
133
72
6
115
119
192
193
7
89
171
29
106
181
40
108
146
155
73
161
34
99
104
166
175
188
66
125
37
126
185
1
17
96
137
172
75
28
74
122
127
91
138
4
157
160
55
63
77
2
92
70
82
164
174
178
196
45
136
176
105
27
109
149
163
177
24
58
143
198
156
114
169
124
120
42
50
145
56
33
139
194
197
25
41
60
62
180
3
8
18
69
93
170
32
182
186
76
111
162
14
38
65
102
173
88
101
167
117
20
110
54
67
131
151
168
135
16
140
147
52
68
150
51
57
107
23
95
165
53
94
79
22
59
123
158
179
184
30
39
49
61
200
36
78
90
130
152
86
154
5
71
128
144
187
15
48
84
132
134
13
129
199
43
112
141
46
47
159
183
191
12
98
64
189
31
44
87
113
148
26
83
19
142
11
121
195
97
81
9
80
103
118
