45
118
154
2
177
58
129
168
30
103
116
164
41
44
47
32
79
145
65
78
151
89
84
115
51
161
140
172
12
60
63
114
150
131
26
46
94
53
104
160
40
66
97
29
119
28
108
35
72
155
9
87
110
124
7
14
112
67
69
1
24
11
23
80
121
127
169
50
133
52
149
5
163
8
25
77
146
152
93
95
117
74
88
141
59
81
176
38
99
143
86
165
4
62
61
57
158
171
27
113
120
22
138
55
174
179
70
98
68
137
170
71
3
15
21
92
166
82
144
36
135
126
106
134
175
64
75
180
20
148
18
100
130
132
33
123
153
139
173
76
91
167
156
159
162
48
73
31
122
13
83
136
39
111
56
85
42
17
109
128
19
147
37
6
101
142
49
102
54
90
107
125
157
178
96
105
16
34
43
10
