50
125
4
122
108
19
83
130
37
163
98
172
49
77
32
47
34
128
183
36
132
179
127
13
81
41
78
39
72
137
188
2
100
6
87
104
57
117
18
103
142
159
162
155
171
56
11
5
158
180
59
182
195
136
31
140
124
20
186
88
147
109
58
131
96
175
15
35
67
46
73
148
43
134
181
177
75
139
7
156
166
30
193
22
69
151
29
91
119
51
107
170
144
17
3
86
40
80
165
68
42
118
111
38
161
120
94
192
52
143
154
123
167
164
157
196
24
191
160
89
60
54
150
74
65
184
28
23
121
27
55
152
85
8
45
14
82
102
126
101
66
189
141
16
110
153
1
21
44
114
176
145
106
64
62
178
149
33
146
115
105
10
79
93
76
129
113
169
9
97
48
84
112
190
12
187
116
168
173
61
92
185
53
71
133
90
70
25
95
63
26
99
135
138
174
194
