88
106
126
36
167
99
115
150
12
25
38
119
46
142
154
143
71
19
28
155
93
170
29
42
48
50
55
113
43
56
124
165
96
100
117
133
174
14
16
87
41
59
160
45
109
66
169
21
95
147
116
70
82
148
168
98
175
134
161
163
15
24
83
149
85
33
145
23
156
173
51
72
164
90
52
53
64
86
172
138
35
37
74
3
4
61
94
159
92
26
137
67
127
40
31
54
44
102
1
30
80
34
110
73
79
118
146
10
130
8
58
158
122
129
62
78
103
171
2
140
76
111
114
136
152
128
5
97
68
105
107
153
18
108
135
151
39
6
20
47
131
69
139
7
17
120
9
144
27
60
75
22
112
162
123
84
104
32
77
13
63
81
141
157
57
91
166
65
101
132
89
125
121
11
49
