71
6
159
167
181
126
191
148
103
150
68
147
124
174
73
45
108
74
86
175
127
133
113
143
100
168
178
85
53
101
155
93
118
99
14
80
24
75
81
172
163
141
111
25
151
4
8
2
107
78
157
169
83
44
132
200
16
173
123
35
56
84
48
145
146
5
17
30
97
59
22
194
162
192
149
65
164
43
129
131
119
67
110
171
105
156
32
104
195
152
77
187
3
140
189
117
179
134
115
139
39
70
69
90
130
47
52
120
88
27
91
64
106
165
89
122
96
62
61
51
137
182
177
170
54
160
26
37
138
185
28
23
112
41
188
49
13
66
92
29
166
176
102
36
116
19
190
46
1
58
154
144
31
114
63
196
186
183
11
60
72
50
40
197
10
142
125
184
82
42
33
198
135
161
199
20
109
121
98
180
128
87
34
15
153
21
55
38
95
76
79
18
193
94
12
9
136
7
158
57
