164
199
70
22
175
182
185
7
15
45
162
200
66
94
18
172
124
82
1
57
136
174
153
78
108
160
47
6
17
93
27
176
168
169
167
170
159
102
52
107
157
173
95
8
158
68
163
104
121
154
133
76
105
192
59
141
77
71
110
155
122
64
81
144
11
58
55
89
151
118
46
186
10
117
150
34
113
67
149
99
31
72
44
116
191
135
23
2
127
19
183
63
177
100
43
148
75
109
79
188
83
131
187
180
24
171
125
195
194
146
5
40
181
12
39
98
38
60
65
25
147
35
112
132
48
74
30
3
53
54
91
137
51
166
129
84
189
56
92
41
86
80
156
90
96
120
179
33
69
49
119
134
21
36
139
142
87
123
140
9
126
114
61
29
103
26
62
106
73
42
130
178
145
101
193
196
152
88
115
143
198
20
85
28
13
138
32
14
184
190
97
128
111
161
37
4
50
16
165
197
