72
48
99
132
36
138
3
95
100
150
66
84
14
37
2
42
110
154
31
102
45
109
146
26
63
90
40
124
153
62
85
135
9
27
81
13
58
136
148
107
111
38
139
67
98
10
34
92
133
96
131
155
122
49
60
24
105
147
11
89
15
87
159
93
5
25
125
55
73
23
41
116
117
19
61
97
69
4
56
140
142
134
141
82
47
51
20
57
83
118
16
21
46
79
119
129
18
54
101
64
103
160
108
156
43
86
113
106
8
104
30
91
130
1
114
88
126
77
68
121
71
143
22
28
50
52
65
35
44
151
33
137
59
128
123
152
29
78
115
6
76
120
144
39
158
70
74
145
149
157
75
17
32
94
127
161
7
12
53
80
112
