43
196
35
167
22
10
162
147
103
57
72
122
172
199
44
52
99
8
134
200
2
117
39
150
48
170
164
118
7
157
19
183
77
193
95
64
149
36
113
60
30
4
126
161
31
67
82
50
89
155
49
146
102
33
180
128
165
135
54
25
6
69
140
73
154
84
178
119
106
111
120
87
107
114
153
62
20
163
168
11
108
125
105
144
112
86
13
130
181
184
23
151
129
176
47
110
124
177
27
187
174
46
93
24
71
51
142
137
97
182
59
121
26
5
68
152
145
159
65
16
171
28
70
58
1
197
53
3
88
96
66
138
101
131
56
198
94
191
133
76
109
45
80
185
9
75
32
79
100
42
141
98
158
143
123
81
194
195
34
37
160
12
17
38
189
63
166
148
61
83
156
74
85
132
192
104
175
41
14
127
15
115
139
18
91
188
55
179
78
116
173
190
90
21
29
136
92
169
40
186
