199
167
196
95
103
62
161
22
40
185
48
131
18
50
86
142
76
118
98
182
84
70
96
129
46
115
108
200
186
79
8
159
7
26
162
173
122
56
80
99
150
160
12
134
1
194
34
192
180
4
165
170
89
39
28
87
31
176
104
151
23
85
105
93
179
187
73
166
55
116
172
57
197
33
36
155
77
168
30
145
140
64
82
114
35
175
20
16
177
17
67
107
94
13
45
136
111
75
148
109
181
169
106
132
71
110
119
163
130
191
52
19
37
53
29
44
47
154
139
198
61
123
193
59
54
188
152
88
112
69
133
171
21
15
83
120
190
156
128
121
6
58
43
113
66
25
3
49
125
68
138
72
41
5
14
143
65
174
153
100
135
51
157
90
63
158
144
127
117
189
42
149
126
60
92
101
78
147
91
178
11
102
24
124
2
10
97
81
141
32
183
27
9
38
195
146
137
74
184
164
