94
132
127
83
37
45
178
55
7
75
161
142
98
175
99
87
13
128
52
27
160
54
5
78
113
105
11
131
100
69
125
8
135
159
76
20
185
26
15
192
10
29
137
120
66
180
74
96
53
166
198
93
6
157
124
12
77
4
97
143
101
115
196
57
169
155
19
44
16
35
136
71
47
189
126
68
116
23
114
199
81
158
73
122
149
21
167
102
70
171
62
92
147
48
174
188
18
39
25
117
58
17
119
56
95
177
133
90
33
182
41
195
129
46
103
91
154
164
112
118
79
109
110
64
86
187
38
36
31
168
173
141
176
165
34
59
22
151
146
130
145
67
51
72
89
170
1
134
138
172
30
106
107
152
60
121
144
50
194
65
82
80
9
200
108
184
63
2
197
186
123
85
40
42
153
148
193
181
163
84
156
140
49
111
183
162
179
61
88
43
32
14
150
3
139
104
190
191
28
24
