163
45
64
21
96
114
143
37
135
38
85
104
80
133
39
11
88
138
117
125
168
191
119
118
172
134
144
91
180
196
17
26
112
140
103
108
47
199
93
30
42
150
79
116
51
98
122
132
189
74
94
89
54
32
23
66
142
56
97
178
95
192
176
83
188
1
147
175
182
34
170
166
171
52
160
41
149
169
156
187
164
8
60
5
31
72
161
14
158
194
28
9
200
99
126
129
3
193
183
49
19
59
90
4
92
35
197
82
185
179
154
87
29
136
109
18
131
155
10
174
105
65
111
137
86
25
165
22
130
110
173
167
53
76
78
71
124
120
100
190
151
55
36
162
33
186
50
102
177
141
75
198
148
43
84
139
159
145
101
12
146
113
69
63
153
181
157
123
40
195
121
15
7
46
106
6
2
77
58
152
184
57
128
73
48
24
13
70
127
62
68
115
16
44
61
107
67
20
81
27
