146
98
91
144
178
92
112
103
136
171
106
154
101
133
108
128
93
126
165
120
173
102
95
123
99
156
78
117
150
129
114
85
181
141
176
148
159
139
94
118
131
198
110
104
109
83
177
132
134
142
113
149
82
107
152
124
90
183
84
153
115
116
194
145
88
157
184
137
193
97
122
130
143
125
182
121
79
196
135
89
161
111
87
100
127
151
81
147
169
119
175
96
80
105
138
86
140
3
20
75
17
199
47
29
67
45
192
195
22
64
191
15
57
53
166
36
7
63
54
168
9
70
12
172
179
158
21
10
42
200
30
18
38
26
27
160
71
35
66
190
74
162
187
188
19
186
73
37
51
41
189
31
56
62
40
16
52
14
6
48
65
76
60
13
50
4
23
68
61
77
55
1
49
39
59
72
174
58
180
170
163
28
5
69
8
32
33
155
24
185
25
11
164
46
34
43
2
197
167
44
