72
33
59
81
46
66
114
98
105
155
162
32
75
106
110
87
138
28
38
84
24
47
63
154
30
117
18
67
68
119
129
17
83
93
40
41
100
137
74
153
159
19
42
104
134
11
14
62
76
107
140
13
122
132
163
34
77
91
103
158
6
12
125
35
20
86
97
139
55
5
3
4
70
108
58
9
96
109
44
71
39
102
151
157
2
22
25
64
95
135
156
101
130
141
133
136
61
43
143
73
80
48
92
99
142
23
89
111
8
115
16
45
127
146
29
69
120
26
124
112
161
37
85
118
152
21
52
27
148
57
123
53
49
65
90
126
10
36
128
144
150
160
113
116
31
54
1
15
131
121
147
94
60
149
164
7
50
56
78
79
82
88
145
51
