94
155
117
91
8
85
102
131
168
128
106
71
123
68
134
37
45
88
198
54
84
116
4
20
132
110
147
182
185
28
42
129
49
5
83
18
174
32
64
196
105
164
135
138
188
154
126
151
78
171
125
2
199
144
157
15
148
25
161
40
137
70
114
63
29
9
50
122
187
112
142
65
33
41
97
26
175
52
6
81
43
165
77
92
186
133
193
89
57
143
189
139
181
11
192
35
158
103
176
169
150
149
119
59
90
82
14
76
118
108
140
178
13
156
124
107
27
172
177
30
17
113
60
10
146
19
163
197
56
61
95
23
180
3
80
86
167
153
184
166
160
79
183
152
51
121
145
53
21
195
104
170
55
96
130
46
98
159
127
120
67
179
100
191
44
22
16
34
48
173
93
72
1
47
69
162
24
38
58
190
66
99
75
194
74
7
39
141
12
87
101
136
109
111
200
62
36
115
31
73
