170
70
40
146
162
102
177
47
16
22
26
181
169
36
55
92
25
86
193
111
195
158
77
7
159
123
156
100
38
99
140
131
10
155
199
150
180
112
154
175
130
20
88
103
200
118
124
101
68
84
96
29
17
172
9
173
81
115
18
57
134
8
108
80
110
30
137
192
157
79
141
95
34
74
117
165
107
23
62
39
132
174
72
44
185
13
93
14
122
144
6
143
64
106
147
15
142
187
109
33
50
120
183
35
73
53
28
63
32
42
89
76
139
56
167
186
160
149
168
198
105
90
114
87
164
58
59
43
27
82
133
65
12
188
121
91
148
176
196
94
125
85
46
83
194
54
61
97
182
49
1
129
135
51
113
191
184
11
171
127
45
166
75
145
119
71
104
161
189
66
78
41
19
138
152
98
179
31
4
116
3
190
153
197
2
69
178
37
5
163
52
24
126
67
136
151
60
128
21
48
