119
186
40
20
47
54
194
74
68
30
200
22
9
39
127
105
159
190
139
103
154
173
169
72
102
176
55
2
188
141
129
114
43
66
95
124
167
80
115
51
81
77
193
64
120
179
37
60
13
123
31
8
28
46
181
17
35
11
85
52
199
56
87
117
3
96
164
156
187
128
59
10
170
135
33
171
89
27
61
86
101
36
18
6
107
21
24
180
23
166
106
113
143
165
198
82
42
48
184
14
62
149
65
69
122
161
100
78
4
144
157
137
140
75
57
90
92
91
155
183
178
189
49
50
16
76
104
88
132
44
150
34
73
151
145
53
197
1
19
146
138
71
147
5
133
191
38
136
110
29
185
45
32
130
121
97
163
125
112
58
158
148
7
182
175
108
41
12
192
84
67
126
131
177
111
160
98
63
109
26
196
162
15
79
134
70
152
195
94
168
25
118
142
99
116
93
172
174
153
83
