5
79
175
42
52
165
6
126
53
11
107
20
78
145
182
170
134
10
181
138
64
99
30
158
109
77
7
142
176
92
37
179
118
115
2
8
169
25
17
18
47
103
33
66
174
127
164
48
102
61
180
90
146
105
117
173
137
85
98
160
144
159
9
27
129
1
139
177
50
21
80
106
97
110
16
57
74
89
3
43
28
108
162
41
26
12
13
128
35
133
54
141
152
67
62
86
58
125
172
178
95
76
153
147
143
157
140
46
161
119
32
39
167
171
15
73
4
83
94
24
44
111
87
96
124
70
156
65
123
104
19
168
131
151
75
88
51
93
122
121
59
69
72
135
101
113
81
82
14
49
112
84
148
120
31
29
45
130
36
38
166
100
60
34
23
63
116
56
91
150
40
114
149
68
55
155
136
154
71
22
132
163
