8
47
71
114
14
147
143
33
101
163
13
168
152
178
99
177
142
140
130
179
68
146
44
52
95
23
139
149
38
70
171
165
84
31
129
102
136
134
106
48
145
107
115
42
29
32
126
56
155
94
72
104
174
25
109
113
26
79
159
76
108
78
127
98
184
175
2
100
167
166
6
53
59
41
123
45
34
77
18
154
73
54
63
66
75
60
103
97
65
62
180
131
183
117
64
82
85
173
19
111
162
119
133
137
61
46
122
37
182
170
50
4
92
39
181
30
80
161
90
121
20
164
27
88
74
151
12
10
81
24
89
138
124
93
86
87
135
169
141
16
158
118
69
83
67
132
120
9
176
112
128
160
5
35
150
105
57
91
55
148
40
58
157
7
43
172
153
28
11
49
17
21
110
116
22
15
144
125
156
51
3
1
96
36
