117
19
27
61
62
132
15
115
34
111
138
7
105
120
53
78
81
103
142
135
23
121
150
30
38
51
65
25
95
14
41
106
21
137
56
72
151
4
40
80
149
92
13
98
146
69
101
110
90
104
119
31
33
64
63
85
93
139
91
28
44
47
57
66
108
144
148
17
12
130
133
112
100
42
79
84
48
52
75
116
118
70
3
82
152
67
71
74
122
60
88
1
36
68
94
123
141
128
55
11
46
9
83
134
37
73
99
5
18
35
76
86
16
54
102
39
87
2
43
89
20
8
136
77
114
129
6
32
107
126
143
147
96
113
131
59
10
127
22
97
58
140
125
45
24
49
124
29
109
26
50
145
