184
53
121
188
64
173
114
95
179
178
134
31
116
90
43
4
46
25
22
81
107
97
93
73
124
102
182
52
101
119
167
17
21
191
69
33
144
166
115
51
27
40
2
11
108
174
150
159
190
118
193
175
12
54
168
9
87
181
172
71
88
47
104
156
80
63
1
8
127
196
66
180
78
98
185
39
19
61
75
41
147
13
72
130
192
194
48
20
110
141
94
34
137
76
100
186
152
28
16
14
105
131
35
200
123
62
161
18
111
23
187
162
56
170
67
120
82
30
36
189
70
91
135
177
49
6
77
176
112
126
37
145
133
183
149
158
136
89
164
15
85
153
50
42
44
38
198
117
143
142
24
84
45
58
32
169
163
195
83
146
68
165
26
55
171
79
59
140
60
29
199
109
125
96
128
7
138
113
92
103
132
57
129
10
139
148
160
86
65
197
154
3
122
155
151
99
157
74
106
5
