59
90
188
7
111
103
89
62
68
91
154
174
102
140
1
109
95
60
85
132
166
175
61
133
147
145
36
80
176
32
49
33
100
180
52
9
75
183
41
200
76
184
142
5
58
120
34
8
27
96
155
57
51
101
3
35
170
134
93
122
10
167
139
28
29
79
187
119
19
195
65
47
191
17
40
193
141
73
88
112
149
158
113
53
162
82
43
45
44
121
172
157
136
94
24
97
23
21
108
15
31
64
199
182
163
6
125
50
138
160
150
66
196
177
169
14
179
186
153
18
130
78
71
106
81
99
131
110
26
92
20
84
181
114
86
63
83
144
107
151
129
13
25
22
72
178
135
165
70
74
123
161
56
105
67
128
185
190
69
87
46
192
2
197
194
152
168
148
159
48
42
16
126
127
38
115
37
116
118
30
39
11
12
164
124
143
117
137
198
4
54
55
156
189
171
173
104
77
98
146
