129
137
23
3
133
95
100
135
145
119
122
68
81
161
166
82
170
126
92
87
152
106
107
42
7
85
44
167
39
163
94
144
65
104
2
77
41
37
25
52
6
36
53
15
147
149
90
70
30
169
86
102
116
110
71
32
73
27
64
158
21
34
49
56
72
111
45
40
150
83
141
48
168
20
12
29
33
118
76
31
146
120
97
43
128
62
89
103
51
148
5
156
127
105
9
155
50
142
143
132
154
38
75
101
140
117
58
63
109
151
136
60
54
173
172
55
96
124
11
13
67
113
99
134
69
112
115
8
174
114
171
46
139
16
91
59
165
175
80
22
10
123
157
14
61
108
24
138
84
66
28
47
19
93
153
131
159
130
160
125
121
88
18
4
17
79
78
1
74
35
26
164
98
57
162
