120
61
174
164
49
183
111
104
91
47
141
144
122
153
86
132
173
17
8
137
130
100
40
77
180
93
12
119
166
14
55
78
41
131
45
94
68
181
54
73
24
103
109
76
37
107
165
18
172
80
63
7
69
92
32
46
113
36
48
149
10
152
121
87
4
105
159
66
116
158
65
184
3
25
33
186
160
2
101
19
39
56
114
146
38
9
108
157
123
43
64
57
147
106
50
42
74
58
168
118
188
62
128
22
34
67
16
75
84
52
51
167
90
140
150
20
156
142
35
29
53
99
185
26
151
96
163
125
1
129
115
169
27
70
127
83
178
135
5
139
148
138
79
59
31
154
44
155
102
187
176
134
71
182
97
89
23
179
13
126
110
95
11
133
145
143
171
85
98
161
124
175
82
136
15
21
112
60
117
30
162
81
170
72
28
88
177
6
