89
95
200
25
83
33
47
74
73
78
96
121
180
108
116
131
105
70
3
165
151
191
199
155
40
132
23
84
57
129
85
45
18
75
93
137
150
32
46
123
160
133
94
97
44
34
21
166
54
147
8
7
76
91
71
11
48
181
185
179
190
10
197
113
99
106
169
60
31
175
6
114
142
17
52
65
9
148
56
59
168
138
19
72
159
183
27
140
149
158
68
118
136
100
62
189
130
22
2
120
50
12
29
67
178
41
186
173
126
144
66
145
143
42
174
107
53
163
104
4
36
198
112
28
58
161
153
61
111
30
109
49
172
103
63
119
125
69
134
98
141
88
80
13
117
1
127
55
195
86
39
146
82
162
170
87
171
16
192
15
24
156
20
64
164
182
14
92
124
152
81
188
38
43
139
196
101
157
167
77
128
51
5
122
187
35
176
79
110
154
194
193
26
177
37
102
90
184
115
135
