93
168
150
158
67
3
164
114
162
165
143
32
173
53
99
172
55
6
100
109
130
29
73
155
86
171
117
133
30
57
65
187
178
186
145
37
129
23
152
87
154
5
98
142
4
135
72
54
170
174
91
132
16
153
49
61
175
106
118
124
7
9
46
40
128
78
63
121
144
81
94
34
110
127
189
149
41
163
122
15
14
22
74
136
112
66
120
47
70
27
115
96
26
131
138
181
88
102
75
134
19
176
69
33
147
103
45
59
160
167
36
10
137
148
84
1
169
156
89
44
52
113
157
39
42
18
182
126
92
190
119
83
82
8
139
11
97
108
151
50
25
184
85
101
123
51
2
68
80
185
60
161
71
90
166
79
179
17
125
24
31
159
105
76
116
56
20
64
183
35
111
21
58
180
107
146
43
38
62
104
141
28
12
13
140
188
77
48
95
177
