71
156
146
38
186
85
172
84
127
180
40
73
187
45
183
112
52
32
48
194
126
104
90
17
69
44
135
2
76
155
19
125
74
6
80
39
59
22
191
134
154
7
49
138
160
119
162
200
168
11
184
190
115
67
177
61
149
167
116
192
55
197
131
178
56
63
165
142
189
25
29
132
16
12
130
164
141
195
123
196
188
65
79
107
122
83
94
129
128
8
70
99
163
72
124
133
15
37
18
42
169
111
9
117
108
145
1
157
105
103
185
86
53
179
97
30
36
93
173
118
121
23
81
28
33
120
47
101
66
57
147
109
82
27
198
58
46
88
140
144
114
26
182
139
143
75
78
136
54
175
10
110
161
4
50
159
100
87
31
151
171
13
60
193
91
148
174
5
152
106
43
95
181
89
68
98
34
20
199
14
150
176
158
51
153
64
92
166
3
35
21
113
170
96
137
24
62
41
77
102
