12
167
56
13
30
101
162
17
43
193
160
143
18
124
70
64
73
53
189
168
137
46
99
89
6
28
172
106
14
61
33
66
81
15
51
69
22
38
62
21
150
180
113
93
3
88
102
40
190
144
32
49
145
148
109
198
152
87
71
23
156
60
186
77
7
65
139
127
119
110
26
112
185
85
72
183
41
20
107
181
57
179
191
37
79
195
174
176
8
187
96
95
36
91
42
48
31
131
171
200
122
129
108
47
184
105
11
196
142
82
115
19
149
123
199
44
16
130
55
159
126
86
173
54
192
92
161
27
5
59
35
4
158
188
197
120
52
177
166
74
170
84
39
24
83
147
97
25
138
165
128
157
141
94
175
132
140
194
45
154
116
100
68
1
135
125
153
155
121
164
117
182
10
163
133
29
75
111
76
63
34
104
50
118
134
103
178
2
98
146
80
136
114
169
151
90
58
78
67
9
