13
50
159
89
161
2
146
15
27
123
80
100
55
155
126
64
110
120
197
98
170
115
9
67
154
182
57
96
118
157
171
184
190
44
122
38
59
83
181
200
52
99
127
147
175
4
14
94
114
121
193
183
61
164
63
77
86
18
25
28
6
68
179
136
138
22
21
74
72
33
198
78
117
178
54
160
167
71
195
85
144
42
88
8
81
91
165
177
10
189
17
70
116
139
23
111
125
3
30
39
152
36
101
109
130
174
194
51
169
32
173
35
65
158
45
129
156
191
7
31
186
84
93
133
163
16
62
66
149
104
196
1
185
12
119
151
75
106
103
124
102
142
34
128
134
60
46
48
150
76
90
162
168
192
199
47
113
58
105
187
107
56
188
19
29
87
112
137
43
95
131
176
5
49
53
180
41
92
69
141
97
108
140
153
24
82
172
26
145
11
37
143
20
79
135
166
40
73
132
148
