178
156
186
118
199
129
14
189
57
182
151
24
177
77
113
122
157
4
143
66
193
26
104
41
174
136
116
139
146
22
110
9
71
49
27
28
79
39
106
165
80
121
117
147
170
95
105
98
158
132
89
82
92
145
148
51
83
101
184
87
86
180
142
152
1
10
191
2
102
108
185
54
131
127
173
138
144
18
190
12
21
149
166
111
140
37
192
130
11
99
15
75
163
119
141
90
96
45
62
8
91
176
69
155
35
162
175
42
29
60
43
63
171
3
13
159
65
114
124
200
55
134
44
133
161
188
48
137
38
40
103
52
33
72
47
195
25
198
164
32
70
46
126
34
125
19
76
84
93
183
85
112
36
167
81
94
88
67
100
73
179
59
181
31
17
97
128
107
150
7
20
109
194
197
6
61
56
187
123
64
30
16
50
154
196
5
169
135
68
78
153
160
58
120
53
172
23
168
115
74
