155
134
136
191
128
57
142
187
110
131
140
115
61
21
154
139
68
76
192
104
59
147
15
34
75
95
65
135
130
74
168
185
179
18
51
172
146
47
173
143
8
151
22
178
20
37
111
77
62
84
113
176
183
166
80
169
49
94
4
5
86
105
91
152
161
96
127
41
177
6
153
148
119
82
189
46
162
13
137
129
120
73
103
11
138
99
30
193
184
88
19
101
97
48
7
72
50
198
60
121
98
156
32
92
199
108
54
38
174
158
144
145
195
69
29
102
116
159
16
24
149
9
28
64
141
56
93
194
58
78
167
36
186
89
70
197
117
23
63
181
71
83
190
122
10
126
132
66
85
43
175
40
67
109
52
1
53
39
200
123
45
87
31
160
188
180
112
118
27
81
35
79
55
100
124
165
182
33
157
90
196
125
17
12
26
106
3
150
44
107
133
25
164
114
2
42
14
171
170
163
