69
77
89
96
100
20
106
90
114
117
11
36
107
66
149
54
88
111
50
103
158
76
15
118
71
123
31
48
72
121
99
108
9
67
3
53
101
27
82
155
63
153
45
65
84
97
139
80
110
29
91
120
10
18
142
19
154
162
140
156
34
85
42
132
61
68
35
44
130
148
17
81
87
86
145
23
122
38
22
113
37
93
141
64
152
134
57
33
129
157
58
159
5
95
150
26
74
83
30
119
137
109
112
4
41
143
94
102
105
138
16
125
21
60
73
1
2
6
7
25
128
161
14
70
126
59
133
28
124
79
92
8
135
32
39
78
115
127
160
12
47
24
98
116
144
52
62
13
51
151
49
131
104
147
75
136
46
43
40
55
146
56
