146
145
134
30
157
82
152
44
119
125
53
4
136
49
137
147
126
123
22
150
26
86
15
110
135
116
130
17
148
128
133
78
8
32
52
41
39
81
31
80
155
112
7
28
59
3
38
105
118
100
138
151
27
127
42
47
48
24
6
18
14
37
108
87
56
114
9
107
62
121
101
40
10
67
142
5
64
76
156
111
122
140
23
109
115
129
19
153
139
94
36
113
102
33
60
79
12
51
131
85
89
84
97
99
35
29
11
88
65
66
98
20
106
144
117
159
91
70
68
46
90
2
73
149
74
93
50
55
103
58
132
75
43
34
45
16
72
71
158
96
57
77
120
1
69
141
13
63
95
143
92
54
25
124
104
83
21
154
61
