29
186
195
99
25
49
70
113
107
114
93
94
115
161
17
112
133
155
8
10
19
31
44
110
136
187
16
30
54
56
95
97
130
171
24
36
52
63
73
102
178
184
9
42
72
88
104
131
144
191
1
2
38
62
100
118
121
126
132
164
189
13
66
68
69
71
75
81
89
91
106
128
149
152
153
173
183
190
199
21
23
28
32
37
57
59
77
83
116
122
182
188
198
5
22
27
35
41
85
92
103
123
127
148
163
180
79
84
86
98
105
124
129
139
160
165
167
174
177
179
192
194
18
20
33
45
51
61
65
117
119
135
142
146
147
151
158
200
3
14
76
78
90
96
101
145
159
162
169
175
193
196
197
11
12
47
48
50
55
64
80
109
172
4
15
26
46
58
87
111
156
43
53
134
138
150
154
166
185
7
141
176
39
108
120
125
157
168
170
181
34
40
67
137
143
74
82
6
140
60
