157
57
194
144
59
104
75
94
38
193
129
111
41
63
67
110
163
108
43
61
127
165
51
33
109
60
180
151
112
106
10
16
69
96
158
70
199
173
187
116
22
132
177
54
42
46
168
21
80
83
8
147
190
169
37
138
18
146
164
149
85
11
195
102
84
198
5
25
143
126
35
28
68
133
179
142
185
89
95
74
52
145
172
53
15
141
86
77
88
50
34
101
148
123
45
71
159
12
82
99
160
196
121
20
76
27
140
14
188
131
23
197
30
36
91
100
13
3
55
174
29
31
87
115
32
182
4
170
19
78
153
6
26
103
192
200
137
17
47
2
64
92
44
58
122
124
73
107
178
130
186
114
183
24
65
9
39
93
62
90
125
154
105
161
162
189
49
48
167
56
117
166
136
1
176
171
120
79
72
191
97
181
81
66
175
128
119
98
139
184
7
150
135
40
113
118
152
134
155
156
