78
120
176
52
92
161
42
82
1
83
145
177
15
107
102
137
144
41
88
22
28
26
33
117
190
151
90
194
16
119
128
159
24
103
123
39
173
46
7
32
34
50
18
67
73
160
12
129
184
9
86
126
174
122
189
11
158
163
14
171
150
29
121
19
49
93
180
136
182
85
166
193
2
108
178
154
3
27
134
13
44
100
146
66
140
38
55
51
84
99
105
47
61
89
191
40
21
79
153
45
183
187
17
142
169
87
6
62
4
31
186
74
179
20
37
54
76
91
60
96
109
192
30
56
64
68
94
53
111
72
152
155
167
5
97
104
112
59
181
8
36
57
132
80
106
168
175
23
116
58
138
101
114
157
162
48
118
141
147
71
124
143
69
165
125
139
156
188
149
185
43
110
127
25
130
164
170
70
98
113
131
10
35
75
77
63
115
148
172
95
133
65
81
135
