3
6
74
149
91
165
4
170
158
106
137
25
30
113
24
53
143
44
166
61
144
100
173
82
104
79
174
14
168
47
105
111
94
67
36
126
115
127
119
18
122
51
66
129
87
35
133
45
11
117
76
121
167
101
138
38
175
135
13
155
65
54
19
162
63
46
125
5
17
80
64
102
71
75
28
152
48
93
41
84
172
96
118
114
21
39
140
131
107
148
97
40
95
27
116
147
7
9
120
33
34
16
77
23
56
130
142
83
103
58
42
146
8
163
108
86
55
154
123
43
85
69
99
68
139
52
164
153
136
20
37
98
145
159
90
12
60
110
31
134
88
50
15
72
156
151
73
109
141
70
112
169
32
22
62
29
26
78
132
128
92
124
160
150
59
49
10
161
57
81
2
157
1
89
171
