79
108
138
39
19
117
89
152
164
111
168
26
36
70
87
4
95
57
113
190
101
7
197
142
91
194
110
75
159
12
193
106
24
69
174
118
48
11
65
62
61
20
157
115
63
179
104
66
134
125
167
67
178
22
191
153
144
53
198
17
170
56
21
32
31
121
83
129
136
154
150
85
175
189
185
74
84
38
23
99
98
184
109
49
16
80
28
102
30
146
155
50
161
135
41
196
114
13
25
172
100
33
81
64
137
158
93
171
107
143
44
88
68
126
116
90
42
130
176
163
27
188
187
127
59
119
71
128
181
82
34
165
132
73
147
199
122
133
156
124
18
86
58
54
131
120
177
45
5
192
14
15
112
55
148
47
145
9
103
46
78
94
160
52
166
200
51
60
92
141
123
10
140
180
6
195
96
37
182
149
1
151
183
162
2
77
35
3
169
76
186
29
43
8
105
72
97
40
173
139
