143
98
45
33
186
104
120
48
85
188
198
88
71
117
65
9
169
49
32
194
151
82
20
94
168
182
96
106
133
13
18
156
52
172
28
184
108
57
79
89
66
53
90
83
5
2
25
31
195
27
1
161
137
140
14
177
10
197
73
149
35
190
142
159
116
107
135
60
80
146
127
78
179
196
86
7
176
128
56
119
26
132
72
97
100
42
59
157
6
23
91
22
162
50
17
44
158
37
131
154
61
136
102
171
130
152
192
55
4
74
87
141
181
29
95
183
38
150
173
70
167
34
111
64
110
105
40
36
115
123
43
62
114
191
164
138
144
77
163
160
54
46
153
67
125
103
112
8
16
178
84
19
185
39
155
93
15
47
11
170
68
69
124
92
189
174
21
129
122
24
180
12
51
147
165
175
58
166
145
81
139
121
126
30
187
76
118
3
41
134
101
99
148
193
109
63
113
75
