162
133
6
81
86
51
141
3
82
111
84
139
115
53
142
74
140
62
16
22
11
52
2
83
122
143
29
1
88
54
91
58
159
55
103
128
132
114
71
149
10
63
120
127
32
109
73
44
26
60
155
56
89
64
20
14
110
21
68
116
19
47
105
17
126
59
27
119
45
154
102
92
117
46
107
93
90
163
30
76
135
153
147
50
101
98
138
5
157
160
66
12
7
42
151
8
99
136
165
96
95
28
79
94
97
4
108
125
9
34
43
15
37
78
144
13
40
118
145
158
161
113
129
137
134
48
36
112
67
123
100
23
61
130
35
72
104
77
146
24
25
39
38
41
106
150
70
152
164
80
87
156
65
85
31
75
57
121
148
49
124
69
33
18
131
