122
125
80
164
187
5
146
21
75
57
36
91
16
25
138
43
23
85
79
163
27
171
160
29
135
58
111
4
60
49
195
126
120
137
196
162
8
56
22
158
53
170
167
46
61
13
34
2
39
45
104
178
31
190
181
175
92
116
172
71
142
148
114
101
9
184
145
28
37
88
35
192
105
166
48
47
66
40
50
41
193
33
20
134
76
169
73
110
3
124
159
18
127
87
65
74
197
189
107
82
98
12
174
157
24
69
7
54
129
161
108
17
90
183
173
128
180
68
70
77
140
176
14
131
115
179
200
121
186
62
168
51
123
95
150
83
55
97
52
109
64
133
155
19
94
118
152
44
81
86
59
78
38
84
154
100
132
42
143
32
141
117
30
67
6
63
149
1
10
191
93
96
112
15
11
199
72
26
198
151
139
136
106
102
185
130
153
89
119
177
113
188
194
103
99
165
144
182
147
156
