162
159
57
30
91
131
99
195
180
145
18
66
1
27
28
54
158
109
125
71
83
155
173
90
80
67
179
165
190
187
113
10
143
101
65
107
186
40
88
76
100
127
130
46
56
170
160
146
11
60
70
105
50
192
41
147
116
34
32
92
104
136
153
188
194
151
181
49
21
52
157
117
78
19
185
31
43
184
200
139
141
191
20
81
106
174
45
176
47
38
12
199
128
169
14
134
156
161
118
142
72
98
115
148
26
196
39
175
111
86
2
144
16
77
6
198
89
44
152
137
42
33
96
132
74
110
3
149
87
35
17
8
75
124
29
182
178
94
37
68
122
62
4
171
121
177
84
120
64
93
82
123
150
22
154
73
51
119
48
129
138
79
15
59
172
168
140
95
197
7
36
53
164
24
5
126
193
108
61
114
9
135
133
102
63
189
112
69
97
103
25
166
183
167
163
13
58
55
23
85
