168
178
48
98
44
155
23
7
156
65
77
150
10
26
83
176
13
108
149
67
17
91
122
35
27
160
184
106
89
148
147
186
5
136
15
92
159
63
105
73
133
53
197
177
200
4
86
162
170
190
179
142
97
193
114
117
52
181
157
8
61
165
129
104
39
66
75
1
56
131
24
12
3
6
119
130
111
40
101
198
158
139
95
134
11
152
29
54
31
171
43
68
22
126
45
64
140
74
127
175
28
79
169
85
58
46
102
41
196
62
88
21
115
55
182
195
143
84
137
93
80
161
192
153
18
194
189
87
120
109
146
37
180
107
59
78
60
47
145
163
69
30
141
132
112
20
96
138
99
121
183
185
71
33
187
38
2
124
19
70
9
50
125
191
173
113
34
166
94
135
76
25
123
100
16
154
81
57
72
164
174
167
49
90
151
199
51
188
32
118
144
172
36
42
110
103
82
116
128
14
