152
170
53
73
75
16
31
59
85
32
146
162
131
68
86
103
7
87
33
44
124
26
5
64
48
21
74
143
153
84
108
113
83
46
50
138
80
172
10
55
47
100
109
122
129
9
35
76
114
120
49
52
99
19
30
112
173
20
45
62
158
163
18
98
65
123
132
150
155
105
125
134
165
27
96
136
2
41
79
24
116
90
161
28
34
36
88
92
104
1
58
82
159
135
156
145
151
91
102
12
60
107
22
72
168
13
69
17
115
118
174
111
25
54
70
89
106
126
101
139
121
140
144
38
164
61
14
8
29
97
63
137
66
110
171
4
39
3
71
148
81
40
78
154
127
130
43
67
37
56
119
23
94
166
167
42
169
51
95
15
57
147
160
133
77
149
141
117
6
157
11
93
128
142
