180
102
66
77
109
25
132
118
92
181
111
158
36
47
173
81
33
3
24
129
69
155
114
8
133
26
41
139
136
64
113
51
12
32
104
150
39
4
74
57
174
48
83
127
60
103
13
188
45
131
79
198
21
65
43
7
9
49
190
56
183
186
93
187
184
19
46
88
117
151
116
101
149
96
156
91
144
153
71
167
138
120
148
42
137
169
94
75
78
30
14
192
182
99
37
177
159
195
124
76
54
70
176
2
73
160
35
193
168
179
63
121
11
157
199
20
145
119
84
143
31
58
166
110
15
141
189
38
97
29
22
172
130
82
164
200
27
122
55
165
152
125
17
142
23
90
105
128
107
185
67
126
112
10
62
140
16
123
80
50
100
170
34
1
178
89
147
53
191
85
196
40
72
44
18
134
162
28
98
154
52
106
108
5
197
194
87
86
175
146
68
171
135
163
59
115
95
6
161
61
