91
37
6
134
96
89
75
51
148
114
17
64
95
27
52
41
103
106
73
158
10
66
118
77
18
104
86
35
135
97
136
46
13
59
94
113
143
48
19
92
120
29
8
31
98
49
145
4
60
32
76
22
133
108
153
87
11
132
16
40
138
57
107
150
42
15
127
2
84
25
156
155
14
111
88
125
45
105
81
137
12
67
1
44
112
152
102
83
151
115
123
146
101
139
160
142
93
47
85
70
128
154
99
20
28
110
21
116
3
121
157
26
147
30
90
141
144
74
68
126
80
7
100
43
65
131
50
34
33
122
53
159
79
129
38
55
23
5
62
9
119
61
24
39
58
69
36
54
71
78
149
56
72
124
63
130
117
82
140
109
