3
76
59
151
56
12
37
61
30
161
170
21
121
147
167
179
41
89
130
141
155
165
180
154
18
31
199
2
22
128
83
112
174
114
146
132
14
64
77
160
164
46
117
123
182
184
19
48
149
86
100
144
178
94
26
17
24
193
44
173
183
35
53
102
150
74
153
34
103
118
6
104
131
96
58
138
16
29
62
111
188
43
49
13
85
159
40
162
168
42
51
72
110
115
135
198
60
125
133
39
69
78
200
45
108
196
152
181
87
50
55
91
124
148
4
95
175
66
136
57
65
156
134
36
127
192
54
99
190
106
191
38
169
88
92
107
194
81
166
27
52
119
68
189
5
15
20
28
80
140
158
1
8
82
195
7
11
25
105
129
172
143
177
197
126
97
98
186
47
63
71
145
142
171
10
23
33
67
93
116
101
70
120
109
137
163
176
84
113
73
139
79
32
90
122
75
157
9
185
187
