107
180
149
46
99
193
172
64
131
48
188
136
10
187
22
93
24
35
199
110
95
1
117
61
104
195
134
23
183
52
132
98
3
54
112
129
16
42
17
92
105
197
27
109
123
53
13
5
198
43
146
71
156
133
106
190
154
76
140
97
81
196
182
157
185
175
60
45
103
14
11
142
40
90
164
116
122
126
69
145
115
29
200
128
166
162
56
30
8
89
96
144
141
19
158
68
50
170
32
135
101
114
72
161
80
55
91
26
160
137
88
37
155
15
49
66
70
25
181
83
138
47
4
28
12
192
75
178
59
86
159
189
79
184
194
51
124
78
74
58
118
100
85
9
177
77
153
108
84
125
33
63
18
111
186
120
150
151
139
179
44
20
41
34
191
102
130
176
168
113
163
169
87
6
174
65
62
119
127
2
152
167
173
165
143
36
73
148
21
57
38
171
94
121
7
147
39
31
67
82
