49
124
86
22
47
162
149
133
45
81
129
19
181
46
134
72
130
1
58
4
151
15
179
118
146
143
27
24
63
126
169
105
55
155
193
35
163
5
30
59
160
7
150
80
131
8
138
77
148
198
102
60
50
99
135
48
187
89
165
104
6
195
172
103
95
85
82
101
196
180
152
170
119
94
23
34
157
177
16
191
182
3
123
108
56
41
62
54
175
29
141
156
192
174
2
43
11
144
91
173
185
36
127
125
61
139
68
51
121
117
21
115
65
75
116
87
158
33
66
64
20
153
13
28
53
40
122
44
120
106
78
52
110
109
161
188
186
168
42
166
70
31
74
83
26
10
17
183
159
136
178
67
164
71
12
100
171
18
140
38
92
128
147
107
69
114
142
190
167
25
132
88
14
113
154
184
93
76
32
90
98
39
137
84
200
197
9
37
189
112
194
57
176
111
199
97
96
73
145
79
