180
75
3
12
113
176
50
62
45
100
41
56
146
66
46
111
40
101
105
151
74
2
35
177
186
28
73
85
17
135
37
86
179
149
141
11
184
169
79
155
197
10
33
7
31
115
4
32
89
185
59
137
65
77
49
144
87
63
83
175
6
94
21
134
200
78
140
44
13
91
96
25
39
143
156
104
199
192
103
34
153
60
164
18
80
181
19
187
152
8
95
117
81
130
166
64
198
171
55
106
108
193
5
109
182
157
147
88
138
142
58
20
24
84
53
172
52
129
30
119
188
148
133
165
167
123
128
72
118
150
57
173
51
15
43
67
82
36
131
23
110
139
116
70
69
196
170
107
122
16
68
183
42
14
47
93
174
61
190
29
54
92
127
161
120
26
136
154
189
191
98
112
168
22
48
125
132
76
145
163
102
97
126
194
159
121
1
71
195
178
160
9
38
27
124
114
162
158
99
90
