97
122
93
99
126
137
16
108
4
127
112
57
103
189
192
11
194
186
10
86
5
166
180
135
71
144
102
12
174
178
67
106
125
62
85
56
78
119
143
165
82
30
60
185
111
25
64
24
70
81
26
172
84
95
117
6
15
152
59
109
129
76
73
7
132
184
196
28
179
91
53
187
43
182
168
47
195
154
159
153
92
19
36
149
88
145
162
161
96
114
167
191
50
79
104
123
75
164
21
2
34
188
42
14
160
37
140
77
155
83
1
69
110
156
148
176
41
139
118
52
181
171
40
8
9
68
48
45
17
55
116
133
158
120
80
142
101
146
66
87
31
169
35
128
113
63
131
22
98
58
72
23
18
151
147
150
177
65
175
51
3
100
89
54
20
38
134
124
115
173
138
94
61
130
32
105
141
183
107
13
163
27
170
190
121
74
29
44
39
90
136
197
199
193
198
49
157
33
46
200
