27
131
73
93
4
18
66
141
147
183
54
101
80
97
106
137
155
200
24
30
86
59
71
103
172
7
171
43
57
79
84
96
146
139
120
174
181
175
35
99
112
158
176
5
56
130
198
44
62
78
31
85
98
123
124
134
154
41
13
39
143
185
34
82
38
92
26
177
115
167
68
14
125
19
23
45
74
75
190
76
122
136
168
105
127
142
55
12
109
153
165
166
63
77
140
189
195
61
117
135
21
28
53
60
133
179
89
90
1
47
180
25
152
173
17
70
94
126
149
170
162
22
8
65
107
150
156
36
193
9
191
118
197
64
116
164
169
88
151
178
20
128
72
95
32
40
49
108
145
163
2
52
87
188
51
138
102
182
186
58
83
159
10
69
192
196
111
42
100
104
129
81
132
48
121
33
144
29
157
11
50
113
114
199
3
46
67
148
160
194
161
16
187
6
15
91
184
37
110
119
