57
190
32
157
138
141
144
178
8
175
33
196
121
177
92
54
166
167
14
85
58
98
159
169
148
80
90
192
31
81
133
186
115
152
179
21
55
86
22
65
137
19
146
99
107
187
38
7
39
74
168
114
45
43
42
143
68
77
184
198
106
94
71
111
53
40
37
153
199
191
50
110
170
75
108
135
181
172
193
2
150
26
174
116
104
194
9
5
118
109
72
70
158
10
117
132
49
161
11
163
83
160
171
145
120
176
182
195
16
20
142
24
102
78
82
96
79
46
36
101
69
113
34
162
147
52
12
73
197
47
155
97
149
89
15
100
17
189
123
4
129
173
51
60
91
1
130
180
41
200
48
164
154
61
18
28
67
140
87
93
156
131
64
183
62
151
59
188
127
95
124
126
139
6
119
27
66
3
13
35
122
30
105
134
136
44
112
165
63
128
84
88
185
125
103
76
29
25
56
23
