11
17
66
91
24
165
122
76
28
134
70
148
171
83
142
86
74
138
49
30
35
153
78
55
104
21
94
120
64
79
54
43
105
14
23
25
69
147
2
45
36
19
46
12
72
33
155
26
38
140
51
61
85
111
18
31
162
65
166
80
29
101
123
167
4
63
129
73
151
39
88
121
37
119
34
114
48
10
47
102
163
67
44
71
92
15
127
60
109
144
89
57
27
97
107
56
172
93
132
5
131
156
81
103
126
50
8
75
146
124
95
117
159
133
53
77
58
125
59
137
108
116
158
170
115
62
40
42
130
9
99
6
145
128
157
143
135
87
160
110
3
16
90
82
13
113
112
68
1
164
161
118
98
20
106
168
32
152
154
100
84
169
52
141
7
139
136
41
96
150
149
22
