55
26
99
19
81
78
76
69
188
125
43
67
153
138
179
180
160
189
149
9
111
154
60
88
107
122
59
72
146
117
171
163
92
116
22
110
133
65
168
57
79
137
71
41
75
129
108
37
126
48
38
109
52
143
173
166
174
161
182
12
121
8
62
10
128
4
169
147
90
136
157
40
123
134
89
74
103
30
23
28
82
112
42
167
16
14
91
32
18
87
148
6
46
114
47
49
84
36
77
2
190
7
3
183
45
184
1
101
33
119
53
11
156
85
17
29
35
98
61
51
44
96
27
124
158
94
170
187
176
141
177
115
132
120
175
162
105
58
34
83
186
31
130
39
172
151
15
5
159
118
73
68
13
80
54
164
135
178
102
142
131
165
139
86
66
70
56
106
104
25
95
152
140
63
64
127
21
185
93
150
50
20
155
181
144
113
100
24
145
97
