75
131
47
162
14
20
8
187
89
186
160
179
170
92
123
114
128
45
146
102
193
61
109
50
65
116
103
165
110
74
24
153
194
82
185
41
121
101
44
1
149
172
19
181
85
197
98
182
73
166
161
81
152
191
80
78
184
132
171
7
156
145
35
48
63
21
62
66
64
120
143
34
155
4
173
39
99
108
18
70
130
174
38
40
68
113
13
37
180
106
46
26
90
96
17
71
168
148
137
122
167
140
9
87
127
112
169
10
79
115
97
200
94
72
15
33
183
28
129
133
198
53
49
107
51
117
189
147
30
138
54
192
150
58
159
60
195
86
158
31
77
163
154
196
144
139
27
199
177
22
135
95
118
125
84
42
178
36
43
142
190
91
105
67
11
5
83
69
55
124
59
2
25
57
136
119
175
141
56
164
52
29
126
93
88
188
12
23
3
100
111
32
176
16
6
151
157
104
76
134
