22
70
129
43
2
47
18
79
173
60
51
112
147
175
75
154
20
152
179
114
111
16
42
93
90
38
71
162
187
3
28
64
6
32
67
158
157
184
73
171
37
159
59
177
95
192
11
148
178
200
108
189
41
8
86
120
33
168
102
170
69
14
138
180
36
161
107
58
106
45
104
196
141
165
150
19
155
153
83
62
25
29
132
137
48
109
172
4
118
121
133
146
167
195
63
96
76
30
131
72
101
117
126
55
12
163
94
13
123
182
52
174
39
54
125
89
113
66
46
188
139
127
135
186
115
5
99
166
87
85
56
169
124
9
198
143
136
191
26
92
122
193
199
91
80
145
176
65
194
197
50
77
88
27
61
142
144
68
31
49
164
100
151
23
130
35
140
181
116
74
57
7
34
105
134
160
21
44
84
190
53
24
183
103
17
82
40
81
185
97
119
156
1
98
10
110
149
128
78
15
