122
90
185
156
21
100
188
52
174
105
84
60
19
3
11
198
93
113
22
99
155
41
24
12
83
138
193
8
1
38
101
25
26
42
111
76
200
197
89
133
164
95
186
183
136
110
195
88
62
163
5
177
4
71
162
53
31
57
54
75
184
2
176
112
171
44
97
131
86
124
161
67
30
43
168
179
87
58
151
59
140
117
17
196
175
153
78
130
157
45
27
192
129
82
66
181
148
126
146
189
34
142
15
7
92
128
190
150
152
40
68
16
154
9
64
114
91
81
182
73
18
191
147
159
36
55
165
172
108
106
119
29
104
33
169
125
63
56
77
10
98
47
65
149
96
35
50
141
46
143
120
69
49
61
70
107
187
135
132
102
167
180
134
103
79
118
199
160
109
48
94
158
72
139
37
178
116
127
13
80
166
20
6
123
170
74
28
173
144
121
137
51
85
32
194
14
115
39
23
145
