41
79
181
26
139
66
49
68
25
164
35
120
47
1
55
144
7
38
199
154
177
132
109
84
74
105
116
27
171
126
97
112
81
194
148
33
158
88
153
103
187
94
12
142
108
196
166
83
34
185
76
180
115
172
200
159
6
190
99
53
168
30
106
131
121
65
67
72
113
57
192
51
133
191
82
170
15
101
140
193
2
114
119
156
122
151
42
61
162
137
102
80
111
3
69
95
138
104
145
147
135
75
24
110
175
176
32
179
128
13
90
157
44
60
198
127
89
78
91
22
174
70
136
85
14
161
160
56
188
86
129
178
9
118
23
183
107
36
130
16
20
123
100
149
173
39
58
98
62
73
96
17
77
184
87
134
10
150
28
54
195
43
71
4
63
165
141
182
117
8
21
197
152
189
18
143
169
125
52
45
29
50
64
11
163
37
124
48
92
155
167
40
59
186
19
5
146
93
46
31
