41
107
43
143
53
61
10
174
177
100
151
190
30
78
102
136
155
32
71
178
156
66
165
124
13
84
191
182
89
145
137
37
167
121
50
14
28
198
199
24
200
5
127
106
161
109
148
48
9
101
98
57
113
171
22
54
1
181
125
46
189
7
93
29
26
77
120
149
117
58
40
79
8
34
196
85
186
185
111
74
175
154
92
140
17
68
195
91
152
19
87
42
187
23
103
33
62
69
141
170
157
139
75
67
15
96
119
116
90
158
82
132
112
49
55
123
45
138
164
11
51
2
131
94
39
76
108
163
20
193
147
52
35
21
159
122
176
133
197
128
134
72
168
80
129
142
73
114
12
105
4
153
169
3
135
194
126
104
44
173
81
25
86
172
179
18
144
150
38
65
118
162
60
183
192
110
56
115
31
16
95
36
59
70
47
160
64
88
27
6
97
184
99
146
83
63
166
188
130
180
