8
131
18
16
71
73
134
56
119
129
141
109
35
60
28
126
149
116
14
27
113
31
49
117
158
111
152
57
145
20
61
115
125
132
142
80
88
151
37
53
17
68
107
6
91
97
140
159
161
135
9
154
29
42
72
38
87
112
121
118
93
133
36
12
67
77
84
52
143
1
94
127
92
138
160
34
32
150
124
148
5
54
82
90
156
26
50
65
139
74
157
46
102
39
105
66
144
11
25
22
63
70
24
58
89
95
103
137
147
2
86
43
48
64
123
76
10
21
78
4
30
51
98
100
41
83
101
40
55
23
75
146
85
7
45
19
44
106
110
114
155
3
122
120
81
136
13
130
59
104
62
99
128
153
47
162
33
108
15
69
79
96
