73
116
168
67
143
100
41
141
18
115
149
155
72
193
147
136
109
55
125
35
187
175
106
16
196
111
128
68
64
157
85
158
50
53
23
194
154
162
21
44
132
148
14
131
140
5
10
54
8
70
3
92
51
126
82
166
57
189
146
145
27
93
167
7
114
96
81
159
29
180
104
6
139
130
89
49
107
188
173
77
76
32
179
65
60
112
4
56
182
172
185
137
160
20
199
200
186
118
129
113
46
63
88
103
181
84
87
24
184
101
79
198
176
74
95
11
75
177
94
99
121
31
138
170
25
15
48
135
192
163
124
108
134
178
26
52
22
61
34
45
62
183
9
90
123
110
191
91
78
58
13
98
153
36
97
165
102
133
47
190
80
40
142
17
120
164
122
105
2
195
30
37
19
117
171
66
161
119
151
174
83
156
43
86
28
12
42
59
150
39
152
33
127
38
69
144
1
169
71
197
