66
94
100
175
2
32
123
188
93
28
115
5
55
91
108
134
160
4
69
85
70
3
105
122
106
117
31
101
127
162
63
124
146
156
22
36
67
161
189
79
107
144
166
172
185
20
62
151
158
58
112
138
142
174
10
45
59
132
57
139
74
121
110
180
87
29
95
176
48
84
50
14
39
157
102
153
71
15
77
111
159
170
33
97
34
89
78
56
168
181
42
104
152
167
130
49
11
81
143
83
155
16
24
41
47
109
137
179
8
51
173
183
1
140
171
54
35
60
72
120
23
98
131
135
184
80
150
76
6
103
145
177
43
68
82
149
186
53
99
18
90
148
154
44
52
73
178
187
86
88
17
7
27
40
9
26
64
136
12
30
38
46
75
182
133
114
128
147
65
169
19
163
61
118
141
25
116
37
164
126
13
21
113
125
92
96
119
165
129
