38
180
166
139
186
161
165
93
71
36
46
8
47
167
99
10
151
124
153
49
73
29
163
154
59
164
170
148
176
96
33
143
174
61
103
107
185
109
120
28
5
183
11
129
119
86
131
175
105
35
108
116
21
92
101
44
25
88
100
168
32
179
16
37
42
78
184
26
69
187
24
65
123
20
112
190
181
27
97
50
12
102
162
4
58
150
177
117
53
72
80
149
23
2
55
94
51
15
118
160
18
113
39
128
54
67
45
64
130
147
79
140
142
87
98
91
66
14
48
41
134
9
30
121
182
40
85
169
135
145
17
62
138
132
144
83
141
133
125
111
19
34
82
63
152
1
157
60
156
31
74
84
95
104
173
77
89
7
13
114
115
57
43
76
171
126
155
68
75
52
70
90
3
122
106
159
22
110
178
172
127
81
188
146
137
6
136
189
56
158
