114
56
59
85
84
163
109
74
171
78
33
111
12
100
81
60
2
168
181
116
146
153
51
24
48
160
147
15
61
91
118
94
177
87
86
155
161
54
67
187
101
129
172
112
132
152
71
17
50
170
97
19
52
175
31
197
79
23
38
39
136
77
99
154
29
182
124
58
128
9
169
10
140
133
36
88
105
35
190
157
167
5
27
76
156
117
106
42
183
1
43
158
47
82
7
162
20
194
104
122
141
145
151
103
92
113
70
102
4
188
192
75
142
148
72
186
65
22
159
131
108
98
126
14
120
32
125
3
26
44
107
37
73
184
83
30
46
28
18
80
41
119
121
16
63
189
66
115
144
64
180
164
13
166
165
90
25
40
55
96
49
199
143
173
127
139
45
95
130
110
193
11
62
185
93
134
137
53
195
89
179
34
68
21
200
178
57
6
196
174
135
149
69
198
191
8
150
138
176
123
