9
12
25
30
66
76
150
152
169
173
54
133
97
81
154
84
4
190
90
115
185
132
38
129
79
142
3
177
95
112
33
189
111
29
146
39
1
50
63
194
57
7
107
116
153
168
140
11
67
64
59
156
24
137
161
74
176
149
80
122
109
104
70
23
124
17
188
155
77
166
43
28
86
20
85
72
41
21
16
71
14
121
195
56
65
184
181
191
89
18
179
147
83
175
96
178
27
55
123
105
45
73
167
49
126
100
174
82
134
42
61
6
19
37
99
92
196
69
127
119
180
183
51
160
102
32
58
103
130
163
200
93
197
52
151
2
148
36
31
199
125
141
108
53
157
170
10
34
144
47
44
88
94
128
8
136
78
110
171
5
68
139
60
98
131
138
182
87
75
159
186
135
145
106
35
165
117
198
118
162
15
46
164
143
62
192
113
22
13
26
40
48
91
101
114
120
158
172
187
193
