105
106
21
94
162
158
59
187
142
130
11
61
107
159
200
188
40
100
146
13
88
58
65
169
133
34
98
171
125
138
29
8
148
23
113
53
141
103
196
174
54
52
192
47
15
14
186
118
96
175
2
147
50
56
19
28
127
82
149
36
99
170
43
109
17
110
189
122
39
72
85
95
195
68
120
78
35
193
76
49
123
32
160
154
194
12
199
67
102
73
97
22
30
31
157
131
16
48
126
37
84
176
60
45
139
150
136
10
6
44
145
182
66
63
117
75
3
9
132
155
83
41
178
27
92
80
89
57
135
119
156
70
18
152
77
180
74
115
140
86
64
165
93
108
168
197
116
190
185
55
46
184
91
144
1
24
164
128
79
179
173
26
20
143
121
137
51
124
114
81
7
25
129
161
191
42
181
87
111
177
33
166
69
4
151
5
104
198
101
163
62
71
183
134
153
90
112
172
167
38
