154
94
100
107
130
183
55
91
158
42
47
179
51
53
61
129
111
124
25
175
182
43
113
35
65
99
149
172
181
14
168
80
141
1
6
116
27
101
44
46
174
9
15
134
145
133
34
72
77
112
12
67
151
117
125
163
63
21
97
82
104
176
81
29
118
120
121
110
177
31
90
167
18
93
127
88
85
41
23
37
76
173
2
184
170
57
69
78
86
115
131
36
146
171
45
166
95
147
74
144
56
152
13
22
180
153
128
140
60
114
105
52
132
165
123
148
87
156
89
10
39
162
109
62
64
106
16
73
178
17
126
159
49
8
98
102
161
48
33
92
119
83
122
68
32
20
66
164
28
50
59
79
84
108
70
103
169
136
137
142
24
135
157
7
38
54
150
26
30
58
75
160
4
19
155
5
40
11
138
139
96
143
3
71
