132
165
65
66
179
18
39
166
169
14
30
122
184
174
4
106
16
81
5
20
25
172
104
93
167
185
48
43
102
27
198
107
131
152
112
26
61
1
21
54
127
145
90
29
52
19
91
143
109
7
138
9
111
92
149
71
180
116
128
78
200
159
100
87
15
42
115
150
77
55
58
130
164
135
57
51
70
75
136
41
188
114
56
178
11
139
148
141
37
182
108
44
129
31
120
22
117
68
105
187
80
103
133
2
125
140
123
76
46
158
142
99
124
49
173
35
82
151
84
12
13
161
175
72
186
191
62
195
67
153
194
23
69
162
24
96
137
34
17
85
171
97
196
146
181
189
193
63
95
154
59
8
10
156
45
134
190
60
155
121
119
53
183
168
192
3
33
144
176
74
98
38
113
79
147
40
110
157
73
126
36
89
28
64
199
101
50
170
86
163
32
88
47
118
94
177
83
197
160
6
