71
67
124
172
24
106
116
133
137
88
118
173
1
122
40
47
135
8
42
72
89
130
4
64
107
152
56
123
15
28
51
114
82
85
153
39
155
2
9
23
128
49
100
121
29
11
117
150
14
43
69
104
3
34
87
62
32
81
145
164
70
16
161
10
60
22
113
95
57
147
27
79
41
13
74
163
19
83
166
50
125
78
93
134
73
146
35
120
141
136
170
58
86
48
66
102
109
17
80
26
63
12
54
37
45
53
68
169
31
174
84
159
52
90
98
112
38
101
108
143
59
167
94
55
5
21
144
6
77
119
148
171
105
97
110
126
96
142
18
44
138
129
103
111
160
168
149
175
36
46
162
30
92
99
127
75
76
139
65
132
20
151
158
165
140
61
157
7
25
33
115
91
154
156
131
