85
4
130
79
57
42
133
145
17
73
61
39
103
152
30
139
83
123
160
31
124
50
80
141
129
105
182
29
48
21
154
7
156
24
89
119
36
161
22
110
185
53
111
97
183
114
66
71
153
91
127
184
43
45
121
177
3
128
86
84
64
169
12
174
81
118
76
67
9
138
157
63
155
18
60
70
150
59
1
102
104
134
180
26
25
33
125
100
34
44
120
90
108
47
2
75
175
171
116
173
117
20
131
99
170
52
137
106
164
94
109
178
107
166
172
78
132
54
96
14
143
5
41
126
136
49
179
147
77
35
69
6
32
101
51
19
8
149
28
151
10
98
58
146
95
163
181
68
148
46
115
13
140
27
135
93
142
167
176
16
56
112
40
15
158
74
11
162
168
37
38
82
159
165
72
122
87
88
144
65
23
113
55
92
62
