60
43
6
15
36
118
74
58
151
85
124
137
156
33
133
79
17
9
47
145
115
12
122
49
129
70
64
102
132
142
152
4
39
22
91
125
128
120
48
112
155
61
75
1
96
86
2
93
106
136
13
121
68
44
24
65
109
34
101
76
139
153
28
103
83
82
69
31
116
150
108
37
154
53
81
117
107
146
42
45
126
94
84
5
78
63
67
100
105
98
135
104
8
119
27
95
149
16
80
35
72
56
71
11
140
21
99
29
14
89
134
26
144
66
138
19
38
41
10
73
147
114
141
32
30
87
59
51
111
110
77
20
7
130
18
90
113
62
46
97
52
88
40
25
3
23
127
123
55
131
148
143
92
50
57
54
