46
119
44
58
85
138
20
43
14
56
107
33
11
28
45
55
80
145
35
30
103
115
25
87
156
94
36
52
126
3
137
6
141
12
129
70
117
142
144
2
21
122
37
34
19
9
97
60
57
102
109
90
15
116
147
120
132
69
112
22
62
59
130
113
106
118
10
89
153
4
88
101
114
67
158
75
8
84
95
78
136
68
155
38
139
17
149
61
151
140
13
5
150
26
83
41
48
121
50
27
146
47
96
100
76
1
24
79
92
91
154
152
66
64
51
54
39
159
105
53
133
29
86
157
143
81
135
7
16
65
125
32
128
42
131
93
73
134
127
124
148
82
104
40
108
123
98
71
99
63
74
72
49
23
18
111
31
110
77
