166
169
114
71
174
182
179
170
140
163
200
89
90
91
185
188
146
175
70
85
120
113
77
144
142
115
92
184
72
98
78
197
191
117
116
186
88
100
79
162
180
168
181
128
99
84
119
67
143
155
156
157
173
167
198
139
172
106
196
95
105
93
102
74
183
193
127
121
126
134
160
187
199
94
177
189
13
3
37
190
25
66
40
107
2
161
31
135
136
141
178
101
83
125
75
96
97
59
69
42
19
153
62
65
4
87
68
158
16
133
165
17
138
148
176
49
44
22
15
23
171
192
7
5
130
10
81
33
56
8
34
104
137
124
86
76
159
118
132
150
26
55
147
164
54
53
64
43
29
21
28
18
58
73
152
154
129
103
46
60
82
112
131
149
151
195
32
39
11
57
63
27
111
47
20
123
41
35
6
30
122
36
14
45
145
48
52
24
38
50
12
194
61
9
51
80
1
108
109
110
