107
198
199
200
164
40
51
168
148
4
55
94
157
171
72
20
17
194
174
160
89
140
13
68
39
59
106
92
181
131
28
61
138
153
70
177
188
27
183
102
161
150
165
54
192
114
189
26
65
44
152
167
81
78
113
137
154
74
24
14
144
91
73
31
21
180
84
79
1
170
156
5
32
129
139
109
53
118
132
108
63
62
184
147
12
95
172
86
115
99
7
178
15
2
93
37
45
9
47
16
8
133
49
98
169
185
124
111
179
76
69
125
48
186
103
87
97
173
58
60
101
57
130
11
196
25
71
143
77
116
126
41
64
33
112
136
56
155
123
197
163
141
190
175
10
52
80
82
151
90
127
19
29
193
166
46
122
35
119
34
162
66
135
128
117
159
145
22
96
120
142
43
158
50
105
110
30
134
100
3
36
182
6
191
195
18
176
88
75
85
38
149
67
187
23
83
42
121
104
146
