91
89
181
42
188
15
57
118
135
67
154
10
80
90
52
81
110
103
125
26
65
29
19
109
73
55
177
139
167
151
130
171
64
116
189
156
38
50
112
84
169
83
111
131
166
155
149
133
7
161
172
163
36
117
199
60
77
78
96
24
178
100
31
126
46
146
198
27
105
142
66
4
179
35
191
51
53
160
33
137
28
45
193
6
200
5
9
147
113
34
145
140
23
98
86
79
192
176
32
97
95
44
87
183
128
75
197
39
11
170
14
59
88
134
180
8
123
153
127
102
71
1
85
122
120
47
150
21
185
13
56
12
20
22
168
196
182
186
136
124
184
107
152
187
37
101
165
25
194
70
195
143
82
106
18
144
121
148
175
159
173
76
141
158
2
62
58
190
114
16
99
61
41
129
138
174
17
157
132
108
3
94
63
119
40
48
115
68
93
69
72
92
43
74
49
162
104
30
54
164
