37
39
174
135
105
12
117
16
101
132
168
64
66
57
182
123
86
179
184
143
112
19
68
171
104
53
35
125
60
63
151
178
25
115
181
90
91
191
77
136
199
21
128
173
183
109
166
172
65
62
165
156
107
14
190
27
126
56
28
46
103
116
70
192
175
4
82
9
43
122
161
152
147
110
23
150
170
10
22
138
44
158
51
95
127
164
167
154
160
8
61
13
67
71
88
81
131
93
194
197
69
29
159
92
163
52
1
34
119
198
45
169
137
18
33
108
78
7
155
98
149
139
129
193
96
133
2
157
187
113
15
185
76
74
145
5
75
144
59
40
85
38
30
134
55
50
31
99
36
120
79
11
6
97
49
124
47
140
146
84
58
20
148
54
80
196
177
162
89
141
111
3
83
130
180
32
200
188
17
195
102
94
26
72
114
176
186
153
87
41
142
121
100
48
73
24
42
118
189
106
