107
46
76
8
171
178
93
19
119
24
6
141
52
10
130
96
82
4
127
131
53
57
128
68
7
133
33
165
112
44
2
145
65
113
38
54
122
156
95
90
121
71
84
73
34
97
132
37
60
51
36
61
83
62
85
58
159
45
151
167
74
149
86
80
99
18
164
102
22
88
123
117
147
158
157
161
13
116
109
105
11
94
134
49
174
143
87
32
30
64
126
56
110
72
26
115
124
155
27
25
138
92
50
29
154
28
81
3
114
106
120
89
177
70
166
59
48
168
108
176
42
137
101
23
118
144
78
104
163
41
172
100
146
162
9
1
148
39
17
153
5
180
91
40
142
20
77
129
16
35
75
179
136
98
67
79
150
21
55
125
12
43
47
103
15
170
135
31
14
169
63
175
69
173
140
152
111
139
160
66
