7
55
29
191
90
119
81
86
156
15
57
157
179
28
67
147
177
109
163
59
72
49
112
127
166
174
189
70
85
170
173
178
99
123
11
18
79
94
121
61
108
17
186
45
74
151
158
88
135
172
24
8
92
117
120
134
40
75
125
46
69
3
133
107
68
73
105
87
52
129
188
193
35
71
39
77
132
182
4
43
183
115
153
176
187
62
139
146
113
184
20
41
66
104
167
141
169
6
23
51
80
60
106
181
32
126
128
30
195
22
82
161
13
48
118
149
98
140
164
185
14
38
102
44
145
116
162
65
89
175
31
34
168
36
93
95
101
160
58
138
171
27
194
2
84
114
144
100
111
16
21
76
12
54
96
143
155
10
152
192
148
1
64
103
159
124
130
47
131
26
97
142
56
78
37
63
91
110
154
25
83
122
190
9
53
136
180
5
50
19
42
150
33
137
165
