5
52
108
140
96
107
58
78
94
161
168
36
62
49
101
148
172
16
44
6
63
98
155
153
9
71
68
72
95
109
137
139
130
166
54
117
175
23
73
157
158
56
90
3
110
31
88
4
53
112
1
177
37
59
142
145
27
47
85
50
93
120
123
60
115
144
146
12
28
76
147
40
77
134
13
97
133
143
136
43
66
127
178
48
176
138
24
46
131
159
167
173
29
22
105
124
111
122
113
69
15
86
75
128
100
118
51
70
179
45
82
180
34
132
18
19
160
65
114
149
170
83
169
8
165
11
14
121
164
35
39
67
151
154
174
162
33
57
84
26
41
119
141
80
163
102
106
135
79
10
64
104
99
152
181
32
61
92
116
125
129
103
7
42
55
2
21
171
17
91
156
20
81
150
74
89
38
87
126
25
30
