9
73
161
23
65
4
152
14
34
3
90
19
182
93
185
186
67
144
174
193
82
97
5
78
137
49
139
28
112
191
116
160
89
85
169
192
115
126
124
29
95
18
197
63
170
61
111
94
120
25
158
119
48
62
88
50
165
96
47
7
130
155
27
133
106
54
20
187
184
200
151
172
173
145
52
134
141
13
26
109
129
138
100
196
56
87
46
99
57
42
30
147
39
128
190
69
10
55
43
163
143
156
74
8
40
72
140
79
12
6
122
154
41
80
66
176
171
110
53
117
21
107
142
168
36
189
2
37
167
77
162
44
177
118
131
150
199
76
125
70
108
159
86
64
198
1
136
91
180
92
83
105
183
51
81
68
16
98
60
101
166
71
153
103
157
114
164
178
179
149
132
148
11
38
84
181
33
58
121
22
15
146
31
17
175
135
188
45
195
24
32
127
123
35
102
59
75
194
113
104
