151
140
57
82
188
162
1
175
39
94
105
190
132
23
54
174
159
195
124
35
30
129
146
32
80
123
55
109
93
21
96
31
127
51
100
27
176
12
61
83
2
95
48
155
44
81
126
66
114
25
108
158
15
6
112
172
33
186
128
106
119
187
113
163
43
164
198
85
152
154
47
97
104
161
63
29
115
67
156
192
131
177
173
73
180
183
184
102
99
18
77
76
75
79
167
92
38
103
139
194
56
181
62
72
34
69
70
125
165
58
138
144
110
37
147
24
53
168
182
91
171
3
193
88
64
11
149
5
141
150
60
189
143
14
49
160
10
101
50
134
118
4
8
111
9
166
22
28
135
117
65
116
17
199
185
169
179
26
121
46
145
13
84
170
36
19
42
191
87
68
98
16
59
148
157
196
137
78
120
197
130
45
90
20
7
52
133
178
74
136
122
86
153
71
107
40
41
142
89
