184
110
39
124
33
75
192
89
15
114
116
85
52
185
145
179
48
160
13
173
55
189
70
95
46
139
150
25
9
165
82
154
182
73
115
166
18
197
1
104
66
151
113
64
44
12
67
121
153
42
137
162
129
123
63
16
196
40
91
43
194
177
79
68
167
29
136
133
94
117
88
187
152
186
157
23
164
118
22
106
92
30
105
138
141
112
96
72
107
53
5
62
127
191
140
11
90
125
83
76
122
171
7
148
183
190
161
17
181
56
158
57
81
45
80
54
27
31
109
93
78
2
74
41
69
86
147
188
101
111
195
35
71
14
60
132
156
169
28
21
99
131
49
34
146
84
10
4
8
180
128
176
135
143
120
178
170
155
198
51
32
20
168
159
59
50
175
174
47
126
24
108
87
36
193
100
26
58
200
37
199
38
130
61
163
65
97
142
77
103
119
172
149
3
102
6
19
144
98
134
