71
25
145
164
170
180
69
108
5
60
55
68
48
86
169
185
27
35
88
154
47
78
188
84
95
107
127
141
42
135
176
120
26
151
182
22
119
118
52
147
183
161
23
138
159
149
49
140
189
38
65
157
43
90
112
123
33
75
113
20
87
91
125
128
148
171
30
105
62
126
179
186
61
36
103
136
19
74
80
130
137
66
97
44
143
29
192
59
132
53
190
131
146
1
12
152
58
174
175
50
156
51
94
63
79
158
73
39
98
70
45
77
93
129
83
99
181
115
163
32
160
21
4
114
134
13
24
116
167
2
6
9
31
150
153
101
187
56
104
124
82
92
89
100
34
46
72
96
144
3
41
64
172
106
11
15
16
17
40
178
10
14
191
111
57
76
166
177
162
168
54
142
109
110
184
8
28
81
85
102
139
193
122
37
165
7
117
121
155
173
67
133
18
