2
12
22
32
66
76
86
96
130
140
150
160
14
24
34
68
78
88
98
132
142
152
162
7
17
27
37
71
81
91
101
135
145
155
165
61
125
189
62
126
190
9
19
29
39
73
83
93
103
137
147
157
167
3
13
23
33
67
77
87
97
131
141
151
161
5
10
15
20
25
30
35
40
69
74
79
84
89
94
99
104
133
138
143
148
153
158
163
168
42
45
48
51
54
57
60
106
109
112
115
118
121
124
170
173
176
179
182
185
188
6
16
26
36
70
80
90
100
134
144
154
164
4
59
64
123
128
187
192
8
18
28
38
72
82
92
102
136
146
156
166
1
11
21
31
65
75
85
95
129
139
149
159
41
43
44
46
47
49
50
52
53
55
56
58
63
105
107
108
110
111
113
114
116
117
119
120
122
127
169
171
172
174
175
177
178
180
181
183
184
186
191
