165
44
155
159
166
200
48
49
52
66
107
4
23
137
134
174
75
196
84
91
138
186
153
188
20
35
122
100
113
93
115
163
175
176
59
94
22
173
185
178
63
97
60
118
151
86
146
3
38
171
10
128
53
145
180
127
64
39
46
168
129
132
6
50
80
141
161
18
192
13
117
133
172
2
24
56
12
88
182
68
76
62
90
103
150
139
169
37
71
106
114
184
32
51
87
98
116
21
65
140
1
181
61
9
41
92
197
31
125
167
187
36
82
99
123
81
157
85
111
79
58
189
198
43
70
42
164
83
109
19
135
191
45
194
26
121
154
72
54
156
102
5
55
96
105
124
143
40
89
158
25
152
16
126
11
57
14
108
112
120
190
110
148
195
170
177
17
33
69
199
30
34
183
7
67
104
142
29
101
136
179
119
8
27
130
147
47
15
28
131
73
144
193
149
160
78
95
162
74
77
