9
14
170
148
28
188
146
125
107
17
181
33
77
118
20
138
161
87
166
173
10
158
67
144
194
2
76
129
117
172
176
71
15
94
6
97
159
131
178
62
126
24
3
133
40
46
198
34
195
199
197
70
18
185
169
37
64
26
32
183
121
152
73
82
72
84
52
7
85
89
13
171
155
12
90
86
11
180
8
167
78
35
21
50
162
61
106
19
108
93
69
49
193
164
168
160
100
190
60
165
104
142
36
163
139
80
189
145
53
111
66
182
79
105
75
42
30
196
16
128
47
110
200
68
120
54
98
175
56
4
157
192
92
151
109
99
45
112
103
154
63
91
122
113
140
81
101
74
83
147
141
1
186
114
115
153
48
116
177
5
119
149
96
124
102
174
31
179
29
150
43
58
123
156
130
41
65
25
135
137
88
95
27
22
55
39
136
187
127
191
132
134
57
44
51
23
59
184
143
38
