168
167
62
116
155
93
129
36
66
10
20
190
41
100
69
171
169
107
154
31
186
97
148
137
119
136
175
60
147
123
143
2
76
164
79
21
59
12
89
54
153
163
94
6
192
82
188
27
52
185
174
39
114
26
75
151
84
95
180
131
86
124
194
63
44
37
133
158
40
127
160
78
146
105
165
102
77
85
29
132
191
22
170
112
30
138
35
106
17
34
38
109
117
141
7
28
50
130
64
74
159
128
139
67
110
24
90
161
9
61
115
120
68
8
179
47
46
149
25
145
177
3
122
58
92
157
140
108
118
113
16
152
182
4
183
121
14
13
111
103
32
189
15
104
72
23
81
178
51
173
80
1
187
71
144
45
87
53
73
162
19
166
18
70
98
135
125
134
193
96
55
172
83
91
99
11
5
156
126
48
42
142
150
181
43
88
184
101
57
49
65
56
33
176
