3
173
21
43
195
120
125
80
110
167
177
78
148
30
151
144
88
61
12
200
2
27
129
97
199
9
69
16
81
99
102
46
187
5
95
152
57
163
18
19
130
86
72
111
161
127
165
109
189
40
89
15
41
131
135
133
48
56
66
13
85
108
47
158
182
77
156
126
91
26
191
171
20
146
55
64
42
87
162
11
197
170
75
100
82
159
134
147
54
39
37
179
28
14
112
166
49
101
138
198
92
107
160
96
50
174
176
32
29
143
22
169
154
139
45
175
106
123
119
118
33
76
186
184
17
51
73
157
196
94
132
105
104
8
149
113
71
121
53
180
36
93
194
79
193
67
124
60
35
65
136
52
116
24
68
137
70
150
172
114
59
117
63
164
7
25
38
84
6
4
128
188
23
83
192
44
168
115
31
185
145
181
34
122
98
58
10
140
178
1
103
141
90
155
183
62
190
74
142
153
