68
163
157
58
132
144
114
22
5
74
76
179
38
116
111
52
176
187
195
150
17
49
35
95
127
28
192
30
44
23
85
125
6
27
39
18
26
50
173
121
72
147
40
53
4
124
155
168
66
84
92
77
20
128
54
156
193
7
148
186
185
21
94
105
12
162
135
55
86
63
29
108
45
101
149
64
165
13
131
78
133
14
123
161
56
61
19
170
3
65
184
102
139
109
175
67
190
91
194
42
43
130
174
118
57
189
75
8
115
2
188
151
16
36
41
24
83
120
140
160
177
104
171
142
159
164
82
119
181
106
25
143
15
117
73
169
9
87
71
158
62
100
80
33
90
152
182
136
146
103
138
69
79
110
60
112
107
122
59
34
88
48
172
31
93
178
97
11
1
113
10
98
37
51
183
32
126
141
129
153
47
154
96
167
134
70
89
166
145
191
137
46
99
180
81
