89
62
5
170
19
25
123
41
147
113
52
13
103
141
159
92
36
66
67
32
33
55
68
31
63
42
143
155
24
57
17
140
144
112
78
128
21
35
167
151
119
114
72
118
129
75
137
136
161
4
100
43
53
149
81
99
58
164
18
6
168
46
145
70
59
126
146
153
171
45
95
101
148
8
2
20
14
107
50
74
73
82
156
84
163
10
158
77
139
85
130
1
104
152
90
9
110
80
65
108
120
105
61
60
169
54
132
38
88
86
34
12
48
125
97
154
23
150
115
22
3
121
142
30
64
135
94
40
29
44
83
116
117
49
96
157
76
15
98
28
93
166
127
133
109
134
56
11
47
138
165
37
111
102
160
7
39
162
69
27
26
131
51
71
122
16
87
91
124
106
79
