185
198
186
199
196
173
2
14
179
80
137
54
195
21
109
92
151
3
65
191
161
59
107
182
95
142
156
4
5
36
100
26
145
180
66
20
118
169
193
96
127
40
10
194
166
1
82
60
30
7
168
75
197
31
90
108
69
39
124
98
58
53
16
93
181
170
128
78
34
125
15
102
183
29
83
47
190
101
45
172
141
61
117
135
79
41
48
123
129
13
55
130
73
81
112
114
84
9
160
46
27
122
22
174
12
86
136
133
49
189
57
17
131
200
85
106
74
71
113
110
132
91
11
25
33
138
144
103
43
28
115
52
89
56
119
62
147
88
35
187
192
42
153
18
152
8
68
146
70
76
38
44
158
149
148
143
165
77
19
97
111
37
121
150
178
159
104
120
64
134
155
32
176
105
6
163
184
24
171
139
157
94
87
63
126
154
72
99
116
164
175
67
51
188
140
50
177
167
162
23
