86
21
135
68
155
80
108
83
69
50
72
71
56
121
120
172
44
101
175
63
36
66
14
94
181
96
151
103
37
142
10
49
112
39
35
146
159
166
110
75
124
114
57
106
122
131
148
169
128
107
15
140
170
79
139
18
164
85
99
11
98
129
43
154
102
2
104
137
6
133
132
95
180
38
51
70
27
160
171
178
4
17
113
182
25
7
161
90
81
20
143
64
12
158
34
46
48
115
73
156
61
23
32
8
97
173
150
126
29
168
134
92
89
84
42
62
58
31
147
167
117
145
65
52
105
3
16
41
47
87
174
88
179
77
78
111
116
157
33
119
162
67
165
177
127
109
54
138
136
26
22
60
9
19
1
45
153
123
5
53
82
141
125
28
152
93
24
176
130
91
149
100
144
59
40
76
55
13
30
163
74
118
