112
102
122
59
165
14
175
90
13
137
115
194
51
66
185
98
110
160
75
62
29
55
189
169
157
60
159
15
21
94
183
91
17
28
138
69
131
193
176
104
92
154
97
93
64
35
162
156
12
107
123
73
78
118
192
61
188
121
145
117
125
181
132
54
171
25
5
172
53
190
173
99
149
153
195
147
50
3
48
74
58
164
134
116
167
20
79
65
191
151
82
87
140
80
32
34
152
42
71
143
24
19
163
2
139
6
126
37
178
23
109
81
133
9
18
31
57
63
128
95
46
124
36
187
161
174
180
67
96
83
196
56
101
108
22
40
155
186
45
111
77
106
182
146
8
88
142
129
103
168
49
120
150
84
144
114
10
135
113
85
105
179
30
76
177
43
70
26
27
33
136
72
86
7
47
68
141
130
184
170
44
39
158
100
11
16
119
1
4
166
41
127
148
52
38
89
