50
85
151
115
47
37
132
114
35
160
118
18
145
144
66
129
110
154
112
131
32
23
152
24
41
25
137
12
142
153
26
150
64
113
149
8
49
57
124
138
146
127
106
44
9
17
33
97
84
1
89
78
28
98
31
136
6
83
29
99
139
58
13
147
93
39
155
105
156
59
71
54
119
107
120
48
68
86
11
109
16
143
88
108
38
125
60
92
7
134
52
21
81
73
130
63
80
40
148
102
27
20
135
55
10
87
123
91
141
79
96
62
90
82
117
159
46
51
19
94
116
128
70
15
43
72
30
77
4
65
104
22
67
53
34
56
76
75
14
5
140
157
158
95
69
121
126
101
2
100
61
111
36
74
42
122
133
45
3
103
