112
71
75
28
13
12
79
147
117
98
45
133
140
48
1
129
67
94
99
158
29
78
72
77
113
65
9
97
14
81
123
32
26
136
155
135
73
96
157
92
126
100
127
15
110
103
88
83
30
139
91
37
111
141
47
7
62
3
46
61
50
38
35
19
106
54
25
145
17
39
89
64
93
114
144
84
41
104
108
143
82
55
42
34
8
57
152
53
118
109
153
125
68
85
120
131
134
11
20
130
52
2
116
128
33
156
154
60
76
138
105
70
59
36
146
69
86
80
24
148
4
107
58
151
124
6
142
40
121
132
51
21
137
63
31
16
44
10
95
102
18
23
49
119
43
115
22
101
122
56
74
5
149
66
87
27
90
150
