68
191
69
49
158
8
59
188
22
117
71
165
184
73
168
118
90
167
84
107
50
125
174
134
122
77
180
94
47
200
121
114
14
178
92
4
196
61
26
123
141
79
113
101
25
172
129
152
23
9
198
64
74
161
31
91
160
155
166
6
27
89
135
146
96
110
173
56
169
36
48
126
2
19
171
30
76
33
136
190
163
82
150
177
38
197
43
159
192
1
57
119
142
127
103
130
3
15
97
162
63
124
115
148
62
133
87
112
70
16
140
179
75
83
78
195
17
182
18
11
157
34
147
109
175
132
13
7
128
189
55
88
12
81
164
41
21
60
67
93
102
39
95
44
32
181
42
99
156
80
116
98
65
194
28
53
24
35
104
40
138
139
154
111
29
52
176
54
72
144
186
37
131
20
51
183
58
10
143
193
137
185
86
120
149
199
45
85
46
105
151
170
100
153
145
106
187
5
66
108
