31
99
122
199
195
196
106
117
127
73
138
49
51
126
20
4
36
94
47
135
35
176
163
75
34
63
44
60
140
45
160
174
70
82
170
177
197
120
79
100
84
146
152
184
109
40
8
80
114
15
33
25
97
136
37
159
65
1
107
28
24
74
98
141
57
191
53
178
104
17
130
144
108
41
173
72
164
155
42
77
188
121
187
113
18
12
59
194
92
134
166
172
2
154
26
183
87
186
103
30
61
48
143
137
156
14
179
198
182
85
124
43
11
142
165
147
116
157
95
56
101
169
29
21
158
150
190
52
111
96
181
200
7
83
151
19
27
69
105
132
86
88
81
3
102
22
119
115
145
68
149
168
189
192
46
62
23
10
50
112
128
125
180
123
162
67
193
91
5
6
167
9
78
175
89
64
148
118
32
66
171
39
54
93
129
13
131
76
16
133
55
38
153
90
71
139
58
161
110
185
