57
58
59
60
61
62
103
104
105
106
107
108
109
172
180
129
134
128
132
126
131
156
125
130
119
120
121
122
123
124
176
44
140
173
112
114
115
116
117
157
166
110
111
158
177
79
155
97
98
99
100
101
102
138
93
94
95
185
51
52
55
66
77
87
96
113
127
133
135
137
141
151
167
171
179
187
197
49
40
143
169
50
178
168
39
162
183
195
82
68
186
76
45
11
12
13
14
15
16
17
18
19
20
21
22
23
24
25
26
27
28
29
30
153
48
159
170
189
65
184
78
164
75
56
67
196
188
72
142
83
165
90
199
200
86
54
41
42
89
63
136
69
85
74
46
4
10
160
1
2
3
6
7
5
8
9
88
84
81
152
47
38
70
150
71
80
43
53
73
92
118
139
154
163
182
198
91
64
174
161
31
32
33
34
35
36
37
144
145
146
147
148
149
175
181
190
191
192
193
194
