84
46
72
68
112
116
177
146
83
75
69
86
132
157
29
137
179
22
131
57
144
128
70
16
123
95
121
55
48
56
18
51
27
172
43
154
175
54
5
24
93
105
45
118
159
14
151
21
136
114
78
80
122
73
33
30
141
52
42
59
62
155
37
10
153
98
169
166
32
77
41
126
7
109
170
158
20
65
60
104
66
120
4
140
3
150
74
61
100
103
36
31
97
156
23
87
149
106
17
134
176
96
9
11
63
26
108
110
2
58
124
50
142
107
81
76
173
39
101
82
85
152
129
178
6
1
162
99
34
117
125
53
44
102
8
19
28
25
89
94
160
64
92
12
35
135
119
130
167
161
133
164
90
168
111
115
163
71
147
91
88
38
143
15
113
40
127
49
79
174
148
67
145
138
139
171
47
13
165
