165
111
36
176
14
131
148
124
73
63
34
166
125
161
182
143
94
45
199
58
89
187
192
102
30
12
146
2
178
193
133
29
186
185
1
173
23
168
91
145
115
8
103
9
66
59
120
175
76
156
3
92
155
157
101
170
79
172
150
24
83
117
127
82
42
32
21
126
25
11
85
191
88
109
5
116
190
47
61
104
4
22
40
13
140
16
60
138
43
17
39
100
180
62
130
44
121
197
33
27
72
198
93
107
19
48
188
189
184
64
113
75
68
137
28
134
99
90
56
10
97
142
69
70
71
20
135
41
96
152
81
55
119
118
149
67
38
98
128
147
35
163
171
77
7
87
50
194
154
52
15
132
181
139
105
159
26
151
110
123
112
114
95
160
141
158
31
18
74
167
195
6
106
37
46
57
51
86
53
122
177
84
78
153
196
162
200
164
144
169
129
174
65
80
179
108
136
49
183
54
