193
93
169
183
68
158
2
167
122
8
34
194
96
29
112
108
4
137
173
72
58
160
142
30
113
69
27
15
13
163
100
73
155
10
162
165
184
71
139
115
39
87
40
133
1
31
35
144
123
23
65
196
132
88
20
33
189
153
164
151
146
45
90
150
131
7
119
25
138
110
99
179
9
129
89
44
92
147
62
57
67
130
74
180
170
17
24
66
49
199
126
37
120
192
157
161
140
63
104
54
111
86
47
97
191
135
75
61
152
178
80
95
85
82
76
16
38
171
78
11
79
156
116
43
107
176
48
154
14
182
42
84
83
101
127
188
143
181
198
12
70
125
195
50
46
103
52
190
51
3
105
53
185
60
149
18
159
81
177
22
36
94
59
26
186
28
166
114
197
117
21
19
102
128
141
124
64
168
136
145
55
56
174
118
187
121
5
172
106
91
32
41
134
98
77
148
175
109
6
