118
84
175
16
137
193
48
98
169
97
44
172
75
197
67
26
46
121
52
25
146
61
50
39
66
76
36
127
27
115
184
199
18
15
195
107
17
178
191
23
56
24
155
173
196
54
129
33
123
132
87
20
68
148
126
182
64
59
90
177
154
101
49
152
29
83
80
82
41
181
96
37
104
160
28
180
103
10
143
2
58
106
3
141
72
71
110
74
120
144
9
190
99
53
179
105
81
78
77
35
165
170
125
73
128
11
135
109
189
142
55
194
147
95
12
94
14
116
151
140
131
130
171
198
79
119
183
88
21
161
124
8
156
157
102
19
108
62
174
34
117
1
136
112
57
31
43
150
100
93
40
187
65
111
30
167
133
138
89
164
92
47
45
122
114
85
113
188
69
32
13
168
5
63
163
153
91
185
6
149
4
7
86
139
22
145
176
51
70
166
200
134
60
42
192
38
158
159
162
186
