48
115
83
5
70
57
161
121
122
135
134
53
41
96
130
81
71
75
89
94
171
185
56
179
11
43
97
72
86
112
142
91
44
193
60
170
32
36
92
55
138
189
54
167
145
47
30
140
116
101
58
69
186
148
117
93
40
73
74
154
133
132
128
39
18
98
190
2
182
149
192
162
24
15
173
160
52
119
151
188
163
152
177
27
88
29
59
26
147
104
159
178
103
108
172
50
156
90
183
176
6
22
118
139
164
35
107
123
110
14
187
127
105
191
79
158
67
106
136
17
77
21
99
13
66
45
102
125
141
65
25
80
150
137
76
12
42
109
4
20
78
19
114
64
168
124
62
87
8
131
23
10
180
68
3
28
46
61
49
174
155
34
37
63
120
184
194
175
111
113
9
144
166
31
100
157
126
95
82
129
7
143
38
85
146
181
1
51
153
16
165
169
33
84
