140
43
110
160
69
68
189
122
17
90
146
178
63
158
176
91
130
36
132
193
167
45
84
188
104
54
66
48
197
103
196
164
199
83
37
76
61
125
72
152
24
129
191
65
81
14
4
133
56
100
195
115
114
113
168
177
116
49
136
16
75
32
2
29
47
94
154
99
117
26
71
46
183
169
67
159
59
142
192
179
171
153
50
137
34
112
150
175
108
148
135
200
3
28
82
95
138
27
53
98
173
144
162
10
13
141
77
174
186
172
96
41
101
187
33
88
73
157
20
22
64
7
25
111
131
124
120
194
105
156
165
6
147
9
109
1
52
23
79
107
15
51
85
121
151
184
44
86
163
78
38
102
87
127
60
118
139
93
126
5
155
97
40
42
161
149
143
190
134
58
170
128
21
39
57
30
181
70
166
18
19
31
180
185
89
106
145
123
198
92
8
12
62
80
74
119
35
11
55
182
