50
54
79
180
188
122
127
145
105
67
111
126
161
152
64
102
13
21
106
14
159
171
30
114
120
70
55
173
94
156
154
51
148
34
164
198
56
185
26
143
129
128
135
168
96
183
101
49
65
27
110
3
32
190
130
109
59
47
151
91
20
33
175
141
115
25
42
187
69
11
93
186
45
119
116
132
75
193
163
61
80
92
1
133
97
125
9
167
182
131
81
170
88
72
84
43
179
63
12
18
174
16
10
158
74
169
39
153
90
121
82
2
37
62
60
44
95
83
52
4
38
137
31
146
150
184
112
66
85
160
53
6
199
5
157
17
144
22
23
166
189
57
98
142
155
15
136
162
8
138
29
117
40
165
24
177
46
176
68
77
123
196
200
35
108
197
139
191
19
87
113
73
149
134
36
41
140
172
71
99
118
107
104
195
89
124
86
181
192
103
48
178
58
76
100
194
28
78
147
7
