148
11
87
161
195
193
192
184
128
51
109
100
70
119
198
59
152
12
111
167
94
78
40
107
196
124
103
9
110
92
67
30
134
133
50
159
76
145
188
7
84
102
56
93
41
71
60
174
16
47
37
42
3
15
132
21
49
98
20
115
197
95
91
55
182
116
10
83
45
183
117
168
108
122
139
34
166
4
57
85
5
144
18
8
80
160
150
163
90
164
143
54
170
82
175
121
178
31
199
186
68
77
104
153
118
142
58
165
138
137
126
180
96
158
69
14
173
2
149
1
65
105
155
17
185
6
52
29
130
190
53
25
33
181
129
61
36
28
135
62
86
169
106
114
171
63
113
74
101
191
24
177
19
13
99
38
89
200
194
73
176
125
147
151
112
162
64
32
79
157
189
136
75
26
48
127
22
146
141
43
81
46
156
44
39
179
23
120
123
187
88
172
140
154
66
72
131
97
27
35
