63
59
180
5
77
42
105
8
153
81
128
113
158
160
120
138
30
92
182
132
172
110
107
70
54
150
48
95
18
103
162
50
200
47
80
114
22
87
52
134
25
179
57
196
147
38
174
62
19
112
187
125
13
194
67
184
183
101
192
68
154
156
3
155
148
76
46
181
168
69
169
29
189
129
44
83
117
118
37
66
75
104
173
197
72
90
140
82
115
7
89
170
4
51
91
26
109
60
166
85
71
171
108
161
199
191
88
178
116
106
190
86
186
163
124
55
74
175
36
53
12
131
139
123
27
159
133
15
130
198
167
24
79
78
11
73
43
136
93
31
1
149
40
16
9
64
58
100
195
165
98
65
10
145
14
32
176
21
102
119
45
20
151
94
97
34
137
23
121
49
144
122
146
41
126
185
143
177
2
193
188
135
111
141
84
28
39
35
17
152
164
99
61
157
33
127
96
142
56
6
