179
44
133
144
97
180
172
132
173
148
103
17
5
77
65
119
153
11
96
143
75
104
111
84
32
165
110
35
101
94
117
1
4
79
15
18
90
121
64
122
102
14
91
138
115
93
150
168
39
131
81
100
177
41
171
54
31
27
130
62
142
74
20
37
95
136
140
13
154
147
167
99
183
46
56
72
80
70
3
78
52
23
85
156
162
16
185
47
141
66
145
169
114
71
161
92
181
19
98
49
51
125
126
186
176
24
163
6
170
61
42
26
146
83
178
88
57
2
120
175
87
112
33
63
69
149
12
53
151
28
139
25
174
48
68
58
9
113
7
155
86
135
76
107
105
164
38
158
134
30
124
55
109
152
43
60
118
160
123
8
29
116
127
129
40
128
166
34
67
36
82
182
73
10
106
89
157
50
108
184
45
159
59
21
22
137
