108
21
87
177
27
129
193
118
139
111
34
74
196
86
83
2
165
39
188
192
59
68
57
16
56
172
6
116
4
194
49
110
15
62
7
94
130
133
101
117
187
81
73
166
45
131
32
24
33
148
10
142
43
29
64
12
168
60
119
169
123
191
88
186
136
38
41
70
164
3
140
200
124
135
78
163
48
134
153
179
151
22
72
46
144
79
100
95
50
63
5
107
53
69
143
125
197
184
18
137
36
96
80
23
42
20
99
183
98
114
54
31
147
185
51
104
113
149
9
157
182
120
152
97
181
173
90
13
14
167
89
180
171
37
30
128
93
115
138
84
150
52
189
75
55
40
85
160
122
65
176
106
26
112
141
28
132
154
145
170
178
198
127
102
162
156
91
8
61
17
158
66
58
11
82
77
174
195
44
103
159
161
19
155
105
92
1
146
47
76
25
71
35
109
175
126
67
190
121
199
