5
94
20
85
183
168
195
131
92
49
184
12
15
194
70
35
102
23
147
41
19
31
22
99
39
88
79
13
170
115
128
129
78
181
69
118
93
130
151
68
143
53
192
169
196
122
175
135
67
154
150
197
119
71
96
59
2
52
199
139
125
182
84
16
103
186
82
107
124
1
105
90
117
142
18
44
62
83
33
133
10
114
134
132
72
138
89
159
190
152
146
28
176
198
51
34
40
109
121
58
126
178
193
24
80
66
63
91
166
179
56
55
74
86
4
104
81
112
65
60
57
3
172
7
164
144
155
160
48
120
36
9
50
45
163
158
137
47
101
43
54
32
37
200
75
188
61
136
26
106
141
46
177
73
27
6
149
108
116
30
189
87
191
8
165
38
11
95
187
17
185
167
171
97
148
64
111
140
113
145
77
123
157
180
98
153
25
162
14
161
76
174
156
173
100
29
21
110
127
42
