51
169
75
91
80
78
97
50
150
110
121
69
185
122
47
147
55
71
76
95
191
9
108
109
166
148
4
57
44
144
77
88
49
186
58
43
81
175
79
16
116
56
70
45
145
102
24
15
115
14
114
90
46
146
112
52
85
99
3
113
174
13
196
170
67
156
7
107
172
20
120
198
195
187
162
160
19
119
23
123
197
61
89
59
72
190
159
188
10
100
103
182
21
53
142
93
42
37
137
94
54
161
194
11
111
39
139
1
101
31
131
192
163
22
126
181
184
179
92
132
64
171
32
26
152
63
138
38
29
129
189
193
177
40
140
17
143
25
125
168
84
117
157
176
164
5
105
28
153
86
154
158
178
183
66
128
180
35
48
6
36
136
135
82
104
60
96
155
74
65
68
33
133
2
8
151
124
199
12
41
141
149
18
118
106
98
83
62
200
87
165
34
134
30
130
27
127
173
167
73
