93
35
67
73
55
37
99
132
169
175
26
96
184
25
63
162
144
146
92
141
6
105
101
107
128
192
17
157
148
3
152
85
158
129
100
123
8
181
46
116
76
110
77
163
103
125
64
23
167
39
112
51
151
185
149
59
15
196
166
159
121
69
32
170
153
47
14
34
48
75
111
89
94
24
72
109
9
155
18
177
91
131
139
140
194
70
28
31
124
118
183
190
2
78
82
83
61
29
36
79
164
187
180
81
49
84
178
80
71
179
11
173
10
127
138
104
98
13
135
172
4
134
62
176
126
195
182
145
16
186
87
40
27
50
106
56
137
7
52
115
20
19
143
57
142
189
58
33
42
120
97
102
60
44
188
86
38
22
66
122
54
161
114
156
65
90
108
21
130
113
165
30
41
88
133
193
74
150
43
117
119
154
191
136
1
5
147
171
168
197
45
53
95
160
174
68
12
