146
153
130
79
183
46
168
143
86
36
81
6
118
125
120
115
53
20
78
74
140
32
63
64
105
92
28
152
2
107
156
75
55
127
180
48
23
186
165
123
188
199
109
94
49
76
52
200
88
3
97
40
13
57
90
104
117
89
198
22
83
77
56
124
151
166
108
69
38
9
30
111
128
150
116
187
142
5
51
70
10
26
41
43
121
58
96
178
190
91
66
29
126
114
95
119
25
139
113
170
145
177
31
21
39
18
60
176
144
159
17
162
45
62
93
33
197
169
181
154
19
112
163
131
133
7
106
193
73
102
103
149
173
82
71
129
184
122
65
137
61
161
185
84
160
194
100
85
67
175
167
34
157
158
27
191
24
147
8
195
141
54
42
98
179
72
68
47
138
50
14
196
35
164
110
4
1
11
136
12
37
174
80
99
172
15
171
135
16
182
101
192
132
59
87
134
44
189
148
155
