44
48
66
58
158
57
114
3
152
17
38
111
32
163
9
46
153
175
62
115
100
110
61
67
43
55
35
87
68
83
26
79
174
69
132
144
5
119
156
25
89
47
75
29
93
36
135
167
59
70
65
12
30
92
16
170
161
22
23
18
21
123
34
20
97
24
94
150
155
128
180
105
160
121
149
77
91
129
122
148
10
4
54
52
147
96
99
31
179
165
117
134
40
60
116
139
172
104
137
63
113
53
45
42
51
49
33
86
98
177
72
120
143
107
157
154
141
64
84
166
39
56
50
76
126
14
7
74
169
15
146
41
37
78
11
71
118
19
82
145
73
159
8
108
80
85
102
168
125
81
88
13
112
162
27
6
173
1
138
142
95
124
28
176
131
127
164
171
133
103
101
106
109
178
136
151
130
2
90
140
