17
143
140
99
11
3
193
44
200
148
45
142
70
90
150
32
191
66
127
51
46
79
106
155
101
181
121
186
75
37
146
159
107
54
28
185
9
29
157
154
161
117
98
57
41
128
8
31
190
197
112
58
60
141
94
135
182
125
71
84
167
93
198
80
180
136
36
27
85
133
50
40
178
129
188
103
43
184
42
23
69
13
1
18
7
59
39
64
196
95
56
176
104
47
145
14
6
92
194
22
16
15
81
78
152
30
199
61
122
65
162
12
20
113
170
73
163
195
82
21
183
19
38
102
26
77
87
109
34
137
116
132
147
110
139
123
166
35
91
24
164
174
189
171
175
177
149
76
53
55
138
124
49
10
4
187
165
156
173
158
169
5
83
108
52
126
74
134
114
168
33
151
111
130
118
72
115
192
144
131
120
2
105
97
63
179
96
172
67
62
48
100
89
160
25
88
119
68
153
86
