112
103
71
22
17
39
16
56
87
27
136
102
113
171
187
69
152
50
174
111
151
125
75
180
66
85
183
32
121
140
95
179
9
178
81
96
110
130
67
168
117
199
138
54
147
190
167
150
154
19
177
29
10
68
153
192
119
116
34
145
173
144
170
97
83
5
33
60
20
58
141
74
197
90
7
40
188
114
143
172
129
44
118
161
30
128
24
53
15
47
166
156
23
100
37
184
86
14
126
80
101
55
148
132
108
181
70
196
43
25
105
76
35
155
52
64
73
41
189
164
133
11
142
176
1
78
159
8
51
123
98
65
191
146
160
46
45
158
79
2
107
92
134
137
124
48
91
62
42
186
26
94
163
165
122
193
120
182
109
93
4
28
84
169
77
149
21
106
195
175
3
13
18
139
127
115
88
185
57
82
49
99
162
38
194
135
6
198
72
61
104
31
12
131
157
59
36
63
200
89
