118
51
200
72
127
123
82
13
84
117
99
199
60
146
45
65
132
100
89
129
120
28
39
165
178
29
181
49
31
134
55
42
53
102
161
62
174
167
108
114
69
155
41
103
122
124
175
192
77
133
171
23
119
128
137
153
173
194
74
24
47
111
79
95
105
80
98
37
27
44
166
106
34
36
112
52
130
193
66
22
63
1
176
142
11
107
186
30
141
19
101
48
179
17
91
136
46
26
164
168
190
40
110
182
115
58
61
159
10
9
12
150
68
152
64
6
198
183
92
54
3
43
185
85
97
56
162
50
139
170
135
57
59
104
148
5
20
109
94
96
138
158
16
157
35
116
7
177
126
143
144
191
87
8
18
125
180
15
67
33
196
184
86
70
156
197
71
75
151
73
131
195
25
145
160
113
38
90
81
188
154
149
88
93
78
4
121
169
163
172
21
83
140
32
189
76
187
147
14
2
