156
87
75
41
8
145
39
62
166
81
51
37
121
91
16
107
5
14
171
197
140
119
70
110
17
49
88
168
192
101
142
118
60
155
176
42
175
3
18
12
98
45
55
187
1
133
178
161
191
104
77
152
177
153
114
132
68
183
167
33
7
71
135
102
50
137
80
136
58
147
46
116
129
141
29
66
31
174
111
24
27
89
186
143
64
160
169
74
199
97
28
159
90
59
131
180
76
38
196
122
139
83
47
112
134
106
179
105
67
200
73
154
99
127
189
148
128
146
84
30
32
61
72
123
115
103
190
82
65
10
20
96
36
100
26
11
125
94
157
198
170
124
54
48
113
23
85
13
69
93
193
19
172
182
108
43
151
40
165
35
130
164
120
173
79
52
149
95
2
78
188
9
25
56
22
15
194
162
44
163
57
138
144
21
181
34
117
150
63
158
92
185
184
109
86
4
53
126
195
6
