50
31
8
162
36
5
141
52
43
173
109
18
106
156
149
119
158
12
42
108
72
74
145
124
3
116
63
148
123
97
112
35
57
2
125
139
100
107
40
161
47
144
175
19
37
152
98
172
120
62
118
55
81
16
51
30
110
1
122
93
114
11
32
87
88
135
103
129
163
71
90
117
24
151
76
69
111
14
113
49
27
77
61
153
96
150
75
131
154
155
33
13
10
38
82
6
7
73
165
41
9
126
34
147
22
99
54
115
130
59
127
128
58
164
94
102
170
60
56
140
160
79
132
15
91
45
4
136
142
29
159
137
70
44
83
66
133
86
171
21
138
39
68
48
168
53
146
20
80
95
67
169
64
23
46
17
104
26
89
92
121
25
78
105
167
65
166
28
157
174
85
84
134
101
143
