107
10
199
197
40
122
158
77
109
75
113
143
147
90
57
195
170
92
70
150
100
176
64
24
29
1
43
154
28
38
81
120
23
159
88
184
161
102
6
115
124
155
192
26
146
190
141
126
8
41
136
51
76
83
34
101
78
60
128
94
17
181
25
80
182
172
20
183
104
116
33
127
160
9
30
188
173
11
45
171
153
4
37
82
65
164
27
91
58
61
114
200
98
193
149
59
167
177
178
50
105
186
134
125
62
139
66
84
111
180
85
174
7
163
152
132
22
44
46
49
131
189
74
137
21
119
2
108
42
168
96
123
68
198
106
194
162
79
117
31
47
35
175
97
112
165
5
187
118
13
110
89
54
130
48
67
140
179
157
19
12
93
36
69
14
135
86
121
39
148
18
95
99
15
103
169
32
55
52
72
156
144
73
145
133
63
87
3
138
166
142
53
151
191
129
16
185
56
71
196
