18
91
137
23
129
89
10
48
148
133
160
60
118
35
134
36
20
191
47
124
147
126
117
113
17
130
3
128
19
185
85
100
4
138
125
188
88
121
122
102
200
190
90
153
53
123
152
52
50
150
1
107
180
80
198
29
51
98
151
8
103
195
45
145
95
5
101
189
158
58
110
57
157
104
181
81
12
112
161
61
41
141
193
93
46
146
59
159
15
75
33
105
11
115
175
131
31
111
27
94
194
49
149
77
177
13
199
99
39
139
6
106
169
69
54
154
127
64
164
2
135
70
192
92
170
34
136
76
176
179
79
178
78
163
63
132
155
32
55
120
43
143
167
67
66
86
166
186
24
173
196
73
96
26
83
183
174
74
82
182
37
30
171
71
28
40
140
119
42
142
7
197
97
116
16
38
44
144
84
162
62
184
108
25
114
68
14
168
165
65
172
72
9
109
156
56
21
187
87
22
