166
95
152
195
185
133
109
151
3
79
100
179
91
134
61
160
18
29
72
74
85
194
104
92
118
184
81
173
39
174
32
26
16
168
138
31
139
66
45
114
82
162
196
42
60
97
199
137
41
128
50
176
80
158
165
90
30
86
121
19
108
172
22
58
140
150
6
141
154
200
8
142
169
125
89
62
17
149
129
63
76
94
178
115
126
46
117
197
21
122
87
52
13
110
11
171
14
111
78
33
170
77
175
2
96
101
103
116
182
119
36
145
112
164
136
156
75
131
146
183
155
47
157
187
68
55
5
193
135
102
10
167
192
143
148
144
15
83
191
20
88
25
38
127
70
161
189
28
44
59
120
105
34
132
69
37
23
130
54
198
71
98
159
48
93
180
1
124
153
35
4
7
49
27
40
73
106
43
163
56
181
24
9
190
107
12
64
53
99
188
84
57
186
123
65
147
67
177
113
51
