32
94
178
134
38
157
29
170
147
93
58
136
197
104
177
115
79
183
135
33
150
120
165
3
23
77
16
59
13
107
96
85
199
149
145
54
45
153
31
62
118
34
98
105
72
53
4
71
114
131
102
185
68
86
36
116
25
124
138
55
73
143
195
52
171
191
192
198
82
41
181
11
160
7
42
172
44
64
14
50
15
111
2
97
21
17
144
60
184
87
67
130
122
47
125
92
182
91
9
176
156
151
152
48
139
159
187
186
6
113
173
128
126
179
146
10
189
65
46
84
19
69
180
43
57
75
142
112
74
121
8
100
56
117
169
39
81
99
49
30
89
167
168
174
141
162
1
137
155
161
22
132
196
70
88
63
119
12
194
18
40
129
37
66
103
28
5
35
110
106
76
166
133
163
123
20
27
108
61
95
109
158
83
26
193
190
51
90
148
24
164
78
175
101
188
80
140
154
127
