24
3
149
1
79
125
35
63
66
38
43
82
110
87
133
94
117
90
36
100
132
11
21
122
130
143
28
120
39
47
51
33
84
147
22
81
8
78
15
111
27
96
119
14
55
88
104
13
102
4
144
5
107
76
128
158
153
118
65
61
80
26
157
68
121
152
58
44
103
114
124
74
140
20
49
131
62
29
70
89
116
19
34
7
106
148
54
137
154
156
101
139
136
30
31
85
77
135
17
25
97
112
86
126
32
134
46
98
151
64
69
146
92
52
56
23
53
113
41
127
145
37
9
16
73
72
71
60
115
10
75
141
6
50
93
99
95
105
59
91
142
18
57
45
2
83
150
109
12
108
138
159
155
67
48
123
129
40
42
