89
44
149
115
110
56
119
125
17
165
55
120
123
146
156
95
93
161
16
109
143
108
101
57
129
60
83
8
13
28
19
62
42
43
137
155
32
102
140
150
20
98
23
14
145
61
104
136
21
72
74
64
35
133
29
128
30
159
50
27
34
10
147
59
106
112
41
126
154
82
71
22
31
117
5
148
100
40
51
81
142
39
78
4
77
122
68
18
158
164
132
7
121
135
80
6
91
48
152
24
69
114
45
96
70
131
54
153
167
76
11
36
90
66
130
33
53
75
166
138
58
163
63
49
85
116
162
9
88
67
12
94
3
99
134
139
79
144
25
105
107
141
38
113
87
127
65
103
1
2
157
37
97
160
84
52
86
46
73
92
118
47
15
124
151
26
111
