56
38
23
64
6
92
2
111
90
91
35
24
52
76
138
40
131
200
55
4
5
32
132
28
50
119
194
48
124
14
22
149
196
141
16
85
89
51
58
82
102
185
172
122
88
99
57
44
17
79
94
190
161
178
133
98
72
198
171
140
183
18
139
68
163
12
95
106
155
135
21
120
150
113
128
180
71
162
129
192
114
33
177
157
74
25
11
187
19
105
27
156
168
36
70
199
151
158
152
13
20
166
118
46
41
61
65
142
181
63
29
115
103
176
125
31
169
75
77
9
81
7
93
80
54
97
143
49
69
10
148
62
167
184
43
100
123
108
86
126
45
53
165
117
137
110
67
195
107
73
170
191
147
182
144
42
186
197
34
3
153
159
112
179
59
60
146
8
96
136
188
84
15
87
101
134
66
164
154
174
26
145
193
109
39
160
37
130
104
121
127
175
30
83
47
116
78
189
1
173
