51
15
118
113
81
83
99
142
154
111
130
14
148
18
39
45
21
165
64
47
80
166
17
88
56
103
19
16
55
66
94
150
92
78
63
65
106
122
86
136
129
87
123
30
27
38
49
22
54
6
167
10
20
13
29
48
89
93
3
162
100
161
4
62
107
8
117
120
85
75
102
133
53
128
77
108
70
11
23
95
109
141
151
91
1
134
41
145
34
46
24
146
26
121
101
2
90
112
79
7
28
140
116
97
147
33
137
44
153
50
114
73
160
12
131
125
105
67
72
31
69
60
37
59
132
169
36
159
119
135
84
126
138
163
164
9
168
58
68
57
155
149
61
156
143
43
25
32
152
170
115
71
104
52
42
127
110
35
157
82
98
76
74
124
5
144
96
40
139
158
