24
6
121
104
123
81
54
71
68
35
88
107
125
19
155
22
42
17
138
150
130
153
110
185
142
148
115
79
13
159
58
53
69
102
184
145
72
59
27
26
90
38
176
169
114
64
96
83
99
82
189
49
152
124
103
21
171
25
156
95
57
183
4
178
117
41
147
186
170
165
50
133
116
45
15
162
118
74
187
151
10
89
12
106
56
129
20
67
119
164
166
80
47
43
111
91
108
128
77
52
36
154
55
132
149
51
8
126
143
23
18
188
5
182
94
139
33
168
76
7
66
14
16
2
9
84
175
167
141
120
70
101
34
180
158
46
40
93
100
172
39
75
174
65
122
78
28
161
105
97
113
85
86
87
92
157
173
146
131
177
32
11
61
62
136
73
163
137
48
109
134
37
29
1
160
31
181
140
98
60
144
179
30
112
63
44
127
3
135
