17
18
200
1
2
3
11
12
121
95
7
104
155
28
122
124
48
15
32
4
96
23
24
25
26
21
130
38
57
109
172
153
63
111
161
9
112
58
47
43
110
22
44
46
178
156
94
51
131
132
88
89
90
91
50
14
162
65
66
179
185
107
108
180
67
133
53
54
186
37
85
196
197
113
100
114
31
141
103
27
86
49
99
184
134
135
68
69
142
52
10
198
33
34
35
59
60
61
62
163
164
136
115
181
182
29
151
152
101
102
56
143
165
144
137
183
30
106
84
79
64
154
166
167
20
40
41
55
97
36
199
187
145
146
168
45
87
116
117
93
6
169
147
170
98
138
160
126
127
128
129
140
78
75
19
16
171
105
125
173
73
177
74
174
148
76
139
195
149
118
42
175
176
92
150
5
70
123
80
81
82
13
83
188
189
190
191
192
72
194
77
159
193
158
71
119
120
8
39
157
