71
74
47
176
138
80
45
194
101
192
60
151
169
185
164
120
125
124
136
161
46
38
109
81
144
84
195
200
41
63
167
175
163
85
182
26
53
114
105
22
77
33
143
139
7
62
18
137
127
31
156
1
28
183
29
112
4
76
102
196
83
173
49
121
187
189
17
42
54
131
5
184
134
159
36
170
10
87
129
52
155
162
39
82
178
20
6
61
99
142
146
75
86
25
8
133
149
171
91
79
140
92
166
43
96
160
165
90
113
110
88
93
157
108
193
72
14
117
119
188
100
128
97
107
68
23
34
199
152
12
147
11
35
177
181
106
64
59
27
58
24
21
191
197
56
98
30
19
94
40
141
180
123
150
118
73
179
158
122
186
50
32
116
111
190
37
70
148
44
174
89
69
57
48
132
198
16
115
67
65
154
130
135
3
153
172
103
66
55
104
2
145
13
9
51
95
168
78
15
126
