113
107
109
179
161
84
147
45
128
6
30
184
76
182
82
69
61
34
18
79
55
112
145
93
75
108
44
153
140
32
96
66
51
62
64
172
38
139
177
86
26
157
165
97
58
59
131
98
67
80
138
3
158
152
5
167
175
176
191
88
129
123
28
56
1
54
92
150
22
192
134
106
130
170
196
24
118
15
70
119
149
160
12
173
115
33
89
181
14
104
178
154
36
141
77
78
156
135
180
188
137
16
163
111
103
37
25
27
13
87
42
83
95
94
187
60
122
166
63
85
48
17
65
72
35
125
142
11
197
81
133
198
121
110
189
29
46
100
124
71
40
117
101
114
31
132
105
190
183
21
53
116
43
9
126
50
102
120
169
144
185
7
136
90
127
47
171
41
155
74
199
73
143
49
200
164
146
19
186
2
4
174
99
148
10
194
168
151
91
193
20
195
57
162
159
68
39
52
23
8
