147
115
119
134
14
176
56
77
156
164
66
33
155
25
166
49
18
64
177
165
30
109
175
89
82
117
128
70
138
15
51
6
108
184
65
192
101
123
41
37
154
90
137
116
59
111
167
36
24
7
189
4
93
53
186
169
61
152
43
5
27
23
146
118
72
28
54
141
172
50
46
87
182
149
95
125
133
153
160
32
80
185
97
100
131
21
57
84
17
1
73
94
38
55
13
190
9
29
19
151
178
2
158
139
81
39
96
173
16
67
120
79
58
106
168
121
122
20
157
44
145
181
103
8
171
42
162
88
69
76
63
22
99
179
132
74
144
98
102
150
191
112
107
159
3
170
135
124
60
40
10
71
130
140
91
48
52
127
86
85
136
142
92
104
110
26
188
187
78
105
161
183
174
143
180
126
129
75
12
47
35
148
31
62
11
114
68
163
45
34
83
113
