135
112
200
81
117
147
47
97
125
153
184
129
170
93
193
89
111
1
84
8
71
7
49
175
174
152
187
121
52
128
186
102
95
126
119
26
132
65
18
145
108
69
197
130
172
182
48
101
70
142
30
109
72
120
104
158
61
155
74
185
154
162
29
149
38
115
198
43
98
148
10
165
27
60
20
160
139
80
59
58
54
24
90
9
163
32
177
22
131
99
188
124
173
67
82
100
194
77
141
123
171
23
94
25
64
114
151
136
85
196
73
107
159
199
15
146
166
195
16
118
140
161
35
183
5
189
37
40
19
91
105
169
45
34
150
14
178
179
116
110
190
86
144
127
79
42
3
181
36
63
53
113
21
56
103
134
76
122
17
87
176
31
41
156
50
78
13
2
157
92
96
168
68
33
88
83
192
57
39
28
66
12
55
164
106
75
167
44
62
191
138
6
11
137
4
46
143
51
133
180
