55
164
151
193
158
41
31
56
22
124
179
128
67
122
138
65
144
46
133
183
194
48
132
85
90
60
75
81
69
100
190
51
43
146
170
99
160
19
16
199
145
127
95
176
157
12
163
80
30
77
153
70
64
148
7
110
150
196
29
101
165
161
177
37
107
119
111
135
104
71
197
11
44
116
96
97
73
4
68
26
84
139
47
23
188
39
123
20
9
86
126
118
25
32
102
38
72
130
109
61
186
13
134
10
180
198
28
141
143
78
152
108
187
83
136
185
189
15
172
54
52
129
82
79
6
74
2
156
21
114
167
63
35
131
159
181
93
125
18
50
171
103
195
149
3
1
173
98
162
66
36
92
140
76
17
115
112
27
154
175
24
169
40
182
117
121
91
94
192
87
88
53
33
155
174
113
49
166
168
105
89
200
5
120
62
14
59
191
45
57
58
42
106
178
147
8
137
34
142
184
