41
74
65
160
127
48
126
171
6
42
14
13
86
27
137
107
164
28
52
157
44
78
102
109
64
144
105
172
162
168
12
98
23
148
25
97
59
53
110
94
169
46
93
139
154
153
39
104
71
140
158
34
117
57
155
170
103
92
114
33
166
88
91
63
84
36
85
29
143
135
145
19
62
156
138
56
174
80
49
123
20
55
68
79
161
37
38
11
87
113
10
142
134
18
173
124
165
129
67
82
66
16
131
76
121
90
136
141
50
51
122
100
133
159
1
60
70
118
163
130
147
45
119
9
152
31
175
3
96
5
101
115
15
61
149
72
54
89
106
81
73
8
30
146
17
108
112
2
26
47
120
24
150
77
151
4
128
32
7
58
40
99
83
167
69
111
43
116
75
125
95
21
132
35
22
