25
15
111
45
54
146
160
49
123
35
51
133
42
139
97
37
80
181
68
10
7
33
194
56
114
117
53
151
76
26
185
162
65
170
11
140
128
168
119
126
5
124
136
84
169
14
96
18
3
186
104
29
83
2
131
23
21
105
155
89
103
60
38
167
72
75
134
24
44
30
176
129
127
180
74
179
102
108
130
46
95
101
91
164
157
187
135
191
86
28
4
178
159
1
87
182
154
112
149
63
32
110
144
183
115
69
177
50
31
22
67
188
122
199
40
94
82
118
189
34
9
197
166
148
174
6
27
20
156
41
17
71
43
48
175
153
147
81
39
58
143
55
64
195
137
77
150
106
19
107
165
138
61
62
92
12
66
172
192
73
171
196
47
125
13
109
52
85
198
120
163
158
78
116
98
145
79
173
88
184
16
161
152
113
121
90
141
193
190
57
132
200
99
93
100
59
142
70
36
8
