63
108
166
48
50
153
59
154
55
197
71
163
191
184
45
42
112
77
159
52
123
133
47
34
68
53
4
46
102
15
37
84
139
80
100
142
187
89
176
127
8
90
65
131
122
188
198
156
157
23
36
118
174
27
83
30
73
143
81
40
1
110
87
95
137
134
5
114
56
185
39
13
92
169
160
199
41
128
38
151
28
175
69
178
10
32
25
74
103
192
158
31
19
17
149
171
43
172
82
88
67
49
106
62
173
117
26
2
58
85
64
79
168
129
164
51
75
3
195
182
126
66
116
113
200
18
78
136
99
11
21
196
20
179
119
22
76
150
125
144
96
193
33
70
91
152
44
186
6
60
61
194
109
189
161
93
9
35
147
121
155
104
105
72
98
146
54
124
190
170
132
183
57
115
180
148
145
120
101
29
107
138
141
94
167
12
181
162
140
97
14
24
130
177
7
165
16
111
135
86
