143
105
175
166
195
94
140
153
121
192
136
162
64
188
77
90
18
27
196
100
69
11
23
167
108
16
159
26
163
96
137
193
110
115
165
181
89
19
158
182
29
151
95
152
42
133
3
132
98
130
93
4
82
80
124
73
116
114
57
199
197
138
146
149
125
155
37
142
169
174
87
41
33
200
34
109
198
117
107
112
50
86
8
78
52
101
74
88
40
35
48
59
178
179
44
58
160
85
51
172
5
53
10
72
127
194
183
61
43
6
119
12
164
191
123
118
134
176
189
150
131
63
173
83
135
186
126
104
180
66
54
177
122
31
103
147
14
49
120
99
62
92
113
187
139
184
70
46
190
7
45
2
20
15
60
55
170
171
81
28
97
102
22
145
17
47
144
185
154
65
9
111
39
141
75
71
76
67
25
32
30
79
129
148
106
168
156
161
38
68
56
13
21
91
84
157
1
128
36
24
