180
163
189
47
98
103
118
21
26
12
29
90
7
174
94
70
121
69
123
9
42
93
8
109
171
198
97
5
62
126
177
96
133
59
24
92
164
72
152
141
110
64
14
32
161
128
178
11
54
160
1
100
83
78
34
56
43
117
41
66
191
3
115
169
10
50
131
107
130
139
142
122
155
82
179
187
48
38
49
166
111
158
35
63
132
22
95
6
28
15
156
149
36
76
197
33
165
183
143
113
135
39
147
19
150
101
112
16
162
52
182
17
186
106
77
148
23
190
120
188
87
145
91
125
102
4
175
159
99
194
25
74
67
51
55
84
86
13
30
75
2
45
124
65
144
37
114
157
105
168
185
73
199
137
181
138
31
153
40
79
108
151
184
61
20
195
58
173
81
127
53
85
18
200
129
88
193
60
170
57
136
172
167
154
80
119
68
192
134
44
46
140
116
89
146
104
176
27
196
71
