194
122
74
94
135
199
78
150
159
21
75
112
152
80
191
88
200
41
140
174
19
188
185
2
83
160
163
84
40
121
10
93
86
171
180
9
154
145
177
111
169
125
60
15
46
156
187
157
54
71
165
118
149
66
36
17
76
183
82
106
53
14
192
136
139
26
56
68
20
51
72
147
146
44
89
141
186
57
50
30
33
195
98
181
127
58
52
16
110
155
104
138
130
43
105
91
101
151
131
11
62
184
137
64
133
124
109
178
189
142
3
134
70
55
162
34
193
179
59
129
166
90
113
6
107
158
132
24
164
120
161
22
196
18
49
13
37
85
47
77
8
96
45
97
12
148
79
48
5
173
167
73
198
153
38
35
69
65
95
143
172
7
144
63
114
81
31
176
39
29
61
87
123
25
28
115
182
108
67
99
92
117
119
1
128
170
103
42
4
116
23
102
190
168
100
197
32
27
175
126
