110
16
15
200
83
100
24
66
129
101
46
196
134
6
197
133
191
4
95
102
171
64
103
194
117
42
174
76
154
8
54
44
119
113
21
48
167
50
31
99
109
27
51
43
90
140
86
49
152
63
67
74
20
164
78
23
10
145
146
155
40
126
153
120
143
115
57
124
70
184
3
151
82
55
148
45
105
131
87
123
69
39
198
181
147
2
178
175
17
137
161
1
192
172
32
182
36
199
29
73
142
157
81
18
75
47
186
11
92
13
168
35
187
180
176
166
122
106
112
65
91
169
89
130
96
33
37
93
149
136
85
56
162
144
183
188
79
77
7
98
121
128
97
195
52
127
185
9
12
189
177
72
173
53
22
135
190
58
88
158
160
170
132
14
114
111
61
59
193
150
163
30
38
116
34
139
41
104
108
60
25
138
156
19
84
141
80
125
179
159
94
28
118
62
5
71
165
107
26
68
