116
58
142
38
123
109
81
158
105
83
70
199
112
125
171
111
186
126
136
18
184
6
180
72
164
44
79
60
78
55
159
94
133
59
99
161
190
48
64
175
108
33
139
13
144
194
114
36
7
68
135
143
92
117
97
19
14
149
8
50
32
95
148
89
56
103
63
170
127
45
9
168
137
4
29
196
174
163
74
166
165
176
57
31
183
37
46
124
82
53
98
134
154
42
147
153
35
21
178
67
169
15
150
173
182
188
106
34
88
189
3
155
71
129
128
122
101
200
185
104
24
162
115
52
181
49
23
100
113
177
96
120
87
66
198
69
191
47
119
141
30
102
121
160
61
84
192
131
27
16
193
39
25
85
73
40
187
179
20
157
156
86
151
197
2
132
26
195
41
5
11
77
28
75
146
130
167
110
80
1
17
76
22
51
93
62
107
138
54
145
10
12
43
140
172
90
91
65
118
152
