20
91
142
5
184
97
175
152
42
113
74
161
72
148
173
88
49
128
51
178
147
155
81
48
62
166
60
9
98
153
37
133
139
39
186
84
196
117
193
93
2
6
109
53
195
138
102
86
90
78
110
124
82
192
158
35
64
59
126
159
177
116
122
54
120
156
197
41
26
73
157
171
181
45
182
80
4
129
50
106
162
160
169
58
200
66
8
143
18
77
79
11
33
101
63
136
36
17
132
56
108
134
150
164
67
170
180
115
154
187
23
52
112
22
13
130
55
40
165
149
29
121
191
141
24
172
140
71
168
47
194
146
65
111
125
145
127
119
61
7
44
83
199
43
103
46
99
3
16
188
94
123
179
163
95
104
96
69
151
183
100
28
30
76
68
190
38
70
75
105
32
174
114
31
15
167
57
85
137
89
27
189
185
10
21
135
1
198
14
25
176
19
144
131
92
107
34
87
12
118
