6
39
163
53
48
71
154
66
114
95
192
111
189
42
73
125
2
160
56
75
103
143
194
50
140
91
102
60
105
185
168
1
153
104
149
146
187
88
117
180
29
191
183
96
164
170
49
136
21
82
181
4
74
127
178
12
107
65
174
34
7
14
36
100
197
141
138
131
51
193
62
108
97
38
169
54
132
144
152
123
18
76
182
121
172
8
122
150
72
199
147
99
61
167
45
26
30
106
10
5
135
23
87
25
176
113
16
11
68
90
161
64
158
198
118
173
28
162
67
133
3
124
70
116
110
15
184
31
24
171
200
101
145
13
22
86
19
44
98
20
63
179
40
186
151
57
94
46
35
130
119
128
92
120
142
156
78
41
89
109
77
188
43
80
166
83
37
137
115
79
84
126
139
47
112
32
195
81
155
55
69
190
17
134
165
33
58
9
177
129
148
85
159
52
27
175
196
93
157
59
