135
142
147
166
117
122
145
188
91
171
102
139
179
161
121
138
196
152
115
172
195
108
163
178
194
130
170
180
189
127
190
192
120
125
149
159
162
144
168
131
165
193
100
119
137
155
191
198
157
174
113
169
105
106
128
176
107
175
181
114
124
156
112
136
154
151
129
183
173
104
109
111
123
134
150
158
167
200
146
184
187
10
141
182
89
101
160
164
185
103
177
186
197
48
110
132
143
199
116
118
126
15
133
140
148
153
60
35
36
84
47
3
4
53
52
85
90
50
80
88
1
29
51
98
8
45
95
5
58
57
61
12
41
46
93
59
33
75
11
31
81
27
94
49
23
77
6
99
39
13
69
54
2
70
34
64
18
76
79
78
67
63
55
32
43
20
66
86
92
73
96
26
83
74
82
24
22
14
37
30
71
28
40
42
7
97
38
44
62
16
72
25
21
68
65
19
17
9
87
56
