17
10
6
2
11
18
186
121
165
178
47
84
131
195
190
54
75
15
55
168
141
151
127
1
200
95
126
97
192
183
5
94
115
139
20
69
193
136
114
101
184
146
187
119
122
130
147
98
52
38
9
153
96
59
88
65
176
189
32
63
83
179
44
24
144
7
125
68
86
60
19
33
25
170
89
173
166
50
107
21
175
72
132
120
199
8
158
172
66
152
145
40
27
196
133
174
14
149
78
87
46
148
90
103
22
34
164
167
159
43
162
70
194
39
53
163
29
62
85
79
99
64
109
30
124
197
36
181
26
61
135
28
111
155
180
100
138
154
188
82
182
106
185
37
143
23
48
128
105
42
92
80
102
161
110
140
31
56
156
57
91
81
45
129
137
77
150
3
118
74
157
191
113
4
142
49
108
134
41
71
12
76
93
160
198
67
117
123
177
116
51
73
112
35
171
104
13
58
169
16
