160
102
138
200
171
112
40
163
130
151
197
116
94
147
80
182
49
161
101
156
10
39
142
150
140
83
70
78
98
3
7
42
51
84
91
45
74
8
155
20
36
178
196
99
77
59
127
199
23
61
79
195
175
1
176
193
6
95
149
62
198
67
75
121
5
96
145
137
18
134
169
122
192
124
32
56
119
132
44
128
153
164
115
48
33
9
170
100
46
166
71
82
76
114
92
135
183
13
17
4
117
16
30
50
105
90
186
31
12
21
167
11
143
54
72
38
57
26
152
22
131
118
129
104
187
174
173
15
172
35
110
19
29
191
109
28
87
181
25
126
58
34
157
162
63
107
53
189
108
52
133
185
43
159
120
179
89
47
81
69
27
177
37
93
168
60
136
188
88
111
97
139
85
194
2
14
144
125
158
64
106
113
148
86
141
55
65
184
190
66
165
123
180
68
103
154
41
24
73
146
