12
194
3
179
180
104
169
119
62
115
11
112
153
175
92
109
146
18
43
144
145
44
76
129
88
72
100
170
121
31
17
22
51
189
173
190
91
10
74
87
188
60
99
81
192
37
1
46
85
42
98
23
80
24
139
105
52
158
13
71
143
135
28
138
108
187
106
96
127
21
97
130
107
165
6
185
63
164
94
7
86
58
110
56
69
162
15
83
123
48
84
79
132
125
193
53
161
171
14
124
120
78
47
154
111
156
30
82
181
191
4
95
150
177
178
126
25
36
116
32
5
137
50
142
103
140
68
45
117
41
102
163
19
114
183
167
141
27
176
182
196
157
118
131
101
67
65
29
38
20
59
186
90
128
195
147
199
66
77
70
168
152
197
148
198
40
55
89
113
133
39
34
64
9
16
149
57
200
61
75
73
134
166
8
184
49
160
155
172
159
2
122
93
54
136
26
35
151
33
174
