22
157
83
90
196
36
25
74
122
98
197
123
69
15
198
2
136
72
52
43
105
192
149
168
31
85
172
132
13
53
97
133
3
154
152
127
9
82
121
110
106
7
112
167
89
163
179
115
114
51
61
41
194
116
29
17
49
170
171
104
16
44
14
117
5
35
124
118
24
93
46
158
126
1
139
58
131
20
178
129
109
102
108
195
176
180
76
135
164
142
84
34
120
39
38
99
166
173
199
160
190
23
77
161
59
91
187
100
64
71
45
73
138
67
96
140
37
134
75
181
182
183
151
189
48
145
33
27
101
60
107
111
150
186
28
130
128
62
146
54
174
32
119
169
6
113
88
80
147
188
165
55
162
103
95
26
81
125
175
57
65
92
155
70
10
8
66
191
50
193
153
177
94
185
137
47
56
21
200
78
159
68
143
40
30
18
87
184
42
148
86
63
144
11
79
19
156
141
4
12
