48
8
91
111
44
49
101
21
100
33
70
66
110
43
117
34
1
107
187
159
143
140
51
12
130
77
59
23
195
31
13
14
96
170
5
22
186
17
57
137
56
180
112
32
30
134
144
58
200
169
115
6
189
29
15
133
126
151
127
108
63
155
27
54
38
178
132
160
190
125
123
74
64
121
166
198
35
39
129
136
83
95
165
157
161
119
116
16
98
138
99
25
18
90
174
196
167
175
3
37
164
93
7
185
41
171
60
153
162
146
156
68
188
139
199
147
78
191
20
131
182
81
92
75
9
114
106
80
168
192
52
42
88
82
120
73
113
158
87
163
105
104
183
67
135
141
102
184
176
94
47
86
10
4
53
40
194
103
197
154
89
28
97
24
109
36
122
142
79
145
124
71
173
65
76
2
50
55
148
193
72
118
62
84
11
46
152
128
150
149
172
26
45
177
181
19
179
85
69
61
