121
163
139
111
69
86
130
131
29
40
8
7
1
42
33
49
35
150
141
170
53
179
43
159
175
81
143
152
77
71
162
39
120
164
108
65
16
62
83
73
23
109
93
126
167
3
122
60
123
174
172
149
66
129
15
5
165
168
31
89
47
64
59
67
119
154
186
44
19
125
22
160
63
91
137
117
185
115
75
36
157
106
94
110
56
98
10
26
76
52
138
4
54
104
177
166
176
153
32
18
92
173
127
183
124
147
41
70
48
184
100
78
171
38
95
90
105
181
169
12
34
133
88
112
135
85
161
146
128
46
13
187
74
20
113
50
182
55
180
103
27
6
57
96
9
45
72
79
28
101
132
2
30
87
21
61
145
136
24
178
14
25
155
144
114
82
51
84
140
37
156
97
68
102
80
151
11
99
148
158
58
142
134
17
118
107
116
