166
103
168
39
90
194
36
188
34
145
161
97
132
77
11
134
149
35
138
9
31
117
51
65
174
141
154
86
172
118
5
67
3
63
26
20
46
175
89
75
176
170
146
143
62
16
127
37
94
66
74
112
152
30
186
18
99
47
196
2
78
19
41
173
133
100
13
198
109
58
50
114
191
53
119
6
68
171
177
183
29
92
136
72
42
137
179
43
21
104
73
158
200
116
28
180
123
182
17
128
115
130
193
85
15
197
142
153
160
79
126
61
69
56
1
151
24
144
164
102
101
157
91
108
33
110
156
184
7
25
131
165
14
4
54
81
82
105
192
155
120
27
185
162
181
64
80
71
10
199
195
55
22
107
84
88
111
12
148
163
48
178
44
167
129
70
87
113
121
76
169
45
124
93
98
140
38
189
32
59
187
8
159
147
150
83
40
49
23
139
125
57
96
122
106
60
135
52
190
95
