116
15
95
48
72
126
147
22
122
64
63
75
24
20
44
83
130
28
80
108
31
40
149
6
67
128
101
141
27
68
143
88
50
117
29
115
58
123
21
100
55
25
46
132
86
144
79
49
81
98
4
135
150
35
113
59
125
12
120
36
69
148
112
124
119
8
103
38
23
82
18
62
89
60
127
133
139
118
74
90
10
56
13
140
26
85
33
96
9
57
53
87
138
66
51
131
3
37
134
54
93
65
97
73
152
110
84
19
71
7
92
32
1
39
136
45
105
2
107
17
151
146
91
70
43
121
102
142
47
106
76
77
52
42
129
41
14
104
11
109
145
16
99
137
34
61
30
114
78
5
94
111
