115
104
109
121
136
130
131
146
148
102
107
124
127
117
138
141
105
132
120
103
122
108
123
140
149
42
137
134
143
145
147
114
118
139
150
101
111
113
119
142
110
112
116
128
106
126
135
125
129
133
144
183
77
64
82
86
60
74
88
85
97
91
37
63
65
81
94
53
76
79
83
75
84
12
78
93
100
69
55
72
96
57
56
61
71
90
66
67
54
59
70
92
99
58
51
62
68
87
95
73
80
89
98
52
195
158
47
50
6
156
21
190
170
1
38
40
164
181
18
169
174
29
32
172
188
23
19
4
199
14
167
46
178
185
20
177
176
159
34
2
162
163
171
187
26
43
10
5
45
49
161
31
191
197
41
192
8
35
196
36
30
166
44
157
173
22
27
3
154
13
198
189
160
184
194
48
179
153
7
200
165
193
9
11
175
16
182
155
15
28
24
33
186
168
180
151
25
17
39
152
