108
63
105
25
89
107
125
47
156
158
144
77
113
185
186
153
183
190
13
30
46
20
45
52
181
100
129
177
68
148
8
23
34
43
91
178
200
19
54
110
187
21
127
157
14
15
69
71
115
162
166
184
196
22
82
117
134
140
28
131
35
141
114
159
7
37
118
119
169
66
136
145
120
142
165
53
109
147
149
176
24
143
170
174
163
86
189
6
83
116
193
11
32
57
97
154
16
49
51
73
80
94
188
60
78
103
12
84
3
17
130
152
195
38
55
81
112
2
61
93
132
139
161
36
44
96
56
62
26
64
74
98
128
72
106
1
58
65
70
172
59
180
199
67
182
50
150
111
194
4
88
27
87
171
121
31
99
85
95
175
42
123
33
122
5
126
92
101
138
76
133
90
160
124
39
135
167
179
48
164
41
155
79
102
151
191
198
10
146
29
192
40
197
137
18
9
168
75
104
173
