22
43
73
151
92
69
16
166
12
118
48
184
27
113
106
152
169
80
136
68
54
128
20
34
53
126
30
146
171
105
143
168
140
182
173
75
15
108
153
50
119
51
165
104
100
26
56
5
141
120
157
52
40
44
8
18
114
98
17
39
107
4
10
58
65
49
174
24
7
94
139
123
125
121
124
64
66
31
41
99
161
11
47
89
132
159
76
90
160
145
88
102
85
142
150
83
170
86
110
181
82
148
101
81
55
59
135
67
96
179
72
42
60
57
35
70
103
183
112
9
14
23
180
155
61
2
134
84
97
29
129
176
63
158
1
111
138
95
122
45
79
25
167
133
130
13
77
164
6
147
36
71
156
91
87
78
116
19
154
93
149
117
109
62
38
37
175
162
131
74
32
21
137
46
177
172
127
144
33
163
115
3
28
178
