136
149
126
28
45
21
153
174
103
62
77
7
143
30
112
18
121
53
1
31
32
123
65
44
140
96
89
91
151
141
160
10
63
117
55
147
102
19
110
94
86
135
100
47
157
166
15
49
161
69
75
175
92
60
73
120
125
138
40
172
4
158
132
35
148
13
98
150
23
22
33
76
119
154
12
51
87
38
88
54
57
168
82
84
170
64
90
133
20
114
8
139
17
164
67
162
80
74
5
25
68
124
111
48
167
2
50
109
131
85
169
27
99
95
46
14
56
9
145
105
171
137
129
115
130
3
37
108
52
26
104
116
29
106
122
156
127
118
165
107
81
113
159
61
78
134
6
173
11
24
16
144
72
163
79
146
142
70
58
93
83
155
59
71
66
41
43
42
36
34
97
128
101
152
39
