11
7
75
147
117
35
118
8
15
119
36
189
86
92
74
159
30
176
64
146
1
106
166
190
162
99
134
187
48
174
110
33
63
51
150
188
98
81
131
21
171
180
47
62
95
29
10
45
43
27
55
151
160
181
156
93
22
145
28
172
3
18
139
80
100
141
91
154
82
111
34
44
184
73
69
50
37
135
108
14
168
164
102
165
65
127
128
177
186
122
52
13
148
126
84
88
70
19
46
6
66
76
158
9
42
163
39
109
137
17
138
121
113
4
149
87
31
129
161
167
112
40
25
49
123
182
12
169
41
24
114
104
130
96
173
120
125
144
97
38
105
90
85
61
178
5
54
116
58
153
79
2
59
56
83
101
32
157
183
142
175
89
68
152
94
143
67
132
71
124
57
155
136
179
23
72
115
140
103
60
170
16
20
77
53
78
26
185
133
107
