7
144
188
14
78
5
58
198
118
165
66
18
6
167
83
55
54
101
168
199
180
65
183
154
62
124
42
196
72
3
79
69
37
38
34
63
45
105
184
146
103
41
200
89
148
110
161
162
50
86
191
164
132
182
19
57
149
174
116
20
91
60
128
25
2
76
139
147
169
97
157
115
15
151
121
158
120
155
22
176
44
61
71
156
95
46
64
126
29
170
171
99
194
195
159
125
181
100
82
93
21
52
92
136
152
104
48
74
114
84
133
131
178
102
47
90
112
111
43
87
9
16
160
31
68
11
179
1
53
73
39
24
40
113
145
56
13
27
166
153
98
177
33
127
59
51
77
35
137
81
10
106
109
32
123
173
96
80
94
130
30
185
67
85
190
197
175
186
70
192
122
141
142
23
108
193
138
75
4
8
172
28
129
49
134
140
12
107
189
26
88
119
150
135
187
117
17
36
143
163
