106
13
81
98
123
71
168
183
25
85
96
55
78
100
129
149
144
52
111
131
120
6
44
185
138
164
67
119
83
88
77
130
28
9
200
48
74
147
50
11
42
39
20
108
192
56
194
80
10
188
156
73
101
180
176
40
95
190
4
93
127
66
112
171
38
195
7
27
68
113
99
15
199
151
43
62
165
114
14
109
135
23
177
12
184
35
24
162
47
87
179
92
54
82
117
51
153
107
84
3
86
1
173
189
154
125
137
45
118
134
161
152
181
187
175
94
116
121
5
64
104
36
174
122
37
31
126
8
89
90
139
41
157
115
163
145
70
58
105
142
178
102
2
143
75
59
146
46
21
103
29
33
57
186
172
91
65
17
166
182
49
159
61
158
110
22
18
132
76
150
34
16
19
140
141
136
198
191
133
53
63
196
124
128
167
69
72
155
148
193
197
30
97
169
160
32
79
26
60
170
