106
153
127
156
74
51
179
139
114
104
29
170
56
3
155
92
73
133
103
113
47
176
141
132
120
109
102
27
129
135
18
24
31
140
61
62
30
2
37
85
28
189
45
96
82
182
72
49
6
65
48
33
163
143
20
50
142
150
175
58
8
21
123
161
188
149
125
99
169
184
60
121
162
79
110
124
71
144
11
88
159
84
68
154
173
97
131
77
53
15
23
64
178
13
130
172
41
94
186
67
134
116
148
46
157
151
86
167
177
187
122
126
44
152
171
10
38
42
26
146
5
91
145
14
138
136
100
16
111
108
25
9
137
19
87
32
70
39
185
69
17
101
183
52
181
80
107
83
166
4
147
98
76
95
119
164
34
112
66
43
117
1
63
93
165
35
40
190
118
81
115
36
158
180
59
78
90
174
54
57
128
160
168
12
89
55
105
22
75
7
