58
3
26
15
13
55
74
14
6
140
82
86
93
102
40
138
65
170
43
30
148
34
57
134
151
70
66
135
9
143
37
4
23
10
155
117
125
76
25
2
115
111
78
60
73
22
173
89
91
131
128
69
64
105
166
87
24
112
123
157
51
154
168
162
137
72
141
160
12
49
29
121
150
48
130
41
88
110
84
139
109
90
169
45
80
146
145
132
59
98
124
16
75
96
171
11
47
161
119
63
95
136
156
83
113
165
153
114
108
106
1
133
52
81
158
147
21
92
33
100
103
61
101
46
19
118
28
97
68
174
159
27
142
56
38
163
107
77
53
116
172
32
175
42
71
94
39
129
5
99
167
149
67
104
35
20
18
122
44
17
50
120
62
85
54
31
79
7
36
152
8
144
127
164
126
