37
18
67
115
101
194
118
200
122
31
128
136
166
192
127
88
147
143
191
36
198
3
7
176
19
77
171
109
80
51
69
146
179
49
71
123
156
29
35
91
81
57
25
68
24
70
5
169
105
183
26
163
107
60
186
190
66
48
160
103
74
158
111
41
64
72
161
164
184
108
131
11
12
100
126
84
137
139
172
195
46
92
53
130
38
21
167
180
165
134
90
83
54
153
152
97
33
155
58
27
140
86
98
177
85
170
34
150
30
6
181
175
99
148
55
8
59
42
106
173
44
87
73
142
159
56
78
157
129
112
132
182
52
17
193
185
162
119
168
62
102
4
47
151
13
121
79
138
141
76
120
187
2
96
116
135
61
50
45
40
28
14
94
20
144
125
133
93
95
188
149
1
32
63
16
75
114
110
174
145
104
89
65
197
9
15
124
10
23
178
117
196
22
113
154
189
39
199
82
43
