40
136
74
196
8
134
191
112
91
72
37
84
180
105
51
53
14
127
125
12
121
4
82
108
59
109
81
5
43
7
107
65
23
9
79
159
39
29
16
186
102
198
56
160
193
48
70
165
76
170
100
171
15
97
138
62
1
185
189
46
146
150
67
192
106
154
151
54
63
145
152
190
116
183
66
80
64
55
27
38
83
57
163
124
98
113
161
199
89
123
168
184
137
117
182
173
142
6
75
194
68
147
35
52
77
144
95
156
60
133
130
158
115
157
153
87
179
20
44
3
141
26
132
169
149
166
118
119
34
135
30
126
19
90
47
28
18
86
129
114
110
101
94
174
99
69
24
93
188
148
122
45
71
96
85
58
103
73
195
2
178
31
164
42
21
36
197
49
140
41
143
175
32
92
78
120
128
50
172
155
10
25
187
88
131
13
162
177
17
61
181
111
11
176
22
139
104
33
167
