66
55
23
89
153
118
10
123
7
6
159
18
48
52
98
129
63
156
108
103
105
31
146
144
101
90
116
117
38
74
96
80
119
15
97
136
160
81
53
99
59
9
151
102
30
68
170
113
49
4
75
20
95
154
41
106
37
134
33
94
91
132
114
5
65
122
29
139
1
78
110
120
82
164
47
13
14
58
109
27
162
36
16
70
128
161
131
44
56
19
126
40
17
93
25
173
133
150
77
165
169
22
125
141
57
76
163
147
24
64
35
112
149
69
142
21
85
166
127
87
54
3
148
42
60
168
130
174
171
61
140
51
11
86
84
88
39
138
121
124
73
2
155
137
32
107
72
12
62
8
26
143
104
111
79
45
67
50
158
28
152
157
172
100
34
46
145
135
167
43
92
115
71
83
