30
23
13
149
94
73
128
48
81
27
51
59
186
118
153
194
174
46
93
26
34
71
156
77
170
180
181
162
7
41
32
150
99
106
78
107
102
167
126
87
173
15
2
199
43
21
29
161
67
184
109
119
96
90
195
158
60
98
66
54
130
189
97
84
86
35
146
196
125
127
8
100
190
134
178
124
198
92
22
20
40
105
157
104
69
187
135
177
151
129
175
122
147
12
62
95
179
76
138
191
16
152
168
163
52
132
110
141
65
91
37
19
36
200
56
183
18
116
24
160
108
14
85
10
145
39
44
61
154
103
38
113
123
101
79
4
112
188
89
17
140
64
42
82
121
115
193
88
57
58
55
31
70
143
136
164
80
166
49
176
50
165
133
171
45
72
3
197
185
182
5
169
33
28
68
1
155
192
11
74
75
172
148
139
6
53
111
117
83
25
114
144
142
47
63
131
9
159
120
137
