146
102
115
161
66
98
197
67
131
20
106
8
69
118
50
129
78
2
200
156
117
31
49
110
46
181
141
165
13
149
152
121
138
33
151
199
163
54
84
173
42
28
183
17
105
193
133
92
104
175
29
139
82
126
195
112
153
83
188
3
90
52
192
122
34
80
94
89
176
154
97
32
137
44
170
64
1
147
185
19
77
172
37
5
30
47
182
109
120
48
75
27
130
91
39
180
196
11
61
40
145
6
179
36
127
18
9
100
76
186
150
68
103
71
140
15
108
56
132
23
184
65
158
41
70
174
21
190
57
157
144
26
93
134
62
16
55
191
88
166
128
159
58
111
177
74
10
124
85
135
168
164
142
123
101
160
45
113
178
38
148
73
187
143
14
116
171
51
119
24
125
87
12
79
194
189
99
35
59
63
25
107
86
43
4
169
53
155
22
162
95
81
114
198
72
7
60
136
167
96
