63
195
189
104
115
28
60
173
154
21
66
135
191
190
94
149
169
125
142
137
106
175
29
40
138
140
88
114
24
146
58
72
128
47
22
61
7
196
153
139
41
11
56
185
25
112
192
45
187
42
38
109
118
181
65
157
101
43
147
177
55
77
144
148
84
99
49
132
87
69
3
81
27
53
179
82
178
48
97
78
156
31
136
141
151
124
95
143
162
150
158
59
130
152
155
50
18
20
133
9
197
122
198
108
14
74
83
79
52
6
176
39
17
194
107
172
199
15
37
75
90
51
33
19
174
13
12
76
113
129
10
62
117
30
168
86
4
16
85
188
44
111
180
116
119
64
93
167
120
71
164
160
67
200
166
36
183
1
171
163
161
134
170
105
68
73
123
2
184
98
193
34
126
80
103
57
23
159
100
121
92
186
8
127
182
89
110
96
91
131
26
32
102
54
5
145
35
70
165
46
