193
173
76
200
152
61
40
150
190
80
111
87
92
67
99
9
179
5
153
186
130
18
166
180
123
162
38
75
103
8
149
58
137
187
89
71
28
90
165
78
147
169
189
86
37
124
156
19
1
22
177
188
63
134
105
57
85
145
136
172
195
29
30
170
146
32
48
127
159
161
25
81
192
66
119
15
51
142
65
114
52
160
60
176
2
112
46
108
16
197
113
116
174
163
53
12
143
4
7
26
168
94
50
95
27
79
88
70
182
72
55
68
138
100
96
59
21
167
157
109
93
97
82
44
34
73
126
20
35
171
45
11
74
17
24
175
41
140
128
131
31
42
98
49
39
198
3
110
191
47
122
183
36
77
185
56
69
118
132
199
121
101
184
83
158
10
62
141
33
120
115
23
148
107
43
178
54
139
154
155
91
129
14
106
6
125
104
196
135
181
144
84
13
151
133
64
194
117
164
102
