21
73
42
136
108
155
71
119
50
30
167
23
95
193
72
168
153
51
39
139
82
109
26
163
32
185
179
113
25
57
199
186
13
75
183
70
128
184
38
142
65
19
196
5
1
44
22
8
158
2
40
7
18
36
133
24
96
137
190
143
120
124
110
76
145
74
100
118
37
98
27
104
115
47
28
86
192
171
11
99
10
164
77
161
138
152
60
126
189
135
101
93
121
154
58
159
20
35
141
116
131
194
55
41
106
92
149
83
105
9
45
151
160
148
102
78
68
197
87
123
187
122
85
146
195
33
29
198
175
56
103
178
144
170
114
182
112
59
177
166
62
132
180
52
188
157
43
84
91
48
46
94
61
54
89
140
129
53
191
150
63
81
88
156
134
49
172
3
12
97
125
69
117
127
14
130
111
165
34
173
66
181
79
147
176
80
174
6
16
4
15
64
90
107
17
169
200
67
162
31
