85
25
129
169
50
32
181
7
95
118
68
123
175
56
186
146
200
150
107
29
111
117
168
16
163
138
182
142
153
196
88
19
158
144
3
148
165
49
87
20
47
157
22
53
154
35
78
1
174
126
52
94
179
151
5
64
74
10
14
124
45
54
86
30
172
159
12
114
17
141
194
48
112
103
164
122
67
23
79
198
106
166
185
177
162
60
176
8
137
108
75
155
65
195
115
59
160
145
193
197
167
139
77
69
180
101
128
110
70
105
76
11
55
63
109
31
135
183
26
4
134
149
98
131
152
44
27
58
15
119
113
72
102
120
9
84
132
170
38
178
24
57
199
18
116
96
6
73
92
90
104
71
97
190
61
46
184
80
127
189
36
51
191
140
28
188
39
43
143
40
147
34
41
130
13
156
42
125
133
81
66
91
171
2
173
161
82
192
89
100
93
187
121
37
62
33
99
136
21
83
