8
137
105
37
83
100
107
173
58
152
64
65
34
92
139
4
153
57
158
165
72
166
20
71
78
151
155
135
125
28
122
174
5
146
141
49
91
124
114
70
102
99
112
18
134
56
97
130
2
111
168
77
32
25
138
136
44
103
47
161
24
110
85
143
26
53
108
39
36
113
43
163
61
147
42
31
133
63
144
104
54
118
117
157
132
21
16
90
121
60
52
46
50
127
164
11
22
74
119
82
38
7
45
40
35
109
75
142
154
6
129
51
14
33
96
94
101
170
59
160
19
126
120
62
145
12
171
3
81
41
10
88
13
140
123
98
66
93
148
149
48
172
115
23
159
116
15
55
87
76
30
84
162
169
1
29
86
27
73
128
80
150
156
69
68
175
17
106
167
67
89
131
95
79
9
