90
186
161
84
2
146
180
74
47
165
7
49
164
42
92
163
73
133
113
15
86
41
108
96
36
151
61
24
131
140
187
66
148
37
48
28
63
104
135
30
156
33
46
149
21
110
166
130
10
38
34
116
176
88
190
167
107
56
3
51
4
35
62
123
178
142
55
174
1
78
59
93
181
5
162
8
169
154
25
118
120
32
75
26
139
138
188
71
100
98
65
126
105
185
153
183
69
119
102
155
179
12
72
53
124
50
184
143
99
168
6
177
87
175
114
20
29
129
16
101
68
157
11
172
170
136
79
125
141
58
52
145
109
103
152
18
134
94
81
80
112
189
128
22
150
137
122
44
31
23
173
17
45
39
147
27
9
76
67
14
158
111
97
121
160
60
117
159
91
132
13
77
54
64
70
115
19
83
171
43
85
40
182
95
57
106
144
127
89
82
