155
71
119
70
172
4
58
16
5
102
47
140
121
181
76
53
153
69
111
114
82
194
177
35
171
186
179
29
143
38
183
156
28
118
33
195
160
107
40
188
43
65
50
169
164
157
113
68
166
79
189
86
165
193
175
135
192
105
184
64
199
3
96
110
73
108
87
66
104
14
88
101
191
60
19
89
131
36
130
150
54
93
80
15
100
129
173
22
133
106
42
74
170
72
139
37
120
92
77
57
178
180
149
49
12
32
10
103
196
148
112
27
75
200
137
128
81
90
167
94
123
147
67
55
61
132
124
63
182
34
134
11
174
197
78
97
116
48
46
13
84
98
56
168
95
115
1
158
176
25
99
151
31
18
163
185
91
161
159
109
7
59
20
45
141
24
39
52
136
190
62
26
23
51
44
126
41
127
145
30
17
142
2
146
154
138
21
162
117
152
144
187
6
9
125
122
83
85
198
8
