96
55
72
69
150
129
139
119
84
164
174
169
75
98
3
41
37
178
29
5
146
192
106
195
160
104
43
38
19
168
185
73
1
109
143
199
135
190
151
17
166
120
14
65
172
155
79
147
194
116
197
136
27
142
140
32
70
105
191
126
145
66
187
182
62
101
163
175
134
161
23
36
13
67
149
2
71
20
10
26
51
170
111
165
176
25
92
94
77
45
35
148
48
24
117
40
28
30
171
110
18
63
15
95
198
188
42
68
138
118
90
76
100
80
153
108
82
7
93
113
180
16
61
39
200
193
115
22
21
99
121
125
132
179
54
162
64
177
60
114
88
157
196
52
167
131
158
183
133
141
91
152
102
173
8
34
107
47
59
144
97
49
123
154
181
74
33
87
89
137
12
58
122
128
86
112
44
53
184
11
156
124
4
189
186
9
50
46
57
81
31
78
130
159
83
56
103
127
6
85
