71
51
31
161
139
67
59
130
55
163
10
86
155
123
13
107
29
129
164
82
2
122
100
87
138
58
126
38
145
149
32
81
105
6
91
134
75
77
76
104
147
121
162
60
35
117
165
64
102
156
166
33
135
154
49
57
115
127
113
160
159
148
88
14
36
133
3
16
24
84
93
4
118
172
132
158
62
65
176
61
98
97
143
101
63
152
137
136
21
22
112
108
116
90
27
157
18
44
150
5
47
12
94
125
41
153
39
1
110
171
26
53
173
40
68
109
50
17
131
43
151
19
46
99
66
175
80
74
140
30
42
79
92
7
141
146
8
9
95
69
114
25
52
124
85
54
168
78
103
128
120
34
45
111
83
70
20
89
48
56
28
119
106
170
15
37
167
174
96
23
142
11
169
72
144
73
