117
50
129
127
16
99
32
1
157
184
15
188
130
2
35
6
121
68
161
108
180
100
91
128
94
163
53
146
51
172
86
61
62
24
70
158
14
84
59
153
90
65
154
140
102
137
88
37
54
57
160
83
165
49
25
156
150
164
116
55
63
135
33
56
134
112
124
167
136
76
92
185
11
101
10
179
149
81
89
3
52
60
67
159
87
174
120
186
12
85
106
28
190
177
197
200
31
123
36
29
187
192
58
9
107
131
118
193
178
95
46
170
176
114
40
162
139
64
13
196
41
44
191
22
104
17
126
195
169
47
7
82
73
74
125
132
138
72
147
69
5
48
110
119
98
183
141
71
97
166
96
38
20
30
34
26
122
181
79
23
80
42
27
182
115
198
155
75
151
39
103
144
194
78
21
173
77
105
43
93
111
189
199
143
152
18
109
168
142
113
145
45
66
4
133
19
175
8
171
148
