40
109
162
89
168
187
1
105
6
16
178
192
26
87
135
130
38
51
93
77
120
126
10
63
118
24
112
103
32
104
181
72
186
143
183
196
170
145
195
184
134
37
53
154
189
137
175
8
174
17
21
70
115
110
79
133
83
15
197
155
61
65
58
169
74
36
39
102
11
171
116
150
160
159
75
113
147
7
141
4
59
57
188
96
131
166
127
140
18
151
114
167
3
148
111
153
121
101
49
62
90
165
144
5
193
161
76
84
64
122
19
158
66
78
43
44
106
179
2
68
47
50
27
99
117
164
23
73
81
123
119
48
91
12
55
71
85
142
98
180
42
152
176
56
29
185
190
124
138
163
95
69
20
182
88
22
136
9
25
52
200
30
194
60
67
128
45
125
108
156
139
46
41
157
146
33
100
35
94
132
198
31
172
173
191
107
199
129
86
149
34
13
80
92
54
14
97
177
28
82
