91
117
144
10
89
115
142
48
15
60
35
36
84
110
137
100
126
127
153
47
3
4
53
52
85
111
138
90
116
143
50
80
88
106
114
133
141
1
29
51
98
124
151
8
45
95
121
148
5
58
57
61
12
41
46
93
119
146
59
33
75
101
128
11
31
81
107
134
27
94
120
147
49
23
77
103
130
6
99
125
152
39
13
69
54
2
70
34
64
18
76
102
129
79
105
132
78
104
131
67
63
55
32
43
20
66
86
92
112
118
139
145
73
96
122
149
26
83
109
136
74
82
108
135
24
22
14
37
30
71
28
40
42
7
97
123
150
38
44
62
16
72
25
21
68
65
19
17
9
87
113
140
56
