157
193
121
130
13
55
142
42
98
122
136
190
50
128
34
69
115
167
45
116
31
70
123
56
139
103
155
47
24
127
131
186
108
197
29
36
95
100
181
17
37
105
112
126
79
7
92
141
22
49
152
198
4
65
66
48
58
74
148
11
38
184
44
113
138
51
182
191
3
110
96
140
124
97
151
159
106
188
12
21
125
101
169
57
59
120
168
26
43
146
195
2
144
149
170
16
171
77
114
53
27
67
87
8
30
78
1
80
187
154
176
85
147
84
52
86
150
178
32
81
75
35
6
174
118
18
61
104
200
15
160
39
46
25
76
28
9
107
143
156
72
64
119
173
175
165
166
109
89
161
63
23
54
82
135
41
71
153
111
145
199
196
20
133
10
163
194
88
180
14
132
134
137
90
99
129
68
102
33
158
62
94
93
179
189
5
40
60
183
192
91
172
185
19
117
164
177
73
83
162
