163
74
28
80
98
34
24
144
143
110
128
73
166
159
7
161
31
16
8
79
150
162
36
171
134
57
27
39
30
157
21
109
100
48
47
19
165
121
18
138
9
38
153
160
141
85
14
51
108
56
61
23
58
81
60
132
115
164
83
4
136
63
25
62
75
82
116
172
10
131
149
53
50
2
37
3
78
111
122
147
29
114
104
168
123
154
97
106
120
155
94
6
96
124
107
32
152
15
33
158
92
70
151
89
119
86
125
40
49
126
142
118
77
41
42
69
146
117
93
43
5
45
26
135
22
90
99
102
54
103
13
105
156
88
71
133
35
130
17
139
55
169
167
87
20
84
137
1
11
52
44
59
145
148
140
68
129
12
66
64
127
76
72
170
113
65
112
67
95
46
91
101
