51
198
1
100
110
89
24
132
82
174
21
159
62
103
126
147
18
151
45
53
157
109
112
175
171
185
91
40
137
97
168
194
90
166
150
191
136
99
2
88
35
86
15
84
111
65
196
178
144
6
14
123
146
149
187
95
164
7
116
78
31
183
192
113
3
16
172
27
94
43
10
105
46
104
108
107
158
199
17
114
169
127
143
81
153
173
41
181
25
37
36
177
87
167
42
33
26
76
69
39
20
160
133
73
135
32
119
5
61
162
67
58
154
130
140
176
52
23
96
49
48
128
55
145
13
122
124
117
186
22
165
19
195
139
56
155
106
170
64
92
182
148
142
75
66
134
60
11
12
57
29
80
85
156
28
68
125
188
163
101
193
38
179
180
118
83
102
197
129
93
34
141
74
131
59
121
152
71
44
190
47
115
63
189
98
9
79
138
54
120
72
8
50
70
184
30
77
4
161
200
