139
45
108
54
104
122
98
96
158
169
73
118
110
179
44
152
2
103
187
86
19
81
88
132
135
17
89
85
12
66
185
39
191
51
30
63
138
165
8
53
7
76
14
11
18
93
82
27
192
80
156
13
115
127
31
42
175
32
91
114
199
180
126
33
1
20
105
151
100
35
162
130
154
145
90
140
128
149
15
197
9
160
62
146
157
194
50
101
153
195
24
34
193
5
168
174
77
68
47
196
70
10
22
58
112
99
131
43
176
183
133
136
84
129
142
107
172
40
25
141
72
57
55
71
119
64
190
120
94
143
150
147
161
171
144
97
74
46
78
109
56
181
123
186
159
79
111
178
69
182
6
16
124
29
65
106
21
60
67
170
83
113
173
177
92
49
137
155
87
75
125
26
189
28
116
148
117
36
166
102
37
3
188
198
41
134
121
23
48
52
167
163
61
164
4
38
59
95
184
