93
171
147
70
136
45
95
175
128
87
43
161
38
138
119
159
39
104
29
16
123
124
130
85
144
163
27
134
62
90
100
41
98
101
178
82
143
122
141
102
110
152
94
77
140
174
6
126
28
114
46
9
73
61
47
157
49
91
112
106
173
113
97
71
23
156
155
84
88
117
25
44
54
81
5
36
78
146
92
115
158
4
21
177
53
37
135
3
131
60
125
162
166
55
32
109
107
66
164
30
83
80
180
56
154
153
105
68
176
148
120
26
75
35
10
172
13
179
145
86
74
169
150
132
59
63
79
42
64
19
7
18
108
76
121
51
14
137
17
12
139
50
133
33
151
15
65
20
40
116
31
170
22
57
48
69
142
72
11
118
89
127
129
160
34
24
111
103
8
67
58
165
1
96
167
99
149
168
52
2
