60
24
138
32
143
159
114
165
2
97
28
100
84
66
20
111
177
181
171
30
112
90
151
188
73
123
105
99
22
38
95
189
167
155
139
127
79
74
192
133
48
126
103
120
87
115
163
141
118
11
98
108
62
168
101
7
67
136
26
14
96
110
166
196
178
184
21
148
4
44
33
116
119
152
68
183
89
140
180
146
65
53
45
190
81
109
88
137
191
25
187
59
194
35
55
156
78
54
174
40
5
157
27
70
3
169
104
50
23
57
106
142
128
34
51
199
17
134
145
64
170
37
132
185
129
160
56
61
135
117
197
10
113
154
93
63
52
94
9
92
39
176
72
173
86
15
193
29
18
91
198
82
164
46
12
83
179
125
77
47
42
161
182
31
147
36
186
124
153
71
144
102
200
131
85
49
122
162
150
172
43
6
19
195
16
175
8
80
41
75
130
76
1
58
121
69
13
149
158
107
