181
24
41
50
70
98
114
138
167
171
192
194
52
74
81
83
100
103
108
109
116
128
169
200
18
56
71
82
95
97
115
136
148
160
198
199
8
15
43
44
47
99
104
105
141
143
145
158
197
7
46
57
65
87
123
130
182
193
1
53
64
73
76
80
84
92
124
126
149
162
168
175
176
180
186
5
9
17
26
30
33
58
60
107
112
117
122
164
165
170
179
13
32
34
48
61
139
154
174
86
39
42
118
131
140
150
153
155
183
11
16
20
22
25
29
40
129
134
166
173
178
187
2
3
10
45
110
127
133
137
147
188
191
6
19
23
78
85
91
93
101
111
119
121
125
144
172
177
184
36
31
37
49
55
59
68
90
113
196
14
28
51
54
63
69
96
102
106
120
132
151
157
185
189
190
195
4
35
66
72
75
142
156
159
163
12
21
38
62
67
77
79
88
89
94
135
146
152
161
27
