1
89
138
149
91
105
102
107
146
100
159
161
46
129
50
147
28
43
23
104
79
3
160
124
133
112
40
5
13
31
99
69
165
163
119
157
20
103
82
44
93
154
49
97
29
63
96
2
53
108
142
42
12
59
35
145
150
6
88
128
155
141
76
120
15
144
9
80
67
55
34
62
39
152
52
109
94
98
86
25
30
136
65
37
75
78
87
64
19
54
16
41
121
27
8
132
140
85
73
148
143
7
14
125
139
135
18
24
74
70
114
117
131
11
123
21
153
38
116
137
122
17
90
56
51
92
45
115
58
22
32
72
134
61
151
26
106
118
113
158
164
48
57
95
10
77
84
81
83
156
127
33
66
162
68
47
101
4
60
126
71
110
130
36
111
