150
175
112
7
92
144
115
58
123
54
82
48
159
68
152
47
85
65
19
148
52
102
151
133
95
100
164
111
76
121
130
53
27
69
80
177
66
21
32
120
105
60
134
14
173
117
169
56
74
156
124
36
87
109
10
72
30
42
62
136
49
96
50
78
64
154
141
107
126
127
5
2
13
174
24
165
37
116
28
172
33
89
77
16
3
158
8
6
139
17
71
178
41
12
106
137
155
160
101
88
1
167
170
97
110
11
163
22
161
73
70
9
31
114
153
149
79
94
131
140
176
45
84
23
26
51
145
44
55
34
168
147
122
128
162
91
75
86
104
157
135
25
4
90
61
35
93
103
142
129
125
99
18
146
67
15
29
83
138
98
38
46
81
119
113
143
118
57
40
108
59
43
63
166
171
39
20
132
