158
78
138
35
166
49
39
3
100
25
148
4
119
117
186
18
17
32
102
198
106
71
33
56
156
70
12
22
101
77
120
122
155
130
131
112
98
13
174
7
79
164
24
141
191
20
34
133
152
163
26
97
136
29
66
72
200
147
140
55
196
146
21
182
151
80
197
188
52
123
132
30
16
170
125
15
73
94
86
177
145
144
190
95
135
161
38
162
40
27
195
43
175
87
180
81
171
184
82
96
103
54
90
126
1
193
42
68
168
11
88
178
6
31
139
157
181
8
67
61
108
37
109
129
154
121
176
192
114
127
75
172
179
74
99
48
69
111
5
199
9
137
76
91
118
65
58
116
51
107
105
45
173
64
189
149
183
187
53
63
128
59
89
14
143
115
150
83
134
159
57
167
23
28
19
41
84
93
50
46
104
92
10
124
36
160
153
113
62
2
165
169
110
85
185
47
44
194
60
142
