169
118
173
91
83
114
146
189
31
59
65
93
23
18
117
125
193
141
199
38
152
30
54
105
43
42
48
153
167
165
175
35
179
99
28
7
126
137
66
132
168
195
154
161
160
67
21
29
140
72
101
39
22
130
84
90
187
70
100
127
143
177
108
159
64
89
36
27
133
135
183
63
8
53
45
184
47
151
74
97
149
170
162
34
55
76
94
194
138
191
16
15
88
197
62
155
12
46
79
14
107
120
121
150
129
142
87
60
96
182
145
56
95
26
37
176
11
69
3
200
109
124
116
82
131
6
188
71
123
103
113
122
166
174
49
81
4
44
139
164
171
17
136
10
104
158
178
9
192
68
75
181
80
128
51
148
119
156
196
185
78
198
25
2
112
40
32
77
86
98
24
190
33
134
157
110
1
57
180
73
20
163
58
85
41
144
19
5
52
50
115
92
186
106
102
61
172
13
147
111
