58
163
182
18
131
59
15
3
111
120
169
185
31
151
174
54
116
96
46
75
144
110
102
132
112
30
4
138
159
150
50
117
134
21
9
84
162
107
69
60
178
71
51
161
171
125
156
143
14
95
93
152
105
160
36
173
62
41
118
172
55
122
52
17
5
24
13
12
16
133
45
20
141
164
184
99
8
94
81
40
98
72
142
109
80
76
1
101
29
187
70
32
154
64
87
140
2
180
44
56
139
89
176
136
149
135
181
47
124
42
86
90
158
53
11
33
175
35
68
78
37
79
148
28
115
114
186
65
167
130
39
83
25
177
97
63
67
119
92
170
10
113
108
123
165
129
183
77
100
74
82
91
103
104
127
48
73
19
7
146
57
26
38
6
85
34
145
61
157
27
66
179
168
22
137
88
153
106
43
147
49
166
128
155
121
126
23
