108
151
66
150
180
51
104
103
14
172
40
19
55
16
107
93
121
13
176
20
193
36
138
123
197
185
186
32
69
158
126
6
25
187
44
166
86
74
58
196
43
57
80
95
39
134
153
54
181
163
170
75
88
27
173
165
177
200
1
115
46
4
198
87
133
62
78
3
145
105
159
117
7
61
128
135
110
155
142
143
130
111
15
131
41
161
48
49
120
156
34
114
56
164
22
97
52
65
119
194
169
12
29
167
100
175
118
182
162
68
42
94
89
144
81
33
18
79
9
67
109
70
171
168
199
122
157
96
5
179
132
85
137
24
154
139
90
35
59
190
8
21
73
2
92
50
149
17
148
71
31
125
189
188
63
174
26
28
60
140
178
191
76
91
84
112
192
195
53
72
83
152
116
124
38
64
47
129
101
127
106
113
99
184
10
77
136
30
183
98
141
45
160
23
11
146
147
37
82
102
