134
77
128
91
198
50
56
73
106
38
114
150
94
109
80
10
119
180
40
16
18
88
178
187
175
45
183
154
123
42
47
173
193
23
151
179
14
138
141
181
59
79
115
127
108
159
113
191
81
31
177
112
96
101
64
75
188
189
74
95
129
197
153
36
145
126
195
17
184
104
69
110
3
125
71
149
46
137
147
78
161
28
174
52
146
8
170
171
26
34
67
5
102
68
66
135
117
7
140
131
1
118
142
85
25
166
32
97
58
107
152
185
70
22
20
157
43
158
144
100
89
190
13
62
57
130
86
93
139
90
51
29
37
111
35
169
83
136
143
11
21
163
82
19
168
63
160
27
9
200
192
39
44
41
72
105
172
92
103
132
24
65
4
61
49
84
116
87
124
155
12
55
98
122
148
121
194
133
120
176
48
53
2
60
6
167
196
76
30
54
186
99
164
33
15
162
199
165
156
182
