11
76
166
113
5
73
149
66
63
122
189
103
75
199
40
112
197
86
55
31
56
180
150
193
68
64
41
138
65
170
124
159
190
104
26
114
172
16
139
191
20
18
152
97
95
91
100
69
131
1
6
87
169
182
105
59
2
174
4
3
146
89
13
107
96
29
184
118
155
125
111
44
82
39
57
132
52
163
123
144
37
156
23
187
196
176
162
127
136
145
9
49
58
19
167
99
142
168
25
74
14
92
135
154
126
157
143
181
83
153
85
121
109
50
117
102
161
17
94
98
33
38
62
171
119
130
186
79
179
42
28
173
128
67
88
137
160
200
192
8
45
22
198
90
195
140
78
51
93
194
21
165
54
12
129
34
81
110
36
116
72
106
35
15
27
151
177
133
46
141
183
80
24
7
47
158
175
48
185
53
147
32
134
70
101
188
30
164
108
10
84
61
60
178
71
120
77
43
148
115
