39
176
67
179
3
154
169
174
6
76
55
14
56
26
96
159
18
102
60
2
15
168
4
23
148
123
173
79
170
16
101
104
105
42
17
120
78
25
41
37
119
164
118
71
99
109
178
10
34
72
92
131
175
58
113
147
13
155
32
83
145
183
133
151
108
20
110
48
156
137
116
91
136
66
73
61
128
63
40
141
117
138
95
152
160
29
162
167
62
28
1
144
182
70
33
80
65
126
52
149
82
107
114
57
68
21
150
87
88
93
8
157
161
77
121
86
130
7
115
134
9
74
59
106
180
69
89
90
81
27
153
75
98
36
158
50
64
45
146
35
54
181
51
132
44
46
140
127
184
53
22
31
38
112
97
94
122
125
139
166
12
19
43
11
100
165
143
124
142
129
5
163
177
103
84
49
30
24
171
85
172
111
47
135
