65
177
176
150
199
145
141
86
63
118
15
22
58
147
167
187
132
182
188
28
25
133
19
175
7
81
14
144
42
21
87
157
20
102
104
189
8
131
39
97
23
45
57
18
162
156
5
96
1
50
31
44
92
68
84
193
16
116
53
183
196
47
98
126
140
128
173
94
155
122
43
70
72
191
24
115
184
93
41
40
13
37
69
113
4
71
154
121
88
38
91
174
80
146
152
107
135
165
168
46
197
30
101
109
169
161
124
129
123
134
163
73
9
112
82
74
62
181
61
67
103
125
6
51
12
85
75
151
83
149
108
127
100
54
198
78
119
139
192
148
185
60
79
143
52
194
195
179
110
164
130
55
99
114
64
2
49
10
26
76
178
172
120
171
29
170
142
36
105
153
56
77
17
117
35
59
158
11
3
180
190
159
66
106
160
138
166
136
27
89
34
137
95
90
111
32
48
33
186
200
