88
35
71
155
144
174
91
2
22
45
140
175
24
141
40
74
10
83
165
151
37
53
150
5
181
64
125
86
171
25
3
49
96
70
87
186
14
177
23
77
39
82
79
51
65
9
33
146
178
129
173
100
54
89
180
78
148
85
182
26
7
18
111
179
93
6
106
55
52
98
92
116
32
135
193
44
113
152
192
133
158
159
190
189
29
75
108
118
46
68
73
147
162
164
138
160
62
120
50
191
121
109
134
80
103
167
128
81
59
42
126
43
102
172
154
130
183
188
123
107
34
149
61
117
95
101
163
76
17
30
57
187
156
145
94
142
99
19
104
20
84
90
136
131
1
63
15
66
161
48
166
41
16
31
47
110
112
170
115
168
114
169
132
157
4
122
21
143
127
119
97
13
8
185
137
184
124
28
105
153
67
60
58
36
69
72
38
176
27
12
56
139
11
