167
113
51
135
140
103
7
122
170
18
43
166
124
133
100
3
109
160
5
96
67
117
145
32
93
11
101
156
47
74
35
9
171
59
49
168
163
28
134
29
164
44
15
146
39
169
139
180
127
142
162
173
106
68
37
25
105
107
104
120
66
71
76
92
42
72
19
20
79
111
53
108
65
40
6
64
41
158
22
46
16
69
80
83
143
56
10
128
141
23
175
1
38
95
126
159
147
157
31
57
63
78
94
149
99
176
132
60
62
14
26
154
136
137
172
138
85
161
75
8
114
48
123
30
115
33
87
70
2
88
121
4
112
17
153
52
130
90
91
155
165
58
77
152
34
129
45
181
84
27
119
81
177
178
179
36
98
50
118
151
144
148
116
86
73
12
55
54
174
125
89
150
82
102
24
110
131
97
61
21
13
