43
119
38
137
81
21
41
50
75
129
29
112
127
30
19
67
22
39
121
151
146
100
64
102
148
90
118
52
27
91
84
101
37
3
104
139
14
68
107
116
56
17
133
103
1
83
47
149
142
71
25
92
114
134
32
135
59
132
110
143
10
145
140
147
85
150
66
40
8
58
88
69
49
28
98
80
55
65
31
82
6
16
123
4
125
44
48
53
36
78
122
34
51
72
9
18
86
136
35
79
46
131
11
130
12
77
87
128
74
42
70
73
117
152
89
62
76
115
95
96
63
138
144
141
97
124
108
26
13
99
109
15
120
54
60
111
106
7
113
61
23
33
93
45
126
5
20
57
94
2
24
105
