13
185
1
50
133
6
41
49
98
155
152
36
131
197
136
123
135
31
114
200
142
16
143
9
122
34
164
95
144
121
190
10
193
149
163
139
102
167
80
137
195
65
5
69
120
52
171
175
124
194
147
160
117
47
86
81
156
78
96
150
63
85
14
32
38
176
68
178
168
77
43
154
18
158
58
12
37
112
88
162
91
106
145
192
46
116
105
132
19
57
71
39
115
45
170
67
23
187
151
108
92
66
184
30
97
35
26
55
3
11
153
157
188
72
83
189
70
4
140
93
100
138
165
54
166
56
173
111
141
169
48
94
25
61
118
8
109
159
110
73
129
90
64
113
130
59
174
7
119
53
24
82
15
21
40
180
183
172
2
179
104
76
51
27
44
62
199
75
29
84
20
191
127
134
17
148
126
177
89
196
28
198
146
182
103
101
87
60
128
74
125
107
99
79
22
186
161
181
33
42
