83
84
88
175
27
7
166
120
145
53
119
44
109
67
57
78
146
127
49
113
31
40
37
22
98
171
154
149
14
35
133
60
121
170
55
56
115
156
87
112
152
5
12
106
114
11
64
50
42
110
155
122
51
160
38
68
33
21
131
180
93
79
132
59
90
48
76
29
85
81
66
184
182
75
138
72
176
13
99
36
136
52
47
61
70
158
63
142
167
9
62
137
183
45
92
165
86
185
177
139
74
80
150
168
111
159
94
91
123
179
102
107
10
162
20
1
43
169
3
71
126
105
134
100
161
46
104
118
39
15
116
140
30
164
6
96
28
117
4
163
82
95
173
65
174
77
19
172
89
124
97
41
17
69
34
143
8
24
157
151
181
73
147
103
135
108
25
101
54
153
16
18
144
130
148
128
178
141
2
32
129
58
26
23
125
