71
58
24
92
122
149
32
49
121
107
144
1
53
70
116
153
39
13
36
35
132
167
81
104
83
80
164
137
65
87
26
166
171
23
62
105
34
162
127
172
86
93
69
33
85
55
50
154
21
140
94
44
76
145
2
170
112
46
67
156
111
169
134
117
147
27
73
12
101
3
128
29
7
9
133
64
72
99
20
31
82
56
155
142
100
125
165
108
110
22
54
6
150
59
114
90
146
5
60
66
97
78
38
139
119
115
157
57
152
138
37
95
109
16
17
130
143
61
124
91
148
131
120
126
163
102
47
98
4
41
96
173
28
77
113
84
52
42
118
8
123
135
136
141
103
68
106
25
14
63
40
30
45
75
159
89
51
79
129
160
43
19
88
168
18
15
74
158
11
10
48
151
161
