51
41
37
147
137
68
8
129
134
32
1
120
82
70
91
30
136
57
65
47
135
166
155
33
6
104
61
22
139
167
111
46
67
106
5
121
175
146
42
17
27
116
144
110
151
54
127
130
23
92
157
14
79
94
85
165
158
19
20
133
21
150
25
13
28
59
149
88
43
108
132
45
168
113
75
99
131
114
169
96
162
125
126
143
141
48
101
44
40
52
86
119
152
24
89
163
159
107
36
11
161
35
128
66
58
77
172
15
105
124
138
93
55
49
84
3
31
38
153
145
72
2
148
174
115
154
7
140
83
80
74
97
10
16
173
76
73
26
87
4
62
81
63
18
100
69
90
9
98
122
142
164
156
118
117
171
112
39
56
109
95
60
123
160
29
64
102
53
34
12
50
78
71
103
170
