28
93
14
97
122
70
44
37
19
141
100
125
79
38
90
7
149
59
35
130
104
92
112
135
131
58
107
137
73
18
51
48
69
31
136
34
116
85
12
81
118
66
57
98
40
87
151
54
13
10
143
25
99
91
55
46
1
110
72
133
32
142
148
88
45
82
132
108
83
39
86
120
60
115
3
144
94
8
101
102
33
63
152
140
17
50
146
89
67
11
106
111
53
74
123
77
139
43
76
126
145
9
129
113
49
22
27
52
119
5
47
62
147
105
4
103
95
61
36
117
15
2
96
64
41
24
21
16
75
23
20
128
84
124
6
65
80
114
42
71
134
29
56
150
109
138
68
78
127
121
26
30
