198
200
197
199
106
144
23
104
18
174
70
65
117
35
15
13
146
91
164
140
109
60
196
72
58
126
112
17
151
141
68
36
124
28
82
41
14
79
39
190
5
19
137
88
177
120
78
107
83
76
7
182
176
115
80
6
105
50
55
97
187
42
24
64
84
116
40
175
189
59
87
159
96
121
66
163
142
52
103
170
188
44
99
152
130
150
95
111
155
110
113
93
8
34
101
25
180
186
168
71
102
51
38
67
131
73
16
166
61
62
178
169
85
49
192
54
132
135
77
2
56
27
195
181
127
43
12
191
10
122
134
123
162
57
161
94
193
157
128
9
69
81
92
100
89
90
183
147
108
185
138
31
114
86
136
173
171
45
167
48
153
149
119
118
53
160
184
63
30
148
194
98
21
26
143
11
33
154
3
139
20
32
158
29
75
165
46
125
37
47
179
156
172
1
74
129
145
22
4
133
