26
77
129
37
76
169
23
106
170
90
63
105
198
178
115
124
151
79
36
13
11
141
84
139
5
128
143
123
152
58
186
6
199
159
142
94
185
177
8
163
114
66
144
74
157
15
59
44
71
168
110
3
50
55
118
194
40
155
83
92
12
111
95
99
183
52
174
138
87
153
91
135
62
167
27
28
148
101
127
34
97
57
180
17
25
80
119
61
81
175
112
72
108
100
140
122
82
45
120
146
19
30
172
75
134
156
188
145
154
2
162
10
89
22
130
68
86
189
160
31
32
14
7
196
46
184
96
67
70
103
187
125
192
190
116
107
197
104
165
47
137
126
33
35
73
149
193
9
195
24
171
20
147
109
43
48
161
16
102
41
78
49
179
150
60
93
133
200
56
136
166
182
18
132
64
29
53
54
158
69
21
65
117
88
51
39
4
113
173
131
42
121
191
98
176
181
85
1
38
164
