42
4
32
40
142
161
179
5
44
140
39
182
176
55
131
15
97
157
105
195
187
29
62
86
43
10
65
106
14
115
81
141
150
175
159
82
64
139
120
24
8
121
38
69
143
186
156
118
70
13
164
160
134
78
50
88
23
152
75
73
91
98
108
145
2
63
148
196
133
102
192
35
12
119
127
155
93
147
27
28
149
151
197
165
77
56
126
72
169
167
162
94
132
173
11
3
41
188
135
17
198
79
193
76
45
95
124
16
174
153
30
199
52
168
34
103
128
146
144
109
129
123
138
101
84
114
57
184
178
68
122
116
104
48
107
37
9
194
6
170
85
180
136
117
54
1
18
163
191
112
67
99
96
125
49
51
137
189
183
111
7
80
87
92
61
47
26
58
66
185
60
158
190
46
171
110
177
71
25
59
172
21
74
90
166
130
53
31
200
181
19
22
33
154
20
83
100
89
36
113
