164
30
54
91
148
80
169
156
199
8
138
22
83
46
141
38
10
31
106
57
187
140
74
109
107
176
167
102
157
5
92
67
17
116
13
20
82
189
24
55
145
14
165
129
98
45
190
159
66
78
85
40
132
88
96
73
26
69
180
93
171
200
153
48
146
178
191
151
133
44
143
51
99
144
12
21
121
61
27
53
63
94
117
59
60
58
162
28
34
114
29
188
120
71
77
170
125
4
104
119
111
134
160
11
185
41
3
72
172
19
70
196
173
6
112
174
47
49
181
184
110
100
166
103
2
15
90
118
68
126
108
84
122
87
36
16
152
33
139
137
39
128
37
35
195
75
150
130
52
9
32
127
124
42
81
23
154
142
177
101
64
197
115
86
7
163
186
183
105
136
161
168
194
131
192
198
43
155
79
182
18
62
175
158
56
147
50
113
193
89
135
179
97
149
1
95
65
76
123
25
