108
51
12
132
77
70
138
170
8
87
52
148
106
30
146
85
14
182
94
185
190
155
41
129
24
6
122
157
173
118
9
68
62
179
53
150
5
44
166
137
101
56
199
38
197
102
110
163
169
43
192
168
184
115
186
48
13
71
141
104
200
152
27
158
164
119
15
187
80
109
19
161
42
195
23
89
167
78
79
139
100
4
74
99
95
81
151
75
31
17
57
45
125
124
121
83
26
128
64
142
54
183
18
7
153
50
193
191
131
159
175
92
181
176
72
198
180
154
135
61
172
165
196
91
112
39
188
59
3
76
113
36
84
40
33
177
35
88
10
32
133
63
130
21
117
73
123
111
147
55
67
82
34
66
69
143
37
126
11
16
49
156
174
2
178
90
145
107
28
96
46
136
189
86
93
97
65
47
140
171
105
134
116
162
22
194
60
25
160
114
20
103
98
149
144
120
127
29
58
1
