48
68
144
176
56
84
180
116
33
27
167
196
74
14
55
93
118
105
133
181
127
34
104
79
51
30
140
90
136
120
2
160
77
12
96
54
69
15
138
169
78
35
114
76
47
148
88
63
164
92
5
57
153
159
200
141
82
24
142
41
119
110
185
40
67
28
168
53
156
137
46
117
4
143
122
163
80
29
174
16
189
111
36
132
8
60
188
17
86
64
145
52
195
20
112
129
139
124
182
49
25
172
108
128
87
72
170
100
131
194
23
197
183
32
42
192
187
1
152
95
44
113
66
199
184
107
98
13
58
39
125
11
81
3
109
50
186
158
179
154
162
178
9
62
123
147
151
130
10
171
190
146
97
165
89
85
121
161
59
83
99
191
106
38
166
37
26
6
21
157
115
155
134
103
150
31
135
126
19
94
102
177
175
91
193
149
70
18
75
173
22
45
101
198
65
71
7
61
73
43
