95
182
162
71
99
112
109
158
91
59
89
86
87
165
58
176
44
15
195
38
150
62
190
96
55
151
133
2
147
12
178
36
66
25
77
60
9
161
46
192
32
125
82
185
134
41
129
181
198
148
76
153
51
183
53
94
83
50
10
30
49
145
113
70
93
143
7
189
68
34
102
16
131
114
20
164
171
174
157
67
188
23
27
119
137
156
5
19
111
74
26
45
175
108
169
123
97
144
3
105
8
21
85
194
64
54
139
121
128
69
11
163
1
103
193
146
166
28
100
98
168
43
56
101
186
75
126
142
47
122
39
80
84
72
35
90
120
140
73
200
57
135
170
167
52
107
42
196
78
118
92
197
104
132
116
191
127
79
88
152
141
22
187
179
33
61
177
106
29
154
115
4
110
124
180
172
199
6
31
184
138
173
65
136
117
17
81
130
18
159
48
14
24
149
63
160
13
155
40
37
