132
41
93
164
165
161
14
23
49
96
31
63
2
70
107
12
9
1
48
185
160
144
57
94
115
65
190
198
173
159
103
71
61
66
141
119
153
91
196
136
39
60
177
178
68
121
6
89
114
67
38
139
7
154
64
102
30
187
174
108
99
168
127
15
76
24
158
72
118
176
53
113
32
170
83
137
34
20
37
27
175
81
181
116
188
133
46
19
97
16
22
191
75
87
85
150
110
8
135
180
50
151
145
100
17
33
90
155
184
4
51
120
79
82
148
130
28
138
197
78
55
134
179
186
36
42
193
86
105
21
156
123
3
26
54
73
111
131
104
35
13
40
143
84
192
171
200
199
172
182
142
163
117
126
69
18
152
125
59
92
10
157
194
169
124
149
11
106
195
189
128
166
146
88
45
80
129
140
183
101
74
77
47
43
109
167
98
44
56
112
5
58
52
122
25
147
62
95
162
29
