70
49
164
104
54
56
190
17
176
73
28
1
57
12
193
38
194
195
75
152
102
76
59
32
114
142
92
113
141
163
137
158
167
85
155
147
68
5
134
146
99
186
129
103
37
105
25
182
125
96
139
118
154
156
171
86
50
66
122
184
45
15
168
175
87
199
188
145
13
192
143
180
40
31
100
130
128
166
109
24
21
119
197
157
18
177
39
88
4
117
93
26
48
98
51
120
115
123
23
174
183
46
83
61
124
149
71
179
62
162
34
200
178
72
159
138
97
2
42
6
22
52
77
148
185
101
110
64
80
161
173
7
126
11
153
89
47
131
55
78
67
116
135
144
3
36
53
74
140
107
79
82
121
133
165
170
112
41
43
90
196
20
8
150
84
35
127
27
111
91
30
16
191
65
19
29
132
108
172
169
81
151
10
181
69
14
44
187
9
106
60
63
58
189
198
95
33
94
136
160
