107
127
120
69
108
50
93
1
125
110
97
14
22
10
102
40
121
36
144
94
59
37
106
85
78
118
122
74
95
119
172
142
49
123
160
164
96
58
104
32
7
133
155
148
47
77
15
46
149
136
68
90
83
57
71
17
89
168
52
21
42
5
170
65
86
70
141
82
20
131
67
137
73
6
162
61
87
48
76
132
29
91
158
66
109
38
23
138
44
129
62
111
99
100
151
34
33
55
28
45
114
116
159
16
80
63
154
30
41
101
54
163
88
166
18
60
165
75
171
51
9
124
35
113
150
157
64
134
81
161
56
31
98
3
8
92
147
139
117
25
84
79
39
152
169
103
4
43
72
2
26
140
53
27
135
115
145
128
146
19
105
156
112
11
130
126
143
24
153
12
13
167
