51
113
128
19
31
84
46
118
92
25
10
82
40
50
85
139
58
77
33
122
115
153
47
91
87
38
98
75
132
130
94
111
107
59
9
26
90
76
97
135
49
96
155
144
27
125
100
53
67
129
23
119
108
114
41
81
18
150
32
138
34
127
103
66
15
93
71
60
104
69
117
13
146
39
57
4
99
16
137
22
64
3
109
73
55
133
30
29
8
14
48
102
148
35
134
83
42
123
24
149
89
17
131
36
112
141
142
68
136
21
56
88
11
20
54
110
147
62
152
140
37
101
158
78
12
2
45
154
43
124
126
28
70
52
156
63
72
105
61
1
7
157
86
121
80
65
151
120
6
79
106
143
145
74
44
116
5
95
