169
35
22
191
59
181
167
55
116
170
138
79
151
154
100
77
162
195
44
140
166
86
27
189
72
49
188
34
85
157
97
63
1
9
14
155
133
172
117
178
98
67
115
179
168
74
145
102
156
124
184
112
177
123
94
84
20
21
153
58
24
141
125
28
180
83
3
52
17
129
197
120
126
51
23
82
68
8
131
196
11
142
130
109
81
161
143
95
61
76
110
78
185
146
87
54
69
137
29
192
122
186
147
134
173
5
26
105
16
198
176
38
128
46
200
64
62
40
106
2
108
25
132
183
158
113
37
159
190
92
32
91
88
103
135
53
152
41
89
119
6
194
13
7
99
139
148
107
73
30
4
160
187
39
43
93
50
144
70
163
101
114
36
45
48
175
60
182
80
10
199
193
171
164
136
47
42
66
149
75
111
65
90
18
127
15
33
12
57
174
150
118
56
165
19
31
121
104
71
96
