11
24
67
38
184
110
71
25
12
199
163
157
181
94
151
86
14
173
96
168
117
183
108
186
122
197
190
20
134
59
52
150
155
81
200
179
145
169
114
130
50
43
30
73
135
34
3
70
144
95
111
99
105
103
115
124
185
47
112
140
102
8
72
62
182
195
35
166
66
127
42
32
141
19
162
33
113
143
174
57
28
4
77
196
61
107
51
172
136
74
187
93
165
48
2
84
55
53
193
58
128
98
133
75
22
89
159
125
119
44
16
29
164
82
177
180
17
192
121
39
64
60
175
176
27
170
106
65
76
41
152
116
126
120
18
13
147
26
36
188
80
85
171
156
148
31
79
104
138
137
10
154
63
88
9
158
191
87
132
68
198
160
131
37
7
92
149
21
101
5
167
189
139
194
83
118
45
54
49
153
78
123
40
69
97
161
1
146
129
100
142
15
90
46
91
23
109
56
178
6
