76
46
126
144
23
7
63
57
135
148
121
159
45
109
132
32
25
2
129
178
167
50
24
85
180
70
82
21
94
98
37
9
150
177
164
161
179
14
89
72
73
157
92
71
8
65
62
51
34
47
108
139
31
69
28
154
123
95
133
142
183
43
110
68
99
102
87
3
151
128
42
19
188
48
134
111
22
52
130
79
49
104
138
97
175
18
114
27
116
149
59
103
4
35
145
39
93
158
182
55
101
106
84
64
5
44
30
162
127
81
115
163
120
131
100
91
33
60
80
26
125
86
118
152
119
137
1
171
185
16
147
173
6
143
74
165
78
12
136
54
184
36
29
41
107
13
15
20
88
117
140
124
58
112
67
181
77
186
187
53
17
122
169
96
166
176
38
75
174
105
156
160
153
40
155
10
146
90
61
66
11
168
141
172
83
113
170
56
