16
198
24
99
115
75
66
182
15
71
4
104
46
83
78
8
100
174
90
116
151
117
86
96
48
120
127
154
31
41
64
59
65
113
176
140
21
67
39
88
35
186
112
185
197
196
62
87
178
164
53
167
94
68
173
7
194
109
159
18
171
76
103
30
36
55
118
130
101
111
1
74
192
175
47
160
161
70
183
145
193
58
168
139
162
123
23
144
56
126
9
2
147
49
110
69
44
146
33
32
61
189
17
82
166
84
43
52
156
150
179
60
12
149
11
63
42
138
79
20
26
172
184
5
155
170
50
152
121
169
38
135
98
129
143
200
124
92
29
19
95
37
191
181
131
165
6
134
105
195
54
85
133
142
91
25
157
122
57
13
51
137
81
148
93
180
34
163
73
97
102
107
177
187
14
45
77
125
188
119
22
158
141
27
89
128
10
3
199
72
28
80
190
132
136
106
114
153
40
108
