25
168
44
115
68
138
182
145
131
24
59
57
93
49
144
35
85
151
167
83
92
132
135
54
34
97
18
60
108
117
188
23
32
158
123
122
127
181
41
30
66
91
112
69
106
70
140
73
189
179
51
8
125
160
19
142
113
87
36
163
86
175
4
22
96
183
48
50
37
77
98
47
100
166
121
39
143
74
88
102
118
9
2
11
130
111
3
148
71
105
124
21
46
174
169
17
1
173
7
40
161
14
31
149
116
61
184
55
109
89
156
104
5
16
110
72
155
186
75
153
180
56
79
129
101
126
53
147
137
78
26
63
159
43
162
42
15
136
20
12
13
99
27
146
38
134
154
52
10
80
94
62
67
6
29
28
90
65
84
178
172
76
103
64
152
176
150
141
157
95
165
107
119
33
164
82
81
114
128
139
185
58
177
133
171
187
45
170
120
