120
85
145
57
8
24
122
172
1
41
168
132
112
149
133
12
117
193
4
15
192
130
128
82
78
22
105
99
182
188
98
196
38
190
10
165
115
70
74
166
148
29
177
137
43
109
45
77
106
104
34
81
21
150
93
23
141
116
42
72
32
91
118
157
114
155
189
195
64
107
123
158
66
19
55
101
138
36
142
50
84
52
68
96
161
170
103
180
131
3
39
88
183
134
47
184
33
48
151
67
46
178
169
200
143
108
111
167
160
94
125
27
90
127
49
86
14
17
147
89
126
59
20
56
9
13
140
60
119
113
79
146
159
121
75
63
194
83
26
71
97
61
40
135
54
198
80
139
73
179
153
76
102
156
35
110
187
65
144
173
163
199
37
53
181
87
154
11
176
69
129
58
25
136
5
31
95
186
124
7
28
164
100
185
197
162
175
191
18
51
16
92
2
6
152
62
174
171
44
30
