77
2
91
119
67
30
139
114
66
145
116
32
181
99
46
117
100
172
165
4
56
70
103
113
57
159
107
20
78
160
106
142
53
75
148
59
1
80
74
141
96
7
17
58
126
132
64
155
183
115
11
162
144
153
13
93
130
121
48
134
35
163
42
9
18
3
76
166
168
92
49
94
38
147
112
128
154
146
27
143
55
111
140
178
54
73
44
109
150
6
26
124
23
164
179
62
171
12
63
137
152
169
24
177
36
131
69
28
45
83
125
82
88
105
39
71
149
180
120
129
40
95
34
65
158
43
37
85
90
33
110
72
5
87
21
133
157
68
15
122
175
156
25
51
19
47
151
102
86
182
136
8
135
10
31
29
16
108
50
173
127
79
98
101
176
167
104
84
60
89
81
97
123
174
61
118
138
161
170
52
14
41
22
