78
154
42
30
57
130
10
131
22
64
163
23
144
25
108
5
143
31
40
134
54
51
171
160
2
142
85
45
87
32
99
109
137
161
113
80
172
8
66
76
98
15
118
125
153
34
3
103
116
178
162
1
77
110
102
27
20
176
44
28
156
29
94
128
126
43
179
81
107
146
74
132
60
6
101
155
174
71
79
11
168
90
84
37
46
83
147
151
139
53
24
82
112
17
13
21
121
9
158
167
56
72
140
111
180
33
86
136
16
89
117
65
165
26
148
12
166
61
133
95
70
145
67
68
135
36
39
129
73
120
18
52
152
75
115
119
122
50
169
141
170
127
173
55
69
97
41
58
14
175
114
181
93
59
106
149
91
48
123
19
177
35
124
96
164
92
159
38
4
157
62
104
150
63
138
100
49
7
88
47
105
