54
83
62
94
2
93
154
101
28
9
11
77
137
113
22
60
189
152
165
158
177
149
114
129
103
24
176
84
21
138
70
163
89
117
80
146
63
17
139
12
156
160
133
111
121
31
173
8
41
182
44
184
116
88
36
25
75
65
143
46
170
125
104
20
15
49
86
50
96
74
161
66
110
85
155
134
6
14
178
1
45
33
147
192
5
91
132
43
42
95
67
188
131
32
194
58
124
55
18
112
109
181
72
82
52
26
127
40
157
159
23
145
119
167
92
120
3
175
140
186
190
196
118
78
115
142
30
191
69
141
4
97
7
179
59
144
56
123
71
13
128
53
172
185
169
162
180
102
195
51
68
37
81
107
34
35
79
105
174
16
10
38
153
64
193
47
39
130
135
106
171
166
87
151
73
27
136
122
29
164
19
168
183
99
148
61
187
126
48
98
57
90
150
76
108
100
