150
144
7
90
159
77
10
12
26
92
160
60
78
96
11
88
103
125
28
109
21
156
169
59
164
157
148
143
87
2
124
32
66
112
54
43
133
146
85
70
171
37
139
111
101
128
76
6
122
80
62
1
165
97
63
134
18
166
162
30
100
126
13
106
151
161
121
14
89
142
29
137
79
33
47
22
19
118
69
120
149
129
167
50
107
175
115
145
41
102
15
113
17
51
155
172
48
152
65
40
71
153
38
163
86
93
178
39
53
95
173
84
68
36
110
140
135
35
116
127
49
3
8
75
72
5
154
131
119
4
34
82
130
138
25
31
67
44
91
158
27
58
104
24
177
176
117
114
94
55
42
174
98
81
108
52
16
74
64
23
141
168
56
61
136
83
46
170
105
20
147
123
99
9
73
45
57
132
