107
147
110
57
150
73
104
27
54
89
133
121
92
137
52
158
55
76
66
5
58
44
168
99
105
112
51
74
108
149
129
71
34
30
171
120
174
38
125
170
81
166
103
148
10
1
83
156
28
11
64
43
138
65
39
143
164
63
77
173
93
151
118
25
35
56
141
111
46
69
42
109
153
119
154
117
23
4
146
161
96
80
33
122
12
162
152
29
41
131
48
3
18
13
86
160
22
40
126
49
36
37
31
47
68
70
50
78
91
62
116
145
114
2
134
135
32
140
144
113
165
75
9
84
139
163
101
45
172
19
100
17
95
142
87
21
61
123
102
136
82
14
88
159
127
26
16
130
94
60
6
59
79
167
53
67
15
7
20
124
175
155
115
24
90
85
72
8
128
169
132
97
157
106
98
