151
97
186
16
195
115
119
131
132
43
184
87
110
193
47
95
29
133
170
56
5
107
94
39
126
125
162
180
143
149
70
71
181
59
145
21
174
34
77
60
86
79
161
173
103
141
196
199
62
104
73
165
26
102
135
160
74
50
44
185
187
88
169
68
142
23
112
67
136
22
111
183
152
69
148
128
156
15
53
82
41
191
155
98
168
7
129
57
113
10
116
105
192
37
172
158
61
138
49
146
54
166
17
164
120
25
9
13
1
12
179
64
65
121
176
81
3
127
153
124
28
188
140
177
58
63
84
163
96
190
167
123
171
4
14
99
75
175
11
134
85
20
139
78
122
24
109
66
92
182
137
72
117
51
80
198
48
76
157
100
159
8
90
2
101
197
150
45
42
35
40
91
19
55
114
130
27
52
83
106
31
108
89
6
144
194
18
154
32
178
118
189
200
38
46
33
36
147
30
93
