4
2
1
3
5
6
8
7
9
10
14
12
11
13
15
16
18
17
19
20
24
22
21
23
25
26
28
27
29
30
40
34
32
31
33
35
36
38
37
39
41
42
43
44
45
46
47
48
49
50
51
52
53
54
55
56
57
58
59
60
61
62
63
64
68
66
65
67
69
70
72
71
73
74
94
104
78
98
76
96
75
77
95
97
79
99
80
100
82
102
81
83
101
103
84
105
106
107
88
132
86
130
85
87
129
131
89
108
109
110
133
90
134
92
136
91
93
135
137
111
112
113
114
115
116
125
126
127
128
138
117
118
119
120
121
122
142
140
139
141
143
123
124
144
146
145
147
148
152
150
149
151
153
154
156
155
157
158
168
178
179
180
162
160
159
161
163
181
182
183
164
166
165
167
175
176
177
184
185
186
187
188
189
169
170
171
190
191
172
173
174
192
