117
34
129
147
120
107
37
17
175
118
9
93
128
1
74
39
15
68
150
169
95
170
71
45
108
49
55
124
185
73
160
14
137
16
94
199
30
136
40
132
162
50
64
176
51
28
86
135
178
52
173
3
42
41
198
194
119
36
53
144
126
121
67
26
84
187
177
72
139
44
102
195
143
10
99
85
6
29
35
180
172
186
184
123
31
12
116
138
62
96
146
134
148
154
76
114
82
164
88
92
103
89
145
57
179
79
122
2
97
78
109
83
149
133
171
188
174
27
161
155
54
158
200
7
77
190
106
125
66
159
157
24
115
141
193
130
81
110
23
152
46
196
61
13
58
65
60
163
91
112
100
47
113
131
140
19
192
183
22
20
59
197
182
167
70
63
33
127
8
156
166
25
80
48
32
4
56
43
90
191
11
168
165
69
142
21
101
181
105
189
153
104
38
5
151
75
98
18
87
111
