115
157
42
25
140
193
171
107
160
110
124
44
91
116
127
181
24
139
155
137
200
194
158
104
123
53
173
196
60
159
31
135
32
86
59
145
138
56
131
26
161
3
45
39
48
92
85
69
73
15
20
72
199
197
185
71
147
108
136
13
150
74
165
84
54
70
156
2
192
112
100
38
66
88
5
21
113
77
190
49
103
129
125
146
179
81
22
30
36
149
80
43
6
16
184
169
101
176
153
99
35
23
62
133
162
105
83
95
98
144
180
148
8
152
41
109
186
4
14
37
96
163
87
58
182
178
189
19
134
154
120
90
34
183
188
106
82
68
47
172
57
65
130
10
126
102
174
18
75
170
79
121
142
175
63
64
55
122
52
198
93
111
117
29
191
28
7
143
33
167
132
11
119
9
40
89
67
12
141
94
1
76
51
164
61
46
50
177
187
195
27
78
166
114
128
97
168
118
17
151
