128
140
53
169
180
136
76
43
50
25
138
58
132
24
110
31
3
52
21
61
27
29
143
102
167
103
118
105
51
131
81
191
20
15
87
154
55
30
194
39
13
47
80
153
33
60
62
148
11
77
19
72
89
36
65
164
193
151
188
141
121
5
172
79
187
22
84
173
57
69
119
185
115
7
64
124
101
34
45
152
139
113
190
106
112
86
176
134
16
59
23
35
133
163
184
174
6
123
137
97
162
144
177
92
109
85
107
66
183
157
73
168
122
9
67
182
75
32
98
159
171
175
48
166
192
120
114
104
149
181
155
42
2
93
26
37
126
74
135
14
70
46
117
1
142
83
111
127
130
44
71
147
156
4
56
150
100
99
49
160
186
18
165
129
12
125
82
145
8
38
108
10
95
41
161
28
54
17
116
91
179
90
189
178
88
63
94
40
146
170
68
158
96
78
