152
115
73
172
33
22
40
150
63
160
18
157
182
57
21
189
108
120
42
128
98
178
70
199
44
59
94
28
29
46
102
65
151
143
181
144
170
3
31
50
184
41
129
69
87
38
58
162
148
103
131
36
61
198
190
72
101
62
17
83
185
13
80
161
197
156
137
106
177
55
196
8
51
111
86
186
84
141
173
77
71
124
165
125
179
176
146
52
67
116
16
169
1
164
171
121
123
9
110
25
85
195
194
154
168
117
127
60
26
81
122
191
104
54
6
43
187
82
193
135
155
180
7
105
5
114
132
134
153
119
30
49
74
96
56
174
118
4
107
140
15
24
27
149
93
136
32
64
139
76
200
89
92
79
167
99
66
147
109
20
113
126
183
97
11
39
34
100
163
133
159
112
53
166
192
75
142
158
90
91
130
14
10
23
88
19
37
47
145
95
68
2
78
35
188
48
138
45
175
12
