103
73
18
35
140
159
116
67
70
56
102
100
77
24
27
133
48
121
57
66
113
131
91
135
147
120
158
125
132
89
33
22
156
164
41
10
62
107
30
119
130
99
47
141
16
83
49
45
17
2
28
63
98
106
101
110
32
144
126
84
137
55
97
129
46
93
7
150
105
4
143
31
37
155
78
96
44
149
115
114
65
95
12
23
39
82
42
148
146
3
21
60
79
58
108
138
160
87
69
162
14
1
52
90
11
51
61
118
72
86
64
163
40
109
68
151
117
122
74
13
76
104
75
85
142
124
38
88
15
25
9
36
20
34
94
111
127
128
19
157
71
153
81
43
5
54
6
26
29
161
59
92
8
112
53
154
136
139
50
123
145
152
80
134
