21
76
165
101
57
121
47
80
31
178
149
27
172
139
129
113
45
90
174
1
70
50
131
17
193
61
160
25
116
77
100
175
199
81
12
46
13
26
133
60
5
92
126
39
63
56
48
127
88
155
104
153
198
152
20
164
115
16
83
132
35
89
137
141
2
147
110
95
64
135
52
171
119
41
188
142
102
55
15
6
51
9
75
112
195
73
59
22
24
36
68
128
191
28
140
192
86
196
176
65
111
154
166
109
66
14
189
79
84
183
96
4
67
145
87
167
103
91
53
150
44
98
74
30
117
144
29
197
169
82
173
19
185
33
194
122
38
32
78
123
156
134
72
138
143
107
85
49
23
130
58
37
120
93
159
179
54
94
200
42
7
69
97
190
114
3
108
163
62
118
10
34
151
187
180
170
43
105
71
146
99
136
148
106
40
8
158
184
124
161
18
181
157
125
168
182
186
177
11
162
