102
27
104
185
20
121
10
12
34
172
144
108
141
178
175
59
30
115
62
50
199
156
184
130
173
163
95
143
2
176
40
170
6
55
120
44
123
39
18
194
63
53
23
52
160
74
26
157
198
37
140
139
84
31
94
1
25
82
125
181
85
103
164
158
88
33
162
142
38
161
77
35
78
110
179
167
146
128
118
188
101
195
119
90
169
60
132
57
112
22
29
192
148
92
54
81
3
136
187
149
109
69
67
124
126
98
177
61
70
116
137
193
48
113
159
58
13
180
49
17
133
182
72
138
186
111
129
99
45
147
165
28
171
80
114
76
107
16
15
197
150
7
64
153
96
42
68
14
155
134
105
43
73
56
135
71
131
122
145
154
93
36
183
151
47
190
200
189
174
91
152
191
87
24
166
75
127
5
83
32
51
66
117
196
11
79
100
65
41
168
8
9
4
89
106
97
21
86
19
46
