100
125
89
96
154
164
161
174
162
137
190
147
5
54
106
114
179
104
12
61
2
119
13
127
102
15
49
158
130
194
75
159
77
156
110
85
58
133
200
33
143
31
131
128
116
178
163
67
176
192
50
193
14
175
92
134
81
142
11
80
123
78
144
129
10
68
171
188
39
34
151
186
66
86
82
105
189
117
46
101
181
122
22
52
155
141
25
180
6
107
35
183
199
153
59
43
169
198
160
185
40
121
120
71
64
45
103
42
108
182
20
3
90
139
166
37
165
73
93
140
138
70
135
51
19
29
27
84
149
91
16
53
126
17
112
62
65
24
95
148
76
32
187
168
69
57
8
23
118
60
55
173
124
72
136
197
97
146
38
177
28
157
1
94
83
26
109
99
47
132
172
191
113
184
150
167
195
56
196
30
145
152
98
9
36
88
87
74
4
63
41
7
21
48
115
18
111
79
44
170
