155
137
168
29
129
173
121
37
132
69
99
183
113
11
156
40
112
184
18
174
81
196
55
199
17
30
34
119
3
106
39
135
27
72
164
23
177
4
143
187
111
42
186
181
49
101
32
123
43
67
94
15
100
150
190
118
90
24
58
50
41
117
141
160
116
147
22
70
191
172
78
157
98
169
97
185
149
105
161
110
65
74
84
107
82
158
54
138
73
35
192
148
75
114
62
194
8
193
170
108
7
159
195
80
130
19
45
33
77
6
56
85
57
133
140
175
60
146
178
64
162
86
61
5
171
131
166
144
103
122
127
59
68
51
93
154
88
66
102
104
95
115
47
126
189
13
179
182
142
25
163
10
63
28
48
92
120
188
167
198
71
125
52
1
136
2
145
46
31
176
79
12
134
96
38
36
152
128
20
9
53
87
153
14
180
44
26
16
124
89
151
91
139
109
165
83
21
76
197
