135
139
58
130
71
128
33
41
31
93
141
70
29
22
174
57
166
162
52
134
94
37
107
46
44
99
184
75
63
122
64
127
159
90
32
97
13
61
123
36
1
80
9
21
62
160
6
10
85
111
39
78
30
119
81
140
196
43
187
66
42
176
88
148
100
144
116
173
87
4
146
131
40
108
65
155
151
118
170
86
125
152
18
194
23
180
79
145
167
24
5
77
34
186
142
169
69
83
74
7
91
105
189
126
121
2
98
27
38
17
8
92
114
102
115
137
179
172
84
158
198
106
19
53
147
50
117
161
171
192
56
73
149
68
120
124
25
103
175
101
199
110
67
49
129
104
168
156
113
3
109
96
16
28
164
181
47
60
188
191
177
11
165
193
153
55
95
20
185
182
143
157
26
82
51
35
14
112
132
183
76
154
138
197
195
150
136
163
54
89
190
12
133
45
200
48
72
59
178
15
