199
149
56
93
5
161
171
184
158
185
173
129
88
115
6
76
117
77
156
190
40
108
118
67
128
44
120
121
152
165
147
157
182
127
33
54
61
187
26
122
42
150
168
27
29
18
9
131
107
10
70
83
63
195
140
139
84
34
16
69
198
36
167
197
111
159
135
200
62
50
38
181
170
28
3
186
11
96
155
141
4
35
87
116
30
66
123
142
91
12
130
90
112
39
47
126
109
13
98
146
137
17
65
101
125
7
145
23
189
82
143
97
73
180
21
41
15
86
81
20
75
133
151
102
134
53
60
68
48
80
57
79
113
95
105
74
177
25
136
138
52
85
110
46
188
89
51
49
119
174
72
183
64
193
153
103
175
176
169
164
45
19
106
144
99
22
24
104
37
1
43
166
14
179
148
59
191
163
92
178
94
194
192
2
32
162
124
78
196
172
58
31
160
55
154
8
132
100
114
71
