169
149
5
113
4
13
131
54
59
32
168
50
119
78
146
81
39
12
160
28
31
116
153
68
36
58
41
29
121
154
148
163
27
43
114
123
108
46
57
144
73
79
161
69
61
77
17
40
159
44
37
101
141
63
67
156
70
147
92
60
104
64
166
45
145
48
103
6
62
167
135
124
133
16
7
21
105
38
94
109
157
88
22
56
3
90
72
117
158
83
96
49
55
85
130
65
24
139
8
86
115
134
76
99
127
10
112
129
35
151
150
2
128
122
25
106
110
136
47
82
143
126
23
111
33
140
171
30
107
100
138
11
164
20
74
1
91
52
80
53
137
71
162
89
97
172
95
42
14
84
155
66
15
170
165
118
132
142
75
87
26
120
98
152
102
51
19
18
34
93
125
9
