10
200
1
181
61
42
40
187
17
32
115
82
99
52
107
135
141
189
59
56
153
62
168
35
120
154
3
8
31
24
26
101
152
94
60
11
161
93
18
136
186
89
53
13
134
85
171
83
197
79
72
14
70
102
173
176
118
81
199
149
63
158
131
188
68
124
142
75
92
119
15
116
77
169
157
121
73
30
69
146
37
112
36
137
175
139
50
128
166
21
160
125
104
180
55
194
25
57
98
74
34
19
78
22
145
132
140
23
193
16
130
164
150
33
71
47
106
65
88
46
117
148
170
38
44
143
185
122
179
129
177
28
41
100
167
80
110
165
58
198
91
108
144
159
84
87
172
192
133
178
191
43
196
109
162
96
6
174
155
114
9
66
48
183
90
45
27
64
195
163
105
51
151
54
86
147
39
20
76
182
95
127
4
113
5
49
123
184
190
2
29
126
103
111
156
67
7
12
97
138
