47
53
72
84
97
112
136
166
182
38
110
114
142
162
183
197
198
17
22
52
60
70
71
128
153
172
180
187
199
12
20
147
149
152
171
186
189
193
200
40
1
6
27
32
81
90
100
125
163
168
2
16
28
30
46
69
109
133
146
167
195
35
37
98
103
116
137
148
173
7
29
68
75
93
111
115
117
122
196
177
61
94
101
106
144
158
165
179
5
18
43
67
92
126
129
130
140
160
11
13
50
87
113
120
131
138
141
156
176
34
49
74
102
107
143
174
175
185
192
88
10
21
31
39
51
127
132
9
45
58
76
77
79
95
118
121
151
155
164
170
3
4
15
48
54
59
85
108
134
169
14
36
44
62
80
123
150
159
188
56
24
26
42
55
82
83
86
19
33
63
73
89
96
181
194
23
25
64
99
105
157
161
184
8
41
57
65
66
78
104
119
124
135
139
145
154
178
190
191
91
