150
138
66
124
26
109
37
167
154
113
117
164
83
35
75
132
96
127
12
195
34
122
64
6
115
146
19
87
149
93
81
163
104
80
196
69
54
43
21
139
28
130
24
48
17
68
129
107
135
182
11
143
168
76
126
23
46
3
22
157
89
165
14
84
99
142
58
95
47
145
128
140
169
32
111
153
147
148
141
110
108
159
85
42
27
137
45
121
133
170
189
200
160
180
1
67
82
94
9
166
116
171
119
106
78
41
112
136
71
114
20
188
92
36
100
18
191
65
177
29
70
131
134
199
59
193
192
5
55
16
187
4
102
79
56
190
155
156
77
181
174
33
13
74
144
31
178
176
88
151
173
172
30
185
38
60
61
53
15
73
10
44
123
125
162
175
194
105
40
49
57
197
101
52
39
158
86
7
184
186
120
90
161
98
183
152
8
62
50
63
118
103
91
2
179
51
25
72
198
97
