188
119
190
129
86
27
66
46
85
133
135
39
177
170
57
173
59
179
102
157
164
124
69
95
21
15
82
175
149
29
7
13
84
176
166
45
63
181
113
107
83
25
111
75
118
42
110
169
132
158
53
93
105
3
184
9
72
115
108
56
171
91
136
28
41
99
44
174
126
5
128
152
146
153
109
4
33
26
150
148
70
61
159
30
116
101
67
156
92
183
10
131
18
122
123
114
155
64
34
145
37
130
151
76
78
31
100
139
87
168
88
180
1
127
65
160
189
62
142
182
71
143
147
12
19
48
51
121
104
74
14
178
112
161
2
141
60
94
90
98
96
154
22
79
58
140
6
24
11
137
32
40
97
172
186
43
23
103
185
81
134
49
77
54
17
68
80
36
38
8
120
52
89
55
117
35
163
187
144
50
16
73
165
47
106
167
138
20
162
125
