169
120
109
179
171
159
11
86
63
167
77
99
135
149
175
137
189
87
54
101
142
185
197
34
127
140
12
21
68
198
4
16
182
93
166
61
74
96
32
76
114
136
143
181
193
39
106
173
52
78
112
128
141
145
40
48
56
73
98
102
129
183
23
26
75
100
9
10
123
192
3
17
53
82
105
117
144
126
139
188
45
47
64
107
134
20
121
152
22
71
81
84
111
146
157
162
33
44
57
83
91
115
97
8
30
122
163
190
110
150
154
186
165
172
7
19
27
31
50
85
104
108
132
80
88
133
170
199
13
37
69
125
155
180
184
18
46
72
92
130
168
194
28
49
60
90
119
138
164
176
35
59
118
51
103
153
191
14
177
41
70
113
147
156
158
1
36
2
5
94
148
24
58
66
131
200
124
42
95
151
195
67
160
25
79
178
43
62
174
187
55
65
6
89
15
196
116
29
38
161
