1
2
3
4
5
6
7
8
9
10
11
12
13
28
66
124
189
18
126
172
69
92
128
105
51
41
123
38
101
48
165
17
98
138
139
133
90
149
111
117
182
74
95
179
118
79
33
147
116
54
60
44
30
131
143
192
104
150
40
16
196
134
65
144
106
129
82
198
94
87
157
187
64
91
93
170
32
39
112
97
70
194
27
158
62
181
153
195
96
115
156
110
103
86
89
47
164
56
168
155
26
46
53
45
180
50
84
76
20
193
72
200
80
108
140
88
154
159
141
71
183
83
29
42
160
188
22
146
142
174
166
75
121
25
127
148
161
43
61
109
122
85
199
163
136
171
63
77
167
197
132
68
34
114
145
99
73
59
19
57
176
67
151
23
184
81
31
100
162
35
52
119
107
120
49
137
24
102
173
178
175
58
185
78
191
113
125
190
152
169
37
135
130
177
186
21
36
55
15
14
