177
36
187
139
127
83
30
200
47
112
58
15
173
27
17
135
62
79
133
6
75
23
95
106
102
92
90
164
4
145
68
34
131
98
122
114
155
148
149
141
147
161
160
9
73
181
29
49
101
182
191
156
54
18
64
170
142
159
128
105
196
134
197
198
110
188
113
126
104
70
116
157
35
2
63
66
59
168
69
162
26
84
183
12
150
32
87
41
146
44
123
172
137
176
109
60
7
14
129
37
118
93
11
120
96
138
144
5
8
136
57
85
179
82
169
71
99
158
192
72
10
55
174
1
184
61
39
33
48
43
74
25
100
165
94
195
125
76
171
67
77
140
20
107
186
24
97
115
189
86
154
166
124
19
46
3
52
13
16
130
119
40
199
80
89
38
88
31
143
103
53
56
21
167
175
194
65
111
117
108
91
22
132
178
153
163
152
45
193
50
121
180
185
78
81
151
51
28
42
190
