151
2
52
117
66
50
63
200
80
113
120
58
90
23
183
124
49
111
99
67
79
61
97
45
59
85
24
84
21
86
136
112
130
118
96
169
30
174
141
36
164
91
25
162
157
127
48
145
170
42
70
116
171
75
20
89
148
182
55
150
135
64
3
181
125
158
33
93
82
100
140
87
115
34
114
54
107
72
186
163
7
137
176
110
37
156
188
152
123
95
14
39
122
129
147
196
16
18
139
41
46
178
10
165
166
68
197
83
184
9
172
192
121
179
35
4
13
133
153
22
94
194
8
57
195
73
1
187
17
190
144
149
15
177
98
105
51
47
56
76
173
101
81
160
167
65
106
71
119
159
104
31
198
175
185
12
155
193
27
103
78
69
38
199
189
180
102
60
53
6
77
26
28
126
128
40
74
88
62
5
108
32
138
142
161
132
146
168
44
19
29
109
143
131
11
191
134
43
154
92
