70
126
11
159
26
18
86
113
49
131
103
141
41
39
90
160
174
150
158
84
96
14
106
53
146
6
55
30
176
133
171
122
33
45
119
52
134
125
95
72
48
108
66
136
8
139
76
54
61
128
38
140
170
62
25
5
68
4
154
44
162
152
15
98
82
63
153
64
107
37
58
28
75
59
137
167
165
99
17
32
24
172
166
71
127
118
57
180
143
16
3
91
177
93
120
178
9
94
147
164
151
19
163
74
50
157
42
73
104
124
105
36
132
83
79
81
13
47
115
21
80
169
144
40
138
179
148
101
10
109
77
142
161
89
69
117
1
112
135
34
23
156
7
175
145
97
60
116
29
85
56
173
123
149
35
129
12
88
87
22
121
130
111
92
43
78
168
102
46
20
65
114
100
2
31
67
110
155
27
51
