47
37
3
26
145
170
95
129
166
122
139
150
108
142
70
36
92
72
161
52
164
179
39
148
112
1
165
107
7
126
146
115
167
120
169
65
71
138
56
63
103
177
49
15
125
86
14
48
75
6
130
4
9
38
41
173
174
137
144
153
147
24
61
27
73
21
19
171
176
151
42
121
68
156
77
13
16
180
40
114
143
99
45
160
82
58
119
181
152
32
110
66
158
105
89
133
140
35
79
157
127
57
116
33
84
90
43
78
30
162
18
10
96
132
25
54
8
135
123
102
131
46
163
149
81
51
76
155
29
50
128
69
44
124
80
159
23
5
59
117
60
28
12
101
93
62
109
134
113
31
17
87
64
97
154
104
88
172
2
67
83
74
141
136
91
98
55
20
106
178
168
111
34
85
53
94
118
175
100
11
22
