116
38
5
41
95
139
107
91
65
67
52
100
86
3
72
27
43
117
183
39
119
21
103
73
112
63
76
131
31
81
1
161
120
75
151
90
114
115
14
171
175
105
176
123
130
179
155
98
51
16
125
137
30
47
200
118
166
133
156
128
94
22
159
188
34
172
54
195
111
35
25
180
9
92
83
147
196
158
36
20
109
184
96
153
198
129
193
186
99
127
192
177
163
173
88
162
74
37
101
8
124
152
84
59
70
10
28
13
68
168
185
45
126
80
42
189
164
170
56
19
48
77
40
49
181
29
18
82
79
182
178
15
26
61
55
136
142
33
167
57
135
104
89
113
71
169
4
160
11
12
132
62
134
122
87
154
106
50
191
138
66
102
97
149
32
46
60
150
64
6
58
121
110
78
143
2
24
53
141
17
144
146
197
174
93
148
140
157
44
199
190
69
187
85
23
165
145
108
194
7
