84
60
90
78
99
156
24
144
12
153
126
81
147
129
33
105
96
108
75
27
3
87
162
168
63
123
159
93
54
102
111
57
48
42
39
165
6
114
18
141
51
150
135
9
72
66
138
36
117
30
132
21
45
120
69
15
94
23
142
44
151
43
112
46
58
133
157
86
113
95
49
97
16
137
7
115
88
56
143
10
136
140
41
166
139
73
31
155
59
79
61
80
121
62
70
34
68
154
4
148
98
161
22
55
103
76
91
109
118
130
145
110
37
1
149
127
20
106
119
2
100
35
125
13
52
124
25
122
163
26
32
28
85
64
67
82
19
40
160
116
169
8
146
29
74
11
38
152
50
83
89
14
101
71
47
5
17
134
65
77
167
170
158
128
104
164
107
131
53
92
