138
139
15
110
35
171
113
38
48
1
107
91
165
149
64
109
79
104
18
57
51
27
143
84
16
89
97
148
151
164
67
117
114
166
81
140
115
119
150
152
26
82
75
33
159
154
141
112
24
45
134
177
136
100
42
103
127
21
176
137
58
96
77
88
3
175
169
37
85
126
32
12
20
105
162
147
156
30
135
120
116
63
146
70
167
10
95
128
130
68
121
4
90
71
11
74
62
17
83
2
78
13
7
52
142
174
108
53
129
133
145
163
34
40
22
69
46
8
160
66
29
172
158
118
93
144
102
94
47
86
101
106
59
65
5
23
72
60
123
153
125
111
80
44
41
9
39
99
36
25
73
43
92
170
55
50
14
173
132
87
49
168
122
161
61
54
157
31
76
6
131
124
19
56
155
28
98
