43
52
27
63
93
130
91
158
69
81
94
141
74
120
133
187
15
76
92
109
166
171
37
42
104
149
159
162
164
1
10
29
40
44
51
184
4
9
16
22
34
38
95
105
107
132
140
157
189
193
197
11
49
67
110
134
139
153
169
5
14
47
106
138
165
174
23
56
99
114
36
45
191
28
60
85
100
111
172
180
195
199
96
192
58
61
65
72
126
129
131
137
146
160
8
13
32
54
59
66
84
103
118
119
142
156
188
31
97
102
122
123
128
176
185
194
196
200
41
87
190
198
6
88
101
182
3
26
77
90
115
33
39
50
79
98
144
152
21
48
89
121
163
167
178
183
17
68
70
179
46
57
124
161
7
12
35
71
82
113
143
150
151
154
177
108
116
135
147
155
168
20
25
53
78
19
55
73
30
86
127
112
18
148
175
117
145
170
181
24
64
2
62
83
125
173
80
75
186
136
