150
38
3
153
173
57
181
50
111
97
41
129
116
54
102
25
12
34
70
137
127
8
156
83
98
15
81
172
163
103
82
39
32
45
62
110
73
19
24
22
133
159
149
124
185
168
46
14
77
138
90
99
142
171
117
6
23
35
79
72
87
27
93
60
42
115
44
182
176
69
95
47
29
183
51
132
141
104
140
89
184
134
9
162
164
36
105
175
114
139
59
10
161
125
40
148
13
74
118
112
48
160
157
147
143
170
71
177
17
28
96
144
63
65
58
108
169
94
55
91
85
167
101
145
86
165
7
179
122
78
113
5
120
130
21
16
11
106
76
174
123
126
26
151
180
158
109
37
107
152
75
52
136
178
30
88
64
119
100
68
53
84
18
146
56
61
67
166
128
80
2
31
33
66
4
20
131
135
155
154
1
121
92
43
49
