37
171
127
188
97
146
62
88
185
133
102
60
156
65
141
137
115
166
198
46
179
118
78
87
94
22
38
161
42
81
193
48
91
147
15
121
79
112
126
148
39
20
54
93
26
75
57
138
89
10
195
55
132
151
74
165
125
71
16
160
72
178
111
66
86
13
6
51
128
117
34
19
5
119
49
80
120
83
105
162
130
134
104
29
69
3
109
181
163
45
18
107
131
25
99
189
184
58
123
23
196
24
149
176
142
106
122
1
194
36
155
11
52
170
190
144
53
41
140
153
56
180
17
152
90
157
164
145
70
44
124
43
136
168
158
154
186
173
135
28
67
27
96
114
175
21
182
116
14
30
139
100
108
8
172
191
187
92
76
113
150
77
192
200
101
98
32
7
84
35
174
183
63
129
47
68
159
177
167
85
199
40
110
33
61
64
31
59
50
103
4
12
197
9
95
2
82
143
169
73
