150
165
100
63
135
70
53
52
6
77
20
94
66
182
123
177
124
7
164
69
194
149
104
92
127
122
156
106
44
30
144
179
157
191
76
85
96
108
34
83
14
56
128
160
33
15
80
40
26
45
72
5
138
67
174
189
2
57
28
88
46
107
71
162
10
184
158
9
121
139
151
120
180
192
84
134
3
185
126
61
132
18
190
137
99
102
38
39
176
79
64
35
183
58
193
119
113
109
105
147
153
196
62
117
36
188
81
178
197
95
49
86
163
19
111
186
78
112
29
115
59
198
145
22
74
23
68
155
48
90
17
169
27
89
55
129
159
166
43
16
148
4
93
60
32
175
37
143
154
41
116
167
130
114
42
8
200
140
21
73
82
65
50
131
75
173
141
11
91
47
136
31
87
142
171
133
172
181
103
98
51
13
199
25
24
170
110
54
187
1
125
118
146
152
12
101
97
168
195
161
