143
181
152
120
134
189
99
80
172
10
29
53
89
111
184
7
14
68
128
137
106
59
56
6
54
101
57
187
40
85
31
49
41
2
131
175
130
173
149
67
71
87
23
117
142
148
108
18
169
73
33
46
157
19
95
119
167
97
160
182
93
192
195
124
52
37
27
112
151
26
170
5
107
8
188
22
42
146
174
114
100
90
153
61
116
63
39
98
50
20
38
58
132
115
193
105
161
176
144
13
159
171
83
48
177
36
69
129
191
55
168
76
199
66
28
113
82
44
109
164
9
81
138
91
196
84
43
180
198
70
35
92
94
200
156
183
1
78
17
186
16
125
179
45
64
104
139
21
34
123
126
65
4
162
190
178
147
30
72
133
15
140
194
166
121
150
24
47
60
185
155
141
197
135
32
88
86
118
165
62
75
96
122
163
136
25
51
127
3
145
158
77
110
12
102
79
11
74
154
103
