103
34
104
5
100
1
132
15
47
52
33
135
50
62
29
70
82
63
10
57
143
54
74
128
76
75
22
124
90
59
81
88
35
32
159
21
130
58
158
137
149
49
126
16
55
3
147
117
73
71
153
43
122
61
6
60
46
116
37
118
38
19
92
95
89
115
120
110
154
65
69
45
8
134
41
80
67
140
20
131
136
42
11
139
157
150
36
78
129
155
7
133
111
94
12
48
39
144
87
127
101
40
64
86
18
152
77
56
148
26
113
85
66
97
28
68
121
98
114
108
23
141
145
119
4
44
105
72
107
24
17
84
93
125
30
9
112
27
83
109
14
156
142
96
151
138
31
99
79
53
13
102
25
146
123
91
2
106
51
