29
103
97
165
13
182
111
162
185
7
184
173
52
43
22
148
163
174
144
60
90
112
102
159
87
131
23
121
183
120
175
81
88
98
62
152
105
142
126
74
34
113
44
95
18
69
169
161
11
38
36
160
2
21
84
176
164
172
168
42
25
104
140
8
187
10
89
181
3
65
9
133
49
138
64
115
158
186
54
40
4
47
16
118
37
127
27
46
30
155
76
51
135
107
14
100
80
1
122
128
180
70
150
45
123
190
101
66
132
67
178
19
134
63
124
58
147
78
106
188
91
92
28
99
82
68
137
31
149
156
73
109
26
20
17
59
35
129
96
108
125
83
55
157
75
79
71
48
39
5
146
53
12
56
130
171
145
141
61
110
32
57
167
136
119
170
72
139
177
77
151
93
33
143
50
166
189
6
153
24
15
154
86
116
94
41
114
85
179
117
