42
49
20
149
159
90
22
25
147
131
114
38
134
59
50
120
71
5
105
2
12
6
116
118
63
136
154
135
70
140
34
117
111
142
65
107
58
8
76
128
158
19
27
52
79
138
101
35
4
69
1
102
56
21
98
33
106
157
54
150
91
109
99
89
60
64
92
122
72
145
62
88
125
31
43
160
148
123
39
55
46
103
100
74
66
97
37
95
94
16
141
47
32
48
24
161
127
86
85
126
139
29
133
30
129
40
11
14
57
119
113
137
83
81
17
51
28
130
156
15
152
124
78
112
36
104
7
80
13
108
10
110
132
121
9
44
144
18
151
153
84
87
23
26
155
3
93
77
96
82
68
75
73
45
53
41
61
115
67
143
146
