188
94
51
186
164
171
129
173
105
148
25
111
53
54
115
125
60
48
45
65
77
139
178
23
85
157
96
169
66
68
31
71
147
136
29
16
122
24
91
191
175
144
18
82
101
150
56
20
97
145
127
61
168
4
160
162
138
26
151
17
100
8
102
132
124
73
155
161
74
109
112
50
63
88
118
72
107
22
192
13
152
142
128
46
79
35
30
141
199
156
197
134
116
7
32
47
44
11
110
95
104
70
93
120
43
133
62
37
69
52
87
99
19
190
123
103
57
64
42
158
119
89
9
176
195
59
39
40
75
80
1
182
3
34
193
38
185
55
14
15
58
181
149
2
170
5
183
117
41
177
33
163
159
113
84
172
108
67
126
140
83
165
200
194
10
187
114
130
78
180
6
154
81
27
90
86
135
174
143
121
92
179
49
167
189
196
21
184
137
146
12
106
131
153
76
28
98
166
198
36
