86
16
126
132
98
85
26
68
21
33
96
94
44
55
118
35
123
23
157
17
148
127
108
70
58
130
97
20
95
111
125
116
153
78
136
122
138
156
87
51
65
67
27
34
84
142
74
3
114
143
73
160
119
93
39
76
42
121
10
109
99
147
47
64
139
120
63
62
6
59
154
150
14
129
80
60
105
103
104
141
152
72
91
15
128
81
12
75
36
37
88
29
46
38
48
149
113
56
45
158
146
22
61
135
1
140
49
145
41
24
90
117
131
79
115
40
11
66
106
8
112
9
107
124
101
50
53
102
18
100
57
32
52
137
25
19
5
151
155
89
30
7
69
2
83
54
31
82
92
144
13
133
4
77
28
159
110
134
43
71
