16
110
21
87
60
4
1
158
30
61
108
34
153
189
58
69
173
80
183
8
57
29
11
129
124
66
92
98
159
104
135
91
115
141
70
133
44
40
123
47
63
25
79
138
134
121
165
102
81
169
132
107
68
163
46
172
112
50
179
149
105
106
145
190
3
166
151
100
24
180
18
20
49
126
157
94
93
2
187
86
75
178
59
154
7
147
174
177
23
82
38
120
72
45
111
32
127
118
27
54
113
83
146
171
42
152
88
28
144
155
56
41
74
33
148
181
139
103
48
170
51
136
184
90
52
65
176
76
53
131
35
188
19
167
73
130
117
99
37
5
164
6
89
9
22
97
36
55
119
109
101
39
186
96
185
84
125
13
114
122
85
175
17
71
64
162
182
128
26
15
95
31
62
161
160
116
150
137
140
67
156
142
168
77
14
12
143
78
43
10
