41
46
135
113
22
163
149
55
95
102
38
47
170
200
68
5
30
82
139
112
184
148
110
8
117
188
133
12
27
48
172
62
40
115
3
120
121
97
187
17
114
61
59
75
129
37
118
76
45
34
153
81
127
67
23
33
72
58
89
180
10
126
154
32
98
195
74
87
130
196
42
83
147
189
92
158
183
179
119
104
159
2
101
116
63
49
56
198
169
80
64
13
176
166
84
60
162
111
165
39
168
144
199
190
85
124
69
91
88
152
77
143
141
134
43
1
108
93
71
173
29
66
6
107
128
11
125
70
109
123
146
171
53
136
197
103
192
131
96
99
52
28
65
21
90
145
31
78
175
155
36
7
73
4
178
106
167
140
138
181
132
177
194
186
174
15
86
105
151
14
161
156
122
25
26
137
9
16
79
164
191
142
185
157
150
51
54
20
57
182
44
35
50
193
19
94
160
18
100
24
