143
116
17
126
19
61
73
127
23
99
36
161
16
27
66
77
42
43
129
86
13
118
76
98
100
134
8
157
162
111
75
18
89
48
125
58
147
32
21
47
81
139
92
121
49
64
117
30
55
106
141
53
87
107
82
133
45
62
130
65
11
15
109
159
128
78
59
74
83
3
20
102
2
60
151
119
28
120
145
22
94
40
37
50
140
122
24
25
131
103
80
144
7
108
105
26
154
33
135
5
137
104
10
14
85
110
156
1
72
44
150
56
97
91
88
84
136
142
93
101
41
114
132
67
149
38
148
71
12
6
124
96
9
31
113
29
158
51
155
69
90
115
57
70
79
160
52
54
35
138
4
146
63
123
152
34
68
95
39
112
153
46
