179
92
83
175
106
51
5
142
189
75
198
105
119
27
178
79
180
161
64
145
197
42
49
70
28
59
10
65
121
181
101
150
19
24
13
9
82
33
108
140
103
117
136
90
194
174
43
159
22
74
100
38
93
176
88
81
164
98
129
163
143
151
111
113
131
1
122
76
14
144
171
195
60
177
107
54
135
34
199
97
87
133
96
123
12
3
154
185
130
89
169
158
184
37
110
114
84
124
192
147
138
146
109
68
137
47
53
8
128
58
186
190
153
115
7
71
148
85
46
157
191
57
141
86
41
15
25
99
55
125
78
48
188
36
183
200
91
152
56
162
112
170
21
126
116
94
120
50
104
95
31
40
102
132
35
193
69
172
80
32
17
4
167
155
173
26
39
156
6
182
134
160
127
62
11
168
139
44
63
166
149
20
66
61
2
16
77
23
52
73
187
118
67
72
18
30
29
45
165
196
