42
121
135
114
145
119
128
30
20
13
27
17
107
139
59
129
140
11
104
9
134
153
61
111
51
68
48
67
155
82
41
133
25
34
24
97
70
113
50
6
80
77
55
127
151
112
87
43
4
21
32
76
86
69
103
126
47
141
147
130
8
35
83
15
154
120
125
33
2
137
115
132
91
96
131
71
99
16
45
101
79
117
123
108
146
142
81
149
110
44
19
64
152
14
106
105
18
122
56
156
73
74
92
116
136
57
1
144
29
26
37
89
22
60
109
31
148
40
39
78
90
88
138
52
66
3
28
75
100
102
38
98
62
53
85
54
12
46
10
84
7
150
72
58
36
93
5
23
94
95
143
124
63
118
49
65
