61
42
148
28
143
106
23
96
77
40
115
9
63
18
126
10
87
50
66
188
68
159
86
196
195
4
74
46
94
103
130
56
163
111
137
98
178
71
174
88
182
172
102
80
32
162
25
146
117
132
168
151
13
125
57
14
53
11
134
173
20
189
69
97
169
78
156
197
60
198
119
129
190
138
170
81
100
65
135
85
55
91
17
22
58
83
187
90
7
36
38
114
121
144
99
49
194
141
179
113
166
152
167
192
171
15
118
127
41
75
62
79
8
39
34
51
64
154
108
2
147
165
21
31
120
193
89
123
191
176
82
54
47
67
76
84
183
30
155
3
139
136
26
131
153
107
45
12
150
161
24
52
145
6
116
44
164
92
181
35
33
180
104
158
1
175
109
142
19
43
70
5
101
149
112
95
16
27
110
29
128
184
122
124
140
186
93
185
157
73
133
177
160
105
37
59
48
72
