48
100
127
192
53
135
131
130
166
86
148
50
56
67
68
65
96
64
18
170
103
187
105
190
154
141
94
173
147
136
93
107
58
152
44
143
125
90
193
22
144
200
75
4
184
176
28
128
160
34
27
45
195
138
117
80
145
120
42
62
55
77
114
134
151
178
81
137
8
41
40
102
31
122
191
186
183
197
180
39
76
169
174
88
21
12
119
129
101
126
140
121
164
78
9
133
95
17
49
54
71
110
1
92
99
2
162
165
20
37
32
85
46
146
157
16
104
188
153
115
118
124
142
150
73
43
70
19
159
123
171
108
36
168
167
47
63
29
109
5
84
161
113
82
24
13
26
179
172
112
189
66
38
175
72
57
116
10
6
98
79
33
51
196
177
158
35
156
14
25
155
97
199
89
60
132
15
194
7
52
182
83
74
111
3
69
30
163
139
198
87
11
23
91
106
59
61
185
181
149
