1
2
17
55
151
21
140
6
11
5
3
14
32
36
41
7
4
12
18
153
92
13
10
59
9
8
88
40
20
63
24
74
28
16
22
77
66
132
43
15
33
97
129
29
39
54
42
23
52
19
34
106
47
45
44
25
71
146
26
30
64
31
58
37
38
83
178
184
69
27
51
120
86
56
162
46
53
87
191
48
193
95
62
35
107
144
82
67
124
49
80
61
119
73
81
104
60
50
117
108
183
118
134
147
75
78
57
190
121
161
65
142
200
111
94
175
79
76
99
196
68
101
100
137
84
154
180
72
70
143
102
138
170
163
156
85
89
126
136
90
139
186
173
105
110
166
172
98
91
96
103
93
141
150
152
114
158
174
113
133
109
188
189
169
115
131
116
171
112
160
198
182
127
125
155
195
149
123
135
164
128
122
130
145
167
148
159
165
177
185
157
192
181
179
168
176
199
187
197
194
