48
110
54
35
155
80
147
188
42
38
135
69
150
149
97
124
84
100
91
180
5
56
138
164
116
59
23
117
177
126
28
53
11
191
82
30
146
127
156
145
31
182
162
200
166
130
70
93
41
95
169
189
131
2
112
118
151
168
140
67
174
160
57
165
19
77
192
10
81
148
21
17
47
167
193
6
119
175
88
92
98
45
178
32
13
136
121
51
58
36
109
115
139
137
179
161
26
86
79
96
8
103
176
154
43
50
87
113
141
173
105
111
90
198
184
73
37
55
129
107
183
27
199
101
185
85
15
75
132
7
68
71
16
78
159
170
114
134
60
83
123
89
25
106
171
33
197
14
102
64
9
142
195
72
74
1
143
181
133
12
104
44
61
125
153
152
158
120
108
52
4
63
18
94
49
66
157
196
144
62
65
128
46
163
39
20
34
3
194
22
172
186
122
76
187
29
190
40
99
24
