172
182
43
118
51
139
120
140
87
110
136
53
91
190
114
170
180
116
185
69
14
17
79
33
176
66
60
188
152
26
23
3
122
115
78
134
164
55
158
62
106
46
12
156
141
175
166
29
165
39
28
4
197
15
88
82
157
183
153
95
30
89
34
119
186
8
59
97
169
159
198
61
47
74
57
72
7
56
93
109
96
103
129
42
107
135
48
150
133
70
99
19
40
147
193
98
16
81
36
35
80
105
54
63
125
187
174
24
83
160
151
179
131
117
22
128
102
18
178
94
67
168
27
124
6
45
167
9
86
85
50
195
76
77
11
132
138
2
200
199
145
192
32
163
111
25
41
113
144
181
20
191
171
189
58
31
155
44
65
149
126
5
1
101
161
49
90
108
21
137
75
142
10
37
154
52
73
71
84
104
68
194
127
146
184
196
100
173
13
130
177
64
112
123
162
143
38
92
121
148
