52
10
135
185
125
42
68
151
99
7
166
63
198
22
92
174
29
194
28
183
56
71
127
161
96
195
40
163
55
182
172
50
9
38
164
6
20
116
57
60
84
91
134
106
54
170
24
171
137
32
80
3
176
5
89
95
87
39
2
72
76
100
85
25
41
128
86
107
196
148
31
165
69
130
142
169
79
156
34
59
70
45
101
26
160
33
152
18
8
30
23
74
73
11
133
49
168
103
123
167
110
126
190
175
82
181
157
78
12
188
21
129
138
61
16
141
14
158
186
146
47
65
111
145
120
90
143
131
177
187
15
88
51
200
115
179
64
191
121
27
97
112
159
36
75
105
193
122
140
67
197
94
13
81
132
139
98
150
109
113
83
17
118
189
192
37
147
35
114
144
43
149
4
53
48
104
162
199
184
93
154
124
19
180
153
136
1
66
117
44
173
62
178
46
155
102
119
77
108
58
