149
131
132
106
12
172
102
97
98
42
44
156
60
7
181
200
85
179
111
117
164
147
79
9
47
99
30
90
82
140
13
103
38
161
133
170
25
45
5
19
152
150
197
6
123
138
145
65
11
46
14
110
26
51
109
76
54
59
121
15
74
40
167
193
92
32
116
159
104
66
171
176
183
100
69
120
142
56
72
143
153
10
63
61
126
119
169
141
2
83
173
1
160
23
94
195
166
37
101
162
165
175
124
3
43
57
146
34
189
178
64
67
81
139
148
68
151
41
75
93
129
88
73
122
22
125
194
180
191
155
35
31
86
95
177
8
18
130
199
48
113
186
55
39
20
127
71
174
157
198
196
128
24
62
185
52
33
136
21
107
144
190
28
87
105
29
192
49
188
118
77
115
96
36
182
17
137
91
58
158
80
27
187
84
78
108
16
135
4
154
112
168
163
70
50
89
134
184
53
114
