42
47
132
94
126
85
73
18
21
86
165
14
163
141
117
120
112
78
159
128
70
27
173
11
150
148
118
111
68
28
164
8
87
54
38
15
149
79
162
19
51
142
161
55
67
43
96
170
74
152
158
110
131
66
151
166
59
174
129
34
17
137
69
62
72
95
53
115
153
125
84
46
160
44
102
77
169
116
113
101
3
36
5
135
122
12
167
103
65
97
64
106
140
123
50
13
16
127
40
9
88
37
49
121
130
156
20
136
23
119
33
80
75
133
104
4
138
92
155
10
82
52
83
25
61
147
154
6
145
63
157
26
76
114
90
134
45
100
107
35
143
2
108
30
1
89
7
24
109
99
171
39
60
168
29
146
22
31
139
48
144
172
124
98
57
41
71
81
93
105
56
58
91
32
