158
54
67
22
148
153
28
125
12
89
111
60
64
23
83
171
35
163
180
86
170
112
174
19
145
21
25
58
184
90
74
149
120
110
34
30
18
162
50
6
155
10
80
101
169
76
134
92
65
181
52
73
160
178
117
43
168
140
78
24
177
57
3
108
97
114
70
156
66
2
38
7
127
175
132
29
63
33
121
126
143
139
182
31
11
152
113
69
106
68
94
87
71
55
104
130
48
172
45
14
164
150
166
138
131
44
27
115
118
32
77
122
165
147
1
129
36
123
128
99
119
16
85
61
26
79
17
4
39
42
59
53
142
81
82
100
98
179
5
141
75
105
93
56
173
133
185
103
9
137
161
135
91
41
102
84
95
154
157
176
20
96
46
13
40
116
51
124
136
88
144
167
183
151
37
107
159
49
8
109
15
72
62
146
47
