1
2
3
4
5
49
6
7
8
9
180
181
182
183
51
184
177
185
32
186
187
188
189
190
191
192
193
194
195
196
197
198
199
94
200
121
42
162
93
165
122
166
160
38
145
22
33
113
157
55
161
87
64
124
175
116
176
155
169
128
179
25
88
75
21
23
19
147
39
135
79
24
20
123
58
134
45
158
108
118
46
70
150
142
84
137
57
139
16
127
105
164
65
120
106
30
167
59
60
97
171
151
56
103
119
132
115
66
109
41
44
156
27
154
131
112
68
144
43
143
74
17
89
148
125
31
110
83
67
69
80
159
35
76
34
140
63
98
130
114
168
104
129
82
73
107
92
101
99
178
77
133
149
47
78
153
81
71
111
86
117
102
28
96
36
172
136
95
163
26
52
85
48
61
146
174
100
53
18
152
90
126
173
91
50
170
138
54
29
62
72
141
15
40
37
10
11
12
13
14
