137
99
179
93
135
3
163
111
153
195
65
152
17
136
81
131
126
104
120
164
178
9
166
144
54
52
185
112
77
15
88
61
27
55
119
18
183
45
189
80
66
16
69
8
105
140
110
68
158
59
122
169
6
50
7
79
188
134
190
82
49
12
149
102
33
60
86
174
70
157
37
194
46
177
58
64
96
101
92
184
181
193
150
161
172
76
106
56
63
114
168
98
11
160
154
143
123
29
31
78
170
117
142
19
171
186
57
40
72
116
173
125
36
191
108
141
4
187
25
146
176
109
95
21
118
89
139
39
130
162
175
198
91
26
156
94
1
129
84
24
182
35
13
132
74
43
83
103
10
71
85
5
167
199
23
14
22
53
48
73
32
155
196
47
115
148
41
145
165
128
180
67
147
20
192
138
34
30
51
121
38
151
133
124
2
28
159
107
90
97
113
44
75
62
42
197
100
87
127
