81
195
58
47
200
80
180
92
135
55
199
62
72
167
90
63
108
1
124
43
127
69
188
85
107
197
186
181
89
194
179
157
189
91
110
126
144
53
170
100
36
109
77
44
3
54
82
97
94
165
130
116
133
117
52
152
65
66
150
196
134
118
190
104
156
42
166
51
193
84
182
151
71
98
123
56
173
153
145
162
160
14
7
164
37
18
184
141
73
102
101
113
191
111
64
122
139
142
70
68
106
86
49
45
198
125
15
159
146
5
61
192
96
103
35
2
105
136
169
87
177
26
119
67
19
60
172
17
155
140
24
76
185
99
154
33
78
75
4
57
183
138
11
27
50
115
131
137
148
178
6
161
40
74
32
48
21
143
128
13
88
129
95
31
171
79
83
149
120
168
147
46
158
163
25
174
112
38
59
187
41
132
176
10
12
28
114
34
8
121
175
16
22
30
39
23
93
20
9
29
