200
125
61
49
183
109
79
50
51
29
106
17
2
113
176
198
133
56
83
24
81
75
155
41
5
20
95
156
114
185
28
105
38
196
40
11
173
35
102
179
171
128
124
80
62
178
42
119
122
129
90
130
123
153
100
94
55
22
66
149
7
10
15
165
1
180
58
52
82
85
141
73
9
26
111
44
112
193
48
190
99
96
126
148
16
182
43
13
188
64
131
45
93
161
86
121
101
87
154
159
168
110
72
158
69
8
74
18
140
138
152
60
36
115
166
197
6
117
53
65
150
151
177
108
136
167
63
97
57
132
145
89
181
157
92
70
169
84
142
32
162
186
76
118
116
163
27
39
147
98
187
31
143
14
59
19
127
164
25
184
174
107
88
30
134
175
47
12
172
37
4
194
34
21
23
68
139
191
104
137
135
54
3
120
71
189
103
78
91
160
195
144
146
33
46
77
67
192
170
199
