42
126
85
18
86
165
14
141
120
112
78
27
118
68
164
8
87
38
15
162
51
142
96
152
158
110
131
66
34
69
72
115
125
46
44
102
169
116
135
97
64
140
123
13
16
9
121
156
20
136
119
80
75
4
82
52
147
154
63
157
134
45
35
143
30
1
109
99
168
29
146
31
139
48
144
98
57
81
58
91
2
3
5
6
7
10
11
12
17
19
21
22
23
24
25
26
28
32
33
36
37
39
40
41
43
47
49
50
53
54
55
56
59
60
61
62
65
67
70
71
73
74
76
77
79
83
84
88
89
90
92
93
94
95
100
101
103
104
105
106
107
108
111
113
114
117
122
124
127
128
129
130
132
133
137
138
145
148
149
150
151
153
155
159
160
161
163
166
167
170
171
172
173
174
