163
55
148
8
200
188
17
118
3
121
172
74
32
130
189
104
158
83
179
101
84
39
85
77
124
69
43
1
70
6
134
99
53
11
128
192
90
31
4
155
175
7
177
138
194
156
160
150
193
157
182
94
19
35
24
103
2
5
9
10
12
13
14
15
16
18
20
21
22
23
25
26
27
28
29
30
33
34
36
37
38
40
41
42
44
45
46
47
48
49
50
51
52
54
56
57
58
59
60
61
62
63
64
65
66
67
68
71
72
73
75
76
78
79
80
81
82
86
87
88
89
91
92
93
95
96
97
98
100
102
105
106
107
108
109
110
111
112
113
114
115
116
117
119
120
122
123
125
126
127
129
131
132
133
135
136
137
139
140
141
142
143
144
145
146
147
149
151
152
153
154
159
161
162
164
165
166
167
168
169
170
171
173
174
176
178
180
181
183
184
185
186
187
190
191
195
196
197
198
199
