33
129
190
2
104
126
151
103
177
1
3
167
24
176
194
28
61
76
154
146
134
67
182
179
17
12
111
147
18
144
184
6
11
145
107
86
160
82
59
88
39
46
192
140
120
29
15
56
162
189
128
90
180
155
49
32
42
8
117
26
73
137
7
178
161
91
102
193
66
173
158
19
40
51
52
159
119
121
34
149
87
109
84
187
21
157
4
5
9
10
13
14
16
20
22
23
25
27
30
31
35
36
37
38
41
43
44
45
47
48
50
53
54
55
57
58
60
62
63
64
65
68
69
70
71
72
74
75
77
78
79
80
81
83
85
89
92
93
94
95
96
97
98
99
100
101
105
106
108
110
112
113
114
115
116
118
122
123
124
125
127
130
131
132
133
135
136
138
139
141
142
143
148
150
152
153
156
163
164
165
166
168
169
170
171
172
174
175
181
183
185
186
188
191
