44
125
165
55
146
156
95
161
16
109
143
101
60
8
13
62
42
43
102
20
98
145
159
50
27
106
41
22
31
5
100
39
77
68
18
132
121
135
80
6
152
45
96
153
11
36
66
130
53
58
63
116
9
67
12
94
99
134
79
25
105
141
87
157
97
160
52
86
92
118
124
151
26
111
73
158
1
2
3
4
7
10
14
15
17
19
21
23
24
28
29
30
32
33
34
35
37
38
40
46
47
48
49
51
54
56
57
59
61
64
65
69
70
71
72
74
75
76
78
81
82
83
84
85
88
89
90
91
93
103
104
107
108
110
112
113
114
115
117
119
120
122
123
126
127
128
129
131
133
136
137
138
139
140
142
144
147
148
149
150
154
155
162
163
164
166
167
