79
66
139
68
41
187
161
38
116
24
174
62
196
42
55
119
103
51
94
29
110
124
90
67
65
195
168
192
194
15
70
121
2
153
154
89
35
95
30
200
28
83
93
1
3
4
5
6
7
8
9
10
11
12
13
14
16
17
18
19
20
21
22
23
25
26
27
31
32
33
34
36
37
39
40
43
44
45
46
47
48
49
50
52
53
54
56
57
58
59
60
61
63
64
69
71
72
73
74
75
76
77
78
80
81
82
84
85
86
87
88
91
92
96
97
98
99
100
101
102
104
105
106
107
108
109
111
112
113
114
115
117
118
120
122
123
125
126
127
128
129
130
131
132
133
134
135
136
137
138
140
141
142
143
144
145
146
147
148
149
150
151
152
155
156
157
158
159
160
162
163
164
165
166
167
169
170
171
172
173
175
176
177
178
179
180
181
182
183
184
185
186
188
189
190
191
193
197
198
199
