67
148
94
110
188
50
122
18
87
80
60
142
99
40
157
194
1
116
35
162
144
195
147
128
83
57
191
140
134
200
174
125
86
27
199
155
149
90
68
136
30
20
131
190
107
75
104
16
115
44
189
52
109
72
88
124
101
184
96
127
28
11
21
169
145
152
31
70
156
10
150
151
24
168
175
123
113
186
42
65
176
56
143
26
93
39
130
3
173
76
180
2
4
5
6
7
8
9
12
13
14
15
17
19
22
23
25
29
32
33
34
36
37
38
41
43
45
46
47
48
49
51
53
54
55
58
59
61
62
63
64
66
69
71
73
74
77
78
79
81
82
84
85
89
91
92
95
97
98
100
102
103
105
106
108
111
112
114
117
118
119
120
121
126
129
132
133
135
137
138
139
141
146
153
154
158
159
160
161
163
164
165
166
167
170
171
172
177
178
179
181
182
183
185
187
192
193
196
197
198
