100
47
5
1
57
63
135
62
75
54
128
82
35
22
159
21
81
126
147
71
117
73
43
154
65
118
115
95
37
92
120
67
140
80
11
129
155
48
87
7
40
127
101
86
148
113
121
97
68
108
4
98
44
125
119
112
24
72
83
84
96
142
13
102
138
31
91
51
106
25
146
2
3
6
8
9
10
12
14
15
16
17
18
19
20
23
26
27
28
29
30
32
33
34
36
38
39
41
42
45
46
49
50
52
53
55
56
58
59
60
61
64
66
69
70
74
76
77
78
79
85
88
89
90
93
94
99
103
104
105
107
109
110
111
114
116
122
123
124
130
131
132
133
134
136
137
139
141
143
144
145
149
150
151
152
153
156
157
158
