136
100
112
166
59
74
108
12
141
105
14
58
28
156
154
172
157
83
92
50
118
34
73
75
115
86
70
94
37
7
116
24
66
163
79
76
36
52
129
56
137
84
41
93
30
158
78
69
81
151
29
148
144
160
43
106
145
167
146
109
165
55
40
33
5
44
98
67
153
131
173
119
82
1
2
3
4
6
8
9
10
11
13
15
16
17
18
19
20
21
22
23
25
26
27
31
32
35
38
39
42
45
46
47
48
49
51
53
54
57
60
61
62
63
64
65
68
71
72
77
80
85
87
88
89
90
91
95
96
97
99
101
102
103
104
107
110
111
113
114
117
120
121
122
123
124
125
126
127
128
130
132
133
134
135
138
139
140
142
143
147
149
150
152
155
159
161
162
164
168
169
170
171
