167
93
149
55
4
138
45
18
71
95
148
59
114
180
43
108
73
186
83
170
159
11
122
100
75
13
67
182
102
125
104
153
87
2
39
118
157
25
42
193
187
51
126
54
63
185
28
141
161
179
101
32
177
189
195
144
79
132
47
168
147
166
86
41
22
165
173
196
112
111
90
16
69
14
20
29
34
96
121
129
106
152
137
48
36
198
1
3
5
6
7
8
9
10
12
15
17
19
21
23
24
26
27
30
31
33
35
37
38
40
44
46
49
50
52
53
56
57
58
60
61
62
64
65
66
68
70
72
74
76
77
78
80
81
82
84
85
88
89
91
92
94
97
98
99
103
105
107
109
110
113
115
116
117
119
120
123
124
127
128
130
131
133
134
135
136
139
140
142
143
145
146
150
151
154
155
156
158
160
162
163
164
169
171
172
174
175
176
178
181
183
184
188
190
191
192
194
197
199
200
