129
178
142
185
193
119
55
29
60
88
42
147
109
158
173
83
19
4
34
149
134
114
9
163
168
78
14
198
73
104
70
98
93
153
124
90
105
135
110
191
143
48
56
99
35
71
61
174
66
25
140
30
50
194
89
100
5
179
120
115
79
148
43
74
159
130
10
51
84
94
20
186
164
125
15
154
169
40
199
39
1
2
3
6
7
8
11
12
13
16
17
18
21
22
23
24
26
27
28
31
32
33
36
37
38
41
44
45
46
47
49
52
53
54
57
58
59
62
63
64
65
67
68
69
72
75
76
77
80
81
82
85
86
87
91
92
95
96
97
101
102
103
106
107
108
111
112
113
116
117
118
121
122
123
126
127
128
131
132
133
136
137
138
139
141
144
145
146
150
151
152
155
156
157
160
161
162
165
166
167
170
171
172
175
176
177
180
181
182
183
184
187
188
189
190
192
195
196
197
