34
24
73
166
31
36
134
39
30
21
109
48
165
121
18
138
38
153
85
14
51
61
23
115
83
4
63
25
75
2
78
111
122
29
104
123
120
124
32
151
119
86
49
142
42
69
146
43
5
45
26
99
102
54
105
88
71
35
17
55
167
137
11
44
59
148
140
129
12
66
64
127
76
72
65
67
95
46
91
101
41
141
149
1
3
6
7
8
9
10
13
15
16
19
20
22
27
28
33
37
40
47
50
52
53
56
57
58
60
62
68
70
74
77
79
80
81
82
84
87
89
90
92
93
94
96
97
98
100
103
106
107
108
110
112
113
114
116
117
118
125
126
128
130
131
132
133
135
136
139
143
144
145
147
150
152
154
155
156
157
158
159
160
161
162
163
164
168
169
170
171
172
