28
141
80
62
184
150
72
66
56
152
102
3
45
4
111
63
139
38
92
164
9
107
161
54
29
41
170
167
177
71
109
173
15
96
16
168
178
1
2
5
6
7
8
10
11
12
13
14
17
18
19
20
21
22
23
24
25
26
27
30
31
32
33
34
35
36
37
39
40
42
43
44
46
47
48
49
50
51
52
53
55
57
58
59
60
61
64
65
67
68
69
70
73
74
75
76
77
78
79
81
82
83
84
85
86
87
88
89
90
91
93
94
95
97
98
99
100
101
103
104
105
106
108
110
112
113
114
115
116
117
118
119
120
121
122
123
124
125
126
127
128
129
130
131
132
133
134
135
136
137
138
140
142
143
144
145
146
147
148
149
151
153
154
155
156
157
158
159
160
162
163
165
166
169
171
172
174
175
176
179
180
181
182
183
185
186
187
188
189
190
191
192
193
194
195
196
197
198
199
200
