113
91
109
64
149
27
57
84
104
148
18
67
150
115
82
75
140
152
45
141
134
42
96
176
37
3
32
21
88
58
12
156
162
30
147
20
120
146
70
95
121
71
17
142
52
145
53
62
129
7
13
46
163
172
29
118
40
144
158
94
106
153
72
60
123
111
36
99
41
170
55
14
39
173
168
54
157
25
31
161
76
6
98
124
56
1
2
4
5
8
9
10
11
15
16
19
22
23
24
26
28
33
34
35
38
43
44
47
48
49
50
51
59
61
63
65
66
68
69
73
74
77
78
79
80
81
83
85
86
87
89
90
92
93
97
100
101
102
103
105
107
108
110
112
114
116
117
119
122
125
126
127
128
130
131
132
133
135
136
137
138
139
143
151
154
155
159
160
164
165
166
167
169
171
174
175
177
