96
164
174
137
147
5
179
104
12
61
127
15
49
158
130
77
200
143
31
67
176
192
142
78
144
129
10
68
171
34
151
186
66
82
46
101
52
180
199
153
59
185
40
64
45
103
108
20
3
166
73
51
149
91
17
62
32
57
8
23
60
197
177
28
94
83
113
150
167
56
145
152
36
88
87
74
4
63
41
115
111
79
1
2
6
7
9
11
13
14
16
18
19
21
22
24
25
26
27
29
30
33
35
37
38
39
42
43
44
47
48
50
53
54
55
58
65
69
70
71
72
75
76
80
81
84
85
86
89
90
92
93
95
97
98
99
100
102
105
106
107
109
110
112
114
116
117
118
119
120
121
122
123
124
125
126
128
131
132
133
134
135
136
138
139
140
141
146
148
154
155
156
157
159
160
161
162
163
165
168
169
170
172
173
175
178
181
182
183
184
187
188
189
190
191
193
194
195
196
198
