135
139
128
31
93
57
166
107
46
63
64
159
90
21
62
160
10
85
39
43
66
4
146
131
40
65
151
170
86
125
167
5
77
83
91
105
92
115
137
179
172
158
53
147
117
192
56
149
68
120
25
103
101
199
67
104
156
113
109
28
181
60
177
193
182
143
35
14
112
132
76
154
197
150
136
190
12
59
178
15
121
111
1
2
3
6
7
8
9
11
13
16
17
18
19
20
22
23
24
26
27
29
30
32
33
34
36
37
38
41
42
44
45
47
48
49
50
51
52
54
55
58
61
69
70
71
72
73
74
75
78
79
80
81
82
84
87
88
89
94
95
96
97
98
99
100
102
106
108
110
114
116
118
119
122
123
124
126
127
129
130
133
134
138
140
141
142
144
145
148
152
153
155
157
161
162
163
164
165
168
169
171
173
174
175
176
180
183
184
185
186
187
188
189
191
194
195
196
198
200
