30
2
14
190
6
192
38
157
50
89
71
80
133
55
1
178
183
10
170
184
115
4
27
177
168
198
163
84
96
33
77
36
191
31
160
48
57
127
123
72
121
59
134
83
147
107
22
131
128
61
29
197
161
194
125
23
18
112
186
46
95
154
158
15
130
62
199
109
94
25
42
120
93
104
68
79
126
153
99
176
143
88
108
54
166
17
35
155
3
5
7
8
9
11
12
13
16
19
20
21
24
26
28
32
34
37
39
40
41
43
44
45
47
49
51
52
53
56
58
60
63
64
65
66
67
69
70
73
74
75
76
78
81
82
85
86
87
90
91
92
97
98
100
101
102
103
105
106
110
111
113
114
116
117
118
119
122
124
129
132
135
136
137
138
139
140
141
142
144
145
146
148
149
150
151
152
156
159
162
164
165
167
169
171
172
173
174
175
179
180
181
182
185
187
188
189
193
195
196
200
