154
155
4
95
42
147
114
10
137
162
120
169
121
174
103
125
30
106
9
18
84
50
131
160
110
128
28
111
157
126
21
24
145
76
6
74
124
167
15
48
12
118
5
178
170
142
34
33
175
119
117
151
54
75
43
64
65
72
164
113
94
163
32
122
49
17
100
31
67
92
46
144
44
73
101
1
2
3
7
8
11
13
14
16
19
20
22
23
25
26
27
29
35
36
37
38
39
40
41
45
47
51
52
53
55
56
57
58
59
60
61
62
63
66
68
69
70
71
77
78
79
80
81
82
83
85
86
87
88
89
90
91
93
96
97
98
99
102
104
105
107
108
109
112
115
116
123
127
129
130
132
133
134
135
136
138
139
140
141
143
146
148
149
150
152
153
156
158
159
161
165
166
168
171
172
173
176
177
179
180
