81
12
5
49
61
32
13
28
44
47
15
58
169
128
185
156
148
188
164
175
132
186
191
102
182
130
177
154
131
150
153
127
183
180
118
135
107
166
134
144
129
139
110
120
197
124
161
112
176
157
106
198
123
152
173
147
158
136
160
184
121
109
159
111
194
117
1
2
3
4
6
7
8
9
10
11
14
16
17
18
19
20
21
22
23
24
25
26
27
29
30
31
33
34
35
36
37
38
39
40
41
42
43
45
46
48
50
51
52
53
54
55
56
57
59
60
62
63
64
65
66
67
68
69
70
71
72
73
74
75
76
77
78
79
80
82
83
84
85
86
87
88
89
90
91
92
93
94
95
96
97
98
99
100
101
103
104
105
108
113
114
115
116
119
122
125
126
133
137
138
140
141
142
143
145
146
149
151
155
162
163
165
167
168
170
171
172
174
178
179
181
187
189
190
192
193
195
196
199
200
