44
133
97
180
103
77
153
11
111
84
110
94
4
90
64
138
115
150
100
41
130
20
95
140
13
154
147
183
56
72
70
3
23
156
162
141
161
98
49
176
170
61
42
26
178
57
2
175
87
25
9
86
135
107
105
158
134
55
109
152
43
60
118
160
116
127
129
40
166
34
73
10
157
108
45
59
137
6
1
5
7
8
12
14
15
16
17
18
19
21
22
24
27
28
29
30
31
32
33
35
36
37
38
39
46
47
48
50
51
52
53
54
58
62
63
65
66
67
68
69
71
74
75
76
78
79
80
81
82
83
85
88
89
91
92
93
96
99
101
102
104
106
112
113
114
117
119
120
121
122
123
124
125
126
128
131
132
136
139
142
143
144
145
146
148
149
151
155
159
163
164
165
167
168
169
171
172
173
174
177
179
181
182
184
185
186
