169
91
65
23
117
125
141
38
152
43
165
7
132
154
21
140
39
84
90
187
143
89
36
135
8
47
151
162
191
16
15
62
155
12
46
14
107
121
96
95
37
69
124
82
6
188
103
113
174
44
104
178
9
192
51
148
119
185
198
2
40
32
77
86
98
33
134
110
1
58
19
52
50
92
102
61
172
13
3
4
5
10
11
17
18
20
22
24
25
26
27
28
29
30
31
34
35
41
42
45
48
49
53
54
55
56
57
59
60
63
64
66
67
68
70
71
72
73
74
75
76
78
79
80
81
83
85
87
88
93
94
97
99
100
101
105
106
108
109
111
112
114
115
116
118
120
122
123
126
127
128
129
130
131
133
136
137
138
139
142
144
145
146
147
149
150
153
156
157
158
159
160
161
163
164
166
167
168
170
171
173
175
176
177
179
180
181
182
183
184
186
189
190
193
194
195
196
197
199
200
