183
91
93
80
195
50
6
156
170
1
38
164
181
32
172
4
199
14
178
20
176
34
2
162
163
171
187
5
45
49
161
31
41
8
35
36
30
44
157
27
3
13
189
48
153
7
200
165
11
15
28
33
180
25
17
39
152
18
9
10
12
16
19
21
22
23
24
26
29
37
40
42
43
46
47
51
52
53
54
55
56
57
58
59
60
61
62
63
64
65
66
67
68
69
70
71
72
73
74
75
76
77
78
79
81
82
83
84
85
86
87
88
89
90
92
94
95
96
97
98
99
100
101
102
103
104
105
106
107
108
109
110
111
112
113
114
115
116
117
118
119
120
121
122
123
124
125
126
127
128
129
130
131
132
133
134
135
136
137
138
139
140
141
142
143
144
145
146
147
148
149
150
151
154
155
158
159
160
166
167
168
169
173
174
175
177
179
182
184
185
186
188
190
191
192
193
194
196
197
198
