21
16
42
119
160
6
109
55
116
115
7
35
56
122
40
51
117
24
105
146
177
190
147
4
155
126
28
104
185
110
150
45
171
114
99
15
77
59
137
73
71
52
193
75
2
124
106
32
1
53
76
152
178
157
3
69
192
133
27
136
89
170
143
60
176
37
127
181
179
29
72
139
161
196
50
151
111
138
135
164
123
88
5
8
9
10
11
12
13
14
17
18
19
20
22
23
25
26
30
31
33
34
36
38
39
41
43
44
46
47
48
49
54
57
58
61
62
63
64
65
66
67
68
70
74
78
79
80
81
82
83
84
85
86
87
90
91
92
93
94
95
96
97
98
100
101
102
103
107
108
112
113
118
120
121
125
128
129
130
131
132
134
140
141
142
144
145
148
149
153
154
156
158
159
162
163
165
166
167
168
169
172
173
174
175
180
182
183
184
186
187
188
189
191
194
195
197
198
199
200
