24
149
16
50
41
184
137
85
66
82
112
21
111
130
160
83
163
57
81
10
11
158
157
138
7
69
77
86
170
54
106
114
152
110
174
45
181
154
6
118
155
136
93
117
37
39
128
75
76
146
178
169
123
2
53
150
185
14
30
126
161
8
115
159
63
3
29
61
84
144
102
47
43
127
67
19
173
129
25
1
4
5
9
12
13
15
17
18
20
22
23
26
27
28
31
32
33
34
35
36
38
40
42
44
46
48
49
51
52
55
56
58
59
60
62
64
65
68
70
71
72
73
74
78
79
80
87
88
89
90
91
92
94
95
96
97
98
99
100
101
103
104
105
107
108
109
113
116
119
120
121
122
124
125
131
132
133
134
135
139
140
141
142
143
145
147
148
151
153
156
162
164
165
166
167
168
171
172
175
176
177
179
180
182
183
