91
49
33
43
1
187
159
12
130
77
23
195
14
57
56
112
30
134
200
6
189
29
133
126
63
54
160
123
166
35
39
129
83
157
161
119
116
99
25
18
90
167
3
37
164
93
171
60
146
156
68
78
182
114
80
52
42
88
82
113
158
104
135
102
184
94
47
86
4
53
40
154
36
122
79
71
173
50
72
84
11
46
150
172
26
19
69
2
5
7
8
9
10
13
15
16
17
20
21
22
24
27
28
31
32
34
38
41
44
45
48
51
55
58
59
61
62
64
65
66
67
70
73
74
75
76
81
85
87
89
92
95
96
97
98
100
101
103
105
106
107
108
109
110
111
115
117
118
120
121
124
125
127
128
131
132
136
137
138
139
140
141
142
143
144
145
147
148
149
151
152
153
155
162
163
165
168
169
170
174
175
176
177
178
179
180
181
183
185
186
188
190
191
192
193
194
196
197
198
199
