89
60
35
36
100
126
53
50
88
114
141
1
29
8
58
57
61
12
46
75
31
77
103
130
6
99
125
152
39
69
70
34
78
104
67
63
32
20
26
83
109
74
24
22
37
30
71
28
40
7
97
123
150
38
44
16
72
65
19
17
9
87
113
140
2
3
4
5
10
11
13
14
15
18
21
23
25
27
33
41
42
43
45
47
48
49
51
52
54
55
56
59
62
64
66
68
73
76
79
80
81
82
84
85
86
90
91
92
93
94
95
96
98
101
102
105
106
107
108
110
111
112
115
116
117
118
119
120
121
122
124
127
128
129
131
132
133
134
135
136
137
138
139
142
143
144
145
146
147
148
149
151
153
