1
110
174
62
126
157
175
91
40
137
168
166
15
84
65
196
14
123
187
95
164
3
16
43
10
108
158
114
169
127
153
41
181
25
177
167
39
135
32
61
67
58
154
130
52
96
55
122
117
56
106
92
148
142
66
11
156
68
193
38
118
102
34
141
74
59
71
44
47
63
189
98
9
138
120
8
50
30
77
161
2
4
5
6
7
12
13
17
18
19
20
21
22
23
24
26
27
28
29
31
33
35
36
37
42
45
46
48
49
51
53
54
57
60
64
69
70
72
73
75
76
78
79
80
81
82
83
85
86
87
88
89
90
93
94
97
99
100
101
103
104
105
107
109
111
112
113
115
116
119
121
124
125
128
129
131
132
133
134
136
139
140
143
144
145
146
147
149
150
151
152
155
159
160
162
163
165
170
171
172
173
176
178
179
180
182
183
184
185
186
188
190
191
192
194
195
197
198
199
200
