113
107
109
179
147
61
79
55
112
93
75
153
172
139
157
165
59
131
67
80
138
158
5
167
88
123
28
56
22
170
118
15
70
119
12
115
89
181
104
178
154
36
77
78
180
16
25
42
94
60
63
85
17
65
11
81
133
110
189
46
100
124
117
114
31
190
9
120
169
144
185
136
47
171
41
155
74
200
146
19
2
4
174
99
193
20
159
68
52
23
194
1
3
6
7
8
10
13
14
18
21
24
26
27
29
30
32
33
34
35
37
38
39
40
43
44
45
48
49
50
51
53
54
57
58
62
64
66
69
71
72
73
76
82
83
84
86
87
90
91
92
95
96
97
98
101
102
103
105
106
108
111
116
121
122
125
126
127
128
129
130
132
134
135
137
140
141
142
143
145
148
149
150
151
152
156
160
161
162
163
164
166
168
173
175
176
177
182
183
184
186
187
188
191
192
195
196
197
198
199
