51
15
118
113
83
99
130
148
45
165
47
80
55
66
150
106
86
136
129
87
30
38
49
22
54
6
167
10
20
29
48
89
3
4
62
120
102
77
70
109
151
91
34
146
2
112
147
137
153
73
131
125
67
72
37
59
132
169
164
168
57
155
149
61
143
25
32
170
115
110
35
157
82
5
144
40
139
71
158
1
7
8
9
11
12
13
14
16
17
18
19
21
23
24
26
27
28
31
33
36
39
41
42
43
44
46
50
52
53
56
58
60
63
64
65
68
69
74
75
76
78
79
81
84
85
88
90
92
93
94
95
96
97
98
100
101
103
104
105
107
108
111
114
116
117
119
121
122
123
124
126
127
128
133
134
135
138
140
141
142
145
152
154
156
159
160
161
162
163
166
