63
135
52
177
124
7
69
194
156
106
44
157
85
96
34
83
14
56
33
15
40
174
57
28
46
107
9
139
151
120
134
18
137
102
79
183
58
193
119
113
147
36
197
95
86
186
78
112
29
198
23
27
89
55
159
43
16
148
175
37
41
116
114
42
200
21
91
47
87
142
133
181
51
13
24
170
110
187
118
146
12
97
195
1
2
3
4
5
6
8
10
11
17
19
20
22
25
26
30
31
32
35
38
39
45
48
49
50
53
54
59
60
61
62
64
65
66
67
68
70
71
72
73
74
75
76
77
80
81
82
84
88
90
92
93
94
98
99
100
101
103
104
105
108
109
111
115
117
121
122
123
125
126
127
128
129
130
131
132
136
138
140
141
143
144
145
149
150
152
153
154
155
158
160
161
162
163
164
165
166
167
168
169
171
172
173
176
178
179
180
182
184
185
188
189
190
191
192
196
199
