168
69
99
40
184
196
199
17
119
135
164
23
187
111
186
181
43
150
58
50
41
117
141
160
22
191
78
169
105
110
84
54
138
73
35
148
62
8
193
170
80
77
85
175
146
178
64
5
166
144
127
59
51
88
66
102
95
189
13
179
182
10
63
28
48
92
198
125
52
31
36
152
128
9
53
153
14
180
26
16
89
91
139
165
83
21
1
2
3
4
6
7
11
12
15
18
19
20
24
25
27
29
30
32
33
34
37
38
39
42
44
45
46
47
49
55
56
57
60
61
65
67
68
70
71
72
74
75
76
79
81
82
86
87
90
93
94
96
97
98
100
101
103
104
106
107
108
109
112
113
114
115
116
118
120
121
122
123
124
126
129
130
131
132
133
134
136
137
140
142
143
145
147
149
151
154
155
156
157
158
159
161
162
163
167
171
172
173
174
176
177
183
185
188
190
192
194
195
197
