36
83
200
47
58
15
27
17
6
23
95
106
145
34
131
147
160
9
191
54
105
134
197
188
113
126
70
59
168
69
84
32
123
137
60
7
129
11
120
96
8
136
57
169
10
174
33
74
165
94
76
140
186
24
46
52
13
80
89
103
56
21
167
108
91
132
178
153
152
45
180
185
78
151
42
190
1
2
3
4
5
12
14
16
18
19
20
22
25
26
28
29
30
31
35
37
38
39
40
41
43
44
48
49
50
51
53
55
61
62
63
64
65
66
67
68
71
72
73
75
77
79
81
82
85
86
87
88
90
92
93
97
98
99
100
101
102
104
107
109
110
111
112
114
115
116
117
118
119
121
122
124
125
127
128
130
133
135
138
139
141
142
143
144
146
148
149
150
154
155
156
157
158
159
161
162
163
164
166
170
171
172
173
175
176
177
179
181
182
183
184
187
189
192
193
194
195
196
198
199
