21
195
125
80
148
30
200
2
27
129
97
69
16
81
99
187
5
152
57
18
161
165
133
48
13
85
108
77
126
26
146
42
87
197
170
75
159
134
179
112
49
138
198
92
96
174
176
22
154
45
123
119
33
51
132
104
8
194
79
67
60
65
68
114
59
25
38
84
4
23
83
192
181
122
98
58
103
141
190
74
153
1
3
6
7
9
10
11
12
14
15
17
19
20
24
28
29
31
32
34
35
36
37
39
40
41
43
44
46
47
50
52
53
54
55
56
61
62
63
64
66
70
71
72
73
76
78
82
86
88
89
90
91
93
94
95
100
101
102
105
106
107
109
110
111
113
115
116
117
118
120
121
124
127
128
130
131
135
136
137
139
140
142
143
144
145
147
149
150
151
155
156
157
158
160
162
163
164
166
167
168
169
171
172
173
175
177
178
180
182
183
184
185
186
188
189
191
193
196
199
