119
85
21
132
114
67
153
27
177
143
128
142
154
53
78
93
148
28
108
134
98
39
38
130
45
194
46
162
131
129
171
173
196
164
29
14
159
11
156
42
69
40
151
126
83
135
54
127
55
168
123
116
12
192
22
137
160
179
169
16
165
125
161
81
144
71
190
124
37
30
2
87
146
182
24
121
77
104
1
3
4
5
6
7
8
9
10
13
15
17
18
19
20
23
25
26
31
32
33
34
35
36
41
43
44
47
48
49
50
51
52
56
57
58
59
60
61
62
63
64
65
66
68
70
72
73
74
75
76
79
80
82
84
86
88
89
90
91
92
94
95
96
97
99
100
101
102
103
105
106
107
109
110
111
112
113
115
117
118
120
122
133
136
138
139
140
141
145
147
149
150
152
155
157
158
163
166
167
170
172
174
175
176
178
180
181
183
184
185
186
187
188
189
191
193
195
197
198
199
200
