169
122
97
88
144
49
148
95
81
175
90
99
67
113
13
156
61
89
119
162
59
19
100
142
11
194
101
1
22
31
131
192
179
26
184
29
40
171
25
138
177
38
86
154
158
164
48
35
180
6
36
136
60
96
155
74
8
149
151
199
124
141
12
106
62
83
165
200
167
173
73
87
2
3
4
5
7
9
10
14
15
16
17
18
20
21
23
24
27
28
30
32
33
34
37
39
41
42
43
44
45
46
47
50
51
52
53
54
55
56
57
58
63
64
65
66
68
69
70
71
72
75
76
77
78
79
80
82
84
85
91
92
93
94
98
102
103
104
105
107
108
109
110
111
112
114
115
116
117
118
120
121
123
125
126
127
128
129
130
132
133
134
135
137
139
140
143
145
146
147
150
152
153
157
159
160
161
163
166
168
170
172
174
176
178
181
182
183
185
186
187
188
189
190
191
193
195
196
197
198
