151
117
50
200
80
23
183
111
97
24
84
21
86
136
112
130
96
174
141
164
91
25
157
127
145
70
116
89
148
182
55
135
64
33
82
140
34
107
72
7
137
176
110
188
95
122
129
16
139
41
178
166
68
83
184
192
179
35
4
133
153
22
94
195
73
187
190
144
149
177
98
105
51
173
101
81
167
65
159
104
31
198
155
193
27
78
69
199
180
102
60
6
77
126
128
40
74
62
32
138
142
161
132
168
19
29
109
131
11
191
134
43
154
92
1
2
3
5
8
9
10
12
13
14
15
17
18
20
26
28
30
36
37
38
39
42
44
45
46
47
48
49
52
53
54
56
57
58
59
61
63
66
67
71
75
76
79
85
87
88
90
93
99
100
103
106
108
113
114
115
118
119
120
121
123
124
125
143
146
147
150
152
156
158
160
162
163
165
169
170
171
172
175
181
185
186
189
194
196
197
