145
128
13
17
139
129
11
104
153
61
48
67
155
82
133
24
70
151
112
43
4
76
69
103
47
15
120
125
33
115
132
91
96
45
101
79
117
146
142
110
44
19
64
152
122
56
156
73
74
1
22
60
31
39
138
66
75
100
102
53
85
12
84
150
58
36
93
5
94
124
118
49
65
2
3
6
7
8
9
10
14
16
18
20
21
23
25
26
27
28
29
30
32
34
35
37
38
40
41
42
46
50
51
52
54
55
57
59
62
63
68
71
72
77
78
80
81
83
86
87
88
89
90
92
95
97
98
99
105
106
107
108
109
111
113
114
116
119
121
123
126
127
130
131
134
135
136
137
140
141
143
144
147
148
149
154
