109
100
70
12
103
9
50
159
93
41
16
47
37
15
132
21
20
91
55
10
122
139
34
166
4
144
8
163
164
143
170
82
199
68
58
96
158
14
65
17
6
52
130
181
129
61
135
86
63
113
74
191
177
19
38
89
200
194
176
147
79
136
26
127
146
43
81
46
44
39
123
187
172
140
154
72
97
27
1
2
3
5
7
11
13
18
22
23
24
25
28
29
30
31
32
33
35
36
40
42
45
48
49
51
53
54
56
57
59
60
62
64
66
67
69
71
73
75
76
77
78
80
83
84
85
87
88
90
92
94
95
98
99
101
102
104
105
106
107
108
110
111
112
114
115
116
117
118
119
120
121
124
125
126
128
131
133
134
137
138
141
142
145
148
149
150
151
152
153
155
156
157
160
161
162
165
167
168
169
171
173
174
175
178
179
180
182
183
184
185
186
188
189
190
192
193
195
196
197
198
