50
197
112
159
4
102
15
84
139
80
142
187
89
65
198
157
36
27
1
87
95
137
56
39
92
169
151
28
69
74
192
171
43
172
49
173
117
26
2
164
51
113
200
78
136
196
22
76
150
193
33
91
44
6
61
194
189
93
9
104
105
54
170
132
183
115
148
120
29
107
141
94
167
12
181
14
24
130
177
16
111
135
86
3
5
7
8
10
11
13
17
18
19
20
21
23
25
30
31
32
34
35
37
38
40
41
42
45
46
47
48
52
53
55
57
58
59
60
62
63
64
66
67
68
70
71
72
73
75
77
79
81
82
83
85
88
90
96
97
98
99
100
101
103
106
108
109
110
114
116
118
119
121
122
123
124
125
126
127
128
129
131
133
134
138
140
143
144
145
146
147
149
152
153
154
155
156
158
160
161
162
163
165
166
168
174
175
176
178
179
180
182
184
185
186
188
190
191
195
199
