13
81
183
25
96
129
144
120
164
119
83
200
48
11
20
80
10
188
156
73
180
40
95
4
93
171
38
113
99
199
151
62
14
109
23
177
12
47
179
54
82
51
173
45
118
134
187
94
116
121
64
36
37
8
90
139
41
115
70
105
142
102
2
59
46
103
186
166
49
61
150
34
16
136
191
53
196
124
69
193
97
169
79
26
60
170
1
3
5
6
7
9
15
17
18
19
21
22
24
27
28
29
30
31
32
33
35
39
42
43
44
50
52
55
56
57
58
63
65
66
67
68
71
72
74
75
76
77
78
84
85
86
87
88
89
91
92
98
100
101
104
106
107
108
110
111
112
114
117
122
123
125
126
127
128
130
131
132
133
135
137
138
140
141
143
145
146
147
148
149
152
153
154
155
157
158
159
160
161
162
163
165
167
168
172
174
175
176
178
181
182
184
185
189
190
192
194
195
197
198
