186
131
151
95
139
192
146
101
189
96
24
176
83
144
173
199
66
132
158
27
14
148
159
79
163
99
26
182
138
143
185
80
110
156
57
140
77
45
113
4
49
41
177
117
116
104
171
1
2
3
5
6
7
8
9
10
11
12
13
15
16
17
18
19
20
21
22
23
25
28
29
30
31
32
33
34
35
36
37
38
39
40
42
43
44
46
47
48
50
51
52
53
54
55
56
58
59
60
61
62
63
64
65
67
68
69
70
71
72
73
74
75
76
78
81
82
84
85
86
87
88
89
90
91
92
93
94
97
98
100
102
103
105
106
107
108
109
111
112
114
115
118
119
120
121
122
123
124
125
126
127
128
129
130
133
134
135
136
137
141
142
145
147
149
150
152
153
154
155
157
160
161
162
164
165
166
167
168
169
170
172
174
175
178
179
180
181
183
184
187
188
190
191
193
194
195
196
197
198
200
