7
147
117
35
119
86
190
162
33
98
62
95
10
45
27
151
93
22
28
172
3
139
100
141
154
44
184
69
50
14
168
164
165
127
128
52
148
84
70
19
46
6
42
17
138
113
4
87
129
167
112
49
123
182
12
104
96
173
120
97
38
105
90
5
116
58
153
59
157
89
67
57
179
23
115
140
103
60
77
53
78
107
11
1
2
8
9
13
15
16
18
20
21
24
25
26
29
30
31
32
34
36
37
39
40
41
43
47
48
51
54
55
56
61
63
64
65
66
68
71
72
73
74
75
76
79
80
81
82
83
85
88
91
92
94
99
101
102
106
108
109
110
111
114
118
121
122
124
125
126
130
131
132
133
134
135
136
137
142
143
144
145
146
149
150
152
155
156
158
159
160
161
163
166
169
170
171
174
175
176
177
178
180
181
183
185
186
187
188
189
