84
175
27
166
145
109
57
78
40
171
149
14
133
60
170
55
115
152
5
12
114
50
110
122
51
160
131
132
59
75
176
36
136
52
47
61
70
158
63
167
9
183
86
139
80
150
111
159
94
123
102
162
20
71
126
105
134
161
118
15
30
82
95
65
77
172
89
97
17
69
34
143
157
147
108
101
54
153
16
130
148
128
141
129
58
26
23
4
103
177
1
2
3
6
7
8
10
11
13
18
19
21
22
24
25
28
29
31
32
33
35
37
38
39
41
42
43
44
45
46
48
49
53
56
62
64
66
67
68
72
73
74
76
79
81
83
85
87
88
90
91
92
93
96
98
99
100
104
106
107
112
113
116
117
119
120
121
124
125
127
135
137
138
140
142
144
146
151
154
155
156
163
164
165
168
169
173
174
178
179
180
181
182
184
185
