34
120
17
9
128
74
150
169
170
71
108
73
160
14
137
199
30
40
132
86
135
178
52
41
119
36
53
67
84
177
139
102
143
10
99
29
180
184
31
76
114
82
145
79
2
109
149
200
7
190
106
125
24
141
130
196
163
100
47
192
20
197
182
167
63
33
156
166
25
80
32
43
90
11
165
142
181
153
38
5
151
75
18
87
81
189
1
3
4
6
8
12
13
15
16
19
21
22
23
26
27
28
35
37
39
42
44
45
46
48
49
50
51
54
55
56
57
58
59
60
61
62
64
65
66
68
69
70
72
77
78
83
85
88
89
91
92
93
94
95
96
97
98
101
103
104
105
107
110
111
112
113
115
116
117
118
121
122
123
124
126
127
129
131
133
134
136
138
140
144
146
147
148
152
154
155
157
158
159
161
162
164
168
171
172
173
174
175
176
179
183
185
186
187
188
191
193
194
195
198
