116
39
23
20
69
181
78
120
89
47
95
105
101
98
54
140
160
156
102
194
178
141
16
12
135
111
159
21
164
128
55
185
149
87
193
74
184
90
70
62
173
14
145
161
42
97
17
113
165
130
77
37
136
189
35
163
155
152
115
154
121
3
199
83
15
137
13
191
144
151
104
75
188
169
146
66
61
22
179
139
56
8
112
172
117
125
148
166
1
2
4
5
6
7
9
10
11
18
19
24
25
26
27
28
29
30
31
32
33
34
36
38
40
41
43
44
45
46
48
49
50
51
52
53
57
58
59
60
63
64
65
67
68
71
72
73
76
79
80
81
82
84
85
86
88
91
92
93
94
96
99
100
103
106
107
108
109
110
114
118
119
122
123
124
126
127
129
131
132
133
134
138
142
143
147
150
153
157
158
162
167
168
170
171
174
175
176
177
180
182
183
186
187
190
192
195
196
197
198
200
