46
177
66
190
83
168
68
13
20
73
57
121
4
123
133
9
191
79
42
110
126
75
182
192
151
175
111
95
142
194
64
135
172
15
160
99
62
104
189
76
85
1
2
3
5
6
7
8
10
11
12
14
16
17
18
19
21
22
23
24
25
26
27
28
29
30
31
32
33
34
35
36
37
38
39
40
41
43
44
45
47
48
49
50
51
52
53
54
55
56
58
59
60
61
63
65
67
69
70
71
72
74
77
78
80
81
82
84
86
87
88
89
90
91
92
93
94
96
97
98
100
101
102
103
105
106
107
108
109
112
113
114
115
116
117
118
119
120
122
124
125
127
128
129
130
131
132
134
136
137
138
139
140
141
143
144
145
146
147
148
149
150
152
153
154
155
156
157
158
159
161
162
163
164
165
166
167
169
170
171
173
174
176
178
179
180
181
183
184
185
186
187
188
193
195
196
197
198
199
200
