14
184
13
75
87
150
159
22
68
9
189
139
11
173
190
55
35
106
2
94
72
123
74
45
125
28
49
48
79
82
41
144
155
185
118
44
7
76
64
4
162
51
117
113
134
183
29
57
42
92
141
174
16
176
17
127
112
61
89
158
62
99
188
23
67
85
98
149
124
119
169
73
166
180
1
3
5
6
8
10
12
15
18
19
20
21
24
25
26
27
30
31
32
33
34
36
37
38
39
40
43
46
47
50
52
53
54
56
58
59
60
63
65
66
69
70
71
77
78
80
81
83
84
86
88
90
91
93
95
96
97
100
101
102
103
104
105
107
108
109
110
111
114
115
116
120
121
122
126
128
129
130
131
132
133
135
136
137
138
140
142
143
145
146
147
148
151
152
153
154
156
157
160
161
163
164
165
167
168
170
171
172
175
177
178
179
181
182
186
187
191
