81
32
120
72
39
109
14
140
64
163
131
118
150
132
175
43
147
46
92
166
162
86
44
31
165
126
171
77
93
119
17
117
95
107
79
136
34
10
101
63
3
169
143
106
111
78
115
76
55
58
170
9
156
37
61
65
12
154
105
71
125
25
172
168
178
6
160
11
113
173
100
139
53
24
1
2
4
5
7
8
13
15
16
18
19
20
21
22
23
26
27
28
29
30
33
35
36
38
40
41
42
45
47
48
49
50
51
52
54
56
57
59
60
62
66
67
68
69
70
73
74
75
80
82
83
84
85
87
88
89
90
91
94
96
97
98
99
102
103
104
108
110
112
114
116
121
122
123
124
127
128
129
130
133
134
135
137
138
141
142
144
145
146
148
149
151
152
153
155
157
158
159
161
164
167
174
176
177
179
180
