77
81
128
120
138
182
172
70
54
48
18
103
200
114
25
179
147
174
183
46
69
169
44
66
75
104
72
140
7
4
109
166
71
191
106
186
124
12
131
27
159
15
130
198
167
78
43
93
31
1
149
16
58
165
98
65
145
176
21
102
20
151
97
122
41
185
143
141
39
35
152
164
127
56
2
3
5
6
8
9
10
11
13
14
17
19
22
23
24
26
28
29
30
32
33
34
36
37
38
40
42
45
47
49
50
51
52
53
55
57
59
60
61
62
63
64
67
68
73
74
76
79
80
82
83
84
85
86
87
88
89
90
91
92
94
95
96
99
100
101
105
107
108
110
111
112
113
115
116
117
118
119
121
123
125
126
129
132
133
134
135
136
137
139
142
144
146
148
150
153
154
155
156
157
158
160
161
162
163
168
170
171
173
175
177
178
180
181
184
187
188
189
190
192
193
194
195
196
197
199
