193
142
98
136
128
34
116
139
155
47
131
186
29
95
37
7
22
152
198
65
74
148
113
138
191
110
96
140
151
101
57
59
168
146
195
77
30
187
154
147
84
178
32
75
6
18
104
15
46
28
143
173
166
89
161
54
82
135
111
145
20
10
88
134
137
129
68
102
62
94
179
189
192
91
172
185
177
73
1
2
3
4
5
8
9
11
12
13
14
16
17
19
21
23
24
25
26
27
31
33
35
36
38
39
40
41
42
43
44
45
48
49
50
51
52
53
55
56
58
60
61
63
64
66
67
69
70
71
72
76
78
79
80
81
83
85
86
87
90
92
93
97
99
100
103
105
106
107
108
109
112
114
115
117
118
119
120
121
122
123
124
125
126
127
130
132
133
141
144
149
150
153
156
157
158
159
160
162
163
164
165
167
169
170
171
174
175
176
180
181
182
183
184
188
190
194
196
197
199
200
