56
23
6
111
90
52
76
40
55
5
28
119
194
14
141
58
102
88
17
94
190
178
198
171
140
18
139
163
12
120
128
162
114
33
25
187
105
27
199
13
166
61
142
63
29
103
31
7
54
97
143
148
62
184
43
100
123
53
165
67
195
170
144
8
96
188
84
164
154
193
39
37
30
83
47
1
2
3
4
9
10
11
15
16
19
20
21
22
24
26
32
34
35
36
38
41
42
44
45
46
48
49
50
51
57
59
60
64
65
66
68
69
70
71
72
73
74
75
77
78
79
80
81
82
85
86
87
89
91
92
93
95
98
99
101
104
106
107
108
109
110
112
113
115
116
117
118
121
122
124
125
126
127
129
130
131
132
133
134
135
136
137
138
145
146
147
149
150
151
152
153
155
156
157
158
159
160
161
167
168
169
172
173
174
175
176
177
179
180
181
182
183
185
186
189
191
192
196
197
200
