160
138
200
171
112
130
151
197
116
94
147
80
182
49
161
101
156
39
70
78
98
3
7
42
51
84
91
8
155
20
36
178
99
77
59
23
61
79
195
175
176
193
6
95
149
62
198
121
5
18
134
169
122
192
124
32
56
119
128
153
164
48
33
100
46
166
71
82
76
114
92
135
183
13
4
117
16
30
90
186
12
21
167
11
143
54
72
38
57
26
152
104
187
174
173
15
19
191
87
181
25
126
58
34
157
63
107
53
189
108
52
133
185
159
89
47
81
27
177
37
93
168
136
188
111
194
2
144
125
64
106
113
148
86
141
55
65
184
190
66
165
123
180
68
103
154
41
24
73
1
9
10
14
17
22
28
29
31
35
40
43
44
45
50
60
67
69
74
75
83
85
88
96
97
102
105
109
110
115
118
120
127
129
131
132
137
139
140
142
145
146
150
158
162
163
170
172
179
196
199
