99
24
129
162
102
93
111
51
66
23
133
112
113
97
7
140
59
73
70
4
161
109
76
127
124
25
67
160
29
11
38
71
47
77
170
158
65
164
131
53
92
105
1
2
3
5
6
8
9
10
12
13
14
15
16
17
18
19
20
21
22
26
27
28
30
31
32
33
34
35
36
37
39
40
41
42
43
44
45
46
48
49
50
52
54
55
56
57
58
60
61
62
63
64
68
69
72
74
75
78
79
80
81
82
83
84
85
86
87
88
89
90
91
94
95
96
98
100
101
103
104
106
107
108
110
114
115
116
117
118
119
120
121
122
123
125
126
128
130
132
134
135
136
137
138
139
141
142
143
144
145
146
147
148
149
150
151
152
153
154
155
156
157
159
163
165
166
167
168
169
