1
2
4
5
7
6
9
11
8
14
13
10
15
16
17
3
18
19
12
20
21
22
23
33
25
24
28
35
34
32
27
26
31
75
30
29
37
39
36
38
40
74
42
47
44
48
70
41
52
59
97
58
71
46
107
43
54
45
66
56
81
50
106
49
189
55
72
83
67
69
116
101
111
65
60
68
93
78
53
57
96
88
64
51
100
86
62
77
115
137
98
95
110
63
102
61
91
92
84
104
170
105
79
85
131
82
80
76
73
89
103
118
159
94
87
112
109
157
99
90
108
120
113
148
119
117
114
124
121
122
123
126
185
134
143
151
146
138
125
167
128
164
145
169
132
136
127
181
149
140
130
144
135
187
129
147
168
150
142
165
156
139
154
182
160
180
152
190
133
158
186
141
188
197
163
171
172
195
153
194
179
184
200
193
176
178
166
183
192
161
174
191
199
162
155
177
198
175
173
196
