164
8
46
38
31
140
109
157
5
67
17
55
14
165
45
190
66
78
88
180
171
191
151
133
144
12
21
59
28
114
29
188
77
125
4
104
160
172
174
47
184
166
2
90
126
87
36
16
139
37
35
32
127
42
23
101
64
86
7
183
105
136
161
168
194
131
43
79
182
18
62
158
113
89
97
149
65
76
25
74
1
3
6
9
10
11
13
15
19
20
22
24
26
27
30
33
34
39
40
41
44
48
49
50
51
52
53
54
56
57
58
60
61
63
68
69
70
71
72
73
75
80
81
82
83
84
85
91
92
93
94
95
96
98
99
100
102
103
106
107
108
110
111
112
115
116
117
118
119
120
121
122
123
124
128
129
130
132
134
135
137
138
141
142
143
145
146
147
148
150
152
153
154
155
156
159
162
163
167
169
170
173
175
176
177
178
179
181
185
186
187
189
192
193
195
196
197
198
199
200
