1
2
3
4
5
6
7
8
9
180
181
182
183
184
185
186
187
188
189
190
191
192
193
194
195
196
197
198
199
94
200
121
42
38
145
22
33
55
64
124
116
179
25
88
23
19
39
79
24
58
45
108
46
137
139
16
120
167
60
97
103
119
41
44
131
112
68
17
148
69
80
76
34
140
63
104
129
107
101
149
47
71
86
28
136
100
18
152
126
173
91
170
54
29
72
37
10
11
12
13
14
15
20
21
26
27
30
31
32
35
36
40
43
48
49
50
51
52
53
56
57
59
61
62
65
66
67
70
73
74
75
77
78
81
82
83
84
85
87
89
90
92
93
95
96
98
99
102
105
106
109
110
111
113
114
115
117
118
122
123
125
127
128
130
132
133
134
135
138
141
142
143
144
146
147
150
151
153
154
155
156
157
158
159
160
161
162
163
164
165
166
168
169
171
172
174
175
176
177
178
