32
95
68
123
200
150
168
182
196
19
158
3
49
20
1
126
52
94
179
5
74
124
45
86
30
172
114
141
122
23
79
106
185
177
162
137
75
195
160
197
167
139
101
110
76
55
63
109
135
26
152
44
58
113
72
102
120
132
170
178
57
18
92
104
71
80
189
51
191
140
28
188
40
147
2
173
82
192
89
93
121
37
62
21
83
174
4
6
7
8
9
10
11
12
13
14
15
16
17
22
24
25
27
29
31
33
34
35
36
38
39
41
42
43
46
47
48
50
53
54
56
59
60
61
64
65
66
67
69
70
73
77
78
81
84
85
87
88
90
91
96
97
98
99
100
103
105
107
108
111
112
115
116
117
118
119
125
127
128
129
130
131
133
134
136
138
142
143
144
145
146
148
149
151
153
154
155
156
157
159
161
163
164
165
166
169
171
175
176
180
181
183
184
186
187
190
193
194
198
199
