14
9
30
120
81
33
5
13
94
138
51
160
74
156
46
90
97
111
85
129
101
60
154
37
84
57
105
17
136
1
59
45
73
7
80
116
54
137
18
139
61
26
58
78
143
21
113
103
35
125
39
25
3
93
4
6
146
43
151
133
22
128
121
158
107
23
88
98
159
55
135
2
8
10
11
12
15
16
19
20
24
27
28
29
31
32
34
36
38
40
41
42
44
47
48
49
50
52
53
56
62
63
64
65
66
67
68
69
70
71
72
75
76
77
79
82
83
86
87
89
91
92
95
96
99
100
102
104
106
108
109
110
112
114
115
117
118
119
122
123
124
126
127
130
131
132
134
140
141
142
144
145
147
148
149
150
152
153
155
157
