85
145
8
172
132
149
4
15
130
128
99
98
196
165
70
166
29
177
43
77
34
21
150
141
32
118
157
114
64
55
50
96
161
131
3
134
33
67
46
178
200
108
160
94
127
49
14
17
89
126
113
79
146
121
75
194
97
61
40
139
73
76
156
35
187
144
173
199
37
53
87
154
176
136
186
28
164
162
18
2
6
152
62
171
44
1
5
7
9
10
11
12
13
16
19
20
22
23
24
25
26
27
30
31
36
38
39
41
42
45
47
48
51
52
54
56
57
58
59
60
63
65
66
68
69
71
72
74
78
80
81
82
83
84
86
88
90
91
92
93
95
100
101
102
103
104
105
106
107
109
110
111
112
115
116
117
119
120
122
123
124
125
129
133
135
137
138
140
142
143
147
148
151
153
155
158
159
163
167
168
169
170
174
175
179
180
181
182
183
184
185
188
189
190
191
192
193
195
197
198
