51
70
8
148
30
146
155
41
129
118
179
150
5
44
102
163
169
192
115
48
141
104
27
164
15
161
23
139
4
99
95
81
151
31
45
124
121
26
54
7
50
191
175
181
198
180
135
61
165
196
188
59
33
177
35
133
130
55
34
66
126
11
49
174
28
86
47
105
134
162
22
60
160
103
149
144
127
29
58
1
112
2
3
6
9
10
12
13
14
16
17
18
19
20
21
24
25
32
36
37
38
39
40
42
43
46
52
53
56
57
62
63
64
65
67
68
69
71
72
73
74
75
76
77
78
79
80
82
83
84
85
87
88
89
90
91
92
93
94
96
97
98
100
101
106
107
108
109
110
111
113
114
116
117
119
120
122
123
125
128
131
132
136
137
138
140
142
143
145
147
152
153
154
156
157
158
159
166
167
168
170
171
172
173
176
178
182
183
184
185
186
187
189
190
193
194
195
197
199
200
