163
71
192
42
125
103
143
194
60
168
153
149
146
187
88
180
29
164
136
4
178
65
34
7
51
62
108
169
132
152
18
121
172
147
61
26
30
106
5
23
25
176
113
68
133
3
70
116
15
31
24
171
101
145
86
63
179
57
130
92
120
41
109
166
83
37
84
139
47
55
190
17
134
177
159
175
93
52
59
1
2
6
8
9
10
11
12
13
14
16
19
20
21
22
27
28
32
33
35
36
38
39
40
43
44
45
46
48
49
50
53
54
56
58
64
66
67
69
72
73
74
75
76
77
78
79
80
81
82
85
87
89
90
91
94
95
96
97
98
99
100
102
104
105
107
110
111
112
114
115
117
118
119
122
123
124
126
127
128
129
131
135
137
138
140
141
142
144
148
150
151
154
155
156
157
158
160
161
162
165
167
170
173
174
181
182
183
184
185
186
188
189
191
193
195
196
197
198
199
200
