171
88
133
102
65
166
46
118
87
94
22
161
193
91
15
93
26
10
132
74
165
125
71
111
86
13
34
5
119
49
120
105
162
104
181
163
131
25
189
23
149
1
155
11
190
144
153
152
90
157
164
70
44
168
173
135
96
175
182
14
30
8
172
191
92
113
150
77
200
98
7
84
174
68
167
85
110
61
4
12
82
143
169
73
2
3
6
9
16
17
18
19
20
21
24
27
28
29
31
32
33
35
36
37
38
39
40
41
42
43
45
47
48
50
51
52
53
54
55
56
57
58
59
60
62
63
64
66
67
69
72
75
76
78
79
80
81
83
89
95
97
99
100
101
103
106
107
108
109
112
114
115
116
117
121
122
123
124
126
127
128
129
130
134
136
137
138
139
140
141
142
145
146
147
148
151
154
156
158
159
160
170
176
177
178
179
180
183
184
185
186
187
188
192
194
195
196
197
198
199
