93
12
35
68
116
82
152
149
23
150
37
66
166
162
45
142
120
105
85
78
56
115
59
42
22
88
163
81
118
131
75
91
53
65
99
10
6
111
18
155
9
13
126
64
141
61
30
146
46
11
165
20
161
90
167
136
113
87
147
160
14
77
151
69
31
86
130
117
73
158
67
43
29
21
143
51
32
38
1
2
3
4
5
7
8
15
16
17
19
24
25
26
27
28
33
34
36
39
40
41
44
47
48
49
50
52
54
55
57
58
60
62
63
70
71
72
74
76
79
80
83
84
89
92
94
95
96
97
98
100
101
102
103
104
106
107
108
109
110
112
114
119
121
122
123
124
125
127
128
129
132
133
134
135
137
138
139
140
144
145
148
153
154
156
157
159
164
