58
54
82
68
148
52
151
95
100
164
111
76
121
130
53
69
80
21
32
14
169
56
156
87
42
126
127
5
13
24
165
89
77
158
139
178
41
106
137
155
160
88
1
167
170
97
110
163
161
31
114
149
26
51
55
34
168
162
91
86
157
135
4
61
93
125
18
146
67
15
138
98
81
119
113
108
166
39
94
2
3
6
7
8
9
10
11
12
16
17
19
20
22
23
25
27
28
29
30
33
35
36
37
38
40
43
44
45
46
47
48
49
50
57
59
60
62
63
64
65
66
70
71
72
73
74
75
78
79
83
84
85
90
92
96
99
101
102
103
104
105
107
109
112
115
116
117
118
120
122
123
124
128
129
131
132
133
134
136
140
141
142
143
144
145
147
150
152
153
154
159
171
172
173
174
175
176
177
