116
126
61
16
77
129
134
8
157
111
18
125
147
32
21
49
117
141
87
107
133
65
109
159
78
20
2
60
151
28
145
140
25
131
154
5
14
156
1
150
56
91
88
84
142
101
132
67
149
38
71
12
6
124
9
31
113
158
90
115
57
54
35
4
63
152
68
39
153
3
7
10
11
13
15
17
19
22
23
24
26
27
29
30
33
34
36
37
40
41
42
43
44
45
46
47
48
50
51
52
53
55
58
59
62
64
66
69
70
72
73
74
75
76
79
80
81
82
83
85
86
89
92
93
94
95
96
97
98
99
100
102
103
104
105
106
108
110
112
114
118
119
120
121
122
123
127
128
130
135
136
137
138
139
143
144
146
148
155
160
161
162
