40
187
1
105
16
192
130
120
118
103
72
186
196
170
53
189
137
8
174
17
133
61
169
74
36
39
102
171
150
75
113
59
57
96
148
121
49
193
84
122
19
158
43
44
106
2
50
99
23
12
85
142
98
152
29
138
95
88
22
136
25
200
60
125
108
146
100
94
107
199
86
34
80
54
14
97
28
3
4
5
6
7
9
10
11
13
15
18
20
21
24
26
27
30
31
32
33
35
37
38
41
42
45
46
47
48
51
52
55
56
58
62
63
64
65
66
67
68
69
70
71
73
76
77
78
79
81
82
83
87
89
90
91
92
93
101
104
109
110
111
112
114
115
116
117
119
123
124
126
127
128
129
131
132
134
135
139
140
141
143
144
145
147
149
151
153
154
155
156
157
159
160
161
162
163
164
165
166
167
168
172
173
175
176
177
178
179
180
181
182
183
184
185
188
190
191
194
195
197
198
