9
10
6
11
7
8
12
13
28
189
172
124
92
105
128
41
51
98
139
179
118
33
147
79
116
192
196
144
82
87
93
112
32
194
158
97
110
164
56
46
88
108
154
22
42
71
188
146
75
148
43
127
109
199
163
85
77
197
132
114
59
19
151
184
162
35
137
120
102
178
58
125
169
152
135
14
36
21
15
113
76
186
1
2
3
4
5
16
17
18
20
23
24
25
26
27
29
30
31
34
37
38
39
40
44
45
47
48
49
50
52
53
54
55
57
60
61
62
63
64
65
66
67
68
69
70
72
73
74
78
80
81
83
84
86
89
90
91
94
95
96
99
100
101
103
104
106
107
111
115
117
119
121
122
123
126
129
130
131
133
134
136
138
140
141
142
143
145
149
150
153
155
156
157
159
160
161
165
166
167
168
170
171
173
174
175
176
177
180
181
182
183
185
187
190
191
193
195
198
200
