139
69
130
8
7
33
150
179
43
159
175
71
65
23
109
126
167
60
89
59
44
19
160
63
185
75
157
110
98
26
52
138
177
166
18
183
124
147
70
184
100
78
171
95
105
181
169
133
112
85
128
13
187
74
50
182
55
28
101
132
30
21
145
178
14
155
82
84
37
97
102
80
151
11
148
158
58
17
118
107
1
2
3
4
5
6
9
10
12
15
16
20
22
24
25
27
29
31
32
34
35
36
38
39
40
41
42
45
46
47
48
49
51
53
54
56
57
61
62
64
66
67
68
72
73
76
77
79
81
83
86
87
88
90
91
92
93
94
96
99
103
104
106
108
111
113
114
115
116
117
119
120
121
122
123
125
127
129
131
134
135
136
137
140
141
142
143
144
146
149
152
153
154
156
161
162
163
164
165
168
170
172
173
174
176
180
186
