46
104
100
180
8
91
161
133
170
17
26
62
16
87
132
19
135
76
5
147
166
50
137
56
47
109
60
21
98
99
70
200
48
157
73
37
140
14
174
67
22
136
190
78
119
41
72
51
159
176
24
25
63
83
107
152
61
134
156
102
54
117
92
145
113
169
191
122
75
10
58
64
49
183
85
120
125
177
88
81
188
35
1
2
3
4
6
7
9
11
12
13
15
18
20
23
27
28
29
30
31
32
33
34
36
38
39
40
42
43
44
45
52
53
55
57
59
65
66
68
69
71
74
77
79
80
82
84
86
89
90
93
94
95
96
97
101
103
105
106
108
110
111
112
114
115
116
118
121
123
124
126
127
128
129
130
131
138
139
141
142
143
144
146
148
149
150
151
153
154
155
158
160
162
163
164
165
167
168
171
172
173
175
178
179
181
182
184
185
186
187
189
192
193
194
195
196
197
198
199
