172
97
44
156
79
9
13
103
161
133
152
150
197
123
138
46
76
59
121
40
193
183
100
69
120
142
10
63
169
2
160
23
94
195
166
37
101
162
3
34
68
41
129
88
122
22
125
194
191
155
35
86
18
199
48
20
127
71
198
24
52
33
136
21
87
29
188
96
36
182
137
91
58
80
187
16
135
89
134
53
114
1
4
5
6
7
8
11
12
14
15
17
19
25
26
27
28
30
31
32
38
39
42
43
45
47
49
50
51
54
55
56
57
60
61
62
64
65
66
67
70
72
73
74
75
77
78
81
82
83
84
85
90
92
93
95
98
99
102
104
105
106
107
108
109
110
111
112
113
115
116
117
118
119
124
126
128
130
131
132
139
140
141
143
144
145
146
147
148
149
151
153
154
157
158
159
163
164
165
167
168
170
171
173
174
175
176
177
178
179
180
181
184
185
186
189
190
192
196
200
