67
96
199
127
83
104
161
175
4
90
3
30
132
78
143
121
8
19
36
48
61
89
5
40
55
183
101
63
68
158
119
169
172
110
54
10
14
80
138
42
113
159
147
99
167
189
200
58
43
170
86
155
141
92
17
145
146
11
154
72
148
140
111
27
163
115
85
26
117
130
178
184
1
2
6
7
9
12
13
15
16
18
20
21
22
23
24
25
28
29
31
32
33
34
35
37
38
39
41
44
45
46
47
49
50
51
52
53
56
57
59
60
62
64
65
66
69
70
71
73
74
75
76
77
79
81
82
84
87
88
91
93
94
95
97
98
100
102
103
105
106
107
108
109
112
114
116
118
120
122
123
124
125
126
128
129
131
133
134
135
136
137
139
142
144
149
150
151
152
153
156
157
160
162
164
165
166
168
171
173
174
176
177
179
180
181
182
185
186
187
188
190
191
192
193
194
195
196
197
198
