10
40
122
158
75
143
195
92
100
29
161
102
26
126
8
136
51
76
83
34
101
60
94
17
181
25
182
20
127
173
37
82
65
91
200
98
149
59
178
105
125
62
139
111
180
7
152
132
22
131
189
119
96
123
198
194
79
117
31
35
97
112
118
179
19
12
14
135
99
15
103
32
73
133
63
87
3
138
53
191
56
71
1
2
4
5
6
9
11
13
16
18
21
23
24
27
28
30
33
36
38
39
41
42
43
44
45
46
47
48
49
50
52
54
55
57
58
61
64
66
67
68
69
70
72
74
77
78
80
81
84
85
86
88
89
90
93
95
104
106
107
108
109
110
113
114
115
116
120
121
124
128
129
130
134
137
140
141
142
144
145
146
147
148
150
151
153
154
155
156
157
159
160
162
163
164
165
166
167
168
169
170
171
172
174
175
176
177
183
184
185
186
187
188
190
192
193
196
197
199
