94
51
164
105
111
25
125
60
45
77
157
85
147
16
71
122
24
150
101
20
145
168
8
102
155
118
109
112
107
46
152
128
30
35
44
134
11
47
43
120
52
19
69
64
99
119
89
39
59
80
75
3
34
181
2
149
170
117
183
177
113
140
172
108
165
67
126
200
10
130
187
180
86
27
135
167
49
184
196
106
146
131
36
1
4
5
6
7
9
12
13
14
15
17
18
21
22
23
26
28
29
31
32
33
37
38
40
41
42
48
50
53
54
55
56
57
58
61
62
63
65
66
68
70
72
73
74
76
78
79
81
82
83
84
87
88
90
91
92
93
95
96
97
98
100
103
104
110
114
115
116
121
123
124
127
129
132
133
136
137
138
139
141
142
143
144
148
151
153
154
156
158
159
160
161
162
163
166
169
171
173
174
175
176
178
179
182
185
186
188
189
190
191
192
193
194
195
197
198
199
