200
173
76
40
187
85
150
127
89
57
38
19
137
96
179
2
126
132
61
80
178
60
54
73
65
49
10
91
134
78
121
55
94
110
154
9
29
92
45
111
53
57
6
49
142
88
108
50
64
148
32
131
10
38
60
50
81
50
57
73
111
133
43
94
54
14
74
3
29
27
54
80
27
102
31
36
30
76
60
104
1
37
116
53
72
77
4
29
98
104
93
101
44
68
33
42
66
76
31
95
7
28
33
62
54
55
31
44
50
86
74
55
1
11
14
75
19
29
66
77
79
6
12
25
29
70
55
55
64
71
18
28
47
60
31
34
9
34
55
15
47
13
2
36
16
38
1
2
5
1
28
47
27
39
11
21
31
35
38
11
6
11
28
35
21
4
6
10
32
19
2
6
10
26
26
9
22
4
8
11
5
4
16
6
7
9
11
2
4
4
6
7
7
4
6
1
2
2
2
1
