112
171
72
161
12
33
169
185
53
76
35
40
171
70
56
167
13
156
69
103
26
63
26
30
89
77
160
126
49
121
68
139
112
160
86
42
64
33
53
1
44
17
14
57
65
22
58
1
74
144
117
95
65
91
102
2
105
115
7
30
86
64
47
121
44
106
37
6
126
99
15
107
37
84
60
124
109
93
65
15
10
84
81
59
69
71
61
21
60
17
50
69
49
89
20
42
14
23
91
77
99
44
61
2
43
51
84
68
57
67
14
37
5
74
32
24
26
69
79
11
42
1
69
34
44
74
28
3
8
26
62
23
51
4
31
64
59
36
53
44
9
57
32
26
14
25
28
13
2
43
37
4
23
10
45
35
16
2
32
25
16
26
33
35
32
28
15
7
26
12
6
9
15
17
11
18
20
4
10
7
10
9
10
2
2
14
9
6
10
1
5
4
7
2
6
3
4
2
2
1
