70
45
149
110
79
56
152
130
112
95
113
67
154
15
53
87
11
65
71
78
157
154
7
143
45
154
165
94
26
59
25
71
104
130
50
72
128
120
95
151
135
69
136
138
96
15
93
50
84
14
138
57
128
19
7
66
96
31
54
86
35
3
90
74
49
50
70
57
38
80
120
122
25
47
28
47
78
110
3
29
108
67
90
103
107
39
77
83
64
101
12
26
40
57
90
73
90
4
13
29
39
33
52
87
18
58
58
16
87
12
35
73
7
23
50
63
41
56
68
73
7
18
41
19
55
44
61
27
31
62
13
14
58
14
29
29
32
52
21
41
51
12
53
2
24
31
39
27
29
6
7
19
5
14
20
30
34
4
31
36
29
1
14
18
28
20
20
9
19
5
15
19
10
11
6
9
10
10
14
4
8
8
13
2
6
6
9
1
4
1
2
3
1
1
1
