100
89
24
129
171
170
153
100
162
88
144
64
82
83
14
172
134
114
41
153
39
85
150
114
120
10
61
53
55
47
81
99
117
140
57
87
121
116
155
143
52
59
50
53
45
42
46
10
26
106
54
91
99
54
36
138
120
22
125
67
57
98
85
87
9
8
72
82
94
32
119
33
54
97
97
103
26
40
47
74
55
94
88
82
78
82
72
68
32
107
11
69
105
56
52
60
10
29
85
86
92
11
40
9
84
88
80
26
11
83
65
28
11
57
58
72
59
40
1
22
11
6
33
38
35
6
65
18
15
25
57
30
52
45
44
6
48
37
46
39
58
35
30
4
17
48
30
43
28
4
33
28
19
23
31
3
32
20
22
20
25
10
17
20
4
12
24
1
16
4
7
3
3
17
8
2
5
1
18
8
17
4
13
12
8
10
14
8
4
6
3
3
6
2
1
2
3
3
2
1
