100
89
95
134
160
174
12
2
99
11
72
81
165
47
10
9
138
60
41
88
160
90
35
39
30
2
160
61
51
11
112
29
68
119
146
21
120
113
87
146
42
56
30
82
131
58
117
150
25
5
22
80
2
21
133
38
42
49
30
99
54
39
51
120
3
56
11
86
132
45
88
25
50
14
21
85
92
123
117
55
18
88
31
8
39
103
8
104
83
3
44
56
37
67
87
29
104
89
25
45
46
96
2
45
88
73
69
36
64
65
25
6
8
32
20
74
19
53
11
42
74
57
53
64
64
45
49
26
40
52
19
60
17
4
13
17
22
10
40
6
28
40
30
17
16
55
46
25
29
4
14
44
9
3
8
15
38
10
39
6
8
11
22
29
17
4
21
22
29
29
11
13
25
3
5
14
15
6
14
18
9
7
11
16
12
9
1
13
4
11
9
1
2
1
4
3
4
3
2
1
