77
118
90
30
135
66
112
45
157
67
107
132
57
74
121
56
7
16
95
142
135
32
117
143
8
43
79
120
95
47
24
52
6
135
106
122
23
118
75
72
56
120
101
67
6
124
100
60
75
46
66
69
124
17
68
51
126
120
82
92
50
25
41
56
60
37
63
43
56
24
73
28
87
95
77
63
61
31
51
19
50
72
88
95
68
28
78
7
88
33
34
85
45
64
80
24
82
7
14
28
49
60
80
59
53
78
47
18
20
45
41
31
43
51
40
15
7
39
55
22
21
54
60
41
41
17
5
31
8
45
26
31
24
5
28
27
30
18
5
2
40
20
9
38
24
12
35
26
16
10
26
10
23
19
29
4
10
23
12
6
4
8
13
2
16
1
7
2
13
1
1
11
11
9
6
6
4
3
5
3
3
1
1
