93
45
86
158
101
29
114
118
40
154
90
103
89
129
44
104
43
88
42
72
157
77
31
142
29
133
97
52
109
144
121
125
69
54
43
26
12
91
52
118
42
35
50
88
96
78
45
67
122
2
116
25
77
28
51
107
8
6
10
74
43
44
1
18
7
16
47
70
74
102
29
76
29
88
3
4
14
41
81
83
62
38
45
74
30
39
91
20
47
71
41
79
2
29
28
27
72
77
13
49
49
12
59
23
72
74
26
37
25
54
66
25
1
4
9
30
59
25
50
12
45
40
33
42
54
20
21
53
8
43
6
25
35
35
8
31
37
34
41
18
21
38
34
35
35
13
16
7
25
3
14
25
8
21
12
12
8
4
16
17
4
17
5
1
9
13
5
8
5
5
7
7
7
7
5
5
2
2
2
1
