182
15
168
150
45
114
4
154
134
130
8
108
67
110
12
139
139
157
109
47
122
16
12
85
1
62
1
129
119
69
7
33
135
65
96
57
53
90
16
133
127
27
71
55
35
135
127
31
114
34
89
48
94
93
105
54
126
44
64
93
28
53
32
72
18
116
43
80
82
104
52
101
71
91
109
2
7
58
9
41
48
61
71
10
29
44
20
23
26
56
15
7
38
85
14
20
69
37
52
77
14
33
37
54
73
73
66
70
76
44
68
53
70
4
10
18
37
44
45
1
20
47
41
47
6
2
17
57
5
10
11
13
26
42
22
45
47
5
27
29
28
4
32
41
5
28
18
20
23
5
10
10
23
25
10
8
21
25
2
17
4
8
11
14
21
21
21
6
6
13
17
4
15
6
2
3
10
1
4
5
7
1
1
1
1
1
1
