10
106
120
39
154
88
189
68
28
87
22
24
136
46
69
75
23
112
143
89
29
161
88
161
87
145
107
89
153
34
92
137
151
21
127
163
134
25
81
157
95
88
38
18
73
5
49
39
146
54
67
108
3
10
132
70
68
87
85
91
49
5
48
57
135
25
41
94
107
97
12
108
122
23
103
92
96
74
83
31
19
17
64
43
18
9
13
5
12
72
8
99
57
38
86
72
69
60
56
40
15
9
12
38
47
94
92
93
7
45
58
83
34
43
61
77
22
60
72
27
59
17
49
51
55
71
24
46
72
26
12
41
8
33
22
50
26
48
11
16
36
55
40
45
24
28
38
13
50
45
22
1
25
32
34
10
6
17
35
16
31
9
17
1
17
19
17
11
6
20
26
6
15
6
4
1
16
5
3
5
13
7
15
14
7
7
1
13
4
3
3
6
4
5
4
1
4
3
2
1
