24
142
27
20
97
87
165
70
99
70
89
21
34
151
178
57
86
153
151
62
40
170
68
24
30
60
146
47
86
48
43
105
120
45
163
92
29
9
48
69
65
140
33
94
98
52
33
56
122
80
53
73
50
42
82
61
57
57
116
85
16
104
84
116
17
133
97
75
50
80
35
119
59
106
103
109
59
16
97
37
35
14
101
18
72
10
58
18
54
101
7
19
57
22
85
22
52
71
50
39
33
72
6
30
39
52
50
62
33
18
17
57
26
44
42
16
12
59
43
80
7
74
53
17
65
73
60
39
55
29
7
5
55
36
6
58
39
60
53
1
45
22
40
8
43
9
42
2
42
16
33
6
33
42
1
4
18
35
29
29
14
26
15
14
11
33
34
32
12
1
30
8
6
6
17
25
1
5
20
11
12
19
9
12
4
12
6
12
4
9
3
6
8
6
6
2
2
2
2
1
