151
132
95
5
28
175
123
58
67
20
165
58
95
117
148
63
63
147
89
54
104
34
50
105
136
167
127
3
69
152
119
71
159
148
135
12
82
42
81
69
39
73
61
62
112
15
145
31
70
30
141
54
127
113
135
44
84
139
139
6
76
88
31
1
97
56
116
121
100
16
26
43
104
121
26
114
124
27
23
33
70
31
37
42
98
39
95
40
81
37
98
96
80
29
84
5
13
16
51
8
68
70
9
22
54
92
16
28
33
17
49
64
17
43
83
26
61
26
53
14
69
70
28
50
74
42
61
72
10
14
33
43
62
66
17
29
37
21
31
5
21
37
4
23
6
1
22
52
10
10
16
49
4
6
36
44
25
3
12
37
8
31
7
8
36
20
1
4
21
24
1
20
24
3
18
23
6
8
11
16
14
15
17
2
5
7
2
9
10
8
6
9
1
4
4
4
2
1
1
1
