166
178
104
130
95
152
143
58
140
167
3
23
44
140
160
160
98
90
131
82
138
130
138
9
149
163
47
172
109
6
161
95
122
57
44
68
100
21
44
52
22
151
16
140
36
108
118
13
90
57
87
14
100
22
21
60
87
51
113
50
128
106
25
84
50
55
73
106
121
39
34
105
25
1
96
9
2
97
53
26
22
110
6
56
15
78
4
113
60
17
75
32
70
11
47
33
2
5
85
32
19
98
73
23
72
50
11
56
16
74
79
59
8
39
2
71
14
9
44
33
43
51
48
32
33
19
73
57
60
47
40
6
55
26
30
56
25
45
44
35
51
30
6
3
52
12
3
12
37
17
43
25
13
38
30
33
33
40
3
4
6
18
9
14
17
15
26
31
6
14
5
28
20
5
24
18
17
13
15
17
10
7
16
4
12
4
4
9
8
10
9
8
4
4
6
4
2
3
2
1
