91
89
126
10
111
3
145
78
156
43
96
58
55
118
183
125
97
72
90
64
126
162
119
64
97
163
27
101
164
161
24
22
20
150
69
143
60
139
130
105
56
146
131
103
122
148
125
138
14
115
118
127
146
10
104
121
80
82
110
128
41
59
78
18
97
98
121
126
107
36
82
84
106
19
20
85
95
113
27
51
65
3
24
49
78
51
4
23
38
64
109
24
57
76
89
105
85
18
32
40
1
75
28
58
21
37
12
12
43
3
14
29
41
64
24
40
21
83
75
44
8
16
58
55
15
31
73
25
54
9
66
4
28
43
3
4
60
5
43
27
3
14
44
53
24
52
16
1
31
35
35
43
29
34
35
39
15
5
23
19
1
6
35
34
7
8
24
17
21
22
22
6
9
5
12
17
12
23
14
7
10
6
10
1
7
1
6
9
1
4
9
7
2
4
4
4
3
3
1
1
