74
28
24
77
29
75
165
128
28
157
21
31
128
142
14
18
72
20
20
28
40
49
68
17
63
102
84
123
74
56
116
65
37
95
31
53
39
77
2
31
22
15
22
10
43
106
49
33
40
10
43
53
26
104
15
92
67
107
37
108
16
57
73
105
3
34
76
37
90
18
42
67
17
65
16
59
21
8
19
47
87
28
18
28
36
9
57
24
45
66
32
21
12
34
39
19
76
30
51
3
49
62
24
33
44
15
5
20
51
39
25
36
54
40
15
19
15
34
15
37
26
30
44
49
29
15
11
12
28
5
19
3
30
24
33
28
24
14
30
19
2
4
12
10
3
15
14
8
1
21
20
12
9
2
9
16
3
13
13
7
5
11
4
7
1
5
4
2
2
3
2
1
