132
131
98
60
152
44
30
99
25
188
6
47
42
107
92
109
56
9
127
144
33
146
84
173
35
53
56
75
102
104
166
123
18
33
123
110
18
40
24
26
68
74
43
60
30
96
140
65
97
38
144
147
32
33
96
18
23
12
81
85
71
99
93
57
23
18
80
9
32
128
38
25
93
122
69
80
63
52
94
93
117
115
51
75
21
40
47
108
86
6
11
65
94
84
1
27
76
24
66
53
39
54
71
96
4
15
5
36
41
49
88
38
39
70
11
25
49
71
52
69
8
61
35
15
21
20
59
52
63
21
33
68
8
26
57
29
63
52
26
38
21
22
21
2
52
15
5
50
35
9
1
10
34
41
35
44
8
9
27
37
20
32
14
1
27
28
5
22
17
19
28
17
10
11
7
5
11
4
19
11
19
13
15
11
2
14
13
4
11
6
10
4
5
6
4
4
2
2
1
1
