177
86
69
129
126
69
118
24
152
44
46
73
48
130
48
42
10
138
149
152
98
53
58
87
74
53
103
54
146
108
90
117
71
97
102
84
82
72
23
18
130
84
56
88
43
130
61
124
115
101
32
70
107
7
116
20
95
100
1
62
103
47
13
28
63
79
11
22
42
15
43
87
14
83
94
20
21
51
92
30
97
25
35
35
11
19
23
47
47
51
17
49
81
65
71
13
36
43
51
26
68
20
25
2
6
12
13
4
16
52
53
41
52
26
37
57
2
8
49
6
17
30
53
10
46
47
8
25
2
46
6
29
36
44
45
18
37
6
9
26
26
11
18
32
1
20
33
5
14
22
1
3
17
26
2
7
18
13
10
11
19
12
12
3
9
11
12
3
5
7
9
2
5
2
2
2
2
2
1
