41
64
124
134
105
41
42
23
136
89
38
97
158
154
86
24
46
122
129
77
6
59
141
76
112
72
34
33
103
111
83
43
133
98
3
121
67
84
2
62
4
11
126
71
109
110
68
53
23
121
63
72
82
76
52
24
52
20
46
105
16
23
31
35
45
66
27
25
90
49
84
28
98
15
8
18
19
63
40
18
78
61
48
20
64
31
42
48
23
70
3
73
58
46
4
69
20
63
63
57
64
17
31
41
58
47
22
25
40
54
51
23
19
60
59
19
33
42
5
5
21
34
31
40
21
31
32
3
46
30
44
14
35
5
24
15
38
38
20
8
3
24
29
3
12
20
6
23
15
11
7
8
5
12
17
16
16
15
15
14
13
11
4
2
2
7
6
1
4
2
1
4
2
1
1
