21
157
149
25
107
108
7
167
89
127
63
61
54
22
95
173
52
37
28
28
33
50
70
109
66
67
98
8
84
21
37
61
108
104
147
7
103
27
100
51
119
104
140
134
3
85
84
37
8
75
3
51
32
7
29
143
41
27
29
132
126
128
58
127
125
12
27
52
71
95
70
62
92
57
94
54
85
90
40
99
79
67
85
25
76
95
52
41
42
18
7
102
98
51
20
93
79
99
62
38
26
34
87
2
34
73
18
88
78
83
29
52
5
68
85
9
62
49
32
59
14
22
66
43
5
53
69
14
34
12
8
61
45
25
55
65
9
38
16
52
47
38
6
42
7
25
28
35
29
47
17
32
29
4
15
31
4
27
16
9
21
32
6
1
32
16
24
8
29
12
29
5
10
5
3
15
19
3
10
15
3
9
9
1
16
15
6
5
12
8
4
9
6
7
2
4
3
1
2
1
