118
136
167
48
168
66
49
50
116
186
23
174
45
20
58
143
116
39
27
145
34
90
95
49
96
122
45
113
24
67
41
106
111
120
104
99
64
8
100
18
74
130
127
66
145
89
99
52
78
89
143
35
109
117
44
111
118
66
7
85
139
76
86
84
54
73
78
81
20
35
120
68
47
105
84
89
85
32
19
38
88
2
108
110
68
100
11
108
28
37
70
106
48
54
32
73
37
28
66
41
30
7
32
94
74
54
1
52
72
5
87
81
25
79
17
43
77
9
18
51
50
44
45
56
66
13
29
72
4
46
42
25
66
57
24
57
52
58
59
13
48
25
5
4
34
13
18
46
2
40
25
47
3
5
17
17
20
14
10
1
25
29
1
19
21
3
12
17
17
10
21
17
9
25
24
20
17
3
10
8
16
10
1
2
15
11
4
1
1
6
2
8
2
7
6
1
2
2
1
1
