65
198
149
63
116
58
129
78
14
24
19
90
42
46
87
182
87
84
37
137
107
155
146
148
144
89
131
12
130
170
34
167
44
82
148
64
85
140
96
32
134
53
142
83
156
28
72
124
108
147
49
91
37
56
42
144
122
123
130
50
119
103
8
118
9
52
52
100
10
60
31
72
14
43
41
5
61
88
97
109
2
44
82
11
18
110
71
93
92
38
110
55
18
71
105
81
77
47
43
34
62
63
22
71
5
59
36
10
11
26
30
67
31
16
28
63
31
46
72
42
49
15
5
40
29
1
47
24
4
62
12
61
14
38
6
51
27
52
45
46
52
31
20
9
55
47
36
44
40
49
24
17
48
3
11
8
1
41
30
11
12
13
21
9
3
30
8
1
13
28
6
26
5
9
6
1
24
7
8
4
3
19
14
9
2
12
7
8
12
2
7
6
6
7
4
2
2
3
1
1
