3
151
1
4
8
12
16
20
45
24
28
35
51
46
54
61
65
69
73
156
77
82
86
90
94
162
108
98
111
102
117
122
125
129
133
137
145
145
145
156
2
5
35
36
8
39
11
14
17
50
20
23
25
36
39
42
47
50
53
56
68
71
74
77
80
83
86
88
91
92
93
96
99
102
105
108
111
114
116
119
59
63
7
4
8
10
12
14
26
48
45
49
52
54
56
58
60
62
89
64
66
67
69
73
75
77
79
83
85
86
88
16
17
19
25
30
27
30
32
34
3
1
3
4
5
6
7
8
10
13
29
31
32
33
34
35
36
37
38
40
41
42
43
52
44
45
46
47
50
14
15
16
18
19
22
20
10
32
41
1
22
30
1
1
1
1
1
1
1
1
1
1
1
1
1
1
1
1
1
1
1
1
1
1
1
1
1
1
1
1
1
1
1
1
1
1
1
1
1
