83
99
46
63
6
7
168
90
29
92
18
20
82
23
140
102
78
61
131
115
142
171
26
159
106
79
161
171
171
122
95
125
71
3
5
80
156
22
145
117
153
47
130
91
81
24
21
123
53
88
19
44
63
102
90
70
42
108
37
54
74
73
125
120
16
79
28
114
67
109
48
47
23
58
69
45
82
86
6
98
66
77
38
46
12
108
21
81
90
95
49
6
68
106
69
23
22
12
86
2
51
69
94
48
23
35
13
14
79
23
90
19
14
46
15
37
78
31
10
81
1
7
51
28
40
75
13
24
29
13
20
18
2
33
58
2
59
35
32
19
33
53
13
54
56
50
4
20
47
29
20
8
25
33
45
33
20
3
27
11
32
25
13
17
29
13
17
28
30
17
29
27
7
4
21
4
24
9
21
16
11
4
15
13
13
4
9
1
7
6
1
7
2
1
6
4
1
3
2
1
