58
80
38
183
108
180
155
183
140
169
8
31
31
86
13
181
155
138
124
52
89
161
29
152
19
48
122
17
85
99
7
151
121
103
159
62
141
96
30
70
129
143
70
135
66
17
110
43
70
118
50
112
82
137
34
32
31
106
49
56
138
76
66
51
39
29
28
103
131
126
34
72
111
49
69
89
114
109
118
2
95
19
107
70
65
112
6
4
68
64
43
42
90
5
63
75
28
87
5
87
44
84
87
77
61
86
87
91
8
10
73
11
52
38
39
46
38
21
18
45
33
47
16
67
61
22
5
30
71
18
60
37
56
33
6
35
6
62
39
3
43
54
16
18
28
1
39
49
12
51
13
45
43
15
4
7
17
37
19
20
36
31
15
35
13
32
12
33
26
17
22
23
26
2
19
5
11
1
1
5
14
4
11
14
14
4
10
12
5
10
6
6
8
7
6
5
3
2
2
1
