176
186
139
114
152
95
69
87
169
77
22
107
157
34
67
158
88
170
121
107
139
14
62
16
28
157
137
65
30
54
59
122
66
113
83
29
136
88
90
25
106
25
88
131
47
76
68
61
28
16
66
109
97
128
19
81
8
29
36
63
49
56
4
133
103
88
122
50
13
115
12
38
46
47
124
98
103
12
15
85
59
76
5
30
21
29
5
61
76
52
103
1
34
64
7
3
74
87
48
76
100
26
98
88
31
83
38
3
85
79
86
2
55
13
9
58
53
49
28
53
77
29
61
60
10
40
56
42
20
33
24
46
39
10
40
57
59
28
21
12
3
39
38
46
21
14
10
2
4
47
34
23
28
29
2
21
38
14
10
5
31
15
11
3
11
24
16
23
13
14
21
7
26
26
6
12
11
7
19
17
13
6
13
16
11
15
14
9
10
2
10
2
6
3
2
2
3
2
1
1
