11
109
24
65
159
23
92
144
49
102
27
67
64
170
39
154
13
132
111
166
37
58
27
173
2
43
38
96
35
139
7
48
143
46
97
56
91
28
57
24
121
64
123
56
48
27
103
30
30
35
32
69
30
73
11
65
35
132
61
98
28
5
68
92
103
111
32
43
73
22
63
123
25
58
119
73
54
63
1
68
15
111
115
5
62
81
95
112
56
18
37
15
93
19
102
96
95
31
59
94
64
88
29
81
82
19
48
3
45
20
43
57
58
9
7
32
3
5
39
59
27
15
52
75
2
36
11
17
58
25
68
24
5
48
13
11
57
12
8
35
14
49
22
21
45
31
39
13
16
6
9
1
42
31
12
37
39
33
21
27
24
6
8
19
26
16
26
1
26
11
19
29
24
16
17
5
1
2
4
7
8
15
6
14
12
8
6
11
1
9
4
7
4
6
4
3
1
2
2
1
