41
45
100
145
8
129
16
113
121
77
70
147
97
182
95
78
151
78
72
37
65
88
79
4
154
105
30
46
154
135
164
79
48
32
129
118
122
16
25
147
146
105
149
111
63
91
147
38
92
139
72
143
135
33
20
52
9
120
31
132
32
36
1
2
3
118
3
26
97
21
119
109
73
20
76
50
2
8
115
50
20
77
115
94
104
74
61
59
1
71
90
31
16
77
106
9
84
71
49
65
79
86
4
79
68
51
18
86
23
83
27
29
38
30
16
15
37
48
2
60
26
53
76
67
68
34
46
29
29
68
68
13
66
46
49
34
13
19
53
41
20
7
6
54
37
14
8
6
50
23
30
10
44
1
32
39
4
25
19
27
27
35
12
13
20
27
9
8
27
12
29
22
6
16
18
12
1
3
21
2
5
1
17
5
16
7
10
3
3
8
8
3
2
4
3
5
1
3
1
1
