29
105
88
172
184
88
82
4
93
53
105
37
109
30
44
67
144
126
150
107
54
171
46
86
31
135
174
15
45
56
5
16
61
92
31
164
56
8
37
85
105
71
52
4
68
138
115
3
4
24
85
107
58
50
141
90
29
75
83
37
12
18
127
48
10
35
124
131
72
109
15
113
109
123
58
45
82
67
5
87
70
7
40
108
66
64
96
100
86
75
99
104
34
65
28
58
90
42
13
39
21
8
21
95
64
56
49
28
22
90
84
70
73
86
20
27
32
51
53
58
65
72
15
42
32
55
39
70
24
67
3
1
65
54
40
35
19
17
41
47
47
17
40
22
32
44
48
26
24
5
1
33
3
5
25
6
9
24
11
20
36
12
5
9
20
31
1
12
26
13
17
24
23
10
3
12
23
9
18
2
16
8
18
4
16
4
11
1
7
9
10
4
4
1
1
1
1
2
2
1
