88
71
35
22
137
136
87
144
5
82
23
21
44
167
71
167
22
58
28
47
120
44
92
101
137
57
140
101
124
117
35
127
156
77
88
118
69
40
146
39
134
133
101
94
124
141
115
47
141
53
22
131
30
116
33
65
82
89
54
81
19
61
86
87
100
113
23
73
43
83
115
117
42
26
68
86
18
47
50
78
82
42
58
29
81
21
106
37
74
32
101
72
77
1
10
76
33
88
88
28
76
28
47
31
38
72
35
23
44
32
25
33
39
56
35
39
73
48
63
20
60
16
3
44
50
9
14
42
56
1
2
4
12
46
46
31
55
18
31
38
24
26
25
26
12
15
19
22
33
1
13
15
35
20
4
5
5
5
8
31
3
3
30
15
7
8
22
24
20
21
6
17
10
10
18
2
3
5
5
5
9
12
7
3
8
1
3
3
4
4
2
2
1
