110
63
160
118
145
135
107
10
52
48
17
155
86
140
85
90
49
54
151
26
3
51
62
72
86
133
76
21
146
140
50
38
3
72
14
101
108
87
59
68
120
59
8
13
132
78
75
122
85
98
73
37
66
77
113
108
51
119
135
81
85
139
11
87
94
94
115
23
50
114
6
99
122
20
74
119
32
86
1
8
87
99
34
76
29
29
34
42
42
49
51
22
23
59
43
48
54
58
91
33
14
39
54
61
61
6
29
79
79
29
3
13
26
71
73
3
66
33
52
68
74
14
61
2
55
51
2
48
13
36
68
6
30
52
12
46
15
21
27
55
39
41
50
13
24
3
22
28
51
21
39
5
9
22
19
20
43
23
35
21
30
33
28
20
6
9
11
17
1
13
14
12
19
24
26
19
20
8
17
5
6
6
9
9
13
4
7
11
1
4
10
1
5
5
2
1
1
2
1
1
