91
128
89
124
122
120
3
173
79
28
136
43
97
149
58
11
103
172
161
180
91
152
64
71
142
56
131
9
45
61
144
94
20
103
158
22
20
148
67
138
58
13
92
131
53
18
141
64
134
58
104
29
109
35
117
19
43
90
27
125
97
54
120
104
35
50
93
87
20
25
125
60
108
117
44
53
87
25
81
105
15
19
43
73
81
115
19
22
56
107
15
50
68
71
91
38
80
80
1
27
27
50
4
6
51
53
4
50
62
86
66
62
16
16
19
38
4
45
67
9
25
48
7
45
67
67
29
29
7
42
64
29
4
4
36
36
58
26
46
15
49
19
39
56
2
9
26
28
1
26
40
15
33
9
5
27
29
34
7
12
26
27
27
8
8
32
29
12
14
23
29
1
5
6
12
13
22
10
20
20
17
1
1
1
3
5
5
6
6
6
9
4
5
5
2
4
1
1
2
1
