122
199
124
61
8
59
129
124
48
17
174
34
128
103
84
73
118
113
150
137
46
46
106
27
95
89
83
48
51
156
20
9
53
15
94
2
118
91
118
159
140
139
105
5
136
49
5
126
148
10
135
82
1
63
41
41
58
77
141
50
91
77
37
101
93
41
32
74
120
36
108
114
58
37
82
16
2
50
76
61
13
3
57
19
97
35
45
50
48
73
30
39
24
53
100
77
101
5
16
46
32
74
58
42
2
22
6
62
3
22
7
37
6
42
51
13
74
42
78
5
47
1
3
36
50
14
43
65
25
26
5
33
67
19
9
61
44
20
15
10
52
45
9
1
51
48
49
30
41
47
41
44
29
18
28
23
22
5
1
33
16
5
4
16
15
13
2
26
3
14
7
4
12
21
14
19
21
14
6
12
12
14
8
16
11
6
8
5
8
4
4
8
7
2
5
1
2
2
1
1
