17
15
16
18
52
68
75
82
31
44
44
71
44
12
64
13
36
22
5
37
39
57
99
130
84
112
154
158
86
102
105
105
127
80
123
125
158
101
86
61
91
99
112
118
148
48
29
140
112
118
128
137
3
18
65
117
132
130
36
57
90
65
128
38
85
121
23
26
108
37
19
30
108
113
28
44
110
121
33
82
94
2
19
23
106
9
32
89
55
43
89
51
38
50
78
85
33
50
76
93
32
8
8
27
6
24
60
2
5
42
85
8
12
79
11
47
67
64
38
24
27
65
22
37
46
60
72
2
21
18
43
24
44
10
16
40
61
27
14
31
43
13
21
34
48
53
9
43
2
5
17
21
42
15
21
42
14
14
16
16
6
14
21
37
15
30
30
8
9
23
26
4
7
19
2
17
4
6
6
9
6
5
15
2
8
2
2
10
3
9
10
1
1
1
1
1
1
1
1
1
