171
58
29
63
50
1
152
130
176
114
21
58
160
161
125
137
67
115
117
32
66
173
80
64
28
11
158
76
79
17
27
29
158
40
93
85
116
18
118
135
139
14
25
140
62
70
34
102
81
83
61
30
87
74
28
81
127
88
114
141
104
139
44
4
48
66
37
96
86
112
50
23
13
52
63
108
35
17
62
19
87
43
93
48
92
35
73
66
68
66
95
54
19
80
19
65
45
35
99
84
82
35
37
72
9
18
48
62
63
86
25
41
42
32
20
48
52
15
6
5
47
25
40
18
8
51
20
31
62
31
36
57
59
55
22
62
43
1
60
13
3
3
12
50
36
10
23
41
51
15
4
16
31
1
42
35
20
27
20
23
22
10
29
34
12
28
17
19
32
23
13
3
7
16
17
22
14
18
13
6
2
17
9
13
7
15
9
11
2
2
6
6
2
3
5
5
4
1
1
1
