91
163
197
46
38
31
136
152
105
111
14
122
62
19
50
16
165
174
80
74
25
169
51
110
50
96
59
88
106
17
30
15
71
26
83
100
25
13
81
127
132
55
30
84
33
139
22
47
66
26
103
91
44
123
24
114
27
8
14
14
66
47
87
5
104
100
14
131
58
131
73
129
49
28
68
23
10
14
33
26
92
71
71
85
21
43
41
42
32
101
84
17
103
58
36
46
29
28
102
19
71
1
15
69
89
79
30
62
66
91
1
5
77
14
86
35
11
77
35
67
10
74
68
71
40
17
62
62
23
53
15
50
22
55
29
2
4
38
38
48
16
57
54
26
23
22
9
25
15
2
10
20
7
41
31
34
2
2
2
10
28
31
1
21
14
28
34
20
12
23
24
22
20
25
2
12
21
10
14
19
1
8
8
16
15
5
14
3
10
7
2
6
6
7
3
1
1
3
2
1
