46
66
32
68
156
18
141
75
152
93
38
56
96
1
148
180
52
73
112
161
25
79
27
114
136
77
165
57
91
160
135
25
123
83
87
73
9
132
89
45
149
53
114
78
134
139
60
97
99
46
127
9
53
40
139
32
106
82
26
64
72
94
106
128
131
104
122
37
17
37
104
76
52
15
118
22
29
115
122
88
89
114
15
49
63
103
29
103
29
25
9
109
73
95
10
75
86
86
64
78
38
54
61
76
17
93
22
85
56
44
1
70
10
37
4
85
41
20
67
62
19
15
41
56
31
44
1
57
35
14
8
4
27
45
11
61
60
31
12
22
39
19
1
51
36
51
24
34
19
24
22
31
37
6
36
19
11
27
10
27
29
17
5
12
32
31
26
16
32
2
7
7
23
5
1
17
24
14
7
14
1
14
13
10
6
15
10
6
7
7
3
7
8
7
6
1
3
2
1
1
