149
161
178
43
140
60
133
5
70
26
53
129
57
115
75
112
155
106
70
120
22
85
143
51
100
73
74
75
5
42
71
28
33
142
99
139
77
115
140
61
98
43
79
79
10
73
121
9
65
13
17
112
47
4
38
44
62
5
22
84
4
4
24
82
53
33
86
14
34
43
20
55
12
27
49
65
104
43
49
29
96
12
34
38
6
69
14
80
7
91
24
27
46
66
71
27
1
46
69
23
26
34
45
67
7
21
40
50
58
61
16
18
21
42
55
7
16
55
27
29
3
20
24
50
16
28
27
28
34
38
41
43
9
32
5
39
6
22
39
34
3
22
32
2
31
12
14
24
16
5
24
9
18
20
1
8
9
11
16
18
14
10
15
8
14
6
3
3
4
8
9
7
2
2
3
4
4
1
2
1
