130
141
191
135
13
127
114
33
133
147
126
45
92
35
100
21
44
137
59
4
66
115
102
169
44
98
119
49
19
49
159
127
121
138
120
62
7
49
60
86
12
14
134
110
106
114
135
105
52
15
86
56
46
61
128
138
133
123
125
129
118
57
118
69
4
60
64
108
66
30
115
4
99
96
80
55
116
33
100
88
85
78
50
67
7
83
62
19
102
54
11
60
57
30
4
44
29
101
35
64
52
75
18
49
95
54
30
21
80
71
66
66
85
36
16
47
52
65
8
10
60
4
12
28
56
25
39
70
25
30
58
15
63
34
27
64
40
8
23
56
25
27
56
37
4
39
39
22
25
16
45
14
20
27
17
1
16
12
42
26
14
17
9
28
35
33
20
21
8
14
9
12
11
12
15
21
23
8
17
10
20
13
5
3
5
7
2
9
5
5
6
3
6
4
1
2
1
3
2
1
