83
57
133
5
69
82
92
87
58
54
85
118
170
150
81
134
142
138
56
106
13
41
146
168
119
130
85
12
57
15
113
20
27
65
56
15
106
139
132
96
77
22
18
66
13
84
14
15
42
55
109
102
138
11
69
54
88
101
127
18
62
36
50
71
124
64
12
91
91
22
60
98
57
75
77
90
78
10
29
88
88
10
93
21
21
33
90
37
81
81
99
31
90
12
49
48
98
29
57
90
2
36
49
4
62
30
79
29
49
55
30
46
4
21
62
68
71
12
47
5
36
11
25
39
61
25
28
50
64
23
28
59
28
51
16
40
11
23
45
4
31
41
7
16
37
36
1
44
42
7
22
28
24
10
21
38
29
25
27
5
23
29
7
21
30
8
11
14
15
17
23
23
8
6
12
1
11
12
1
7
7
11
12
4
4
5
5
5
5
2
4
3
1
1
