78
193
51
115
21
23
88
119
43
143
59
88
113
106
161
179
43
50
80
113
120
122
142
92
52
135
3
73
113
150
163
133
37
33
40
46
65
97
47
87
130
1
75
8
37
85
27
35
59
106
120
129
27
57
100
114
101
56
117
34
1
22
11
23
13
120
77
101
129
21
129
10
15
18
44
85
105
50
112
15
26
30
100
26
48
55
73
30
20
25
73
84
96
39
52
55
76
63
80
90
15
65
81
22
26
31
33
35
55
49
49
52
67
18
41
60
17
24
3
32
52
57
63
66
3
11
44
55
17
28
30
30
41
11
18
27
44
22
11
27
49
14
23
36
6
31
34
38
40
20
45
43
45
6
12
23
23
35
2
4
21
14
29
29
12
6
32
20
19
30
6
7
8
10
11
24
9
12
1
18
6
7
11
9
14
1
3
4
4
10
9
1
2
3
5
3
1
1
1
