125
190
3
102
92
134
20
10
143
113
134
36
15
111
83
106
183
111
28
36
94
117
160
59
49
168
76
40
139
101
142
97
165
116
26
42
31
31
107
22
50
79
103
58
72
34
105
62
73
128
98
102
81
61
85
138
70
67
40
19
68
123
67
120
61
128
1
93
116
119
25
111
108
110
35
102
28
91
105
96
113
101
6
38
3
21
45
94
9
91
106
18
5
107
54
69
71
100
95
26
11
30
49
2
48
17
93
43
88
85
75
45
15
63
50
9
60
69
4
74
45
28
47
56
40
11
65
9
52
43
63
62
19
32
33
29
44
41
34
59
49
19
12
51
11
53
16
31
48
40
26
49
41
12
27
36
41
36
27
4
34
28
21
18
32
33
32
28
10
31
26
5
3
9
20
2
1
16
9
20
20
8
18
13
7
4
1
9
12
6
7
9
1
3
3
5
3
1
2
1
