67
121
100
197
133
31
7
74
149
168
87
46
25
32
148
170
99
135
169
5
95
83
47
138
87
132
74
24
90
38
126
63
132
147
73
138
11
14
4
129
135
150
141
116
108
119
51
77
146
52
7
133
17
68
10
143
83
85
38
128
113
5
44
115
92
73
26
45
51
1
37
87
14
6
2
2
73
81
67
21
119
95
84
57
79
3
88
12
28
94
21
34
9
69
20
31
73
35
66
88
10
36
82
40
26
19
46
17
91
26
37
8
48
21
76
84
60
33
56
35
30
62
76
60
5
74
72
31
44
38
54
13
62
36
20
26
20
15
47
49
19
8
43
40
31
6
25
38
25
31
45
45
18
8
43
10
1
28
4
13
1
9
24
36
33
20
5
28
15
22
11
3
18
13
2
19
9
7
7
16
18
16
5
7
13
15
5
13
2
8
9
9
2
2
4
3
2
2
2
1
