14
44
6
10
36
16
14
36
50
5
58
21
16
71
16
8
89
63
35
7
17
83
49
8
92
63
71
40
110
68
109
60
27
130
71
107
151
145
135
132
121
86
122
93
140
4
72
114
150
133
105
147
141
141
131
6
94
47
28
128
136
62
109
100
90
41
128
87
128
75
52
64
82
65
54
47
51
73
20
45
65
90
23
114
58
46
90
101
43
97
48
14
41
1
56
101
43
59
40
18
55
57
90
41
59
46
55
79
7
67
68
86
30
47
85
22
49
37
70
25
37
23
4
41
11
66
15
8
12
12
55
67
28
2
16
58
60
26
8
29
9
37
48
49
38
15
9
50
7
41
26
35
30
11
14
35
33
40
20
9
10
7
29
34
24
6
12
3
1
7
27
22
21
13
17
22
17
1
9
18
4
4
6
5
1
12
9
8
8
10
5
2
3
6
1
3
3
2
1
