84
170
166
127
139
44
95
151
104
72
74
50
80
111
7
88
43
33
18
74
22
116
46
40
7
4
109
109
28
92
105
7
5
54
114
143
89
29
95
69
73
55
97
45
27
41
37
66
42
42
40
83
2
42
114
36
26
52
105
98
45
95
51
49
57
12
102
58
14
49
70
67
84
91
90
91
7
65
60
57
5
50
67
29
91
73
45
20
18
32
60
29
51
35
14
51
53
69
14
13
56
39
24
14
62
13
33
2
42
39
42
32
66
27
57
22
20
55
35
59
17
40
31
11
33
40
25
30
45
15
46
27
36
41
3
1
34
11
6
34
1
39
20
9
28
5
16
21
4
6
13
29
19
14
11
12
18
4
7
12
1
4
4
7
2
13
7
2
1
9
1
9
2
7
4
4
2
2
2
1
