3
73
13
5
166
27
3
21
136
84
20
156
161
128
74
155
95
100
103
44
58
76
38
39
8
100
95
142
89
134
50
83
142
109
94
42
76
119
84
53
100
36
13
61
108
27
93
93
89
26
56
86
119
74
95
27
119
92
9
105
46
36
12
107
42
30
80
3
10
49
39
63
42
44
16
88
27
53
24
45
95
52
63
61
11
21
70
65
54
73
50
21
48
14
54
67
3
4
52
15
15
7
32
9
20
49
54
32
40
21
14
51
3
59
37
30
17
50
38
13
27
21
31
20
38
15
47
41
36
6
11
26
34
38
24
4
14
24
8
27
19
10
4
13
26
25
13
17
21
12
16
23
7
4
9
5
4
7
12
11
9
9
11
9
6
4
3
7
3
3
2
3
1
1
1
