95
98
160
91
59
88
38
169
91
140
12
57
35
2
184
70
49
45
172
100
23
162
4
82
105
6
57
148
1
165
101
83
46
43
78
163
114
82
144
17
148
26
13
88
115
62
133
3
150
111
68
46
2
122
110
33
41
35
116
116
95
96
129
13
70
39
107
52
70
108
105
120
106
87
83
47
14
114
113
60
100
51
110
79
88
18
67
56
12
40
31
55
86
100
30
31
101
11
39
74
14
91
17
47
29
7
37
26
67
8
69
20
32
60
49
75
54
47
64
65
15
22
58
2
26
47
70
27
40
14
53
43
2
32
61
24
4
21
38
42
4
22
27
40
35
49
8
4
12
28
25
1
4
20
29
9
23
43
2
32
23
23
22
24
5
20
15
18
23
31
6
23
7
24
19
9
15
4
13
2
14
14
8
14
10
10
3
12
2
5
8
4
3
6
4
5
1
1
2
1
