122
134
197
172
19
73
189
9
155
121
14
149
156
154
102
80
88
168
170
30
102
53
84
123
39
158
50
168
33
120
84
70
68
61
80
77
28
73
133
115
60
36
92
4
101
111
76
112
13
27
48
94
19
89
97
51
20
43
77
67
92
18
50
84
58
52
74
33
81
106
1
47
68
88
126
3
71
80
76
81
105
2
5
6
23
53
14
72
5
30
32
47
78
1
43
49
57
68
1
9
52
67
74
20
6
23
49
61
70
75
23
34
36
35
46
46
23
82
43
59
61
3
14
28
33
22
28
29
70
47
22
46
50
65
8
22
28
8
20
53
20
22
47
49
54
9
42
46
51
2
45
1
3
4
12
25
31
33
40
6
21
22
33
36
22
11
6
9
1
18
15
24
28
9
12
4
11
11
21
9
4
13
14
1
4
15
7
10
11
3
9
4
7
1
3
1
1
1
1
1
