147
46
150
188
77
80
186
126
163
113
179
91
144
133
171
137
28
85
117
28
3
3
156
16
81
3
141
82
84
120
137
82
157
76
159
15
161
6
26
17
62
54
10
148
54
37
87
89
97
50
129
48
84
89
17
116
87
35
46
64
35
115
65
34
4
86
104
17
87
70
35
12
119
127
109
109
92
32
83
87
8
14
67
82
59
113
32
53
56
32
25
14
21
69
102
35
5
27
22
82
71
77
35
4
19
32
65
35
5
3
54
67
17
32
25
73
71
45
20
46
7
41
53
64
13
71
2
12
60
25
56
13
58
39
43
49
64
23
40
20
34
47
25
18
56
1
38
23
47
23
21
27
45
13
19
16
3
18
14
17
33
14
29
17
28
19
27
28
28
26
22
24
1
9
13
22
7
9
14
3
1
15
3
1
13
12
12
4
12
1
1
8
7
1
3
1
1
3
2
1
