120
144
57
146
130
111
127
125
98
179
69
129
34
105
21
40
72
150
105
90
143
82
132
32
26
127
85
110
80
165
75
55
3
116
126
118
26
92
75
23
24
147
99
131
117
10
26
76
42
60
79
133
44
55
106
27
48
35
3
16
39
54
109
93
72
17
73
105
92
125
107
13
4
76
69
107
73
66
45
49
41
85
56
11
88
82
85
73
105
32
64
11
108
88
55
67
25
21
91
78
34
45
19
35
3
91
67
69
78
19
2
19
1
49
35
78
20
52
65
65
35
3
20
33
14
15
48
52
36
35
70
17
35
57
65
19
48
57
54
36
59
43
5
7
17
22
6
42
42
45
43
12
24
2
20
2
19
19
27
28
10
14
11
13
13
13
18
32
21
20
17
22
14
13
21
23
19
20
11
12
20
8
3
4
8
7
5
4
8
11
3
3
6
1
4
5
4
1
1
1
