108
136
100
22
103
22
23
79
44
80
145
89
61
154
153
87
97
46
92
139
121
75
166
33
99
68
15
154
97
45
47
9
41
69
74
157
76
115
109
95
14
3
11
46
80
12
13
35
107
118
109
149
113
81
38
3
55
71
26
71
93
137
4
71
83
26
11
62
66
125
59
7
63
91
46
125
44
101
77
56
89
95
74
71
42
18
60
51
58
46
81
9
24
52
67
45
65
86
99
77
24
38
46
76
24
70
79
45
33
45
33
47
20
23
60
27
70
48
2
30
13
31
41
42
29
4
25
31
22
40
69
45
33
58
38
48
20
29
39
2
19
30
14
39
27
31
50
51
46
49
21
13
48
42
43
21
16
24
19
10
9
3
28
12
9
4
32
19
31
8
24
6
2
2
21
4
10
17
16
16
7
5
14
6
6
8
12
3
2
2
5
9
5
3
3
2
3
3
1
1
