116
38
137
5
63
88
69
41
112
110
76
113
108
162
118
185
118
151
84
170
86
35
83
173
165
113
152
90
131
13
49
12
71
99
134
136
42
35
41
12
29
132
1
9
90
148
35
43
1
106
103
106
43
58
87
125
141
11
138
56
88
85
65
4
51
120
77
1
102
34
89
86
24
53
98
47
5
3
80
80
84
19
77
117
67
66
112
4
101
82
74
35
26
86
59
21
7
57
32
11
64
96
66
49
55
11
5
79
3
35
90
10
5
42
67
68
52
43
24
30
7
25
73
77
46
18
37
41
11
39
34
59
56
7
1
51
53
31
41
43
33
21
51
25
35
34
20
42
46
15
28
7
30
16
4
12
16
42
21
34
11
14
32
12
5
27
29
21
27
18
26
7
8
25
21
11
13
8
9
20
20
3
14
10
2
13
10
9
7
11
7
5
2
5
3
5
1
2
1
1
