143
28
23
113
192
18
177
128
145
99
139
163
97
82
7
34
179
131
16
83
58
97
2
80
169
76
32
25
45
6
129
138
153
39
26
145
145
56
88
51
83
46
16
146
127
93
62
88
142
2
12
35
146
121
33
136
132
33
102
109
7
126
101
16
87
16
73
108
120
24
32
117
15
8
12
25
58
48
72
85
111
18
60
73
45
105
60
3
61
11
78
103
58
33
3
80
26
46
46
60
20
33
8
51
16
58
59
26
74
37
16
59
44
46
18
42
46
34
64
79
14
67
29
70
52
69
27
60
31
47
30
38
12
14
22
1
2
60
44
59
46
8
31
20
33
9
46
25
19
18
48
30
18
36
13
19
35
1
29
25
31
24
26
24
27
21
16
16
17
10
12
26
19
16
14
10
11
13
18
12
6
7
16
3
8
12
7
1
3
6
4
5
2
3
2
1
1
1
