154
93
169
18
136
70
153
37
167
41
109
6
152
68
69
147
60
62
35
2
37
166
44
140
161
60
155
25
28
50
62
38
48
147
74
157
123
9
18
140
88
87
16
13
100
66
119
2
114
133
150
80
139
29
5
59
85
22
121
70
121
46
9
122
23
111
71
37
69
26
66
126
93
107
99
11
100
99
49
36
14
16
80
84
24
61
98
2
65
66
75
84
91
104
32
51
37
15
70
34
52
58
63
27
6
77
45
6
56
80
22
76
16
22
54
38
47
26
18
74
56
50
53
70
45
2
39
61
33
32
20
58
43
3
65
48
45
59
9
31
39
56
58
30
25
43
48
20
51
51
16
21
25
9
17
35
35
17
9
13
36
22
32
7
27
9
27
30
23
13
12
2
7
17
20
22
5
7
11
21
7
5
17
11
4
7
4
5
12
5
7
9
1
4
1
3
4
3
2
1
