40
161
185
104
107
127
186
117
16
114
101
177
70
183
160
31
50
8
19
120
55
10
143
51
51
165
55
139
92
146
146
128
97
120
19
144
40
13
117
83
23
72
158
111
100
42
114
76
84
80
11
25
40
11
73
126
2
105
36
38
12
18
87
56
99
22
67
27
10
69
122
77
23
54
61
122
39
47
20
117
44
28
69
92
88
112
9
113
35
56
38
53
11
15
15
82
65
23
61
16
40
86
25
20
64
68
62
8
5
17
63
82
24
22
48
27
2
5
50
59
29
13
68
10
32
25
28
16
44
38
50
19
5
46
20
57
19
32
39
21
16
44
23
25
44
54
28
51
50
14
12
47
20
32
1
5
34
25
14
37
35
6
4
25
20
23
8
19
18
11
3
3
15
18
25
5
22
8
11
19
3
15
5
1
10
1
6
13
5
8
2
2
8
4
4
2
2
3
2
1
