155
129
37
111
180
191
160
23
109
174
26
126
143
55
63
22
145
155
148
68
8
56
65
75
125
153
5
56
115
75
160
88
57
152
8
101
25
161
126
147
44
133
57
45
11
83
71
145
20
88
72
121
126
132
7
39
95
4
23
62
79
27
53
47
127
12
111
41
72
9
5
3
93
23
37
108
104
53
30
78
64
98
86
90
8
34
81
5
57
98
14
97
32
65
9
5
32
89
35
46
16
24
4
23
75
32
43
19
57
64
48
35
2
51
43
25
22
68
21
30
4
64
48
60
48
31
57
68
28
18
35
44
11
61
44
56
27
4
27
35
6
41
6
38
31
37
25
31
42
32
11
46
42
33
37
25
31
4
23
7
22
38
22
24
12
18
22
17
19
1
3
7
15
14
16
12
2
8
12
13
6
5
9
4
8
1
3
2
6
9
7
4
2
6
1
4
2
1
1
