150
156
14
19
141
119
105
76
21
109
113
111
92
163
65
183
74
55
166
108
133
129
141
3
18
123
137
84
163
136
21
78
22
71
163
116
15
163
90
73
42
96
72
141
8
151
83
3
27
33
93
147
57
139
9
48
22
122
35
128
94
136
120
24
118
64
121
84
4
21
102
126
23
64
80
102
73
121
87
14
50
56
39
23
15
44
1
49
73
111
79
70
23
80
45
96
52
3
1
59
84
14
23
43
92
47
12
50
18
7
14
13
46
21
37
66
35
16
73
38
9
2
6
63
69
26
55
6
18
43
37
46
25
63
38
10
4
57
21
61
48
40
57
27
38
27
13
48
52
18
31
1
32
41
39
33
37
8
40
40
8
14
14
16
8
24
11
32
21
24
16
1
5
7
8
14
18
12
21
16
1
3
5
4
14
5
3
7
1
9
6
8
7
3
6
5
4
2
1
1
