50
104
101
14
167
53
13
28
121
91
180
89
60
118
63
11
171
104
9
75
10
72
82
147
126
46
131
172
135
145
63
45
147
149
29
92
95
124
42
80
115
75
88
89
41
103
135
150
61
12
3
16
80
67
94
26
21
49
27
103
66
70
14
114
134
119
8
67
51
106
125
47
76
74
31
115
67
35
52
64
2
31
83
39
5
30
98
112
36
70
13
2
73
85
83
56
74
99
70
32
60
55
9
72
78
30
4
34
47
64
72
21
68
72
76
69
11
53
65
25
24
63
40
46
56
71
9
67
51
4
23
9
48
28
23
20
16
20
53
37
46
51
41
34
36
40
43
31
31
43
31
20
21
10
30
40
38
22
12
39
29
33
10
2
27
13
5
2
11
10
7
6
11
4
7
11
6
23
13
2
12
18
15
1
8
13
5
9
1
1
4
8
5
5
1
1
2
3
2
1
