143
140
121
135
64
191
27
23
87
11
24
72
171
122
4
73
52
36
113
179
98
77
28
76
151
29
70
10
165
100
103
150
25
101
68
44
35
76
14
149
109
20
86
27
67
95
147
12
18
46
23
1
36
61
22
72
101
12
53
55
73
78
104
49
13
53
103
81
105
115
125
40
128
6
42
63
57
76
116
2
37
99
114
51
62
20
99
104
56
23
24
25
82
49
59
81
27
77
27
59
12
18
29
29
38
68
31
70
10
11
18
44
11
42
64
18
63
69
40
46
68
25
4
1
48
5
40
20
34
42
53
54
8
41
38
6
7
40
56
6
6
18
33
54
12
25
27
32
8
8
10
12
1
21
3
18
36
25
17
3
25
33
9
35
4
10
28
5
30
3
11
18
15
6
9
5
6
8
18
4
17
3
5
5
6
8
5
13
1
5
7
9
7
3
3
4
4
1
1
1
