137
178
152
135
150
131
161
88
15
58
66
79
171
64
96
179
57
106
11
84
163
106
150
162
163
38
58
94
160
123
4
102
18
94
111
20
37
19
45
70
134
26
33
2
84
118
99
146
11
149
66
141
20
20
40
7
10
29
60
77
94
23
81
58
113
19
5
9
32
39
88
14
3
18
109
110
113
28
33
92
17
19
4
18
66
70
73
100
1
25
4
69
31
8
27
98
13
38
66
18
20
74
76
20
79
89
41
60
1
53
46
50
85
31
74
40
53
61
62
66
72
9
14
36
24
42
23
61
69
3
6
17
41
9
21
23
50
2
14
18
58
35
45
30
5
7
27
28
28
28
47
40
43
9
16
23
1
42
11
40
5
8
11
2
16
1
2
12
29
23
24
27
10
13
13
16
17
18
19
6
6
6
4
13
2
4
6
9
3
9
3
4
3
6
2
4
1
1
1
