42
178
40
39
52
15
176
40
151
178
28
38
107
141
130
74
13
61
145
55
108
64
170
129
62
132
143
170
12
149
139
107
43
79
97
152
128
97
39
68
9
14
149
1
82
51
108
142
86
34
19
124
48
25
63
113
83
93
88
45
11
136
62
133
123
53
45
112
93
90
62
77
58
99
118
16
104
75
15
68
57
19
65
82
83
69
57
44
63
32
4
38
68
102
74
8
50
64
46
41
61
84
5
72
89
90
77
8
86
29
73
29
40
23
38
27
13
14
47
38
34
1
31
19
28
31
54
68
36
39
67
15
27
6
23
41
49
52
11
8
28
37
16
11
40
22
5
2
3
47
29
44
31
32
27
41
37
33
40
13
7
4
32
30
12
10
31
30
9
21
4
18
12
5
24
13
4
6
22
4
20
4
12
4
15
4
5
10
4
6
6
9
8
1
4
1
1
3
1
1
