50
6
40
128
47
110
30
156
97
128
151
75
140
36
181
35
62
82
119
25
18
150
121
4
144
54
98
5
68
151
87
55
48
156
60
16
82
68
58
77
14
101
25
59
105
74
61
77
131
102
18
16
93
123
113
129
140
7
76
54
18
121
2
95
102
93
33
80
3
118
12
19
46
5
5
34
21
51
57
21
65
8
51
74
62
27
36
53
21
57
90
19
102
12
74
4
24
7
11
38
77
31
46
87
37
46
27
3
59
25
66
16
88
67
37
7
49
78
49
41
63
47
57
17
7
55
60
53
2
30
54
59
7
39
22
42
61
14
45
58
10
40
6
34
10
31
8
36
49
28
42
21
47
12
33
22
36
19
8
10
34
34
28
18
36
31
13
5
3
28
21
26
2
2
23
13
13
19
19
9
4
10
11
8
5
8
5
5
5
9
4
3
1
4
1
1
2
1
2
1
