91
89
10
35
3
111
111
77
27
41
53
55
186
10
44
40
80
65
66
83
59
107
20
23
57
121
3
61
4
20
18
17
59
19
85
51
52
25
11
45
75
48
23
38
24
57
149
98
18
32
40
1
28
98
103
106
88
98
21
37
87
12
12
43
66
70
73
3
14
29
41
54
63
87
118
108
61
67
24
40
98
21
93
44
8
16
53
89
82
90
15
31
77
91
25
91
98
9
72
55
4
28
37
38
44
63
3
39
4
38
5
44
27
46
77
73
3
14
36
24
70
16
42
64
1
57
15
53
63
5
59
67
23
54
59
19
1
6
30
38
54
41
46
40
40
7
36
49
8
17
48
6
9
5
12
12
39
41
7
10
11
32
6
10
1
7
20
23
25
11
11
11
16
25
25
1
6
17
17
17
17
7
12
16
1
4
6
6
9
2
8
9
3
3
4
5
1
1
1
1
