154
132
28
121
105
114
102
69
176
25
25
93
53
117
95
25
145
33
130
88
65
27
170
149
155
95
113
108
93
76
152
26
84
125
64
75
97
92
76
54
145
83
77
30
141
123
68
3
93
96
48
112
37
56
108
128
47
4
9
89
95
8
97
54
60
5
36
8
128
80
23
82
77
109
87
70
19
56
10
116
79
21
76
115
113
105
62
53
103
74
38
79
91
101
78
67
92
2
91
11
81
62
7
71
4
60
47
91
61
90
20
29
10
8
83
20
5
43
24
76
38
39
2
17
2
53
73
59
43
25
48
3
22
6
37
57
22
19
46
26
48
50
49
22
15
21
34
3
44
7
37
21
48
40
18
25
19
33
25
21
13
21
3
18
9
10
22
30
23
3
23
16
4
5
8
18
8
13
22
12
16
16
1
12
16
4
4
13
1
6
1
6
4
4
5
3
4
1
1
1
