151
167
150
149
141
179
25
54
71
182
5
138
78
113
119
25
38
9
113
9
38
174
102
147
146
48
121
107
43
83
48
9
158
114
124
157
70
2
156
145
85
84
64
11
131
137
59
17
133
28
133
70
81
85
34
50
83
103
106
57
83
116
124
45
76
61
97
83
29
37
128
41
77
101
8
113
25
43
95
105
24
57
67
87
30
89
99
46
104
109
12
17
49
13
56
90
95
34
48
51
86
16
42
49
59
72
4
44
4
69
90
21
23
5
14
56
40
54
61
11
59
59
50
62
33
55
11
23
39
17
33
42
46
67
46
18
48
51
11
13
30
53
55
5
7
17
25
28
14
10
26
28
41
41
42
35
5
15
30
2
30
11
28
30
3
10
17
23
24
26
11
16
18
24
12
17
21
9
12
5
8
3
5
1
10
6
12
13
1
9
8
8
8
7
1
2
2
2
2
1
