147
177
4
20
148
43
45
21
40
166
81
162
14
63
156
27
146
84
168
23
115
88
66
36
101
105
75
47
135
50
45
74
87
51
126
34
55
119
96
149
66
115
15
3
76
80
1
1
26
96
29
139
91
101
34
115
32
37
105
118
120
119
84
50
54
37
43
44
86
20
68
18
31
113
22
25
88
109
7
45
74
69
95
97
62
28
50
53
78
83
6
15
79
52
65
14
59
81
48
61
75
59
70
77
7
7
22
19
39
79
1
1
2
16
25
34
1
61
12
19
31
3
56
58
30
31
46
57
52
5
59
38
57
47
53
16
43
44
52
39
47
34
2
28
2
35
19
30
11
30
1
10
30
1
14
22
3
15
17
30
7
12
13
1
6
17
14
23
9
13
1
6
14
3
3
2
10
2
3
5
6
8
1
1
4
4
2
3
1
1
