147
137
68
133
134
33
134
109
104
27
122
23
14
89
101
104
93
48
39
92
105
39
39
34
133
14
81
72
69
144
65
16
133
81
94
87
32
80
50
50
47
86
28
76
90
104
90
33
71
67
55
82
81
18
117
89
107
96
53
71
87
9
82
76
80
1
33
39
101
59
7
71
88
100
97
26
48
15
69
68
13
93
16
48
9
9
71
69
15
17
2
72
10
76
21
54
63
14
50
34
57
46
9
70
9
12
42
37
66
58
47
12
19
27
31
44
59
29
1
19
26
29
23
7
33
1
25
48
47
36
37
27
10
33
4
3
12
35
7
11
2
3
27
26
17
15
18
24
22
14
21
19
9
21
7
11
13
14
12
16
2
10
9
4
11
5
9
2
7
3
1
3
1
2
1
