55
152
10
7
46
29
141
98
69
101
49
73
53
157
67
61
30
5
98
144
13
114
38
40
91
52
101
107
68
69
17
7
27
65
96
56
25
20
109
116
61
34
35
101
128
58
70
52
78
83
34
35
66
14
22
72
117
14
30
37
102
105
13
59
37
72
77
91
93
61
71
76
96
17
55
75
2
24
42
14
60
45
85
15
16
16
40
42
48
1
25
37
74
59
71
65
68
38
43
6
24
42
10
30
67
6
26
8
39
40
64
38
9
17
23
27
32
36
31
40
34
39
41
11
46
18
6
4
7
25
15
31
15
23
40
2
7
1
13
28
15
6
13
26
18
19
7
10
5
7
13
4
9
19
19
4
18
4
7
3
3
10
12
7
3
8
6
4
1
5
1
1
1
1
