68
49
189
116
164
122
105
4
13
134
70
29
115
161
17
158
69
133
43
73
134
1
141
38
154
61
70
29
126
161
10
45
56
5
59
34
34
73
145
25
111
104
70
145
112
74
110
113
63
51
34
22
98
45
37
81
97
85
12
48
28
122
90
26
109
98
110
95
47
121
88
90
39
77
51
87
87
29
7
78
10
36
75
22
81
22
95
14
67
48
54
62
50
46
33
38
3
8
11
27
46
91
64
20
86
49
53
67
70
61
62
8
79
1
51
47
20
81
26
75
64
37
72
17
52
60
51
57
65
21
30
47
36
6
31
21
1
49
60
50
46
29
9
34
46
4
9
18
49
16
15
2
26
12
28
33
15
5
38
1
22
9
12
34
19
13
32
23
19
3
7
17
26
19
10
12
4
15
2
5
13
14
14
17
2
13
14
10
6
11
1
2
2
6
2
5
3
3
2
1
