119
85
130
27
150
21
51
59
7
168
163
103
133
63
55
82
172
101
94
81
81
155
91
123
1
83
54
143
149
54
112
123
121
32
69
143
28
43
28
80
141
44
7
59
140
33
154
58
138
4
45
87
26
5
67
111
42
38
68
2
24
119
90
61
79
4
112
91
19
19
49
118
12
123
37
29
117
10
22
116
83
40
49
60
84
90
60
92
44
23
24
23
61
83
71
46
14
45
13
50
8
15
26
97
87
77
3
54
20
61
71
65
24
85
73
6
75
77
65
7
54
29
25
38
28
34
49
37
10
31
7
27
61
33
27
19
25
43
29
44
38
5
7
6
19
48
34
43
18
18
27
38
15
21
15
27
38
39
15
16
11
36
1
36
35
27
30
26
27
10
9
4
18
18
6
12
5
11
12
4
4
2
2
13
8
9
7
7
12
1
1
1
5
7
5
5
3
1
1
1
