195
53
107
114
191
153
88
167
28
81
2
17
30
185
48
51
132
155
1
105
11
166
145
158
75
42
61
27
70
101
161
54
16
111
65
85
3
78
123
36
73
82
38
133
6
18
144
71
65
139
65
48
22
19
98
100
9
6
140
49
104
20
132
97
109
69
91
38
52
95
82
51
116
125
53
4
112
79
34
71
15
79
43
54
55
24
33
88
3
12
46
11
86
25
8
21
81
15
65
77
26
65
45
82
62
71
91
24
2
31
36
61
80
10
37
78
13
62
71
28
68
11
40
23
38
36
13
11
38
41
13
18
35
64
53
43
44
24
49
48
16
13
44
17
35
27
28
2
5
44
20
5
43
8
35
19
4
8
2
33
10
10
21
13
33
29
3
20
18
3
26
2
4
19
20
21
4
19
17
7
15
12
12
2
13
5
9
1
1
7
4
3
5
5
3
1
2
1
