1
199
9
38
178
79
49
136
182
162
147
115
96
49
126
12
172
54
12
140
65
126
149
21
64
118
18
17
142
114
74
112
33
21
46
158
157
136
89
124
5
76
82
80
52
135
124
150
71
7
128
84
23
105
95
63
13
57
119
72
125
69
114
72
117
81
57
119
13
41
90
58
96
24
48
96
30
72
49
16
86
115
4
90
86
60
20
65
32
89
97
102
41
37
12
71
20
24
11
6
5
41
56
23
93
9
82
42
62
43
65
69
72
16
81
35
82
26
33
71
46
74
57
57
27
69
35
64
53
68
11
53
39
7
46
25
18
57
20
28
2
39
3
8
28
27
46
13
46
51
34
34
30
19
16
35
32
25
8
36
4
10
28
21
21
28
28
32
23
11
21
9
2
17
16
10
1
20
5
14
9
5
18
9
2
12
8
6
1
10
3
4
2
5
2
1
4
3
2
1
