123
172
105
160
118
101
3
91
81
104
111
38
129
24
156
30
11
120
117
52
72
87
31
96
6
27
40
160
141
83
80
33
121
31
151
143
106
119
127
52
60
13
92
2
94
125
10
30
54
63
85
50
59
82
38
64
96
105
21
102
21
125
114
115
17
19
48
18
22
103
22
99
108
35
15
53
77
87
82
13
106
17
30
77
100
5
88
6
21
35
64
28
55
89
91
21
90
4
16
65
73
38
57
7
48
54
80
5
10
70
13
27
33
41
1
8
8
31
58
6
16
19
19
38
9
11
16
23
50
30
6
23
20
30
30
38
4
32
28
48
23
31
2
36
36
29
40
19
32
32
34
6
26
4
28
25
25
29
11
11
17
21
2
15
11
11
5
7
11
3
4
8
10
9
12
1
3
5
3
4
4
1
1
1
1
2
1
