90
83
195
69
146
193
31
128
148
102
50
161
40
109
5
181
118
101
95
104
108
127
143
71
85
66
35
165
125
44
16
26
46
5
121
98
151
86
142
68
47
148
121
40
75
34
69
115
110
10
133
54
13
88
71
95
114
4
141
9
118
110
122
136
56
90
115
51
111
7
101
115
3
10
18
85
91
88
112
95
45
49
82
84
78
107
2
83
72
102
32
15
46
99
81
75
83
71
71
35
44
50
79
80
96
90
94
36
85
8
21
16
1
84
79
17
25
18
76
1
57
14
24
25
27
18
13
46
23
52
67
20
5
42
17
7
41
15
16
18
17
4
55
40
35
35
4
38
48
14
42
40
28
19
15
24
17
23
16
34
39
17
7
21
17
3
10
26
21
17
8
6
18
12
19
12
5
21
21
20
3
14
11
1
7
15
10
8
10
9
1
5
1
2
5
2
2
3
1
1
