49
3
22
18
162
55
107
103
85
11
62
131
114
159
108
45
104
139
1
19
5
56
143
67
29
139
145
117
109
56
64
132
65
125
33
85
34
64
118
40
63
32
3
39
98
88
49
71
125
112
27
56
103
113
42
114
7
37
48
48
41
44
20
20
28
43
64
70
54
68
62
93
8
29
22
65
90
4
77
91
4
17
54
64
18
46
76
80
81
16
29
42
26
59
76
65
25
55
43
47
59
13
69
64
18
20
19
25
28
41
12
16
52
45
46
55
3
15
25
6
19
32
13
15
18
19
24
13
14
26
19
37
23
6
13
33
33
15
12
16
5
27
19
14
20
20
4
16
23
6
8
1
12
20
12
12
15
6
15
2
6
8
1
3
3
1
2
3
2
2
1
1
1
