83
36
198
46
30
108
17
127
90
22
70
98
121
31
142
134
6
66
174
16
93
141
62
100
72
46
128
116
27
103
80
47
106
27
21
59
131
66
3
68
160
29
81
99
70
90
59
136
110
33
33
67
67
32
17
115
6
5
51
60
49
7
28
121
124
120
127
6
131
68
58
107
36
19
110
65
84
29
38
5
85
30
31
96
75
10
38
87
101
14
73
78
83
35
58
69
47
30
96
64
11
2
55
22
4
12
28
82
16
83
77
53
60
26
59
58
16
71
41
19
63
39
2
77
10
18
57
53
18
37
35
15
57
33
17
35
37
18
38
28
39
25
20
3
29
1
30
14
51
19
11
30
17
33
35
17
34
4
39
3
4
27
3
9
26
29
2
12
17
20
10
26
5
5
16
25
9
16
16
6
12
5
1
9
14
2
10
3
5
7
10
9
1
6
1
2
1
3
1
1
