31
194
98
193
72
48
134
49
121
35
155
70
42
150
42
164
71
73
103
89
122
17
38
31
133
50
149
73
156
115
140
12
127
46
96
95
123
28
10
91
100
68
53
129
23
83
60
66
14
29
129
49
80
145
118
110
74
37
53
83
38
23
126
41
30
23
105
34
15
77
30
108
50
56
102
76
91
54
111
88
20
9
6
40
79
7
75
76
68
77
56
31
95
48
63
37
83
25
3
33
76
75
47
2
13
42
36
62
8
59
73
10
55
80
51
41
70
14
24
63
64
43
19
45
12
35
67
16
24
45
15
36
54
50
62
25
39
43
43
36
28
37
23
26
25
28
15
52
47
16
49
11
26
34
33
37
17
27
32
1
1
7
23
7
11
33
13
14
19
18
2
4
3
23
13
25
18
7
7
18
5
12
12
9
11
8
9
9
9
8
6
7
7
7
6
5
2
2
1
1
