92
22
32
187
126
123
146
168
76
169
80
1
166
38
26
179
22
94
113
61
111
13
128
128
95
14
72
76
32
103
13
106
75
36
25
14
30
128
19
107
93
125
80
135
6
56
10
139
7
34
88
117
20
31
60
136
8
112
113
120
105
16
83
10
27
59
118
89
118
55
107
123
1
68
111
98
1
12
82
6
19
59
86
36
81
16
24
21
45
53
55
19
27
44
99
16
8
38
76
16
89
91
6
68
81
38
3
22
1
8
82
28
78
4
9
12
26
29
16
30
35
73
6
11
15
16
24
10
30
18
50
50
55
1
22
24
26
11
54
1
5
7
32
15
19
44
46
2
22
6
29
16
18
34
34
5
18
26
27
9
17
24
7
27
16
21
23
27
22
25
4
12
14
2
13
17
17
5
9
9
10
1
1
3
3
1
4
6
6
3
3
1
1
1
