5
130
69
22
39
142
18
163
124
88
142
159
141
131
168
97
183
132
58
83
171
25
104
110
170
30
45
77
91
49
146
152
139
97
116
53
39
69
154
154
7
25
151
30
82
32
69
21
57
132
18
73
20
89
66
21
74
65
98
118
112
101
61
14
117
76
45
3
15
105
22
73
89
112
108
63
110
123
95
81
85
42
11
109
116
36
52
18
8
22
36
28
107
49
58
75
77
93
101
97
20
75
73
69
45
94
93
58
74
33
34
63
86
33
64
7
34
29
40
54
15
37
27
7
22
71
54
40
26
44
50
59
22
32
43
8
59
50
49
42
9
52
11
16
45
35
42
28
41
2
36
25
23
29
27
37
24
13
14
37
17
37
21
25
6
26
32
33
31
16
9
28
13
6
4
15
10
6
6
14
15
10
10
2
11
8
1
10
3
2
3
3
8
2
2
2
2
2
2
1
