63
166
172
83
53
1
42
68
39
143
178
134
1
83
162
74
68
7
142
66
145
68
3
175
176
64
126
38
165
75
154
13
103
109
136
137
131
1
56
123
143
95
53
108
106
133
14
112
63
74
6
53
97
84
105
68
20
19
8
73
97
96
79
25
95
84
44
65
98
38
80
21
85
27
108
53
23
51
37
45
2
57
5
31
75
84
91
2
37
91
67
64
4
73
58
54
30
12
53
24
23
57
20
86
46
84
27
52
2
87
55
79
71
59
84
10
41
82
77
17
42
10
15
50
53
26
41
60
13
46
22
54
6
6
42
18
46
2
24
25
51
29
33
8
34
48
45
38
20
1
18
31
11
6
27
16
17
8
22
25
37
34
29
17
28
14
33
19
16
3
9
10
5
9
21
19
20
13
4
10
3
5
18
11
6
12
7
9
3
7
3
9
5
6
1
3
3
1
2
1
