67
55
97
94
90
157
62
123
82
73
137
148
73
51
182
48
34
69
153
105
99
74
70
143
65
119
10
141
38
72
95
50
41
39
56
18
54
108
87
38
1
70
154
14
96
87
120
143
74
4
134
118
27
70
30
127
135
77
123
27
68
75
37
109
23
31
92
104
95
81
50
74
67
65
79
88
100
54
57
84
82
54
72
50
107
91
83
50
1
61
68
30
96
79
19
36
80
26
75
70
89
31
6
27
1
76
79
13
1
14
41
3
43
67
1
35
33
75
65
63
26
8
43
7
65
29
60
66
12
2
50
60
38
20
28
53
34
38
13
4
51
35
9
34
27
29
25
41
36
3
38
14
29
16
41
15
17
21
25
4
25
35
20
9
21
6
29
21
24
12
5
10
6
16
14
1
12
16
11
16
5
8
9
7
1
11
11
10
1
7
1
4
1
4
1
2
1
