129
23
114
83
174
181
155
92
157
43
64
148
50
163
130
86
143
56
168
113
92
122
70
165
155
171
22
96
144
121
33
44
44
140
166
20
80
54
4
94
142
141
80
50
95
122
71
116
3
32
131
8
99
41
110
130
97
48
31
36
120
96
4
36
57
98
111
14
126
9
81
90
112
2
14
35
7
56
110
40
46
37
54
61
90
82
98
24
40
61
66
99
20
29
48
52
62
12
33
71
1
88
31
4
21
43
92
16
59
78
82
18
37
42
54
36
68
37
47
35
26
72
77
20
27
19
64
31
39
9
47
65
18
65
10
40
52
23
18
50
30
1
17
26
28
33
38
15
23
41
8
39
6
29
3
13
3
21
22
23
37
21
28
36
31
31
4
8
11
31
7
7
27
1
7
13
17
5
11
14
19
11
1
2
9
11
3
1
1
6
1
5
8
5
5
3
3
3
1
1
