175
83
165
53
77
49
37
22
163
56
14
107
50
104
108
120
76
131
154
122
44
34
87
74
159
130
61
80
112
86
137
127
61
87
110
97
14
34
68
64
134
54
69
31
58
81
98
15
103
95
95
22
105
45
89
44
56
70
125
3
110
122
51
87
90
68
79
30
18
110
91
38
15
58
47
75
66
76
61
71
56
19
48
78
45
30
33
82
67
74
59
38
40
49
19
30
4
38
13
34
60
72
13
20
17
27
49
25
66
76
25
11
22
36
6
67
40
26
41
41
54
63
4
22
29
8
13
31
50
43
48
4
42
27
42
32
37
48
32
14
23
27
36
22
15
6
20
13
5
13
2
25
3
16
31
12
21
7
3
2
17
11
2
5
6
4
5
13
9
5
11
8
4
7
3
2
1
3
3
5
3
2
3
1
1
