52
186
38
39
153
68
142
180
81
165
80
121
170
69
43
170
104
32
44
175
115
94
80
17
62
40
117
2
64
133
17
106
61
5
64
33
47
18
154
106
123
5
36
106
123
92
123
153
128
8
139
142
87
50
132
44
110
122
85
135
39
137
94
126
39
43
115
99
127
18
21
90
12
8
87
107
92
120
83
119
117
40
47
69
79
49
56
79
78
5
41
58
93
41
73
73
9
23
9
23
87
62
5
63
58
71
1
76
55
54
87
40
26
82
47
14
18
42
74
53
54
9
34
12
13
49
18
41
26
21
51
41
29
11
65
20
16
27
42
43
38
10
56
39
39
22
23
35
17
47
4
31
40
2
13
37
26
19
8
30
35
3
12
36
17
25
31
2
25
21
9
16
27
14
12
15
6
3
22
2
15
19
16
6
14
7
8
12
1
3
1
7
8
5
6
1
2
1
1
1
