163
132
74
148
17
190
123
25
111
179
138
92
4
18
156
173
19
88
124
50
99
148
145
150
169
38
2
49
132
105
124
143
138
103
27
116
117
59
95
25
75
48
94
83
58
111
79
111
15
65
28
39
80
54
88
40
26
91
121
101
27
76
46
93
109
84
102
107
79
109
99
107
20
113
26
38
60
84
52
20
52
44
83
83
92
44
88
96
101
25
59
92
3
3
82
11
25
71
84
69
91
94
3
42
67
15
19
28
31
48
6
20
50
19
81
73
36
35
43
56
12
41
65
18
25
47
30
33
44
60
56
4
18
59
58
31
9
19
55
16
27
5
6
14
24
34
35
17
39
4
5
13
3
8
26
31
10
27
13
19
22
9
20
22
30
30
19
25
5
18
19
11
17
5
5
10
11
17
1
7
4
4
4
9
11
1
2
7
7
2
3
4
1
1
1
