74
123
19
71
8
168
4
125
15
41
158
137
77
67
29
160
130
73
52
56
100
82
139
34
100
38
15
68
7
11
66
86
110
70
143
131
44
140
84
36
48
53
86
141
47
72
140
137
90
47
95
62
36
74
70
93
113
21
136
5
5
104
87
37
48
52
105
126
55
14
93
27
101
59
8
100
121
85
31
64
20
26
55
5
57
57
8
51
4
13
81
38
68
7
74
20
2
46
13
10
92
5
72
93
90
46
40
11
91
28
19
17
51
58
19
15
43
8
64
41
27
58
53
10
6
38
7
41
14
70
36
31
62
58
5
29
23
6
52
15
10
33
14
31
10
46
18
22
51
1
20
49
8
24
37
42
28
42
38
33
32
23
9
21
28
19
9
27
7
21
30
1
13
5
7
4
14
23
19
3
14
10
4
5
6
13
10
9
4
10
9
5
4
7
4
2
2
3
2
1
