139
35
47
89
106
62
55
27
79
16
138
1
109
137
30
144
40
121
158
85
32
2
28
10
134
99
25
115
101
32
133
56
13
38
114
140
116
33
37
135
58
112
101
72
91
114
131
59
26
52
11
29
34
110
120
23
33
66
115
65
37
48
4
105
112
55
71
76
5
20
38
74
68
97
86
92
41
87
33
89
24
40
66
14
12
84
25
40
52
78
44
47
44
37
70
41
35
27
65
12
24
66
53
44
4
41
25
50
14
32
35
20
58
63
42
1
37
9
6
3
8
52
24
37
12
9
21
20
24
18
30
19
6
31
31
5
25
38
11
24
9
29
16
3
29
23
27
14
6
28
18
16
5
7
19
10
20
15
9
12
16
10
2
5
6
2
9
9
4
3
1
6
4
3
3
2
1
