108
77
8
135
142
29
125
23
113
146
169
5
140
151
156
138
24
96
13
42
16
71
165
4
78
70
37
107
128
164
153
62
5
110
48
26
109
107
50
43
158
38
113
37
65
36
16
122
34
111
100
1
39
94
76
113
39
70
94
112
73
3
134
115
71
65
57
54
67
128
116
96
107
78
62
14
21
95
107
9
115
107
2
76
32
24
33
30
98
15
79
85
104
94
1
23
3
77
47
88
92
16
67
66
26
69
30
22
61
59
9
56
25
32
54
37
65
14
24
23
8
59
4
9
18
14
46
15
44
36
24
15
36
35
49
59
58
52
14
49
17
9
18
20
8
2
4
46
40
33
43
11
38
12
2
22
36
3
29
6
15
24
28
19
8
21
23
29
25
3
20
11
2
17
19
20
11
7
2
8
10
3
11
6
16
14
1
1
10
7
9
1
7
5
6
4
3
1
2
1
