103
188
98
26
7
170
119
91
94
23
133
56
161
51
90
5
39
59
117
139
124
31
139
115
160
128
88
91
104
4
147
85
94
48
25
74
61
110
66
70
15
159
135
65
21
45
56
109
136
131
149
34
47
59
23
61
87
94
108
31
10
28
96
125
24
55
26
60
115
73
109
45
10
77
13
16
25
44
44
113
44
70
77
98
57
70
77
33
9
57
81
89
89
35
41
71
101
34
59
67
13
15
29
30
62
82
40
40
1
22
78
13
64
74
10
30
36
50
57
68
64
11
4
25
37
53
54
13
68
4
65
41
67
22
39
54
54
28
47
52
8
39
23
27
9
11
14
27
37
42
1
15
20
43
14
31
21
36
37
14
17
31
3
14
33
34
19
9
15
15
20
13
19
10
17
7
16
6
16
3
7
10
10
17
1
5
5
8
8
11
8
3
8
1
1
2
4
1
1
1
