58
91
120
146
1
140
104
146
38
158
84
154
80
67
81
48
154
20
64
25
2
81
5
38
109
26
47
69
90
48
72
114
113
31
48
72
130
74
23
90
65
104
76
35
57
39
63
46
73
37
100
42
100
102
90
109
19
79
106
45
51
76
80
91
101
51
61
21
81
65
45
98
93
43
61
65
2
6
26
74
88
67
82
52
67
79
12
55
12
71
79
63
16
17
56
21
49
76
1
44
62
28
69
2
55
45
56
34
11
24
7
20
42
55
44
1
2
8
11
25
10
39
42
27
44
42
44
17
35
42
11
3
3
31
18
9
28
26
32
32
8
14
28
28
19
3
11
15
3
10
13
13
4
11
18
5
6
10
1
6
9
3
11
5
4
7
7
4
5
1
1
1
1
