200
81
47
127
115
189
8
182
181
99
114
92
29
69
111
70
142
49
106
19
124
49
40
8
70
170
19
151
163
137
120
35
89
143
97
158
105
102
87
144
58
34
44
2
53
132
41
59
50
137
31
45
10
89
24
22
33
131
13
25
8
54
138
34
54
2
60
111
104
80
35
6
110
83
20
108
51
17
32
47
57
20
10
4
56
10
11
102
10
94
52
57
73
90
106
38
17
19
95
6
23
73
24
25
53
78
43
30
2
62
71
58
59
27
20
31
32
31
63
74
72
74
17
17
6
23
32
26
43
14
51
11
20
49
45
14
64
1
5
42
40
16
40
1
35
52
8
35
24
6
47
8
6
28
25
16
35
24
21
7
29
26
1
34
32
16
5
1
30
9
5
16
16
25
13
19
10
4
10
3
20
15
1
3
9
2
9
13
4
9
1
5
5
3
3
2
3
3
2
1
