73
165
48
181
150
104
67
132
141
138
159
135
160
122
109
154
101
55
8
106
43
49
98
87
124
150
30
44
89
124
122
91
25
132
89
66
144
61
39
13
21
69
103
107
78
25
117
12
56
108
99
108
31
126
26
116
124
84
25
53
21
77
56
75
55
87
70
112
2
69
105
5
35
39
28
77
29
22
47
13
88
31
37
39
42
34
56
55
37
35
91
67
92
58
35
40
41
84
13
51
77
54
61
62
33
26
54
22
76
72
26
3
41
21
70
18
30
63
36
45
12
60
15
32
27
51
8
6
25
12
27
41
36
28
25
25
36
45
36
8
41
30
22
22
21
30
27
5
36
24
26
32
3
10
26
20
16
17
15
21
11
14
21
3
10
19
17
8
3
8
4
4
8
8
4
3
7
6
6
4
2
1
2
1
