143
138
184
1
26
52
181
42
60
113
137
132
61
132
178
85
79
94
22
86
105
72
108
53
97
33
111
4
74
115
39
96
38
105
100
27
4
111
20
62
29
143
65
152
16
20
3
56
80
96
65
36
12
126
56
11
92
19
16
21
57
83
42
124
136
49
107
121
83
85
94
110
33
94
125
78
103
18
26
33
116
79
89
25
26
65
81
81
13
79
34
2
56
61
57
104
76
38
46
73
85
93
79
45
40
20
68
7
70
19
15
72
32
9
47
58
8
65
19
5
53
39
57
43
60
3
39
12
65
55
51
29
31
54
48
55
53
20
10
50
32
11
37
25
3
33
32
5
49
16
18
17
32
25
7
33
35
39
32
14
28
35
10
36
4
6
6
15
29
27
26
28
11
10
13
3
7
16
5
9
18
8
8
6
14
6
6
3
12
7
6
4
8
5
3
3
3
1
2
1
