81
55
165
192
62
70
175
47
1
151
75
85
83
135
126
172
15
82
179
165
54
170
2
113
17
94
68
61
109
39
91
169
98
167
144
70
5
11
6
133
158
71
40
146
21
9
149
131
127
9
89
111
32
73
10
118
80
48
113
31
64
10
47
118
45
9
62
3
125
21
69
109
11
95
82
18
66
37
32
114
55
19
92
99
58
100
57
113
2
36
59
2
36
78
4
58
102
75
19
68
1
41
78
62
42
8
80
74
26
72
19
50
8
75
25
32
28
65
10
43
12
21
23
75
54
15
60
3
14
45
20
57
6
63
36
25
5
47
33
53
40
1
55
30
29
23
46
10
23
24
21
12
27
1
11
26
8
41
39
4
37
8
35
5
7
14
22
32
24
18
1
27
26
27
7
20
9
8
8
1
7
1
15
16
12
5
8
6
3
7
1
1
4
2
1
2
2
2
2
1
