48
65
17
111
148
43
107
9
95
63
77
163
57
121
132
33
5
77
55
81
10
26
140
19
28
155
101
63
124
8
77
149
49
111
38
140
41
66
135
132
124
59
53
28
63
68
94
79
73
71
105
69
95
5
92
15
12
109
84
89
29
66
30
71
83
92
28
96
52
73
26
61
75
51
45
48
76
59
68
77
2
13
19
67
30
71
73
1
5
87
75
11
20
40
35
54
31
34
63
65
12
17
6
22
47
50
59
15
20
41
56
25
54
13
20
29
48
57
16
39
39
11
25
33
41
40
33
16
28
36
42
6
7
13
16
14
14
15
32
39
13
37
20
26
30
8
11
23
14
25
1
14
17
18
12
24
24
14
15
2
4
10
15
17
7
6
14
6
11
10
3
3
1
3
2
2
3
2
2
1
