163
121
8
137
32
146
173
51
68
59
61
119
152
57
161
102
14
150
81
58
41
103
163
140
48
86
121
152
156
108
16
66
90
112
72
141
62
141
146
121
105
131
84
13
106
32
82
113
120
113
14
45
122
9
13
14
56
44
127
20
24
39
110
11
47
101
119
31
109
6
59
99
15
6
72
84
24
46
53
9
45
49
102
43
16
39
67
69
85
90
50
89
91
2
6
72
9
10
17
22
81
44
53
80
45
45
76
14
46
8
24
27
34
4
37
44
38
63
33
56
25
28
44
58
25
29
41
2
6
43
52
55
6
17
22
39
50
8
49
4
26
17
22
43
4
27
14
14
9
28
22
22
31
12
26
3
3
4
6
16
23
24
24
1
16
6
16
7
18
1
3
4
5
8
13
3
5
3
3
6
2
1
4
1
1
1
1
