71
67
128
51
13
53
118
77
156
81
31
113
56
152
126
123
140
145
144
13
120
108
59
30
118
20
52
84
115
129
101
74
113
93
17
122
108
76
66
8
93
20
82
43
109
7
122
82
11
16
119
54
98
37
40
59
14
117
50
20
82
57
58
25
73
15
106
30
106
63
16
37
90
24
34
70
11
68
7
73
23
71
15
48
77
23
23
53
43
84
30
15
41
3
64
25
53
65
21
25
55
6
33
45
63
66
28
33
16
9
35
38
44
21
50
56
28
8
49
48
24
4
37
11
29
6
6
28
43
22
3
27
44
20
41
12
14
7
9
6
27
7
13
7
17
27
26
11
12
8
4
18
10
20
21
18
11
4
17
13
9
7
4
13
3
3
1
2
8
2
1
3
2
3
2
1
