168
183
154
13
136
13
85
73
6
127
151
67
16
18
8
174
107
49
29
83
110
123
82
38
109
124
133
68
37
55
63
54
133
94
22
108
46
148
64
25
50
48
87
81
101
32
88
73
36
48
70
121
60
118
52
104
74
73
128
17
35
78
127
10
2
56
115
3
90
13
15
108
75
94
104
110
105
52
4
13
21
99
41
29
28
87
68
83
82
98
33
99
66
84
40
95
24
34
66
88
5
53
44
76
7
67
9
17
28
82
56
53
55
1
37
5
8
5
50
31
52
31
48
7
65
34
35
31
40
7
48
41
31
51
54
13
20
51
23
52
32
20
3
24
26
46
3
24
15
31
31
17
13
34
23
5
34
3
16
11
11
8
9
5
25
7
12
16
20
8
15
4
12
11
5
3
15
2
2
9
8
10
6
1
4
4
5
1
1
1
1
