115
99
56
139
48
120
97
111
68
84
94
150
138
3
58
150
130
18
27
43
97
59
130
13
82
14
90
17
134
141
98
20
22
45
100
91
35
71
120
90
30
127
33
37
74
98
52
127
11
112
27
30
40
31
117
67
102
57
101
112
115
90
108
12
17
55
56
22
93
16
96
104
29
42
98
54
29
29
35
49
95
80
22
22
38
3
48
85
47
15
72
32
63
21
17
23
20
43
1
15
34
16
44
27
31
45
61
7
51
5
18
61
44
47
19
26
32
58
1
48
23
34
35
43
47
39
1
27
19
28
28
41
7
27
34
37
11
1
6
9
28
14
28
1
4
21
1
25
4
7
9
3
15
21
16
10
13
3
7
2
4
5
11
11
3
5
9
3
4
6
3
4
3
1
1
