78
129
23
106
5
52
104
154
130
163
94
144
29
3
131
79
40
86
98
1
96
90
3
146
134
63
119
79
46
5
116
11
60
94
127
119
132
45
88
77
29
55
111
28
41
55
20
42
127
42
69
126
44
44
37
109
61
2
34
35
61
76
78
38
71
91
91
6
18
45
88
26
44
80
6
54
77
81
78
27
36
70
96
29
94
74
14
27
69
78
83
86
16
13
52
61
53
59
53
32
7
40
33
56
44
50
24
30
71
23
33
69
17
50
8
8
56
24
40
48
58
29
56
3
54
4
4
38
50
12
13
19
41
42
46
43
11
15
21
8
11
29
33
17
35
23
25
29
16
3
13
21
19
25
27
8
11
16
17
17
18
16
2
8
8
1
3
14
1
9
11
1
5
8
4
5
3
3
3
1
1
