11
75
111
65
195
118
144
54
30
142
64
61
159
160
17
114
167
1
5
154
156
144
97
85
72
143
51
119
150
146
145
133
82
14
87
46
132
135
162
17
38
63
130
76
12
20
5
132
139
127
53
82
36
127
5
121
77
90
116
99
77
133
43
103
55
50
76
109
56
101
42
61
103
79
34
114
6
76
22
44
63
45
31
70
110
82
13
1
73
9
99
38
93
57
27
84
41
58
41
93
42
68
90
87
11
83
62
90
89
75
3
22
81
4
20
47
19
28
30
9
66
15
46
55
19
29
12
1
20
20
32
49
19
58
45
25
59
19
29
15
24
22
48
25
25
33
48
12
19
15
29
33
7
11
32
33
18
26
30
2
25
23
13
19
8
18
12
6
11
9
17
23
19
13
23
23
18
11
13
15
20
5
9
5
2
10
4
2
10
10
5
6
5
5
3
1
2
1
1
1
