189
6
99
159
90
19
158
24
16
17
186
128
41
28
49
126
90
72
182
155
41
87
18
120
104
68
34
61
137
19
19
85
93
19
129
110
133
136
98
95
153
36
67
138
69
96
135
65
34
138
17
65
113
98
9
40
40
45
132
31
97
93
48
33
14
90
73
90
43
46
46
56
28
38
14
26
63
107
81
115
64
27
33
98
26
92
39
29
34
37
7
20
59
23
44
85
103
1
92
56
28
22
18
68
72
36
86
36
26
72
67
20
56
85
68
56
9
43
41
10
64
76
68
72
5
34
51
6
20
57
54
7
46
64
48
34
40
36
43
24
5
36
31
26
28
4
13
9
43
6
25
19
43
35
39
42
34
26
32
17
31
12
24
35
13
26
7
27
31
30
9
13
1
27
14
23
17
2
18
17
9
13
5
17
16
10
1
6
7
4
3
7
5
1
5
1
4
2
1
1
