160
138
198
169
112
40
159
148
128
114
188
93
141
48
151
98
146
39
133
139
94
75
7
47
78
84
65
42
19
133
34
149
85
68
51
3
106
51
65
140
20
5
75
154
118
151
153
49
108
105
147
4
14
43
89
96
57
116
110
72
119
37
114
52
26
54
56
93
111
120
9
83
62
78
22
117
60
12
21
7
12
99
33
44
7
89
84
14
9
74
93
93
15
14
46
70
12
92
8
80
28
96
53
93
24
89
67
52
76
43
22
57
11
41
61
81
14
49
2
69
20
60
48
2
20
59
22
55
19
21
39
57
31
60
23
34
30
13
23
47
47
8
40
28
53
18
6
50
14
37
27
12
4
14
10
36
2
1
4
13
33
34
38
33
14
6
33
28
8
23
27
15
17
12
14
24
16
8
3
9
5
4
18
11
13
3
9
12
2
7
4
3
5
7
1
1
2
3
1
1
