73
135
153
30
41
92
70
69
146
107
176
25
67
19
8
122
39
22
31
97
165
100
86
140
9
148
80
88
1
1
109
158
82
29
6
93
81
94
150
156
21
42
87
86
139
38
108
46
72
39
95
141
45
35
70
91
64
86
114
8
45
10
71
10
18
43
43
44
49
55
56
62
74
88
90
105
113
115
121
12
13
15
15
18
30
31
38
42
56
59
101
102
107
3
11
12
14
16
38
41
44
51
53
66
75
87
34
36
36
39
40
46
47
51
65
66
67
71
73
73
75
76
9
9
10
14
18
22
23
36
36
39
43
45
45
46
49
63
1
6
23
23
26
26
26
37
41
41
43
45
48
48
48
4
4
11
11
11
12
14
16
19
35
1
3
3
7
8
12
13
23
6
6
13
14
17
17
18
22
2
14
18
3
8
8
8
11
11
11
11
2
2
3
5
6
3
3
1
2
1
