72
117
51
13
96
141
193
127
96
27
113
168
164
96
66
50
71
120
91
94
100
42
35
164
92
44
115
157
21
24
101
168
149
85
73
130
31
156
80
81
17
71
118
56
147
4
114
67
144
68
137
7
88
76
122
123
73
118
32
38
136
96
53
74
3
122
112
121
71
128
116
40
80
86
92
56
46
111
95
111
97
85
24
27
13
38
8
18
56
24
27
93
41
18
83
30
10
81
33
94
81
39
39
39
66
69
29
20
35
49
68
36
28
16
84
65
34
71
79
79
30
29
1
71
42
72
58
5
55
21
10
58
36
57
39
15
29
34
13
4
5
41
57
40
46
17
21
27
40
51
35
16
38
31
5
40
11
37
37
32
4
2
23
25
12
4
7
14
17
10
25
2
17
1
25
8
13
7
19
4
2
14
17
9
1
1
7
10
3
2
2
3
5
6
3
5
3
2
1
1
