152
184
178
18
73
102
106
110
133
41
94
163
142
77
130
21
72
119
136
161
116
148
94
17
74
136
43
63
5
97
122
14
159
88
89
137
76
130
54
83
142
42
30
120
44
84
8
121
95
46
121
112
4
51
64
109
3
106
66
43
138
51
77
86
121
86
72
114
46
5
41
127
97
96
32
86
14
49
44
42
95
47
57
98
15
89
100
93
23
45
32
54
102
91
4
88
73
100
14
54
76
82
82
65
72
74
16
7
88
22
29
3
1
73
61
66
16
22
67
60
56
13
28
67
3
56
52
71
43
61
41
29
8
62
36
16
62
27
50
8
26
34
51
33
34
51
32
2
28
25
11
49
7
18
26
44
39
37
30
20
25
26
16
23
21
21
4
7
24
14
13
2
28
25
15
3
18
23
5
11
18
5
7
9
15
15
3
12
8
6
10
9
2
2
1
3
2
2
1
1
