81
79
29
158
78
142
9
27
80
73
178
38
177
77
173
87
144
52
104
127
71
30
122
77
97
60
161
24
11
18
60
150
102
126
99
68
124
108
152
86
31
62
34
54
151
142
109
114
40
57
126
52
68
16
130
7
87
73
106
16
44
17
50
17
26
117
44
4
73
70
125
8
96
3
82
41
102
16
10
63
8
112
106
86
44
102
87
51
100
72
94
31
1
31
8
42
11
28
60
50
20
33
82
23
57
43
82
34
59
18
27
3
7
14
36
32
80
26
47
44
70
71
19
61
34
10
20
32
42
57
70
28
66
18
50
1
48
11
8
61
35
41
28
15
42
47
3
7
38
11
9
17
18
27
2
28
14
19
35
1
11
25
9
13
20
21
29
11
10
22
26
18
19
12
5
20
13
23
13
16
2
5
14
12
6
14
8
2
1
1
1
1
1
1
1
1
1
1
1
1
