137
8
82
33
135
160
56
118
119
124
31
24
65
17
148
71
99
98
119
95
81
51
66
94
10
40
16
52
3
81
39
12
22
6
109
123
12
51
129
51
57
98
79
7
42
12
126
17
88
45
33
87
8
88
102
108
26
36
54
87
52
77
108
4
36
43
107
93
12
29
72
20
102
70
88
95
13
13
46
13
95
22
60
26
37
23
45
50
60
78
32
32
50
3
80
35
63
55
77
22
25
71
39
28
30
30
45
19
51
64
55
19
51
60
54
37
38
11
19
36
44
42
31
24
29
4
17
31
28
3
23
36
22
22
33
40
21
26
4
14
4
12
4
4
14
21
9
15
18
18
1
22
16
6
18
5
8
5
17
11
1
2
2
9
8
1
3
8
5
5
1
2
2
2
1
