156
87
8
143
80
61
48
83
3
111
52
180
166
90
170
123
65
139
43
130
152
26
35
99
123
112
133
72
24
124
97
144
17
30
9
141
18
131
20
155
120
145
64
5
111
26
65
137
72
88
142
81
109
39
98
42
98
87
28
104
70
125
37
123
37
61
23
27
28
12
110
70
96
93
64
67
61
20
102
69
60
3
98
47
42
93
14
83
32
14
66
16
30
77
27
11
10
100
40
20
68
65
52
43
5
55
54
81
46
24
18
2
58
35
66
62
10
63
70
32
14
19
10
19
47
66
74
55
8
30
60
28
33
43
55
4
55
15
58
20
36
55
40
38
1
46
31
20
9
3
32
6
48
4
40
2
3
2
26
33
11
18
15
8
30
23
34
27
20
12
23
20
3
2
21
12
24
23
15
20
9
9
10
17
8
1
8
8
11
6
1
7
4
6
5
1
4
2
2
1
