108
180
189
125
6
70
101
145
120
167
67
70
44
69
163
117
122
146
153
135
105
80
129
93
148
51
92
135
129
85
104
90
13
77
146
72
22
66
70
138
131
115
91
22
118
4
6
2
84
64
117
124
66
37
98
145
11
122
91
27
44
62
37
101
101
3
10
20
67
42
14
124
103
121
95
46
101
30
81
82
75
46
68
98
65
90
20
63
108
85
49
101
2
80
100
67
91
73
65
76
24
44
43
50
67
28
31
60
46
15
46
38
51
70
44
55
47
36
35
29
55
68
66
64
29
60
14
20
52
63
14
13
42
20
60
22
7
27
32
12
49
49
34
15
35
9
49
17
1
19
39
37
10
29
19
42
40
38
4
17
17
14
12
35
3
27
23
30
16
11
8
28
21
24
26
6
17
17
16
20
16
13
7
4
14
5
6
5
9
6
6
4
8
5
3
2
3
1
2
1
