71
47
99
78
190
188
181
120
46
77
160
137
51
107
22
30
169
31
161
143
158
110
4
164
120
91
46
16
155
139
22
44
37
75
77
155
88
80
97
137
10
51
18
150
142
57
90
21
53
87
31
80
71
38
2
129
110
136
83
135
9
121
7
61
126
122
61
70
43
1
5
80
124
42
117
50
61
25
11
37
44
24
89
6
40
72
26
10
58
78
50
17
72
38
50
98
80
13
8
6
48
61
14
97
55
28
78
7
47
7
85
75
21
78
26
47
31
10
11
77
25
33
49
72
16
3
24
68
36
40
10
49
42
63
50
55
42
28
55
5
25
47
13
10
10
9
53
29
38
37
5
19
8
10
7
41
39
41
15
31
12
36
5
6
34
11
7
25
7
5
30
14
16
10
15
3
16
12
8
9
12
4
10
3
9
9
13
5
3
11
8
1
5
6
5
3
4
2
2
1
