40
199
164
42
86
89
154
168
136
90
170
124
152
134
72
162
135
161
114
59
132
121
54
63
119
116
133
120
93
164
108
13
57
13
131
108
70
109
93
9
135
39
15
38
105
27
29
47
85
81
38
60
73
113
114
135
40
67
90
3
128
29
82
58
62
43
132
106
112
118
36
51
109
99
117
92
16
97
57
4
51
108
47
10
82
32
102
100
8
72
8
76
26
11
89
52
3
61
100
17
72
83
69
51
94
65
83
71
51
32
42
50
40
55
16
7
24
15
24
15
73
30
2
64
57
45
37
44
45
17
43
2
5
61
41
14
1
10
62
51
40
3
56
44
13
10
42
31
33
1
50
20
26
11
15
3
20
8
33
27
28
31
34
25
8
17
1
19
18
6
15
11
8
22
20
9
23
7
7
17
15
14
15
17
12
3
7
5
8
11
1
5
2
2
2
1
1
1
2
1
