34
119
116
172
125
17
164
164
69
53
175
29
124
126
127
164
113
118
50
160
112
160
93
28
129
69
105
2
73
95
22
169
165
128
88
159
69
120
122
150
147
138
28
136
126
94
27
67
139
113
119
16
117
71
4
67
119
46
2
17
84
137
4
48
130
59
21
56
87
122
48
119
27
44
2
92
69
21
48
44
70
19
83
99
109
65
82
65
45
108
96
2
49
13
76
28
55
6
23
49
3
26
78
75
14
6
35
42
15
3
61
30
57
73
50
45
52
32
80
11
15
51
3
66
9
7
33
68
11
25
64
46
25
24
55
22
29
36
9
25
7
48
43
45
54
53
40
41
41
32
31
3
2
43
32
13
14
28
20
31
29
27
37
8
1
25
15
33
22
29
23
19
8
27
9
15
4
2
12
4
14
4
8
16
14
14
3
11
8
4
4
8
4
6
3
4
1
1
1
1
