2
62
49
110
63
119
95
63
59
79
104
125
157
35
149
115
105
154
46
132
19
104
28
132
164
44
170
42
17
168
145
129
80
138
55
14
40
45
135
54
58
11
146
47
23
53
105
4
35
38
96
74
104
146
128
126
64
52
77
108
122
109
86
86
54
28
57
57
111
34
127
37
53
126
75
104
57
107
107
20
112
13
30
111
95
3
67
106
30
47
26
41
89
73
74
103
37
57
27
27
24
86
97
9
67
60
7
79
22
14
40
68
77
9
20
80
36
5
14
14
24
71
1
16
59
34
66
26
42
56
44
68
57
1
28
24
29
36
4
8
8
59
47
22
27
50
1
31
34
12
13
22
39
13
10
34
11
21
29
11
36
24
31
36
32
7
18
26
27
28
29
11
23
25
22
19
22
5
12
1
3
3
16
3
8
9
9
9
11
7
9
9
3
5
4
4
1
2
1
1
