28
140
76
34
5
51
83
46
51
160
33
63
139
105
12
47
98
111
61
13
11
30
158
22
112
63
98
119
136
50
150
57
42
99
104
85
85
62
147
58
16
33
112
96
121
46
18
70
110
92
42
51
98
31
1
91
66
29
57
31
81
23
27
84
45
116
112
26
56
11
59
39
114
24
46
13
62
106
24
106
44
52
79
100
79
81
26
79
22
37
41
60
46
40
3
34
14
21
12
37
65
34
17
55
34
20
6
70
12
72
3
50
76
1
19
23
54
22
69
63
43
50
57
16
9
37
52
10
5
32
46
39
20
16
50
21
14
24
49
10
21
32
13
32
25
14
38
22
34
29
37
35
19
25
19
9
6
31
27
4
11
16
17
16
8
3
8
7
2
5
11
11
14
7
4
7
2
10
6
9
7
3
3
1
1
3
1
1
