21
85
79
105
171
65
175
137
10
35
97
137
75
10
98
157
91
6
2
153
14
161
5
18
14
54
137
107
114
77
95
32
5
119
40
63
62
133
143
84
11
108
34
4
37
134
18
20
131
85
92
122
31
73
41
127
62
72
79
121
94
58
67
109
96
107
4
14
83
1
88
110
29
66
62
65
7
32
45
53
1
22
11
92
20
10
2
2
66
12
68
21
70
76
29
26
23
60
83
83
44
34
70
65
64
71
63
18
69
51
10
13
68
69
3
28
1
30
35
5
11
37
29
32
43
22
53
19
40
32
2
51
39
45
22
25
12
25
33
32
14
17
18
31
23
24
18
18
1
10
19
16
24
20
4
3
7
17
4
4
22
12
7
3
2
5
9
4
6
10
2
5
7
3
2
6
4
4
2
1
1
1
