71
70
67
69
135
135
73
73
79
191
82
82
82
132
82
149
154
172
151
162
167
164
132
156
152
155
129
102
159
102
107
102
87
165
102
158
101
153
81
87
73
136
146
139
145
107
85
77
97
115
124
124
124
133
130
144
131
89
141
81
87
79
83
70
128
132
97
91
95
100
116
123
128
78
120
121
13
3
35
118
23
62
36
77
2
107
27
90
90
92
107
72
67
82
62
68
68
52
59
35
16
89
52
54
2
60
53
85
12
73
85
12
73
75
83
37
32
15
11
14
77
77
4
2
62
5
46
18
35
3
17
45
57
53
43
40
61
48
52
55
11
31
51
55
30
29
34
21
13
9
11
7
25
28
43
43
38
30
18
24
27
31
33
34
34
35
11
14
4
20
21
8
24
14
6
23
11
8
2
6
18
6
4
6
15
6
8
4
4
4
3
9
4
2
2
2
1
1
1
1
