23
170
37
166
121
47
162
38
167
31
132
41
60
160
91
120
121
155
63
7
146
19
3
147
60
100
65
15
154
36
26
105
10
67
26
62
138
70
140
62
128
103
4
115
66
87
68
96
128
95
111
63
39
126
9
57
105
40
115
49
9
104
89
66
87
18
63
25
2
21
11
127
13
35
108
34
74
75
41
15
110
66
70
58
62
25
19
62
109
24
79
85
13
106
95
61
14
43
40
57
5
14
62
68
26
78
43
63
81
91
66
71
82
16
44
38
36
51
12
34
59
61
74
1
60
54
40
4
59
47
63
30
17
62
36
26
48
32
39
48
6
10
40
2
46
52
52
22
34
15
37
39
40
38
27
12
25
10
19
6
10
6
35
9
31
18
29
23
12
5
27
1
10
6
18
6
20
7
20
21
6
11
10
1
2
7
10
13
7
4
6
4
4
1
3
5
4
2
2
1
