172
181
43
109
177
134
182
23
131
44
3
16
90
171
183
48
146
55
180
86
100
98
90
172
43
166
117
20
20
30
100
85
44
109
163
15
35
108
161
87
121
1
20
3
7
82
46
37
83
72
91
9
107
50
95
77
139
110
54
97
71
58
137
107
130
123
41
31
71
9
7
91
26
61
105
72
76
78
43
87
70
16
118
76
98
95
32
16
5
55
57
78
76
9
83
37
26
89
15
68
54
58
36
78
42
26
48
12
73
61
46
17
68
7
21
28
29
10
76
35
53
19
2
9
5
74
26
67
19
31
54
67
27
64
66
16
40
25
23
17
33
28
25
4
53
21
42
26
22
30
8
16
4
22
45
24
31
31
27
40
12
4
10
6
36
17
21
33
28
17
24
26
15
2
26
10
9
13
14
1
16
17
18
16
13
4
8
12
2
5
3
9
6
6
1
5
2
1
1
1
