153
74
73
56
3
23
26
134
96
96
42
111
27
176
42
103
160
135
51
89
144
42
10
76
155
129
57
61
161
72
159
9
115
16
56
81
101
97
54
73
27
113
28
8
57
66
120
8
123
58
1
2
30
84
57
111
4
5
7
54
81
120
85
119
12
29
79
25
48
23
71
6
26
29
55
104
28
18
112
28
33
36
37
106
10
4
71
52
12
3
91
2
6
78
79
13
30
40
59
19
32
70
81
83
86
48
14
19
23
58
80
8
11
13
35
4
8
65
4
4
24
24
27
31
33
49
9
21
32
48
55
16
18
27
33
54
43
11
33
13
27
6
3
46
22
22
35
43
2
37
37
38
34
13
4
4
16
22
29
11
1
4
15
15
23
19
21
7
21
9
10
15
7
2
6
6
8
1
2
8
8
4
4
7
4
4
1
1
1
1
