136
173
45
61
140
52
1
43
84
139
58
110
131
59
148
66
144
14
100
31
29
71
85
123
21
129
15
55
135
40
91
13
140
21
108
21
85
126
48
5
122
133
59
61
26
24
110
21
30
67
101
4
5
10
35
119
20
26
89
98
109
11
29
25
55
72
30
40
41
50
87
88
94
84
81
82
12
91
3
17
53
92
75
45
37
42
34
77
34
73
30
17
45
52
6
9
44
61
72
76
20
34
62
1
38
50
52
56
29
61
34
45
5
11
7
26
32
50
52
11
47
45
46
30
35
23
3
7
43
45
10
26
30
1
3
26
37
9
14
31
27
9
9
29
24
1
22
25
13
22
23
2
11
17
20
7
4
9
16
14
8
9
12
3
4
1
1
3
4
2
2
4
1
1
1
