191
191
191
191
191
191
191
191
191
191
181
181
181
181
181
181
181
181
181
181
171
171
171
171
171
171
171
171
171
171
161
161
161
161
161
161
161
161
161
161
151
151
151
151
151
151
151
151
151
151
141
141
141
141
141
141
141
141
141
141
131
131
131
131
131
131
131
131
131
131
121
121
121
121
121
121
121
121
121
121
111
111
111
111
111
111
111
111
111
111
101
101
101
101
101
101
101
101
101
101
91
91
91
91
91
91
91
91
91
91
81
81
81
81
81
81
81
81
81
81
71
71
71
71
71
71
71
71
71
71
61
61
61
61
61
61
61
61
61
61
51
51
51
51
51
51
51
51
51
51
41
41
41
41
41
41
41
41
41
41
31
31
31
31
31
31
31
31
31
31
21
21
21
21
21
21
21
21
21
21
11
11
11
11
11
11
11
11
11
11
1
1
1
1
1
1
1
1
1
1
