70
4
119
109
68
189
174
114
147
64
156
75
107
181
147
52
104
102
81
18
81
34
91
95
53
11
91
66
59
152
19
140
58
54
10
143
137
77
159
42
72
33
6
20
149
124
105
86
117
107
18
48
15
81
47
95
86
137
101
139
13
118
42
14
21
20
54
83
88
100
98
55
111
122
118
47
53
24
14
60
59
111
64
31
12
46
15
56
16
80
84
28
86
72
21
103
57
9
12
87
50
14
39
31
64
74
43
79
48
65
20
39
30
52
46
38
18
51
70
65
12
75
74
48
26
42
27
45
65
32
13
57
44
27
48
64
39
42
49
40
11
29
23
21
36
34
47
16
4
49
8
8
29
17
33
14
31
6
24
12
18
19
28
13
28
35
12
12
15
21
18
6
18
23
4
25
13
7
20
15
1
14
17
14
1
9
4
1
10
6
10
2
3
1
4
2
2
1
2
1
