77
115
25
34
144
166
79
76
96
152
103
35
31
59
11
126
29
84
113
72
64
166
61
135
158
89
167
84
23
90
31
17
161
44
160
148
3
51
41
71
3
8
12
50
79
21
80
40
11
3
104
76
77
47
111
35
101
120
26
98
10
87
129
72
49
35
101
123
24
52
74
68
41
84
86
99
52
78
20
34
106
65
25
94
102
67
72
1
28
21
26
37
16
62
73
104
64
68
27
37
28
63
91
96
18
48
33
14
14
32
41
62
44
75
75
80
9
66
33
29
31
50
53
50
55
65
68
13
35
49
65
24
24
47
63
5
3
20
62
35
57
58
6
19
25
49
53
9
10
7
26
14
39
6
9
13
37
15
3
14
33
36
3
34
34
12
6
13
30
9
10
21
23
21
3
4
6
6
22
17
2
7
7
3
4
10
14
4
9
10
10
3
5
2
2
4
3
1
1
1
