107
107
123
22
118
58
115
31
140
128
154
150
156
17
85
81
120
124
69
63
141
122
27
51
78
55
37
135
9
106
49
3
111
85
98
66
94
89
22
22
44
88
109
95
125
114
10
71
101
7
58
28
37
117
36
110
22
42
30
8
20
22
107
109
57
71
92
93
38
43
64
40
29
51
69
11
34
76
75
63
77
66
89
49
13
17
69
60
66
69
48
78
41
36
22
15
49
74
63
9
16
30
35
6
44
55
66
58
37
50
41
32
36
53
15
42
44
53
44
50
22
7
33
44
16
37
25
8
17
36
10
23
14
13
25
25
22
13
5
1
5
9
23
11
14
10
20
16
10
18
12
12
7
14
10
13
3
10
1
11
8
5
2
8
7
2
2
1
1
1
1
1
