54
145
42
35
190
25
48
25
155
120
159
118
78
3
2
172
94
67
25
84
39
74
93
27
137
20
163
57
4
6
20
35
165
121
48
28
121
82
33
24
128
62
151
12
125
83
5
36
107
65
139
25
120
69
139
70
83
46
26
134
62
131
74
136
127
14
52
35
76
131
101
41
17
125
116
95
50
10
27
35
99
48
69
75
54
107
83
18
43
29
73
23
49
25
34
29
45
39
85
27
57
58
68
92
56
65
93
78
11
38
53
75
21
65
33
12
48
12
64
61
80
49
52
50
68
69
9
20
66
14
55
25
19
8
35
22
57
51
39
20
59
31
40
13
9
22
28
39
2
7
3
37
33
14
23
37
37
20
23
1
2
13
15
19
10
28
22
14
30
10
19
27
10
26
26
5
8
23
7
21
14
18
13
16
13
7
3
3
3
9
6
7
5
4
6
4
2
1
2
1
