5
171
29
114
17
86
159
42
62
13
14
85
56
184
163
172
97
163
139
30
50
170
132
79
80
32
164
80
54
109
51
163
132
85
85
82
134
59
9
81
86
154
150
30
99
66
76
129
143
71
118
123
18
47
76
68
60
82
72
24
135
28
7
68
55
115
99
32
89
20
114
111
9
65
61
5
88
98
35
13
54
95
78
24
78
96
29
105
25
99
76
46
37
98
18
84
11
25
2
77
79
66
18
92
78
18
45
34
23
56
4
8
46
28
20
26
1
48
23
4
58
23
52
39
22
38
73
71
69
18
39
8
14
34
10
57
15
50
28
45
38
49
40
35
28
38
12
10
37
42
15
4
6
12
16
33
7
41
37
16
18
25
31
20
23
17
19
19
21
15
14
19
8
24
18
6
24
6
2
9
2
12
11
9
6
12
2
7
3
1
4
8
8
4
5
1
1
2
2
1
