128
94
104
150
185
168
102
72
140
125
27
97
33
13
122
74
25
181
17
102
172
90
33
91
31
22
136
75
154
123
29
106
155
94
120
67
111
55
48
115
13
46
57
52
117
126
102
18
96
103
83
109
102
116
53
76
24
27
74
112
37
122
77
47
80
98
80
105
60
120
11
69
17
83
70
54
25
86
32
51
2
116
37
21
28
25
67
88
73
47
28
8
82
46
20
43
89
64
81
16
38
84
6
14
50
93
69
33
10
60
49
20
55
15
29
60
7
70
35
6
48
19
38
27
62
26
37
60
58
10
65
1
1
27
49
4
45
33
26
46
1
56
36
27
18
49
1
30
3
36
6
37
22
37
34
13
37
19
15
2
28
23
4
3
19
16
10
33
27
9
21
19
13
6
8
13
20
16
8
15
8
14
12
5
10
15
2
8
11
4
6
5
7
6
2
2
1
2
1
1
