7
174
53
80
156
92
74
106
124
115
52
139
66
75
20
110
52
68
61
88
81
109
5
143
90
49
92
66
133
5
129
131
136
37
132
113
5
120
85
139
71
45
45
127
104
67
122
4
28
93
52
10
100
81
59
71
12
21
101
82
29
43
52
107
1
95
97
100
7
56
79
61
1
53
53
82
83
68
5
14
50
51
53
80
91
35
5
15
66
79
11
70
18
21
76
26
44
73
6
51
2
71
12
67
19
41
54
4
7
25
51
24
18
6
23
27
31
34
23
38
55
22
34
50
1
17
49
2
8
28
45
1
2
33
42
37
40
2
13
24
6
7
19
4
9
4
28
2
8
18
24
2
26
16
19
9
5
6
11
12
18
4
10
12
5
5
7
7
8
2
2
2
5
1
1
3
1
1
