103
22
38
16
99
106
181
177
53
161
140
168
10
50
31
115
18
7
99
46
13
110
75
111
172
44
164
9
112
36
140
161
32
110
75
99
76
152
23
159
23
46
70
153
103
131
26
51
7
133
5
73
31
143
61
74
80
42
138
38
135
81
94
99
97
125
4
21
56
78
65
76
46
97
118
19
88
101
2
56
88
89
33
113
84
99
102
32
72
101
38
78
92
2
9
26
29
44
59
5
21
31
96
76
54
77
81
31
37
18
31
52
61
31
38
53
38
17
33
79
62
2
56
17
29
35
73
72
2
23
6
46
25
1
26
31
37
56
9
11
46
47
11
3
5
19
29
53
3
23
7
9
20
36
5
7
14
15
15
29
10
13
32
15
20
20
11
22
10
6
19
25
19
26
2
7
4
4
15
20
2
7
2
16
16
8
9
12
4
1
9
1
2
4
4
4
4
1
1
1
