89
5
121
40
24
109
164
135
63
63
29
105
118
132
105
66
107
126
122
39
130
106
41
53
109
40
128
63
43
19
86
91
137
66
106
30
134
72
21
95
20
107
59
117
23
34
32
72
41
10
32
114
77
86
6
20
53
87
101
61
20
26
41
53
97
62
19
99
2
58
96
79
85
88
86
68
93
42
76
4
54
22
42
8
59
12
74
44
57
76
3
25
12
24
75
62
21
73
37
42
71
22
37
13
66
39
57
32
7
14
56
50
24
8
48
49
18
51
2
34
49
15
41
13
4
22
12
21
16
8
6
11
29
29
9
28
7
10
6
16
2
25
13
19
8
12
25
15
2
18
16
12
11
4
7
2
15
4
11
9
10
6
6
1
1
2
4
1
1
2
1
