102
121
13
113
108
89
131
162
61
180
151
54
16
89
86
120
96
160
140
98
169
69
85
151
104
135
143
145
163
166
110
90
123
96
54
105
58
16
92
75
118
149
33
142
139
39
75
59
90
110
42
71
94
110
126
85
60
12
104
2
118
130
119
41
106
6
67
128
19
123
22
89
67
20
22
77
116
78
107
29
23
85
27
29
7
96
57
65
49
65
104
71
35
72
29
7
92
6
28
65
72
25
5
80
83
34
76
3
39
48
7
46
49
66
80
6
63
65
62
13
3
52
38
71
54
1
67
39
23
34
65
47
20
17
33
57
35
37
28
29
34
27
32
41
17
12
17
48
35
31
14
32
25
23
28
32
2
14
16
16
30
23
7
29
23
31
8
26
2
26
2
1
14
17
13
4
1
19
1
1
5
15
14
2
3
3
4
2
7
3
4
5
4
1
1
1
