2
29
95
162
5
41
71
185
146
31
81
1
161
159
165
183
178
131
2
168
50
112
68
119
51
18
69
167
141
109
165
27
39
156
60
65
37
33
11
93
25
72
155
31
109
94
111
74
39
119
16
87
95
110
132
8
98
117
128
58
33
26
63
87
35
113
79
108
83
104
89
99
128
106
15
86
21
6
84
107
110
65
101
42
60
20
98
36
34
110
10
63
9
57
65
70
51
5
102
52
43
2
21
25
20
54
64
7
16
29
55
36
77
1
84
14
64
68
12
12
61
40
36
17
46
39
50
48
2
39
59
54
36
25
14
34
49
28
25
11
14
42
56
15
37
28
5
46
46
7
20
16
27
7
29
28
41
27
35
39
28
27
4
20
18
27
26
6
9
8
18
26
15
5
16
24
21
19
9
17
3
6
13
17
2
6
13
8
10
2
1
6
4
7
2
3
2
3
2
1
