169
91
78
145
57
88
95
47
65
48
58
83
109
82
110
50
102
11
96
88
1
20
87
121
23
36
25
73
131
127
22
51
49
2
64
113
116
39
114
6
12
40
124
84
115
117
148
133
36
62
107
42
63
83
99
108
116
117
119
42
26
100
107
109
109
113
53
63
34
56
94
105
2
33
93
122
123
21
45
58
80
80
110
112
114
4
98
100
102
3
97
97
98
6
29
63
84
102
14
32
54
65
66
80
85
2
57
76
79
79
82
83
3
41
44
48
57
76
17
80
80
44
77
7
26
37
45
50
2
5
11
22
34
39
43
59
5
5
9
12
12
21
26
36
46
29
6
8
20
22
25
26
34
35
2
8
12
14
16
21
21
29
29
33
34
5
8
11
13
19
20
1
6
6
6
6
7
7
8
10
14
15
3
4
5
5
9
2
2
3
3
4
5
5
5
5
1
1
1
1
