198
182
15
15
8
113
93
61
28
107
143
62
175
49
35
68
49
27
177
176
1
6
158
131
36
129
136
70
120
52
21
106
24
5
83
117
127
11
47
130
126
80
93
15
52
14
126
79
85
19
97
79
13
10
49
68
53
4
41
141
2
129
38
104
5
128
105
19
109
114
73
68
3
114
106
53
94
85
8
3
28
27
101
89
31
92
45
104
20
61
44
20
84
77
76
5
82
74
9
48
17
4
80
49
27
47
64
67
14
24
45
62
53
78
62
64
1
66
49
67
27
49
9
2
66
48
46
35
10
69
47
69
22
18
52
35
59
61
45
19
7
28
11
38
45
43
52
35
30
48
25
39
12
30
28
9
16
16
40
1
29
26
15
33
11
29
23
33
22
27
27
15
22
1
4
22
6
2
13
13
10
19
7
5
14
8
13
10
9
8
7
8
3
4
2
4
2
1
1
1
