138
105
109
3
98
190
4
2
164
97
129
68
18
79
38
77
91
183
70
171
97
20
138
78
143
47
26
172
45
76
92
9
157
15
162
5
17
17
161
73
105
94
7
29
26
136
120
67
1
42
13
122
67
139
137
42
130
1
118
37
34
50
130
124
72
26
62
86
56
78
108
42
16
24
108
114
53
33
95
33
83
66
9
116
105
92
44
74
91
23
12
107
71
45
34
98
81
66
78
97
16
73
7
2
43
63
91
74
74
18
30
6
71
2
26
48
37
35
78
30
5
77
62
64
12
20
63
67
40
38
43
8
36
9
59
43
20
18
24
2
28
12
17
46
25
8
13
39
10
38
29
14
11
12
12
20
42
29
27
18
34
37
26
18
14
20
34
28
17
10
15
24
11
20
8
24
14
16
2
10
17
3
1
11
14
7
3
12
10
8
8
5
5
3
6
1
3
2
1
1
