161
11
108
69
149
101
7
14
13
108
51
33
16
35
86
29
91
7
106
122
155
178
46
59
137
54
43
6
11
106
47
1
134
38
89
80
142
69
162
116
17
46
137
59
33
13
143
104
25
92
113
25
11
26
44
50
90
39
45
91
7
109
117
67
96
43
73
20
120
1
33
41
59
104
7
33
24
56
77
95
33
87
30
84
25
27
42
98
102
87
21
23
34
52
102
11
28
85
75
95
5
7
27
32
79
18
2
25
63
45
56
71
7
13
70
46
73
64
64
7
25
49
54
20
29
30
49
70
33
49
35
46
54
55
62
28
62
41
58
39
44
21
38
55
56
8
7
19
20
31
36
40
4
20
32
36
13
14
3
26
37
7
26
31
5
32
16
25
8
21
3
5
6
17
8
1
15
16
17
5
10
2
15
16
7
10
5
6
7
8
3
5
8
1
2
2
2
2
1
1
