38
114
138
47
181
156
76
122
47
143
118
140
70
30
82
17
173
94
159
109
132
73
145
74
173
11
101
9
159
23
134
53
56
5
6
145
95
36
60
87
104
24
104
152
143
16
12
116
129
21
120
75
1
47
57
119
79
103
28
12
78
80
117
87
99
99
58
113
104
18
94
115
50
48
62
58
115
84
107
56
103
118
69
12
114
108
84
71
97
102
90
79
15
18
56
98
34
47
47
100
44
80
68
63
34
32
8
21
53
16
47
24
70
19
14
26
7
6
80
56
69
8
25
72
55
3
33
34
55
16
63
8
32
23
6
1
59
38
33
37
17
27
20
43
32
38
50
40
40
13
25
28
6
25
1
18
15
27
7
2
34
10
25
23
29
10
16
12
3
13
30
21
23
2
24
14
2
4
17
10
8
12
18
10
1
2
3
7
5
11
9
4
6
2
3
5
1
1
2
1
