164
54
55
187
12
1
30
137
54
86
106
69
94
94
34
168
106
142
59
78
172
174
41
29
102
34
3
23
102
157
50
169
42
155
114
64
126
9
64
42
64
5
98
4
22
80
142
68
151
6
95
143
100
139
89
24
44
112
134
110
15
88
37
57
134
101
93
87
94
35
17
35
84
40
48
72
82
77
33
112
51
20
9
66
14
39
65
94
19
55
44
20
108
55
52
78
32
88
29
7
15
64
63
93
77
23
13
73
51
85
43
70
23
19
22
18
7
41
10
1
80
57
54
71
69
17
15
48
66
8
60
11
53
6
25
32
27
39
5
19
28
24
54
16
50
47
25
33
50
30
8
24
3
46
39
9
36
35
33
2
8
2
15
23
15
31
33
10
5
28
20
5
24
5
26
2
22
1
3
20
7
7
10
15
11
6
7
6
6
1
7
4
8
3
5
3
4
3
2
1
