181
110
151
90
188
97
168
120
99
155
150
61
88
168
110
81
107
44
111
72
146
46
147
93
137
134
171
116
1
47
69
13
18
135
7
124
152
107
93
150
137
79
152
40
56
84
20
148
143
36
16
69
137
60
124
65
139
64
62
133
96
123
6
107
28
36
48
15
46
47
46
80
97
26
102
3
109
28
63
68
13
45
79
103
26
26
41
65
9
24
101
59
26
15
52
11
37
89
79
71
61
85
72
5
43
62
54
80
5
38
52
46
88
44
35
7
17
76
12
52
52
78
22
19
42
19
42
69
55
13
49
19
52
22
55
23
62
29
52
13
25
50
48
56
46
43
11
53
49
8
39
28
32
34
24
13
42
12
12
34
40
22
25
17
5
3
17
15
11
21
13
1
6
10
19
16
22
18
9
19
8
6
13
9
8
15
3
4
1
5
6
3
8
2
1
4
4
2
1
1
