197
2
154
153
172
154
126
27
153
78
181
86
118
36
49
92
92
13
156
165
50
173
165
105
114
71
151
51
74
157
83
105
105
56
56
101
12
123
3
56
11
80
128
7
77
87
48
93
36
151
41
111
21
86
134
46
119
64
12
18
4
46
125
93
94
14
13
49
47
20
129
49
75
115
36
101
105
44
120
51
89
27
51
5
46
50
95
102
5
106
8
39
63
75
10
59
63
2
12
18
78
16
46
53
59
84
92
25
80
13
80
14
28
72
18
53
69
80
3
11
75
32
35
51
65
5
23
23
57
36
69
1
64
3
40
54
23
34
32
37
31
44
8
35
37
19
12
13
41
19
22
40
41
46
46
12
28
15
23
40
23
14
38
3
6
16
20
23
9
16
18
28
1
8
8
25
7
11
7
15
10
10
12
15
3
8
14
3
10
1
2
7
1
3
4
5
1
1
1
1
