27
153
58
38
134
176
144
187
99
170
161
178
178
49
20
133
151
25
62
36
48
104
57
95
155
118
136
62
149
53
131
93
39
76
129
47
136
17
56
24
146
127
13
133
63
127
74
72
4
149
149
149
109
125
142
59
86
55
20
12
108
66
52
22
16
124
57
53
1
114
107
3
19
88
94
70
35
75
86
68
40
39
109
92
9
55
99
50
66
57
4
98
8
1
50
19
23
4
23
6
3
68
22
45
82
87
60
51
83
34
31
57
21
80
44
37
40
73
25
25
39
24
52
4
75
8
25
54
26
38
44
15
21
10
34
44
19
49
38
61
51
42
55
51
3
17
20
20
42
23
33
4
6
46
41
13
29
8
25
7
35
12
27
25
22
30
26
4
16
20
22
9
23
9
16
16
5
16
13
1
4
16
1
16
16
1
13
8
5
6
2
8
3
7
1
2
1
2
1
1
