97
132
142
44
175
76
116
82
97
4
104
10
85
16
126
101
76
91
87
123
128
52
42
3
63
132
137
122
43
44
147
52
2
139
143
148
44
23
40
6
124
119
107
33
80
27
6
34
49
117
38
61
84
21
32
75
90
6
78
120
110
30
26
50
28
90
81
115
12
22
16
31
29
95
90
111
106
26
97
68
60
85
19
28
22
49
93
68
84
8
26
31
80
47
36
50
8
72
8
39
31
43
64
68
59
63
75
47
42
23
11
72
28
49
58
38
19
12
6
38
37
44
39
22
53
45
21
45
29
39
41
40
24
3
50
32
38
20
34
19
31
16
19
18
40
21
35
35
10
23
31
26
3
27
20
7
23
24
5
4
2
1
4
8
20
14
6
6
8
14
8
10
9
11
1
6
6
1
6
2
2
1
4
1
2
1
