10
16
2
9
14
181
173
160
116
49
144
182
115
128
176
19
129
135
181
59
11
158
16
8
17
161
127
17
136
114
105
45
63
98
149
131
3
88
29
97
92
55
36
16
59
26
83
58
89
110
128
72
80
74
114
96
66
59
67
102
102
35
58
71
124
61
60
119
95
98
1
122
68
70
116
84
81
108
87
89
113
6
11
87
97
69
84
21
106
78
63
7
49
88
68
78
55
58
25
37
5
52
87
41
74
17
76
82
20
11
31
19
31
75
1
4
66
30
50
53
80
24
56
17
54
60
69
19
54
15
15
41
18
12
26
15
61
8
62
50
10
22
12
40
10
38
5
21
23
25
46
23
29
9
37
21
22
21
16
21
17
34
13
33
8
17
22
17
22
3
4
15
26
27
2
9
7
22
14
8
4
2
3
12
16
1
13
9
4
5
7
7
3
5
2
5
1
3
2
1
