21
164
46
175
127
170
68
97
168
134
61
13
98
37
142
153
107
77
156
109
175
48
127
87
78
146
97
127
168
41
125
66
73
105
121
44
35
18
97
49
160
128
151
131
80
95
109
98
142
134
11
121
37
77
9
35
6
11
18
111
132
38
56
42
88
77
109
43
56
57
68
92
95
69
88
62
9
24
38
67
100
8
44
83
3
20
90
19
22
34
43
88
98
3
52
21
67
84
102
6
27
57
87
97
15
17
27
41
53
12
44
54
81
4
32
50
5
52
53
3
17
24
25
29
75
64
72
62
12
4
19
58
32
37
37
51
36
47
61
53
5
54
56
23
40
30
18
30
32
38
27
7
14
4
27
31
33
30
31
35
37
21
21
28
5
15
30
5
20
8
8
23
7
3
13
6
6
9
22
2
13
16
4
12
14
10
7
9
11
11
3
4
3
4
1
3
3
2
1
1
