107
109
52
53
64
71
51
167
76
140
104
11
76
95
131
84
59
148
123
83
10
33
94
23
42
4
137
29
10
33
30
24
2
47
98
24
130
112
135
111
66
20
58
126
59
67
43
114
47
110
32
59
93
118
92
25
74
84
35
93
73
32
10
101
40
22
42
13
11
101
20
14
87
32
94
78
23
41
48
47
81
18
69
7
83
71
79
58
11
49
14
27
71
67
71
60
28
54
64
45
4
53
39
72
68
30
27
13
52
13
16
4
30
8
52
46
42
42
54
43
14
19
42
3
36
48
44
18
7
40
44
17
19
32
3
28
25
31
6
9
6
29
21
6
10
10
11
9
12
8
4
18
4
4
21
20
2
8
3
3
9
1
13
2
11
2
9
1
5
4
2
4
2
1
1
