32
67
7
120
196
146
177
190
18
3
151
45
159
43
46
147
143
78
27
156
65
129
15
176
94
123
142
95
139
123
59
46
93
140
165
49
87
48
100
93
160
76
153
43
152
150
34
55
24
62
147
109
118
93
25
70
15
2
121
75
140
60
86
21
15
42
41
71
16
48
18
68
86
109
53
113
45
29
66
94
48
8
37
26
85
77
88
63
85
46
28
54
53
68
91
103
67
31
50
19
61
44
34
49
85
66
38
13
56
71
20
54
3
67
39
28
44
35
16
52
36
75
38
5
22
44
52
11
41
25
40
28
43
51
61
11
41
32
60
36
60
18
38
1
22
1
49
12
9
36
7
26
27
19
17
29
15
41
38
31
26
22
23
13
12
5
11
21
20
5
26
13
9
16
12
9
9
2
7
8
20
9
9
9
14
9
13
10
10
7
1
3
4
4
5
5
4
1
1
1
