144
84
115
92
103
116
94
76
24
39
65
122
16
30
4
32
172
10
57
8
36
126
133
20
102
132
155
167
77
42
6
165
105
57
134
100
74
119
15
145
113
22
55
107
143
52
139
75
22
113
110
61
110
115
146
116
78
100
30
121
101
93
89
44
27
130
39
6
71
60
42
31
105
73
126
52
101
7
83
107
67
72
8
26
18
72
35
97
54
17
6
90
28
57
57
80
93
46
98
91
77
18
94
31
28
36
74
61
22
76
1
37
41
87
64
77
4
31
41
68
55
76
18
3
19
8
24
30
1
24
52
47
5
61
58
29
52
8
29
18
39
52
51
46
5
9
53
21
18
37
25
22
32
14
24
45
14
32
20
33
13
6
31
22
31
3
15
28
24
10
20
20
25
13
14
5
24
7
13
8
8
3
4
7
2
15
8
3
12
9
7
5
5
2
5
1
4
3
1
1
