155
98
159
182
50
127
193
7
96
68
21
97
101
82
150
121
123
150
179
181
46
163
4
37
25
87
78
27
40
53
159
76
23
146
72
139
64
96
132
99
46
66
65
75
6
118
125
15
109
138
87
9
1
144
24
141
124
28
127
73
110
16
61
71
65
123
126
53
113
38
76
114
38
126
22
23
51
107
20
93
89
40
51
68
21
103
14
11
101
11
38
57
51
8
23
73
56
41
79
53
91
87
52
66
38
51
54
80
62
88
26
10
16
24
14
19
19
68
59
81
25
48
77
23
21
72
61
33
40
27
48
62
10
9
29
38
63
54
43
38
4
18
15
33
20
9
2
13
31
17
34
17
11
2
5
31
13
38
34
20
26
10
31
15
11
29
25
22
19
30
9
24
19
9
13
14
10
18
11
18
4
11
4
10
1
2
7
6
7
3
8
2
1
1
6
3
2
1
2
1
