120
125
147
17
138
65
55
184
27
171
31
44
10
88
124
113
168
138
67
144
131
113
160
137
77
57
131
109
54
117
24
30
148
64
141
144
41
13
63
22
31
108
86
97
118
143
143
2
76
93
108
62
118
28
45
78
87
97
119
97
47
138
5
136
29
35
60
3
23
63
78
81
42
57
85
91
105
28
34
89
4
10
2
37
53
72
103
106
18
31
35
53
97
26
61
34
29
82
13
16
70
73
15
25
28
71
35
37
50
57
61
23
48
66
74
77
31
66
9
54
14
21
47
55
63
70
26
38
9
31
63
15
46
2
50
3
29
33
37
53
5
22
25
49
50
50
23
24
29
42
50
23
36
43
46
35
8
33
13
18
39
5
5
18
27
32
10
20
21
20
29
22
8
11
20
13
7
9
13
16
18
6
8
9
13
15
2
4
5
11
1
3
7
1
6
3
2
3
1
1
