70
158
49
148
139
154
131
117
45
162
105
14
24
36
76
100
4
53
148
107
158
146
156
22
144
95
63
122
36
66
30
6
1
52
84
18
122
35
124
115
66
48
31
100
115
102
1
69
125
76
71
53
12
49
40
26
56
34
39
73
38
10
9
111
30
105
100
100
62
85
79
50
87
32
106
82
93
97
23
98
48
52
77
97
95
5
15
49
51
18
81
14
22
80
37
34
79
54
8
35
12
31
12
73
34
10
33
20
39
58
45
66
61
56
24
2
42
23
46
54
37
38
19
54
35
28
47
1
36
42
29
12
5
28
25
12
15
21
14
3
19
3
15
14
19
17
23
4
4
22
21
23
9
16
18
13
9
10
7
21
15
3
5
17
8
14
5
7
11
1
5
9
5
2
6
4
2
3
1
1
