164
51
128
168
25
109
52
47
151
73
140
116
56
30
139
149
8
4
64
20
106
30
177
38
37
89
46
42
83
112
33
6
2
95
138
15
137
147
162
6
155
74
132
155
45
117
87
22
25
94
122
45
57
34
62
113
33
106
71
23
125
88
113
92
4
42
94
44
102
52
114
77
68
76
54
67
71
94
37
13
96
97
5
64
72
63
83
65
50
6
69
95
96
12
80
90
26
60
64
87
14
90
84
24
49
12
34
68
64
49
79
27
55
12
3
29
64
62
65
27
7
10
26
22
1
74
18
1
31
35
21
47
36
42
18
65
32
60
41
22
34
16
23
50
1
19
8
19
26
13
33
24
35
32
27
18
43
43
8
8
30
1
3
6
34
10
26
24
9
11
22
9
10
17
26
13
20
7
1
13
1
10
12
1
7
14
4
11
4
6
8
9
4
1
1
3
2
2
1
1
