29
187
30
84
95
56
102
146
18
99
56
170
83
186
161
67
131
70
87
175
12
53
63
55
17
172
61
83
109
81
112
126
114
125
133
101
69
78
162
124
58
77
116
69
67
9
12
104
152
108
118
90
5
75
122
17
109
131
25
20
10
82
114
126
31
76
14
8
33
73
29
129
41
37
64
77
48
121
74
99
36
22
110
91
64
58
31
76
5
81
96
101
97
87
77
104
76
97
100
71
25
20
12
57
62
10
90
46
32
23
82
50
60
61
23
23
50
7
26
68
72
35
26
71
76
24
30
57
7
48
9
69
39
14
50
21
24
44
45
4
43
56
38
36
35
38
18
15
11
35
3
13
41
22
19
40
22
21
35
41
16
19
21
25
34
26
4
19
8
4
6
1
16
26
21
18
4
14
5
17
14
11
12
8
4
8
14
8
1
6
1
5
7
2
4
1
2
3
1
1
