21
86
26
190
136
32
71
166
36
102
58
109
23
137
34
185
113
137
65
56
35
60
121
18
27
45
158
102
133
155
88
82
123
77
31
122
155
69
52
84
105
120
72
18
1
135
70
112
7
116
90
44
147
12
16
145
138
30
94
116
138
75
95
86
133
50
6
101
69
131
10
58
51
122
51
32
99
66
87
86
119
40
97
30
16
84
73
6
77
39
25
38
23
5
62
34
50
77
57
12
53
69
74
92
60
20
92
37
50
64
53
18
66
78
6
84
6
17
21
67
18
78
43
42
52
31
47
15
45
10
14
53
25
51
57
5
32
1
39
27
38
25
22
54
3
25
21
38
52
30
24
30
19
25
36
21
44
37
33
13
13
18
12
9
17
25
5
13
30
14
23
22
17
7
10
21
19
2
8
12
3
5
4
3
5
13
6
13
7
5
10
1
5
5
5
2
2
3
2
1
