157
140
169
24
196
192
52
24
104
46
55
67
101
141
173
167
146
175
43
94
175
21
75
131
22
51
137
163
161
95
56
125
10
88
134
123
35
113
55
137
64
1
9
148
14
85
134
18
142
150
71
30
77
103
50
95
20
141
25
34
19
73
123
21
38
17
84
124
109
17
83
79
58
53
70
39
76
49
50
82
83
15
48
82
108
112
19
36
47
49
50
79
6
46
73
16
85
11
21
14
28
36
87
37
56
50
47
36
5
37
82
16
9
63
14
74
21
38
74
68
29
62
72
20
48
22
32
13
34
69
38
42
32
3
6
59
21
26
40
33
47
18
31
10
10
49
8
5
49
15
21
19
43
20
16
3
13
39
9
26
10
4
32
11
28
29
31
2
4
12
27
21
14
12
11
13
6
16
12
14
2
10
9
2
1
4
6
9
3
11
1
2
4
7
3
5
4
1
1
1
