108
70
52
39
108
69
120
68
98
81
15
6
118
160
140
4
35
16
36
161
34
49
56
31
88
73
117
128
36
15
28
106
90
82
113
34
53
89
98
14
79
66
62
32
45
51
52
2
35
41
8
58
56
36
92
62
121
20
113
45
60
61
105
59
13
19
63
92
111
13
29
89
48
90
29
53
76
86
8
67
32
42
98
32
69
83
92
30
54
42
11
11
28
29
38
83
62
65
37
47
64
65
26
26
62
67
22
40
45
71
35
59
51
35
41
61
10
32
25
48
49
56
14
11
51
46
12
41
42
42
20
45
41
37
46
7
9
17
21
37
21
40
28
28
26
10
35
3
30
5
28
13
19
19
7
12
25
7
8
16
14
15
6
13
5
10
11
2
8
8
11
2
3
3
5
5
2
3
1
1
1
