125
3
109
29
147
59
181
66
123
15
76
25
74
53
164
65
151
36
36
150
73
95
24
143
173
140
64
35
94
54
79
20
129
27
58
84
159
62
49
71
51
53
7
60
150
19
137
90
33
127
104
142
44
38
140
66
72
141
29
37
57
94
53
122
64
103
134
34
115
97
36
47
94
15
117
38
55
9
108
55
103
83
47
41
7
16
50
108
51
44
94
45
3
106
15
7
23
51
101
89
76
43
59
37
90
75
11
33
89
51
87
51
80
34
57
26
52
66
63
39
8
79
2
3
69
51
29
47
24
2
49
10
18
7
31
40
56
28
39
61
19
30
28
13
17
16
19
39
4
40
42
36
6
29
21
22
2
2
3
33
8
11
24
30
34
16
29
1
2
26
22
4
12
14
17
12
12
4
16
21
1
6
3
13
4
11
1
1
1
1
3
7
6
5
3
5
1
2
1
1
