113
134
51
120
18
42
160
128
31
44
33
150
27
39
151
99
64
19
94
5
5
34
52
32
125
24
108
119
106
131
43
25
108
110
109
24
24
107
99
35
6
101
38
26
115
8
20
59
126
75
18
15
30
69
22
26
41
84
120
7
31
78
3
66
99
19
39
26
28
59
59
96
2
19
55
16
89
101
14
17
49
75
8
39
45
84
59
77
77
62
11
31
40
56
74
6
63
28
69
41
42
10
14
46
51
21
3
43
10
68
44
46
58
33
36
6
22
48
40
8
38
41
27
32
26
20
5
7
20
16
30
45
46
46
21
36
38
24
26
32
36
8
29
5
22
4
13
13
21
9
23
2
13
27
27
17
14
14
23
5
15
12
15
6
5
8
11
11
6
9
3
4
6
2
2
4
1
1
1
1
1
