177
66
82
57
120
164
42
128
117
4
69
74
179
8
87
139
161
166
176
115
173
122
145
60
89
100
4
67
67
80
148
73
42
60
130
17
35
54
80
10
117
81
133
135
154
28
56
135
110
69
83
142
7
13
140
1
11
62
98
98
9
49
96
80
7
27
34
116
116
16
20
23
90
104
58
71
87
109
25
45
52
48
73
72
17
23
112
85
52
77
26
29
82
53
83
105
76
18
65
58
75
95
11
48
55
15
20
44
48
79
83
6
16
46
51
52
72
73
74
3
14
15
21
23
26
34
39
44
49
49
17
19
52
62
18
26
26
26
27
27
29
33
48
50
54
2
2
4
6
10
12
12
12
14
17
24
25
27
27
27
27
30
32
3
6
12
14
15
17
17
20
21
22
24
24
2
5
5
5
8
8
8
9
13
13
14
14
1
1
1
1
1
1
1
1
1
1
1
1
1
