128
197
38
148
108
112
18
38
118
185
165
172
110
180
167
92
136
100
97
71
133
64
157
63
124
22
139
53
47
92
140
36
106
135
12
43
4
20
121
78
8
99
53
146
156
92
66
112
133
29
82
65
131
99
48
64
49
99
121
34
15
9
19
15
23
114
15
57
101
42
75
20
30
88
36
19
50
94
7
88
31
81
27
63
109
16
95
62
2
53
48
105
43
83
46
5
34
48
96
57
33
19
46
89
78
1
9
30
46
27
4
46
65
83
30
6
20
70
49
15
48
56
30
29
54
19
52
73
54
49
68
6
19
65
42
60
23
33
12
5
40
58
49
32
33
40
40
37
41
22
39
11
22
31
40
28
42
42
15
5
37
25
34
27
15
25
14
3
21
4
7
23
23
20
17
18
19
5
3
10
2
7
8
3
9
7
13
9
4
9
3
7
7
2
6
3
2
3
1
1
