188
7
148
32
135
96
128
157
88
79
62
146
161
128
77
105
18
84
140
115
83
63
14
38
104
26
95
46
94
88
9
22
55
61
144
111
121
48
104
143
46
130
133
91
145
119
31
41
65
126
64
83
122
98
117
29
85
142
46
58
58
68
20
119
69
24
84
34
96
130
21
69
90
45
4
109
24
116
34
34
96
20
29
112
5
115
4
5
83
62
19
80
76
15
45
42
100
91
17
49
48
22
42
88
62
38
94
18
5
78
7
25
37
58
77
4
52
64
53
41
30
1
33
47
45
17
54
9
66
4
18
3
6
6
55
65
58
59
42
39
56
33
45
54
8
29
48
6
51
19
50
38
22
27
5
35
30
34
41
36
38
20
32
33
1
13
11
33
23
2
19
10
5
21
22
25
2
21
20
17
1
14
7
15
2
3
12
5
9
5
5
6
2
4
2
4
3
1
1
1
