42
131
125
84
161
92
109
14
115
76
26
65
110
152
51
80
36
72
126
85
98
139
61
131
62
64
130
99
40
86
111
131
115
101
15
9
56
78
43
4
43
80
119
37
49
114
1
73
59
49
105
15
22
55
99
100
65
43
94
44
61
107
89
54
67
52
75
84
22
41
38
41
25
27
71
22
33
43
70
63
10
42
49
54
75
75
31
40
53
57
57
61
3
47
50
17
73
74
74
5
16
18
54
47
41
45
13
29
34
36
38
48
22
25
44
35
9
16
23
46
53
8
32
37
40
49
15
27
29
29
36
2
31
29
40
30
9
14
17
17
29
24
7
11
23
4
14
13
13
3
20
22
7
12
16
11
13
13
3
7
10
8
6
1
1
1
3
7
5
1
2
3
1
1
