129
84
162
137
170
37
104
5
28
160
175
148
140
111
30
127
167
126
67
19
98
116
135
87
106
40
62
171
98
26
36
17
112
115
76
45
54
108
159
76
7
84
99
102
39
145
4
116
129
67
62
66
95
2
145
103
111
11
104
18
111
28
95
51
82
46
5
33
84
122
77
90
44
21
26
63
17
105
31
3
50
24
94
46
53
106
75
109
51
32
76
102
99
5
102
19
81
56
90
86
76
75
64
31
47
44
7
40
58
53
63
79
6
67
58
51
13
71
72
13
7
50
26
4
56
6
60
72
22
23
36
8
61
2
30
30
54
49
57
52
50
29
53
47
17
40
44
17
5
50
33
43
16
27
36
13
26
36
33
32
18
35
26
35
12
5
4
6
10
28
19
14
1
8
11
22
3
5
6
19
7
11
9
16
8
1
4
12
1
5
5
8
5
5
6
3
2
3
1
1
