165
14
2
162
1
54
184
67
166
57
113
4
9
130
54
56
89
10
26
14
20
67
37
5
130
82
129
124
63
114
152
116
32
26
18
41
80
163
131
92
50
43
134
99
99
111
113
85
42
109
95
30
102
123
121
3
102
110
36
71
88
58
86
122
12
114
58
48
23
105
7
13
66
13
29
83
62
42
77
38
89
41
95
84
109
49
93
71
105
82
98
63
16
66
55
95
53
29
25
12
37
21
13
24
28
24
10
79
90
44
76
82
21
31
72
36
66
54
78
15
74
58
67
75
35
60
20
64
4
37
69
10
65
27
20
42
27
51
28
27
39
17
38
34
38
36
27
31
46
36
47
6
3
1
41
23
9
25
20
27
23
38
37
15
20
5
10
11
22
23
23
7
18
6
11
15
18
18
16
11
4
7
7
14
4
2
5
5
10
6
1
7
8
4
2
5
4
2
2
1
