71
97
95
25
127
178
96
106
41
179
141
39
166
161
69
104
59
91
12
36
22
178
160
75
154
76
163
89
5
136
96
121
88
39
155
78
90
14
122
44
120
137
58
154
79
93
12
146
48
79
51
144
7
84
62
26
109
34
36
96
123
131
19
33
92
77
7
39
44
72
102
74
30
58
100
4
105
28
7
50
57
51
33
45
69
80
14
40
74
57
12
74
88
44
2
73
49
97
71
89
55
75
51
62
66
39
22
10
56
33
60
30
47
35
27
21
39
45
64
27
80
17
36
52
6
74
23
17
54
38
8
18
60
21
63
14
14
12
21
8
29
50
17
21
13
9
29
41
16
40
47
24
5
34
32
30
19
10
34
10
17
7
17
7
19
8
5
33
28
27
22
3
13
27
26
10
24
15
14
12
19
18
17
5
2
8
11
8
1
11
5
2
5
6
3
4
1
1
1
1
