195
115
153
171
167
40
138
143
46
22
7
171
23
35
165
49
70
91
143
103
147
143
141
137
154
119
19
79
105
110
169
9
89
14
75
96
147
163
30
139
103
155
129
78
85
59
20
82
103
82
56
69
77
22
14
126
8
63
13
41
95
7
76
59
76
18
92
129
105
57
93
66
21
52
74
103
69
14
41
22
79
102
47
25
106
9
56
9
68
80
6
78
37
58
77
8
74
95
57
15
24
59
88
15
38
25
12
30
13
15
40
34
60
23
70
77
65
61
68
81
44
38
44
37
62
23
23
15
11
30
46
23
7
61
38
30
46
53
61
30
36
29
14
27
55
18
19
25
47
15
1
31
31
14
24
44
41
5
37
26
11
34
18
27
22
17
19
27
30
14
16
10
5
19
20
14
22
7
3
12
2
18
15
17
1
9
14
4
1
11
4
2
5
4
5
5
3
3
1
1
