100
134
63
65
121
144
150
44
66
81
14
146
90
54
66
39
125
97
124
173
145
91
71
37
133
171
128
84
21
100
50
159
35
97
144
56
41
71
113
145
8
149
134
93
77
21
11
51
130
33
88
69
84
134
34
73
18
16
53
7
135
139
87
133
126
100
26
106
56
31
34
28
57
71
63
86
11
22
66
106
24
116
71
72
83
20
10
47
47
64
20
31
1
99
13
75
7
17
100
26
84
65
51
35
23
48
28
19
40
48
54
37
33
10
46
6
77
18
27
67
16
5
59
5
27
66
71
6
26
65
53
49
33
27
31
29
25
59
57
5
20
44
52
40
11
11
32
26
12
9
40
18
48
40
1
25
9
35
4
39
24
24
8
24
31
12
14
31
22
2
26
8
15
21
25
17
8
19
7
3
7
7
17
1
7
12
2
5
7
6
10
6
2
2
6
5
4
3
2
1
