136
132
148
140
166
154
109
129
86
19
105
141
140
174
46
44
79
54
34
30
44
26
130
5
108
6
103
52
7
8
26
30
20
13
11
25
108
110
66
161
59
50
29
142
110
124
133
80
80
94
82
84
27
81
35
86
1
112
107
88
8
129
73
73
112
91
14
90
82
87
76
75
89
82
77
110
17
31
70
77
80
77
59
85
69
39
74
34
73
35
48
64
31
66
67
68
63
86
66
63
67
35
72
34
92
61
61
2
84
38
50
40
11
57
29
72
78
30
29
45
63
58
48
26
49
29
47
53
43
52
30
31
67
53
39
22
36
44
32
33
53
43
46
3
43
43
54
37
25
14
44
23
6
26
15
24
24
41
41
23
27
15
30
14
13
12
18
22
3
26
22
16
23
22
1
4
5
14
11
17
5
18
7
2
14
1
12
1
6
2
5
7
6
7
2
2
4
2
1
1
