43
139
68
17
61
87
35
62
45
182
57
104
106
90
44
59
176
139
96
72
26
124
38
61
74
55
124
110
139
39
63
52
73
125
22
114
20
86
130
109
3
26
31
44
16
147
126
143
11
139
147
33
37
67
7
99
25
12
94
15
28
130
132
2
78
123
100
52
26
114
94
86
101
122
75
6
63
30
53
60
62
47
57
47
116
52
70
53
104
92
36
63
101
27
61
82
71
71
30
72
49
45
39
23
38
1
19
21
66
64
24
79
54
23
63
58
49
37
6
12
36
40
76
14
50
23
52
60
38
29
29
63
29
22
53
6
44
6
43
27
52
39
40
16
32
24
24
21
34
39
28
8
3
25
27
18
22
37
37
14
37
5
6
13
18
8
7
13
20
17
19
7
2
13
22
22
4
21
12
14
18
15
13
6
15
5
9
9
11
2
7
2
1
6
4
3
4
2
2
1
