169
138
100
44
191
151
153
78
9
135
145
19
152
134
16
20
102
131
10
72
116
176
118
100
97
137
156
158
27
54
24
23
119
120
17
123
122
112
150
11
150
58
139
39
141
151
139
45
44
99
78
85
84
63
142
17
109
32
20
68
33
136
115
26
93
95
98
126
26
24
29
30
92
117
85
53
85
44
46
118
76
8
37
35
49
13
101
19
54
86
59
20
47
74
64
94
54
74
65
2
27
4
38
63
72
83
87
73
4
38
32
20
5
64
58
58
66
32
43
32
76
6
58
75
20
34
50
4
33
1
69
55
49
42
24
13
47
60
28
19
12
46
32
52
18
15
24
30
24
20
23
25
43
38
30
14
6
26
42
28
33
36
29
5
12
35
28
17
20
5
5
22
6
13
17
10
6
10
10
16
18
18
5
12
14
12
10
2
1
4
8
9
1
6
1
2
1
1
2
1
