9
48
84
96
166
2
1
24
144
83
147
97
14
38
102
77
26
106
57
6
86
91
104
68
32
77
138
134
140
141
74
4
59
44
114
111
132
65
4
85
93
30
76
80
35
83
30
85
109
66
88
39
22
46
68
77
34
29
45
110
58
21
43
92
60
95
107
26
91
76
4
53
21
89
55
91
96
21
53
51
41
55
18
3
60
30
17
32
49
49
44
52
81
80
54
60
58
2
69
45
34
34
36
28
32
16
25
13
6
32
47
4
48
7
59
27
5
29
24
51
18
3
48
40
5
30
15
8
22
13
10
3
31
4
32
38
18
18
15
18
14
19
23
13
17
10
2
10
15
19
22
17
13
12
10
3
16
7
14
13
12
4
2
6
7
3
1
2
3
4
2
2
1
