49
90
69
65
1
105
153
73
22
13
30
127
124
5
115
57
153
144
160
33
143
72
105
82
85
15
77
122
138
143
66
122
31
66
72
130
131
140
70
144
61
41
130
65
79
123
15
128
93
58
76
63
133
143
49
102
37
140
37
54
79
53
91
54
84
59
55
76
2
59
4
96
2
42
25
89
95
114
1
101
16
97
113
27
98
45
89
18
94
60
90
5
96
65
69
72
62
41
5
10
68
42
47
44
48
80
35
30
65
80
81
21
85
30
14
85
14
14
36
29
24
27
61
47
63
69
29
33
45
70
69
12
30
58
36
10
33
5
4
40
40
35
30
48
22
21
30
51
12
1
20
39
39
37
31
15
34
29
32
13
25
37
9
16
10
20
19
23
28
14
17
8
2
20
9
16
10
18
1
13
6
3
12
16
15
10
1
12
3
3
3
5
1
3
5
1
4
1
2
1
