104
125
33
69
53
107
8
139
110
121
39
154
103
139
100
178
91
63
100
59
140
167
87
171
156
36
96
47
140
51
134
123
53
59
39
9
163
50
60
50
100
143
87
14
135
19
100
35
37
126
18
58
60
107
139
122
31
99
15
116
105
59
9
133
72
57
133
5
17
96
25
19
42
84
113
91
116
55
59
45
33
87
102
33
11
84
48
43
48
31
22
54
78
66
26
36
81
8
41
48
78
97
59
12
36
15
67
9
87
60
11
88
14
16
36
40
8
3
20
69
11
11
29
39
11
68
3
61
7
23
51
3
7
28
65
65
44
5
9
2
13
20
7
10
29
29
14
21
46
29
48
22
45
4
10
3
3
13
7
11
19
26
13
27
27
34
5
4
26
4
11
23
17
1
23
21
12
5
4
21
5
18
4
3
15
7
6
3
7
11
1
6
5
1
1
1
2
1
1
1
