55
38
49
174
48
94
74
175
57
16
91
72
41
115
40
104
158
93
24
70
20
87
142
79
98
155
167
142
68
169
85
6
129
110
15
69
49
31
142
141
65
145
66
90
131
139
95
37
102
146
28
73
69
25
69
97
117
72
87
112
37
73
115
67
10
58
90
22
45
63
97
65
50
6
101
59
52
96
86
110
78
77
67
2
105
114
26
80
48
102
105
35
22
95
50
99
45
40
79
21
85
58
36
72
31
43
56
47
7
85
48
65
10
50
34
4
7
39
64
23
27
51
31
12
14
6
74
6
23
35
36
45
44
13
47
9
46
58
2
33
53
14
17
43
56
2
17
13
1
20
17
22
14
33
42
26
7
14
20
3
32
33
21
35
19
10
27
12
17
12
10
29
11
27
24
3
13
2
3
19
19
18
2
6
1
4
7
9
2
9
1
6
6
2
2
5
4
3
2
1
