21
73
117
169
62
6
112
111
33
9
6
35
14
177
134
142
160
76
94
90
154
96
65
170
88
108
161
92
117
1
64
28
103
22
108
158
74
124
135
146
22
60
128
148
54
27
76
93
95
71
102
3
116
118
42
57
1
67
53
59
114
120
122
133
31
93
118
72
19
72
99
107
113
16
40
92
122
100
74
105
79
76
26
32
88
36
21
81
108
109
16
23
35
36
96
1
2
9
37
49
88
16
89
91
37
56
81
6
16
31
49
80
42
47
76
52
9
48
25
29
54
64
69
56
7
55
58
22
27
57
21
22
40
9
35
56
20
33
25
8
19
37
48
49
50
9
11
16
16
51
10
17
23
32
38
21
37
1
15
27
32
35
5
12
16
25
25
4
23
31
7
18
21
8
8
21
21
22
3
13
7
18
5
5
8
10
13
4
6
3
9
2
7
7
4
3
1
1
1
1
