35
48
146
183
54
33
116
12
66
147
144
32
123
184
17
109
113
174
87
145
111
113
87
46
78
117
8
119
52
150
163
6
64
98
43
38
52
88
42
119
132
67
19
87
43
45
8
45
134
149
125
135
3
2
43
26
45
51
99
37
38
112
131
131
60
4
13
133
76
79
22
80
75
64
116
41
68
72
89
75
41
73
21
25
54
71
7
14
25
65
87
94
108
50
9
15
1
103
30
40
23
3
37
55
53
7
78
2
69
13
42
12
63
23
45
33
74
14
9
56
78
56
6
45
76
75
59
49
3
51
28
51
34
50
45
60
6
19
37
60
41
52
39
13
52
30
53
21
26
29
47
2
32
16
9
25
2
28
11
16
32
28
37
22
8
1
20
13
23
24
4
6
21
2
16
15
15
20
17
7
14
19
14
12
8
13
7
5
11
5
10
7
2
3
2
2
1
2
2
1
