106
143
172
70
60
123
109
113
15
79
129
5
92
74
61
174
95
91
100
86
167
161
66
14
168
146
109
105
9
53
113
88
10
90
148
59
73
55
71
51
92
153
9
95
108
128
24
142
4
18
17
62
17
127
62
69
4
106
45
74
85
55
52
4
84
124
130
16
119
60
39
120
29
117
108
32
120
95
99
94
57
10
21
88
52
83
94
93
55
63
93
104
32
47
56
65
45
87
11
2
17
93
23
6
80
17
67
39
73
40
1
35
47
69
66
76
19
60
49
25
73
69
18
2
2
29
19
17
3
20
39
45
55
39
27
47
33
46
24
26
9
48
11
35
31
20
34
5
25
17
19
5
3
34
32
32
37
16
35
13
1
18
15
12
2
6
20
18
16
24
19
13
10
15
4
11
14
17
11
1
13
1
12
12
9
7
1
3
2
4
4
6
7
5
5
3
3
1
1
1
