151
8
27
45
45
78
103
39
60
161
162
142
89
69
168
7
124
162
60
166
28
161
51
64
106
42
84
59
110
125
133
162
27
17
132
20
32
69
62
108
55
149
100
152
41
11
106
104
97
93
32
32
113
39
58
73
125
35
20
46
102
13
133
77
68
83
44
24
124
121
67
76
17
73
51
83
47
89
54
92
29
70
39
33
93
74
84
70
103
105
91
106
88
26
19
18
43
26
10
97
64
20
71
25
84
21
81
56
44
67
73
10
23
24
52
6
59
13
8
64
64
7
20
59
49
33
60
26
66
14
36
46
50
40
25
2
50
46
54
46
23
42
47
36
12
16
10
28
10
9
27
47
44
8
24
18
26
22
26
23
34
14
18
37
27
11
20
25
19
31
10
26
7
22
13
24
21
18
11
21
19
15
1
15
4
15
4
10
10
6
5
7
1
6
3
3
4
2
1
1
