76
46
142
62
129
45
105
24
156
171
8
43
13
86
169
61
100
65
117
43
92
34
90
81
47
16
7
99
76
71
111
144
81
10
61
93
94
13
131
137
48
107
117
32
58
32
96
135
40
77
121
126
57
50
65
25
76
28
33
100
8
101
78
57
4
66
102
43
71
99
42
113
3
15
21
111
95
2
58
9
22
29
60
80
21
4
55
84
60
21
31
26
73
51
22
20
32
24
78
51
88
26
54
10
17
24
7
26
30
19
18
66
31
52
56
7
58
51
15
12
15
31
65
9
49
27
52
35
1
36
31
48
8
14
32
19
49
33
1
34
36
33
15
11
9
32
9
31
20
39
35
26
10
35
17
15
6
31
3
19
15
13
2
16
18
17
20
10
11
15
13
16
9
12
2
2
8
4
7
3
6
4
5
3
2
2
2
1
