40
195
133
37
14
78
101
102
15
52
9
155
93
13
40
133
178
62
1
130
102
47
69
162
106
64
125
30
148
123
131
110
111
122
139
15
135
153
120
127
58
141
15
74
122
104
28
12
46
9
147
95
36
26
73
23
109
84
128
83
105
9
72
124
85
8
62
63
23
99
126
117
127
25
14
11
64
47
106
25
80
64
115
59
43
107
55
79
90
81
28
102
92
21
85
9
39
36
9
53
18
89
84
79
30
93
16
70
15
42
6
43
45
84
71
80
40
30
40
50
76
69
24
74
20
47
52
36
68
70
1
47
31
7
21
52
4
14
7
6
58
28
44
14
49
53
1
29
28
17
19
37
43
32
37
19
16
15
33
23
7
32
13
25
12
24
18
1
24
28
17
8
27
10
16
24
6
5
19
7
6
1
1
16
2
8
3
9
11
2
2
7
2
1
1
4
3
2
1
