74
37
113
149
149
140
169
73
39
142
44
176
77
165
127
181
45
16
121
154
65
139
1
120
125
57
52
25
55
149
118
96
112
84
70
161
160
153
135
118
71
6
28
3
140
53
49
39
79
104
98
30
115
13
101
52
89
52
112
118
44
97
65
10
83
18
20
132
77
7
67
3
52
15
9
100
43
123
7
78
2
67
6
114
101
57
45
111
91
23
17
6
8
19
16
26
31
39
18
74
48
42
16
29
33
93
7
70
79
87
25
52
40
61
11
53
67
13
14
20
70
73
22
28
64
18
26
31
10
42
6
57
67
47
64
62
63
15
57
2
38
15
47
32
44
16
37
37
5
43
22
8
4
42
30
19
7
23
7
28
29
32
33
11
6
31
20
8
28
25
14
13
25
25
1
4
12
19
14
8
12
17
3
3
8
11
14
7
9
9
8
5
1
4
3
2
2
2
1
1
