52
99
55
104
153
138
164
11
71
184
157
97
187
29
108
87
61
3
122
2
125
107
32
19
169
135
171
116
22
8
169
57
79
158
84
150
3
24
140
83
134
42
33
125
59
22
40
112
84
46
48
39
71
62
74
128
31
22
139
3
70
48
65
30
58
96
32
63
69
35
11
118
57
116
4
30
112
92
25
77
103
80
36
83
22
36
19
88
76
57
84
32
18
103
50
38
27
79
9
51
41
65
7
51
85
56
88
14
36
24
20
28
54
49
16
81
78
33
38
57
48
67
5
64
58
60
43
51
36
70
15
40
46
32
23
57
24
27
35
48
17
20
2
23
38
7
10
46
24
50
5
14
3
17
27
30
20
24
5
27
11
8
25
14
9
16
2
3
23
21
5
25
24
15
17
10
23
6
3
15
18
8
11
13
6
13
10
6
10
4
10
7
8
4
1
4
2
2
1
1
