4
13
42
52
55
61
65
66
67
73
74
76
77
79
87
89
90
94
96
98
102
109
111
126
132
140
144
146
150
154
160
174
180
181
190
196
1
19
21
24
30
35
41
44
54
64
81
84
88
95
108
135
142
170
173
177
184
187
7
22
31
46
48
53
59
80
92
117
118
123
138
145
148
182
8
11
27
51
56
91
103
106
143
152
166
183
63
113
114
119
141
165
2
3
5
6
9
10
12
14
15
16
17
18
20
23
25
26
28
29
32
33
34
36
37
38
39
40
43
45
47
49
50
57
58
60
62
68
69
70
71
72
75
78
82
83
85
86
93
97
99
100
101
104
105
107
110
112
115
116
120
121
122
124
125
127
128
129
130
131
133
134
136
137
139
147
149
151
153
155
156
157
158
159
161
162
163
164
167
168
169
171
172
175
176
178
179
185
186
188
189
191
192
193
194
195
197
198
199
