160
138
200
171
112
151
130
116
197
147
49
94
161
80
101
156
39
98
70
78
7
51
3
84
91
42
20
155
8
36
178
99
77
59
61
23
79
195
176
6
193
95
175
149
198
62
5
18
134
121
192
169
122
56
119
124
32
128
164
153
48
33
100
46
71
166
76
82
135
114
92
183
13
117
4
30
16
186
90
11
12
21
167
143
54
72
152
57
26
38
174
173
187
15
104
19
191
87
181
126
25
58
157
34
63
107
189
53
108
133
185
159
89
47
179
27
93
37
136
81
168
188
177
88
111
2
144
194
125
64
106
148
158
141
86
55
113
65
190
165
66
184
180
68
103
41
154
73
24
