1
3
7
6
2
5
4
8
10
9
11
12
13
14
15
34
16
17
18
19
37
20
36
38
21
35
22
23
24
25
26
27
39
28
29
30
31
32
41
33
40
42
43
44
45
46
47
48
49
50
51
52
53
54
55
56
57
58
59
60
61
62
63
64
65
66
67
68
69
70
71
72
73
74
75
76
77
78
79
80
81
82
83
84
85
86
87
88
89
90
91
92
110
93
94
95
96
112
116
117
97
114
111
113
109
98
99
100
101
102
103
115
104
105
106
107
118
108
120
119
122
121
123
124
125
126
127
128
129
130
131
132
133
134
135
136
137
138
139
140
141
142
143
144
145
146
147
148
149
150
151
152
153
154
155
156
157
158
173
159
160
161
175
162
174
163
164
165
166
167
168
169
176
170
178
171
177
179
172
180
181
182
183
200
199
184
185
186
187
188
189
190
191
192
193
194
195
196
197
