81
55
167
195
72
63
180
47
1
92
157
80
90
186
144
62
197
135
16
91
58
181
3
69
126
77
189
20
108
43
127
109
200
179
117
199
170
7
29
89
84
9
14
162
194
182
49
28
13
45
15
165
160
190
145
118
39
42
100
153
156
18
66
111
23
19
44
68
169
94
17
159
65
97
5
26
36
110
185
35
164
37
52
2
24
172
139
146
130
33
61
166
107
54
70
125
152
64
151
184
96
4
103
198
102
11
27
113
67
6
71
106
141
140
116
192
40
131
56
191
53
32
101
50
99
21
133
86
87
154
85
128
82
138
115
150
168
46
57
124
60
173
78
73
31
149
112
75
25
12
163
48
129
143
183
38
122
119
41
137
132
114
175
10
187
8
105
104
155
88
171
134
95
123
121
83
188
193
177
178
51
59
30
176
34
142
98
136
147
174
74
196
161
76
79
22
93
148
158
