150
157
14
20
121
143
107
78
117
23
114
119
176
96
68
58
198
79
120
183
148
144
161
159
160
3
28
93
139
190
26
21
88
137
82
196
86
17
200
87
179
106
118
9
193
50
4
37
125
103
195
72
44
186
12
49
169
192
178
63
33
132
36
170
91
6
175
168
34
97
123
39
156
110
152
124
194
191
135
24
85
61
75
83
41
27
1
126
71
146
45
199
129
77
140
95
2
111
164
7
177
31
51
84
43
16
104
185
38
98
105
29
55
89
35
47
154
163
80
173
22
18
180
69
99
8
128
19
147
136
73
184
59
116
112
42
13
174
67
155
134
188
171
189
65
197
54
133
94
100
131
122
5
158
153
165
76
181
141
182
52
46
64
60
66
48
127
10
142
172
113
32
92
62
56
101
145
108
167
57
138
11
30
53
162
74
40
151
15
149
109
115
81
130
166
187
70
102
25
