188
110
142
71
198
181
143
197
74
151
87
81
55
186
115
177
132
169
145
182
97
199
140
117
76
113
15
51
130
146
126
72
123
167
60
66
187
200
119
100
133
98
105
175
144
68
92
149
12
195
164
170
73
180
154
129
93
107
185
173
43
3
46
174
112
127
156
162
44
91
61
54
128
19
184
196
67
108
84
168
85
189
157
104
190
80
192
118
57
116
165
141
96
35
63
114
48
166
160
103
111
94
78
161
17
18
172
83
102
30
65
88
47
5
171
135
153
152
150
34
42
8
148
1
33
26
109
7
14
6
95
194
56
183
79
90
176
49
178
64
191
138
45
37
159
136
59
70
163
86
99
52
31
158
77
53
125
89
193
36
69
10
122
22
139
82
134
58
75
121
20
24
106
13
50
131
124
101
11
41
62
137
147
155
179
120
16
2
4
27
25
40
32
28
29
39
23
38
21
