150
143
114
20
119
117
14
107
121
157
78
23
96
176
183
68
79
120
148
198
144
190
160
21
58
3
159
88
161
93
28
139
106
118
196
26
86
82
87
137
200
103
17
4
193
179
9
50
37
44
125
72
63
186
49
195
91
170
169
132
12
178
33
152
123
192
175
6
36
168
135
34
24
156
39
97
27
191
194
124
1
41
61
126
110
146
85
77
83
95
45
7
75
199
140
111
71
51
129
177
31
84
164
2
55
98
16
89
35
43
185
38
104
80
29
105
173
154
22
8
163
47
180
69
99
18
19
59
184
128
73
136
147
13
42
174
112
67
116
65
54
171
189
165
131
94
197
134
141
133
122
188
155
182
158
76
46
100
181
64
52
48
5
113
66
142
153
92
127
60
172
56
32
10
145
108
11
138
62
53
30
167
101
57
74
162
166
81
109
187
115
15
130
40
149
151
102
90
70
