42
139
77
2
143
10
11
119
38
99
95
28
129
111
105
73
52
66
33
93
48
68
118
55
34
71
24
84
64
120
103
46
58
54
78
108
61
102
122
162
109
41
44
123
128
132
82
89
97
65
57
147
151
125
157
75
141
69
136
36
116
107
56
88
133
86
63
74
137
121
104
70
94
81
80
53
112
146
131
135
100
110
130
115
138
124
96
90
114
149
106
152
165
87
153
127
92
156
126
154
160
159
101
158
91
47
18
113
144
148
16
45
1
27
76
37
161
155
62
83
169
145
31
14
22
142
117
166
150
39
134
4
171
8
59
167
98
163
79
140
9
85
168
170
172
