2
5
3
10
11
7
1
15
13
6
19
12
24
20
16
17
28
23
21
18
26
25
33
34
42
29
27
38
30
32
31
36
41
44
35
46
48
43
40
52
37
55
49
50
54
45
51
47
56
53
57
58
61
66
64
60
68
166
63
65
71
73
69
77
62
67
70
78
75
74
72
84
82
81
76
80
86
93
89
95
88
83
99
87
97
90
94
103
92
102
105
91
96
100
104
98
108
111
101
107
170
109
106
110
112
119
118
116
120
114
115
164
113
123
122
121
129
125
128
117
124
165
127
126
163
139
132
131
130
143
133
136
137
135
138
141
134
142
147
140
146
151
144
145
149
148
152
153
150
154
157
156
162
155
160
158
159
