150
14
20
121
143
107
23
78
157
117
96
114
119
68
79
176
198
144
120
183
148
160
3
21
58
190
139
159
88
93
161
196
82
28
26
200
17
137
86
87
106
50
118
9
179
193
4
103
44
37
125
72
186
195
12
132
49
169
33
178
63
170
168
175
192
36
91
34
123
6
191
152
39
97
156
124
194
135
110
61
24
75
85
41
71
1
83
27
129
199
140
126
45
146
77
177
111
95
2
7
164
84
31
185
98
51
29
104
43
16
38
105
35
55
89
154
47
80
99
18
173
163
22
180
8
69
147
128
19
112
136
73
59
116
184
42
13
174
67
155
134
197
188
94
100
133
171
189
65
122
54
5
131
158
153
181
165
60
66
76
46
64
127
141
182
48
52
172
10
142
32
113
92
62
101
167
108
56
145
57
30
138
40
162
11
151
74
53
15
149
109
115
130
70
81
166
187
102
25
