81
55
167
195
72
63
180
1
47
92
157
16
80
90
186
144
62
197
135
91
58
181
3
20
69
126
77
189
43
108
7
127
9
109
200
179
29
117
199
170
14
89
84
162
13
28
194
182
49
15
45
165
160
39
190
145
118
42
23
100
18
153
156
19
66
111
17
44
5
68
169
94
36
159
65
97
26
35
2
110
24
185
33
164
37
52
172
139
146
130
61
166
107
54
70
125
4
152
64
151
184
96
11
103
27
198
102
6
113
67
71
40
106
141
140
116
192
21
32
131
56
191
53
101
50
99
133
86
87
154
85
128
82
138
115
150
168
46
57
124
60
173
78
31
73
149
25
112
75
12
38
163
48
129
143
183
122
41
119
8
137
132
114
10
175
187
105
104
155
88
171
134
95
123
121
83
188
193
177
30
178
51
59
176
34
142
98
136
147
174
74
196
161
22
76
79
93
148
158
