99
98
97
100
96
95
101
94
93
102
92
91
90
103
89
88
104
87
86
105
85
84
106
83
82
81
107
80
79
108
78
77
109
76
75
74
110
73
72
111
71
70
112
69
68
113
67
66
65
114
64
63
115
62
61
116
60
59
117
58
57
56
118
55
54
119
53
52
120
51
50
49
121
48
47
122
46
45
123
44
43
124
42
41
40
125
39
38
126
37
36
127
35
34
128
33
32
31
129
30
29
130
28
27
131
26
25
132
24
23
22
133
21
20
134
19
18
135
17
16
15
136
14
13
137
12
11
138
10
9
139
8
7
6
140
5
4
3
2
1
141
142
143
144
145
146
147
148
149
150
151
152
153
154
155
156
157
158
159
160
161
162
163
164
165
166
167
168
169
170
171
172
173
174
175
176
177
178
179
