108
21
87
27
193
139
34
74
129
39
111
165
86
172
118
192
62
188
68
6
194
2
83
24
196
7
117
101
45
73
130
131
38
200
148
124
41
151
72
187
123
116
142
186
63
135
64
177
22
78
140
119
43
163
31
12
81
59
48
33
54
136
69
79
191
120
137
107
182
50
18
153
10
157
104
49
98
147
197
181
150
85
93
166
56
132
154
100
14
189
37
94
152
96
42
88
70
23
4
184
13
114
19
65
106
9
60
175
1
91
125
8
16
158
198
80
113
92
58
146
99
36
138
121
160
195
5
122
167
26
190
110
199
40
61
141
105
52
171
156
176
90
44
102
103
67
77
11
29
155
144
168
35
180
53
164
47
185
161
25
159
89
75
51
71
97
127
145
32
112
126
30
133
170
162
82
149
57
84
173
76
17
115
178
20
55
3
179
95
169
134
183
28
46
143
66
109
174
128
15
