163
74
28
80
24
34
166
73
144
31
171
79
134
36
162
30
165
21
143
138
159
19
39
153
8
128
57
110
98
18
38
14
27
83
48
109
121
47
23
85
51
61
25
122
78
4
63
2
104
147
16
70
120
94
60
111
86
155
142
29
49
10
56
161
33
37
123
157
17
132
114
69
81
11
43
66
45
35
54
151
105
148
55
76
26
172
9
91
15
58
131
119
108
92
97
64
75
12
107
140
50
115
72
89
167
88
46
102
116
53
160
129
62
65
71
44
124
101
126
93
127
67
5
156
158
103
146
125
77
6
117
40
3
82
164
133
42
137
59
99
95
130
170
135
145
7
87
100
90
13
118
168
106
68
1
32
113
112
152
20
141
154
150
136
84
169
52
96
139
41
149
22
