43
140
110
69
160
17
63
122
158
146
91
36
90
193
45
66
48
167
84
104
197
191
189
61
176
54
152
116
130
113
133
47
99
196
154
67
100
192
132
2
178
142
169
83
46
94
65
108
82
177
27
81
34
41
183
3
76
138
164
136
73
135
88
14
53
64
148
98
137
72
131
168
187
147
200
186
125
29
111
174
165
23
22
44
60
188
93
96
24
78
49
115
141
38
114
143
194
184
155
120
15
171
153
21
105
9
77
121
112
166
109
86
117
95
139
33
57
190
85
68
51
18
31
102
127
42
150
16
12
1
156
25
79
8
71
52
180
151
13
75
179
70
97
55
144
126
58
40
59
50
118
195
37
182
149
119
39
32
89
159
134
20
11
28
103
181
6
80
87
145
62
92
107
175
129
162
106
185
30
124
5
161
4
128
157
199
123
19
170
173
198
10
35
101
7
56
172
26
74
163
