90
161
28
167
57
162
50
198
27
85
125
45
34
62
118
6
64
76
138
133
49
17
61
142
147
194
23
192
163
12
87
122
117
51
102
126
24
103
93
132
82
110
83
25
145
99
68
78
60
172
9
92
120
121
123
63
40
169
115
111
153
195
176
48
33
22
37
2
186
197
106
26
127
47
193
189
164
55
89
139
8
157
141
165
152
140
29
196
119
177
71
11
175
114
179
59
101
168
148
31
143
46
1
79
108
170
81
199
183
41
174
158
190
104
128
173
150
100
178
137
4
67
155
18
88
124
56
86
107
156
53
94
185
96
129
54
66
97
181
144
36
171
182
35
105
136
135
74
166
200
58
184
77
131
44
30
80
116
16
180
70
113
98
69
109
149
188
134
20
21
3
10
91
154
84
75
159
42
130
160
15
7
19
191
38
13
14
43
146
73
72
39
52
112
187
32
95
65
5
151
