147
178
4
21
69
77
82
151
176
45
26
152
48
6
51
58
23
165
111
189
163
43
174
89
87
29
83
171
68
93
47
70
10
167
15
160
121
186
31
158
100
170
49
56
145
27
94
41
78
140
13
139
127
76
146
42
116
129
142
135
88
57
2
184
157
55
102
61
153
168
132
36
101
52
1
91
107
172
156
159
59
182
40
72
64
122
190
95
148
71
84
25
133
188
125
128
183
108
117
50
8
144
17
134
3
175
90
39
187
99
14
150
136
53
123
115
34
11
155
164
20
169
63
119
104
110
120
112
126
185
5
16
97
24
166
103
7
154
35
9
46
179
92
177
44
137
141
80
74
98
62
54
18
113
12
38
60
22
73
130
19
28
30
75
118
131
143
106
81
33
138
124
181
162
109
180
105
86
37
66
32
79
161
65
96
67
173
149
114
85
