147
41
137
37
68
134
8
129
51
32
1
120
136
57
135
33
70
104
91
139
111
106
82
27
22
127
23
167
65
121
116
42
155
14
157
166
92
94
108
43
113
99
130
45
59
52
101
144
119
44
21
88
67
110
17
125
19
126
175
6
168
54
13
75
20
15
38
173
83
133
76
93
145
80
18
138
162
164
109
48
85
172
143
62
72
63
49
169
148
98
100
39
124
118
165
73
131
146
24
154
34
149
102
158
174
3
9
87
35
153
36
117
160
122
31
141
170
26
81
84
107
123
151
25
150
142
115
29
2
12
40
74
95
171
103
16
86
132
4
56
47
140
7
78
152
55
71
10
114
90
46
77
53
79
96
161
58
30
97
66
89
61
69
163
11
5
50
28
112
159
128
64
156
105
60
