93
193
2
158
183
96
167
112
108
29
194
34
30
169
27
173
162
100
113
155
15
8
39
163
72
1
58
35
31
23
4
123
132
73
151
146
69
115
68
184
160
129
33
139
25
165
164
57
44
119
131
140
10
144
54
66
99
126
82
80
67
88
61
92
95
180
138
176
188
161
48
110
192
189
47
83
63
104
97
62
195
13
127
152
150
85
137
147
190
105
122
12
43
159
94
65
51
154
75
156
124
21
24
76
81
79
37
174
198
175
55
38
114
32
9
109
186
128
49
87
172
177
171
187
106
6
18
179
181
103
11
182
102
17
70
125
111
199
77
53
14
135
3
143
101
56
170
196
149
168
116
60
50
64
91
141
5
45
133
166
22
118
28
134
117
185
20
191
84
90
46
71
26
7
157
130
120
42
40
36
145
121
16
19
153
78
74
59
178
98
197
86
148
52
142
107
136
89
41
