25
54
146
15
42
194
2
35
162
45
160
26
95
126
46
103
86
75
51
3
123
186
168
6
111
32
64
22
181
188
68
108
97
114
84
185
124
8
33
133
69
65
48
53
29
16
39
37
150
147
9
80
157
151
140
49
191
56
102
163
106
119
142
47
83
27
60
7
197
113
117
128
57
85
34
131
96
10
40
161
169
28
134
18
179
72
167
94
189
199
14
71
43
127
20
165
170
177
93
89
184
21
23
155
81
44
136
148
153
122
120
176
104
190
100
195
130
183
82
58
105
149
121
52
200
166
118
88
135
62
98
79
138
174
141
4
196
74
77
101
164
91
175
55
59
139
156
1
63
198
116
73
107
110
129
87
17
180
143
172
13
76
66
192
19
152
159
36
30
50
187
182
70
145
67
178
61
90
132
41
154
115
24
193
173
137
125
158
11
31
112
12
5
99
92
78
171
109
38
144
