30
125
38
91
114
111
124
58
15
152
87
180
138
143
133
159
7
3
47
141
175
148
126
151
39
104
173
66
40
140
108
19
21
74
109
193
6
178
105
132
123
164
61
54
37
187
18
142
63
185
121
83
120
162
118
96
191
59
154
183
14
22
67
12
186
75
198
93
89
64
79
43
85
147
195
135
29
174
145
99
5
2
69
32
33
62
60
167
8
45
103
57
177
86
16
158
129
128
56
13
90
10
182
169
48
77
73
130
122
50
165
36
163
70
190
161
153
98
102
9
139
107
119
117
157
41
115
20
35
179
4
46
11
196
51
88
94
110
25
101
72
31
168
52
199
184
81
97
49
127
68
95
82
53
192
42
23
84
181
116
134
113
131
170
200
26
172
24
44
149
137
194
166
156
76
92
78
28
171
188
136
65
197
189
27
34
146
17
71
112
160
55
150
176
106
80
155
100
1
144
