121
42
135
145
128
17
13
129
119
9
114
139
61
48
133
107
155
68
6
153
43
151
27
70
82
30
4
112
34
24
47
15
104
33
137
86
140
67
11
125
120
115
76
132
20
91
2
103
79
69
134
96
83
154
59
142
126
74
156
64
60
152
122
101
106
41
80
44
22
8
1
108
136
111
85
39
51
117
21
36
58
45
102
12
146
81
124
118
75
109
35
116
49
31
37
93
32
28
16
71
105
87
147
141
149
99
65
150
77
53
78
56
100
14
84
113
94
98
5
19
29
89
63
130
26
97
144
95
73
25
72
66
138
110
38
10
127
18
55
90
50
7
131
52
123
88
62
40
46
3
92
148
23
143
57
54
