6
39
163
66
192
71
42
160
125
189
103
194
154
143
48
111
153
1
114
50
149
88
117
73
105
29
185
180
191
183
136
178
7
100
91
132
95
34
108
49
51
146
96
152
127
164
172
60
187
144
18
140
26
56
4
61
64
36
118
16
23
168
38
169
123
15
113
2
12
30
72
68
19
63
22
182
20
65
151
145
179
156
92
25
109
197
35
137
173
5
147
195
83
24
21
106
78
116
119
181
177
134
133
3
53
174
175
176
188
139
120
128
97
57
162
75
101
70
28
46
67
69
155
62
45
54
14
44
32
104
84
37
41
47
186
87
59
93
124
121
31
86
165
90
110
190
161
10
130
170
27
55
76
82
98
13
102
58
85
138
193
199
167
107
129
198
159
158
171
79
131
43
99
150
141
80
17
115
148
33
157
40
74
200
89
77
184
126
142
94
52
196
135
166
122
8
11
81
112
9
