116
195
53
23
108
67
194
87
132
1
167
10
91
156
86
89
72
172
83
2
28
119
33
198
18
52
26
177
143
16
102
57
175
117
111
168
161
183
107
13
179
80
85
48
184
135
171
130
74
42
71
189
43
32
120
37
190
56
20
60
82
79
188
133
65
196
104
98
5
73
160
149
45
14
64
115
151
94
106
49
186
176
154
137
77
169
9
4
159
88
140
114
96
38
182
78
25
128
31
44
90
127
59
197
162
66
62
181
97
27
7
142
125
40
35
138
8
17
55
131
15
146
95
6
136
70
34
157
185
100
54
22
173
152
153
50
21
158
61
174
36
29
192
141
123
110
144
93
164
39
129
150
191
178
105
11
103
92
47
155
163
170
112
46
69
99
84
165
68
19
166
134
24
12
51
180
193
41
124
118
139
187
30
122
58
126
145
121
147
81
3
101
76
63
148
109
75
113
