181
86
179
9
46
76
92
176
33
61
165
180
26
84
65
164
139
80
112
5
168
186
126
74
170
149
36
194
107
64
175
130
98
141
117
13
118
42
7
29
103
47
40
2
154
183
122
158
23
172
30
198
144
150
39
200
99
56
115
169
145
82
188
153
138
129
19
58
177
133
24
191
53
78
105
11
44
166
87
71
32
45
127
108
167
93
43
136
100
182
123
187
104
137
101
148
171
22
10
192
143
60
73
173
116
20
140
3
48
52
114
121
81
50
147
111
17
41
15
131
34
124
18
155
178
128
110
6
160
8
184
134
193
197
162
16
85
174
125
57
83
109
95
1
119
199
97
70
25
91
27
132
90
49
28
113
196
190
89
67
68
106
14
157
79
72
163
152
195
94
96
62
12
38
66
161
142
55
120
77
88
63
146
135
75
189
35
69
159
156
4
102
54
151
31
21
37
185
59
51
