80
142
52
25
125
193
21
93
107
105
129
170
57
159
122
101
82
55
31
14
83
5
192
146
195
106
79
33
166
116
16
85
29
115
84
133
77
164
37
43
2
187
138
160
20
34
4
27
30
35
60
58
114
12
51
128
135
9
123
61
18
137
39
181
158
22
111
196
56
120
72
74
155
119
175
148
91
17
75
127
110
54
28
23
50
162
76
53
13
190
149
42
124
49
126
36
178
163
19
167
100
104
24
32
71
171
48
168
8
45
41
172
92
47
90
97
46
73
44
65
108
174
3
95
199
69
70
173
151
88
145
86
40
94
189
134
169
152
184
197
200
66
161
131
198
64
7
150
87
121
179
98
157
117
176
183
109
6
118
180
68
140
186
62
139
96
132
59
78
81
1
89
63
141
154
194
67
38
10
191
143
11
15
112
136
26
185
130
102
188
153
147
156
165
177
113
103
144
182
99
