81
79
29
161
80
28
41
56
184
175
45
126
19
102
52
2
170
159
135
106
83
178
9
146
86
76
96
185
188
189
97
85
156
116
140
66
33
90
25
37
12
112
137
77
152
127
133
177
84
180
190
70
82
38
20
121
105
199
119
73
153
69
124
65
107
167
150
142
144
179
42
160
95
173
74
139
50
181
43
168
64
149
4
36
154
7
196
200
18
72
115
30
176
195
128
39
171
122
59
111
174
27
104
3
132
183
63
100
23
197
169
24
71
54
21
67
11
194
166
191
129
53
49
147
44
130
10
108
138
163
1
16
109
57
92
134
14
6
155
88
99
55
78
148
117
17
58
157
47
131
198
89
93
123
141
61
8
136
31
34
5
151
51
87
68
32
186
165
103
125
75
182
110
145
46
94
143
60
162
164
35
98
118
15
192
113
62
22
13
193
114
187
91
40
101
120
26
48
158
172
