24
123
121
104
6
81
71
107
22
54
115
138
185
142
69
110
79
35
155
58
153
42
68
59
130
159
102
176
189
124
4
88
156
150
117
57
95
162
72
184
17
91
108
106
151
45
148
67
145
55
152
83
10
74
188
49
20
94
50
166
53
170
5
66
36
2
175
90
132
15
171
183
41
100
93
70
89
139
103
28
82
99
111
32
101
56
85
77
122
19
27
105
158
172
161
134
26
160
174
146
84
14
180
33
186
3
31
47
178
62
127
63
168
144
87
143
39
38
112
51
64
8
80
48
29
34
157
167
114
97
16
43
187
78
23
149
76
169
154
181
52
120
11
18
125
173
137
109
179
1
140
131
147
133
12
60
177
98
135
7
9
86
73
128
25
40
44
182
13
118
46
116
75
136
30
21
65
164
96
141
163
61
165
126
37
119
129
113
92
