91
49
70
8
21
33
66
48
110
1
159
77
101
14
23
44
187
134
100
117
12
6
111
137
63
170
169
126
144
195
43
178
160
58
59
31
189
38
130
161
56
29
115
13
83
107
30
22
95
90
133
143
200
119
164
78
171
99
37
35
167
146
18
116
166
74
158
196
54
5
156
185
57
60
34
151
176
80
163
139
88
183
3
73
82
86
112
7
131
108
104
75
114
174
19
98
125
103
123
47
50
122
197
162
132
72
94
51
198
165
172
32
93
89
84
182
42
71
4
46
79
124
180
154
120
140
69
127
145
25
150
67
2
173
135
157
109
68
102
188
193
26
141
92
184
152
129
11
52
40
128
190
168
106
28
87
85
177
64
186
61
17
194
153
39
97
191
10
62
27
105
147
138
55
36
96
121
15
65
113
149
142
45
175
9
53
192
148
41
118
16
24
181
81
199
20
155
179
76
136
