9
123
152
129
119
61
141
196
89
133
26
15
181
111
62
155
134
137
35
29
10
84
67
8
193
92
180
90
120
6
85
49
54
14
73
46
80
124
160
143
100
97
115
147
44
95
12
52
28
34
171
136
132
173
151
4
71
139
113
188
39
11
55
182
172
131
198
117
116
77
68
27
87
43
31
74
138
13
197
60
161
96
101
190
107
184
122
191
76
156
166
88
56
114
99
25
183
157
149
41
38
53
3
168
185
16
30
146
2
130
82
1
128
186
70
75
58
105
94
23
48
125
135
51
32
195
93
170
79
108
64
174
169
102
19
150
33
110
158
36
57
22
194
98
177
17
162
163
165
199
121
153
112
37
154
175
106
20
167
45
69
118
189
7
126
164
140
47
72
145
81
59
127
148
63
42
50
18
83
178
200
176
40
144
66
192
104
78
91
103
24
142
109
187
21
179
5
65
159
86
