169
91
78
51
122
47
147
97
57
121
50
150
109
88
49
80
144
75
99
148
81
90
166
185
114
61
52
77
4
16
116
89
67
175
119
3
69
145
46
146
95
45
110
191
55
85
76
156
11
170
9
103
101
24
142
160
1
172
71
40
22
196
102
26
59
29
108
79
113
162
7
13
56
86
54
194
93
197
63
158
154
25
139
60
198
100
149
179
120
187
44
107
48
195
157
31
131
192
171
10
181
176
132
182
184
58
43
84
8
189
112
111
35
165
20
177
126
70
19
152
123
64
163
178
183
174
62
180
6
141
199
167
105
92
161
23
164
5
73
39
155
186
72
124
188
151
17
53
173
117
32
37
137
138
38
200
15
34
115
42
159
18
118
106
83
30
94
140
96
135
66
129
33
133
21
98
12
14
143
125
190
74
65
82
27
127
2
41
36
136
104
193
168
87
28
128
134
153
68
130
