181
152
99
29
53
10
89
189
143
111
80
106
184
134
6
120
14
59
175
57
172
137
67
71
131
7
73
119
148
192
19
101
188
93
54
90
49
117
98
39
108
112
56
83
5
169
27
8
167
173
182
48
18
55
38
128
115
170
113
68
52
85
174
195
76
193
20
149
124
2
69
100
26
130
33
4
116
200
16
198
34
63
42
140
46
23
166
94
121
32
84
168
35
191
97
60
41
176
43
155
179
157
158
51
151
196
123
47
78
138
17
126
136
187
161
82
3
61
95
125
185
74
37
144
147
159
118
139
129
72
25
178
44
50
40
132
79
81
45
11
122
156
104
160
105
127
87
154
180
13
65
194
186
197
62
183
1
133
28
70
86
109
22
145
171
103
150
142
110
15
88
165
9
146
153
64
91
102
24
162
36
199
77
163
114
190
21
96
75
31
177
12
66
92
58
30
107
164
141
135
