93
171
70
45
147
87
161
95
119
104
29
38
136
175
124
138
41
163
62
27
140
47
94
123
114
110
46
144
28
159
130
143
9
44
141
134
77
152
84
177
78
98
97
112
115
155
30
32
128
154
164
82
23
60
131
39
61
53
174
100
25
5
117
88
146
66
145
81
172
113
79
26
126
80
150
35
4
63
116
71
51
158
118
65
151
129
12
85
103
106
58
108
169
7
176
92
89
14
168
21
2
55
40
36
121
3
74
160
166
72
86
59
50
135
120
133
69
122
91
173
68
11
67
73
24
127
179
1
8
180
156
149
52
57
137
75
22
148
165
153
99
170
15
162
64
132
18
43
20
33
139
76
101
83
90
13
56
6
48
16
102
167
178
31
109
49
37
111
42
157
17
19
54
125
107
142
105
96
34
10
