26
129
37
76
23
169
106
90
63
77
115
178
151
84
13
198
128
141
159
186
36
139
170
79
105
94
185
163
6
66
44
124
123
155
59
52
114
174
58
3
118
138
168
153
91
5
50
11
143
71
97
12
152
100
122
175
127
134
75
157
180
188
87
92
62
146
80
196
165
22
99
107
111
145
137
10
86
172
167
48
194
200
83
49
166
35
2
140
46
61
20
68
81
93
55
82
192
135
4
199
171
184
103
32
60
40
113
177
176
173
161
24
31
116
64
53
133
187
19
110
132
45
142
125
38
56
18
39
197
150
182
189
117
72
9
88
70
154
41
25
51
21
98
65
156
57
181
1
43
148
109
89
112
108
96
120
183
85
8
42
164
17
34
191
14
102
121
126
54
190
16
30
158
101
195
15
33
27
7
67
119
144
104
69
28
130
179
136
29
147
47
95
73
193
160
131
74
149
162
78
