151
55
2
17
21
1
140
6
11
41
7
14
13
8
12
32
28
88
153
74
59
16
10
18
63
129
22
43
66
47
39
23
42
19
146
34
31
58
30
3
71
178
48
25
24
20
45
77
52
54
82
184
120
33
193
132
53
67
26
49
108
97
38
83
29
27
80
56
92
75
37
65
162
191
46
121
50
134
124
117
9
147
35
172
99
180
36
78
170
144
118
150
70
5
96
68
106
84
154
64
138
126
136
137
102
107
44
40
182
60
103
105
85
135
95
73
156
161
94
174
183
51
189
91
113
15
87
186
185
188
166
142
125
81
195
143
152
115
57
76
173
123
100
104
159
131
157
163
90
69
164
148
101
114
169
127
112
141
158
200
109
194
160
110
190
192
122
93
79
130
197
167
86
198
145
98
116
177
61
175
111
168
196
149
155
187
171
176
89
165
119
179
133
199
128
62
181
139
4
72
