39
176
179
67
154
174
55
6
14
76
18
168
15
56
42
2
101
23
173
60
104
25
170
159
169
120
99
123
148
102
175
118
113
78
34
41
72
183
105
37
145
16
91
133
151
61
3
116
131
110
17
107
141
182
147
65
1
80
63
149
117
13
130
109
10
29
167
178
158
82
79
26
21
77
51
134
9
94
35
27
53
119
181
95
93
121
100
88
156
128
44
57
46
152
81
124
144
43
129
90
47
112
111
86
92
125
115
164
97
12
172
114
69
127
31
52
73
163
36
74
162
83
45
146
4
62
48
184
180
177
87
32
153
85
126
166
22
140
96
132
171
20
89
106
8
108
33
64
165
66
161
98
68
28
137
136
49
58
70
122
155
59
50
157
160
7
150
84
103
54
142
40
38
75
24
135
138
30
19
5
71
139
11
143
