17
15
18
21
56
73
81
89
35
49
50
80
51
12
75
14
43
28
5
47
53
74
82
64
38
3
26
92
54
84
95
58
33
39
60
29
46
44
72
59
2
31
40
13
65
100
85
97
76
98
67
66
11
16
61
9
55
4
10
23
32
30
99
70
79
68
6
69
57
86
34
52
94
45
42
88
27
7
22
87
78
77
83
93
96
25
91
41
62
20
48
8
36
71
90
63
19
24
37
1
121
153
106
136
180
185
109
127
131
132
157
102
154
158
194
128
111
118
130
147
156
191
184
150
162
173
186
165
183
181
126
188
123
177
164
169
176
175
198
135
151
182
152
160
143
161
101
144
189
125
103
193
179
115
159
148
167
107
122
163
197
124
134
129
195
112
142
120
172
196
166
104
174
108
190
133
200
110
170
171
145
168
140
139
116
105
178
137
155
114
187
199
113
117
119
138
141
146
149
192
