97
125
68
82
67
37
112
93
26
2
184
101
60
50
88
12
16
117
48
140
159
116
79
29
181
70
7
54
39
160
146
187
154
175
47
111
9
17
168
142
92
113
77
118
156
190
155
71
15
84
147
75
5
151
114
129
78
56
100
171
23
172
122
132
177
165
183
158
20
163
59
94
52
86
152
153
58
81
136
45
51
44
124
33
73
85
91
38
109
162
170
127
61
19
36
74
128
31
76
87
24
108
13
161
4
35
164
99
197
182
106
1
157
42
80
72
102
169
120
141
192
14
43
167
131
10
66
133
186
104
28
105
27
137
145
148
194
126
178
22
90
46
103
30
130
188
63
18
65
11
3
196
83
98
32
107
195
166
41
119
121
139
115
25
199
179
193
185
174
64
144
110
95
189
173
143
49
96
40
180
198
89
62
55
134
34
53
176
57
191
69
21
6
200
149
135
138
8
150
123
