169
173
118
91
146
83
117
125
31
23
38
65
18
189
105
141
167
152
193
165
43
54
199
132
21
140
42
28
39
48
175
70
36
84
89
137
93
97
59
127
143
7
47
16
162
135
34
155
46
179
159
191
121
66
153
53
133
15
187
56
74
107
200
129
44
8
177
37
63
69
96
198
60
103
49
148
124
55
154
75
86
128
160
170
192
178
168
188
77
4
40
110
138
174
149
130
14
88
82
3
52
20
12
27
26
95
113
102
166
122
62
32
25
98
99
51
68
13
183
5
50
92
1
186
29
94
114
195
123
80
100
87
73
2
119
161
19
142
30
85
61
172
176
147
58
57
33
126
157
90
35
45
67
104
41
181
158
144
78
164
190
106
151
108
10
150
120
196
24
145
72
134
139
81
76
9
131
163
64
112
136
194
6
180
171
185
182
184
71
197
79
116
17
101
109
22
111
11
115
156
