164
165
41
14
132
2
93
23
31
49
1
12
63
190
57
71
173
9
48
161
61
119
65
107
6
60
68
139
70
185
121
89
198
103
141
99
64
15
115
178
91
196
32
96
102
177
153
27
20
8
127
168
100
24
151
81
94
76
181
150
79
175
46
37
145
154
144
170
133
135
75
26
53
187
66
42
174
200
138
163
36
117
116
158
176
55
50
191
172
97
69
171
110
59
86
19
7
123
126
104
136
155
128
188
142
149
21
58
129
146
148
112
184
159
118
105
169
108
140
13
43
157
51
147
186
192
101
5
90
52
183
88
197
54
130
122
152
87
85
74
160
162
25
16
35
82
28
77
47
120
34
95
194
80
29
30
98
167
84
134
179
111
131
189
67
113
3
124
78
45
72
193
33
92
125
40
166
106
195
143
18
38
17
22
156
39
56
109
83
180
4
44
10
114
73
62
199
137
182
11
