135
200
81
112
117
47
129
147
193
170
8
89
184
186
119
102
187
97
95
52
125
128
30
72
49
74
1
154
120
20
18
43
139
71
115
54
65
101
80
60
69
9
22
194
61
173
48
188
10
124
141
132
27
159
59
114
40
77
7
64
198
121
123
145
105
149
165
175
169
127
190
85
155
103
171
199
104
84
197
24
35
37
68
176
2
111
39
179
23
55
181
82
66
107
3
31
13
17
56
167
100
166
90
87
156
28
130
51
96
86
36
164
46
11
161
21
33
108
140
113
42
14
185
182
29
38
183
126
158
144
16
122
106
6
91
189
180
78
73
151
143
178
157
62
148
57
92
75
146
150
4
34
50
32
26
137
76
163
58
19
152
136
53
88
5
109
44
45
110
93
138
98
160
191
133
67
162
131
177
70
41
174
12
192
153
196
63
142
15
94
172
79
195
134
25
99
118
168
116
83
