153
63
172
164
170
124
82
56
24
100
159
19
125
22
173
81
94
39
35
42
1
12
8
96
40
84
143
66
67
104
15
116
113
90
2
98
169
140
74
107
83
112
122
150
28
64
70
9
118
14
106
86
126
11
4
47
146
163
136
135
123
34
133
88
101
128
145
13
62
129
18
49
43
52
152
41
71
89
16
137
10
155
130
85
78
69
37
105
3
55
51
29
6
5
121
174
72
61
79
161
114
117
119
57
75
32
68
149
23
53
87
109
148
102
120
59
50
26
60
48
141
167
166
93
73
95
147
77
134
27
31
17
46
58
38
80
108
45
54
144
97
92
99
103
154
21
111
171
162
138
142
110
158
175
44
160
168
30
25
20
139
36
165
76
127
151
132
65
7
157
115
156
33
91
131
