50
54
79
105
180
102
145
13
111
122
14
64
21
171
152
161
126
30
67
55
94
127
114
159
173
106
128
51
96
129
143
156
198
135
120
190
65
164
49
168
3
70
188
109
110
11
151
69
186
56
116
185
115
9
167
84
27
132
170
92
12
82
25
158
95
153
97
20
179
74
146
199
91
42
53
133
52
10
101
39
141
61
47
112
163
121
63
35
113
119
17
2
34
23
118
175
83
176
32
184
177
4
77
196
29
144
68
130
60
160
162
57
169
157
93
197
36
149
123
89
100
48
46
104
187
131
108
178
71
103
75
138
76
192
33
62
8
142
140
191
155
7
189
59
174
125
124
73
182
66
150
99
183
24
15
81
136
181
134
26
45
58
37
98
41
80
165
28
139
137
43
44
193
166
148
5
1
6
16
31
88
194
22
19
40
117
200
87
18
172
78
147
86
154
107
72
38
90
195
85
