139
87
38
91
108
74
67
22
150
157
186
44
66
98
187
56
123
96
106
181
107
165
39
127
28
1
133
45
191
83
124
174
188
112
199
137
37
35
173
47
175
126
105
168
4
51
59
104
21
131
114
194
6
29
24
71
32
97
177
70
77
118
73
62
132
90
179
143
3
30
31
103
166
78
100
93
129
13
49
64
8
151
185
161
120
65
149
198
48
128
41
125
122
68
171
16
84
5
101
135
60
2
81
159
172
69
53
169
190
167
109
134
14
147
116
89
192
80
61
34
164
113
19
36
75
119
99
160
110
15
156
86
195
25
121
102
155
144
88
142
148
200
52
141
23
40
152
162
54
43
189
95
63
17
136
183
145
46
146
111
50
163
138
178
85
33
180
7
176
12
10
182
170
140
20
55
196
76
58
115
92
42
82
117
153
27
130
26
154
11
94
9
72
197
184
79
158
193
18
57
