41
46
135
113
102
148
8
17
184
133
95
22
5
118
82
127
81
104
200
47
74
33
30
48
195
188
120
38
158
3
84
40
45
67
85
121
163
99
68
189
166
77
101
183
70
39
37
112
42
56
55
32
61
160
90
144
116
177
126
4
87
123
193
179
130
53
29
154
165
36
180
181
172
94
93
115
43
156
78
1
140
11
132
192
2
75
117
159
150
6
89
10
76
52
19
171
178
83
187
110
97
34
191
62
186
145
7
169
182
173
196
31
59
107
13
197
124
141
128
24
63
152
155
164
16
21
105
136
23
170
69
66
139
168
153
119
175
143
88
190
129
157
131
100
57
12
176
125
35
194
114
138
91
161
44
134
72
64
20
26
108
54
167
149
71
185
198
9
103
50
146
80
86
122
60
18
58
73
28
151
51
106
199
174
15
147
14
25
96
98
27
65
49
137
142
79
162
109
92
111
