147
91
142
117
135
171
166
179
145
122
152
172
178
188
159
102
162
163
127
168
89
10
190
170
157
120
195
193
174
114
155
138
108
119
131
112
165
124
198
111
105
177
107
130
158
183
143
151
156
164
15
169
123
103
134
129
118
173
36
60
125
189
150
139
199
133
176
161
197
180
113
153
3
35
196
194
109
47
100
186
184
80
115
121
148
146
4
50
175
29
53
187
141
106
45
84
116
200
181
140
191
58
126
149
128
1
154
52
61
88
90
137
160
12
132
192
57
99
167
77
85
46
69
75
93
144
70
110
23
27
8
185
31
94
6
49
41
182
101
26
24
39
22
136
48
81
82
78
104
71
65
5
67
73
51
30
66
16
32
11
20
59
37
86
13
38
18
40
72
63
54
7
19
83
2
95
9
17
87
98
28
64
62
97
42
43
34
96
44
92
79
55
76
14
56
21
74
25
33
68
