118
7
117
9
135
23
27
33
85
108
76
55
125
32
97
59
22
28
61
78
25
175
99
30
14
43
139
38
67
116
54
77
115
158
148
42
3
145
1
186
190
133
187
72
200
90
24
21
26
19
87
88
192
10
53
91
149
120
35
140
95
173
157
163
50
101
52
164
129
6
57
197
66
146
15
73
4
166
132
49
141
184
110
127
112
136
199
74
162
56
75
114
161
39
143
122
134
156
46
193
12
196
171
104
86
37
138
198
165
93
160
98
111
48
103
102
182
34
71
147
63
36
183
123
13
128
189
126
81
18
79
107
82
47
150
20
106
153
65
60
58
151
178
168
45
80
130
188
70
131
29
152
113
172
62
96
41
11
169
176
100
5
124
105
31
92
51
68
64
8
94
154
84
69
170
167
194
180
195
2
144
191
142
137
109
121
40
185
159
155
83
177
119
181
44
17
89
16
174
179
