108
66
155
14
95
154
4
116
58
63
114
147
156
10
42
102
120
98
169
109
53
99
176
88
171
103
132
121
139
83
125
174
162
30
55
18
26
111
157
106
50
61
131
21
107
137
3
173
91
124
136
128
126
178
24
48
9
33
165
150
151
12
105
54
43
170
110
70
90
175
80
28
6
5
84
164
119
23
37
68
74
113
72
71
115
122
1
148
96
32
167
73
75
64
159
77
146
25
45
142
17
144
145
15
46
163
118
49
166
134
152
67
141
133
104
130
92
179
76
160
11
8
117
13
100
19
40
36
29
47
62
123
153
85
20
87
44
82
34
149
65
89
59
127
16
168
35
140
27
161
41
79
39
86
94
7
112
172
60
31
38
135
101
97
138
177
51
57
129
81
158
69
56
93
143
180
22
78
52
2
