113
107
109
84
147
30
184
179
128
182
61
34
79
82
18
44
93
76
75
45
161
153
139
55
177
157
58
59
62
38
5
26
80
108
67
69
172
138
6
145
170
123
24
140
130
54
22
92
12
88
28
119
112
158
64
180
78
3
96
187
70
178
118
95
191
160
181
167
42
63
25
166
83
129
56
100
110
106
36
117
165
137
163
133
126
53
104
156
1
134
175
21
169
31
171
150
122
4
155
101
99
41
189
68
132
159
188
124
74
20
185
148
52
23
111
94
154
13
116
77
146
29
49
141
97
16
60
193
19
190
33
192
2
121
136
65
120
127
40
9
46
32
105
197
103
131
43
47
149
11
102
200
37
17
199
91
51
168
135
144
174
186
173
57
71
85
194
7
87
89
90
125
115
143
50
35
164
81
183
98
8
196
72
15
198
114
86
66
195
39
10
176
48
162
152
27
151
73
142
14
