115
136
109
121
104
130
148
146
131
102
107
127
124
117
132
138
141
105
122
120
103
140
149
108
123
150
145
142
139
134
147
137
114
111
143
113
119
135
112
118
101
106
128
125
110
116
129
126
133
144
183
82
86
37
64
60
78
69
57
91
63
65
55
54
76
62
56
87
66
97
93
61
92
74
80
100
94
58
59
73
158
71
85
99
51
47
195
68
79
83
77
53
89
170
156
75
81
190
98
21
1
72
96
52
181
88
70
29
164
67
19
6
23
42
172
187
176
178
45
43
163
5
174
49
171
31
35
12
41
169
167
27
84
157
162
13
7
189
192
200
3
9
38
11
165
33
199
25
15
17
153
39
159
95
166
14
185
32
152
161
50
198
180
44
173
30
34
36
40
90
196
177
175
186
20
2
194
8
188
4
179
168
28
151
182
155
22
10
48
184
16
18
193
160
197
26
46
154
191
24
