86
3
125
191
141
128
103
93
121
150
138
120
21
11
60
176
35
170
145
33
53
149
118
142
39
31
164
17
44
122
66
161
88
119
166
32
114
83
199
154
78
133
104
197
171
187
180
163
85
42
90
41
8
56
9
179
117
177
47
168
173
59
192
87
98
112
37
30
38
196
147
29
68
140
23
156
34
92
169
64
134
94
95
124
51
193
101
45
160
26
143
99
25
96
80
172
89
91
178
1
135
132
52
126
188
54
36
55
74
144
14
175
129
97
167
130
108
113
28
10
155
189
116
109
79
131
18
111
182
200
5
137
185
82
49
71
190
158
100
181
151
183
19
76
72
148
194
165
4
153
43
186
84
139
105
123
159
162
136
75
174
65
22
58
40
110
63
127
69
102
198
146
184
48
50
157
7
12
195
46
152
13
15
70
106
6
62
2
77
73
67
57
24
61
107
115
81
20
16
27
