118
31
17
131
29
93
107
58
54
55
159
116
35
72
141
133
67
138
24
144
115
28
45
16
7
157
101
70
97
136
9
73
126
25
134
15
36
120
19
37
94
65
121
44
122
127
23
143
150
114
158
151
95
18
155
21
117
33
3
64
109
160
69
52
111
20
99
79
113
148
145
71
68
91
5
85
38
142
80
62
14
75
132
22
78
123
96
156
86
81
129
90
104
60
57
110
34
56
128
103
61
130
13
48
161
11
112
84
51
30
154
66
27
47
82
149
125
63
124
77
140
87
50
108
74
10
102
105
153
39
135
12
2
46
43
49
32
100
88
41
92
26
40
98
53
106
6
1
83
89
119
139
137
152
146
59
8
76
4
147
42
