128
198
150
38
77
109
114
106
56
134
73
18
123
40
173
10
193
181
91
80
88
191
115
23
50
47
138
95
177
119
16
113
145
101
31
74
81
108
64
104
42
79
153
146
178
163
103
39
160
187
189
124
12
4
24
49
96
148
9
92
65
200
174
122
51
82
143
67
66
116
35
83
172
147
105
127
132
186
158
110
57
61
22
188
136
63
176
8
168
84
44
14
19
11
86
21
151
27
112
94
28
141
135
75
154
167
58
184
69
33
180
17
179
139
129
71
159
155
48
175
7
183
45
195
89
59
30
169
157
149
126
54
36
118
52
78
70
97
171
1
137
194
2
152
41
142
98
144
161
102
192
125
164
60
190
131
166
170
15
53
111
107
199
185
34
133
156
37
20
196
100
182
87
25
121
62
117
55
140
5
120
197
130
93
6
13
99
32
29
85
72
162
26
46
3
76
43
68
165
90
