68
191
49
158
188
69
117
59
22
8
118
168
167
107
125
165
134
174
77
90
47
4
14
141
114
84
123
73
184
74
61
31
152
101
94
173
146
23
19
50
171
76
82
91
136
159
1
150
36
126
43
96
92
177
89
198
26
172
70
121
83
62
142
133
75
166
34
122
147
135
2
189
169
163
12
179
56
71
7
55
124
132
67
192
17
140
57
16
79
190
115
42
44
15
95
196
63
93
181
32
164
110
99
119
39
60
78
28
139
143
186
148
113
53
144
130
86
66
151
46
162
6
197
72
138
3
131
37
120
18
200
41
35
102
48
10
109
145
85
45
129
111
149
116
178
128
155
13
25
65
5
154
137
185
180
157
27
160
40
108
175
51
195
11
187
193
38
183
100
156
97
29
54
9
81
24
58
194
182
105
21
64
104
106
80
153
161
33
52
20
112
176
170
87
127
199
98
103
30
88
