120
145
57
85
172
132
149
8
1
112
41
168
4
130
193
128
99
188
22
15
70
166
78
109
137
34
77
165
21
29
24
42
133
98
82
104
141
177
150
148
114
96
88
161
64
117
43
116
107
151
118
196
19
55
3
33
115
27
147
94
47
158
126
155
194
195
103
10
89
143
36
32
167
131
84
156
83
192
108
142
56
39
183
45
87
61
200
157
75
160
97
28
144
67
113
50
79
186
71
110
81
35
171
17
48
127
121
154
25
53
111
139
11
181
74
37
134
124
169
125
184
65
182
178
69
49
9
173
16
106
180
40
6
72
123
80
92
152
187
146
191
51
5
176
66
59
93
20
162
44
13
62
90
102
179
199
122
2
68
46
91
95
100
86
58
73
189
197
136
163
76
101
164
18
174
190
54
159
135
52
60
129
38
14
153
198
138
175
12
23
31
63
26
30
140
105
170
7
185
119
