110
16
60
87
4
108
153
30
1
189
69
158
61
173
57
8
21
129
92
34
183
133
138
58
79
81
91
40
11
107
123
163
29
179
149
121
134
180
47
169
98
124
80
166
154
59
126
75
112
115
44
46
111
72
141
157
146
171
38
174
88
18
190
147
159
3
76
41
19
188
49
99
23
82
65
55
135
117
48
2
9
132
125
52
22
32
7
26
37
122
66
42
74
28
136
90
160
78
67
103
105
43
71
109
116
148
45
137
172
168
104
89
94
182
167
70
187
68
161
128
143
62
12
33
151
6
184
102
177
10
165
27
120
114
36
53
25
84
14
51
101
119
35
83
170
77
176
178
63
85
106
17
118
96
156
54
86
130
175
186
162
39
73
5
31
164
15
13
139
50
131
56
152
93
20
142
127
95
155
140
64
144
185
181
150
100
113
24
145
97
