151
16
132
186
95
131
195
29
5
126
170
56
180
125
47
162
97
193
39
70
110
119
21
43
60
174
181
62
102
184
196
160
141
143
161
68
185
98
173
71
57
69
165
156
74
34
116
73
50
37
104
120
23
26
54
192
135
59
148
169
3
41
82
67
87
44
191
146
84
177
190
77
140
163
112
81
48
133
14
142
179
188
1
99
153
127
111
85
100
138
149
144
64
171
78
189
187
76
45
18
115
79
38
91
128
72
61
109
9
93
65
117
199
13
63
8
105
197
88
36
168
159
35
42
139
113
114
20
178
52
200
32
7
15
10
49
150
80
124
121
183
152
176
145
66
194
175
96
30
33
107
123
198
157
27
90
12
83
166
19
101
31
136
92
2
24
25
75
40
11
158
51
22
4
122
134
172
55
28
46
53
167
155
129
103
147
6
108
94
86
130
154
106
89
17
118
182
137
164
58
