9
20
154
50
107
2
15
10
6
49
4
14
31
139
84
57
53
28
33
39
51
126
46
82
65
161
21
54
72
151
117
41
80
60
62
13
158
164
130
68
166
64
5
34
1
8
150
76
22
152
105
63
74
66
67
32
26
58
108
128
59
12
61
56
149
73
52
11
112
69
153
124
55
104
71
97
36
78
163
79
75
155
157
156
159
109
137
106
40
138
88
70
132
48
38
113
47
87
160
29
85
3
169
131
129
115
86
119
7
44
45
118
125
133
23
43
148
127
25
83
96
30
140
142
168
77
120
27
24
18
162
19
35
116
95
144
94
17
81
165
167
42
141
37
90
134
111
143
170
101
93
92
16
98
123
99
89
122
147
146
145
91
110
135
102
100
121
114
103
136
