59
15
116
184
148
1
160
151
28
62
32
33
51
66
142
182
125
168
38
138
96
57
54
80
152
101
89
166
97
19
61
172
91
174
37
163
10
118
114
70
105
154
185
119
47
84
183
6
3
162
132
156
141
63
180
16
34
99
85
49
131
186
161
140
113
167
135
130
48
171
137
90
133
158
81
40
173
93
145
143
98
76
165
50
179
159
35
46
107
104
86
2
74
122
39
20
27
8
45
181
127
115
139
108
17
136
14
12
13
21
4
18
169
77
7
110
155
41
157
95
87
88
146
112
134
123
164
120
65
106
29
52
100
56
69
30
144
71
94
149
147
170
129
109
44
36
53
102
42
11
178
23
111
82
31
176
72
43
103
5
83
75
92
187
78
25
150
126
128
9
64
67
153
124
55
79
175
22
26
24
73
177
68
58
121
60
117
