71
101
47
80
194
124
192
185
46
176
81
144
120
167
53
175
45
161
114
63
182
164
41
22
33
136
200
169
31
138
60
4
173
121
38
102
127
156
184
105
1
134
125
17
137
178
196
84
54
52
62
159
18
28
25
85
77
87
195
43
90
76
188
93
166
109
97
107
119
64
8
39
163
61
131
108
75
193
187
143
88
20
179
26
21
189
12
191
11
183
27
73
49
116
112
170
181
40
72
36
162
95
110
150
82
118
69
147
98
115
174
190
100
180
19
14
34
51
42
2
152
172
6
168
91
9
104
35
94
66
141
23
78
133
7
83
149
130
48
186
13
56
123
29
30
142
16
177
139
111
67
117
70
146
135
171
158
79
37
165
140
24
89
50
58
145
68
151
44
126
153
198
15
96
32
59
10
129
199
128
92
113
55
86
160
132
103
57
74
148
197
65
155
154
3
122
99
157
106
5
