62
180
60
61
57
103
59
108
109
58
104
172
105
106
107
126
156
128
125
129
134
124
122
123
176
121
120
119
130
114
115
116
117
157
166
112
132
79
155
100
102
138
101
44
140
173
51
55
66
110
111
158
177
127
77
179
87
187
151
93
185
94
95
96
141
167
171
197
131
113
137
50
178
82
99
98
97
39
162
183
195
186
68
76
11
12
13
14
15
16
17
18
153
20
26
22
19
25
23
24
21
27
28
29
30
45
65
184
78
164
75
135
56
52
67
196
188
90
54
69
40
143
169
199
200
74
88
85
41
86
89
63
136
150
83
165
70
42
133
118
71
2
6
7
182
4
10
1
3
8
9
5
43
72
142
64
174
91
73
154
47
152
163
81
160
198
80
49
161
139
46
38
48
159
170
189
168
84
92
53
36
35
34
149
33
147
194
146
32
148
175
193
145
144
192
37
181
191
31
190
