31
195
99
196
73
122
49
138
199
51
36
126
75
44
94
163
47
160
45
177
82
135
127
79
106
100
114
152
117
60
140
33
136
41
17
107
84
28
70
34
74
120
174
12
172
8
59
20
25
134
53
87
121
4
42
30
26
170
182
165
103
15
150
56
116
61
104
198
109
98
166
92
141
40
63
115
186
86
52
149
125
29
158
130
10
146
178
143
197
167
112
147
2
164
19
78
67
124
16
156
162
89
35
175
66
108
110
38
173
181
54
157
145
153
144
155
95
123
128
24
77
185
48
3
72
113
21
168
1
171
6
9
190
46
81
68
101
80
188
184
65
23
57
119
71
176
93
96
139
27
97
154
69
62
85
132
189
43
133
179
83
88
118
102
193
151
39
14
159
22
129
183
111
7
192
55
169
200
161
142
131
50
13
137
191
58
187
91
148
105
194
90
180
64
37
76
11
18
5
32
