76
46
144
7
63
132
45
57
109
121
126
32
159
164
24
180
25
94
2
37
14
8
73
47
135
50
92
23
183
9
148
167
111
69
65
129
68
49
157
104
178
130
150
87
48
70
108
62
3
123
93
34
120
18
19
91
103
43
55
51
86
100
149
137
131
42
173
119
116
128
4
188
80
12
142
158
122
78
174
114
22
77
17
61
99
153
54
41
39
165
141
101
151
52
40
107
181
152
166
36
33
139
106
64
179
172
184
89
113
71
85
10
31
84
186
154
105
35
118
147
66
27
160
74
102
38
16
98
146
56
58
163
26
127
79
115
138
67
125
185
95
161
134
168
140
20
29
82
1
75
59
110
5
53
133
21
90
156
96
97
169
44
83
182
187
145
155
176
13
175
72
143
171
11
28
124
177
136
60
15
30
112
162
81
117
170
88
6
