88
35
71
91
22
174
141
140
151
5
74
175
86
144
25
45
2
53
125
49
23
83
87
171
186
24
180
65
78
33
182
26
181
55
70
135
52
51
148
79
39
77
108
150
146
40
164
68
179
159
113
118
189
10
147
120
75
138
129
42
44
154
64
192
188
145
107
95
29
190
152
183
43
96
62
128
82
84
3
149
48
170
93
98
9
123
103
47
158
80
126
169
161
127
90
60
20
59
185
119
69
130
61
30
14
50
32
27
112
73
157
176
136
19
155
177
6
100
89
116
66
38
131
156
178
1
105
143
97
160
94
92
132
137
36
63
134
106
99
163
167
58
37
12
111
46
165
54
115
101
187
21
114
4
104
31
172
34
191
13
153
162
17
124
41
85
56
15
16
109
76
72
57
193
166
142
11
168
81
110
102
7
184
173
8
28
122
139
121
117
133
18
67
