155
137
129
168
37
132
173
121
69
29
112
40
184
99
196
11
18
34
183
156
23
164
27
17
3
111
30
181
177
4
113
55
187
143
58
106
67
150
174
190
49
119
50
135
15
101
157
22
90
199
169
41
161
81
74
8
123
78
105
160
54
73
62
172
110
175
85
140
5
141
159
70
189
64
186
107
182
131
108
120
138
10
198
148
7
102
88
31
66
43
152
52
95
180
127
115
60
165
162
71
92
117
61
166
114
14
100
191
77
24
80
26
84
9
59
45
178
87
39
97
170
98
142
19
56
179
51
35
86
128
193
13
63
12
133
126
68
42
96
38
94
116
53
153
21
2
93
154
195
167
47
144
82
134
72
122
146
28
118
145
109
83
20
130
103
57
147
91
125
139
163
104
149
136
65
36
158
32
124
1
25
6
33
194
44
89
16
46
76
48
192
151
176
188
79
75
171
185
197
