78
35
49
138
3
148
158
186
25
117
100
18
119
56
71
33
120
32
12
198
102
17
155
131
122
34
152
156
197
7
4
191
112
163
101
123
70
190
52
200
95
72
161
21
147
13
182
135
126
196
96
130
66
106
20
87
24
26
133
132
73
151
94
176
79
146
8
139
39
140
30
61
77
6
168
54
192
76
178
45
162
164
51
177
84
167
181
114
150
37
65
110
60
23
107
22
40
86
136
145
69
31
53
63
1
57
109
64
58
195
55
129
189
116
10
127
80
121
118
67
180
193
88
98
2
128
199
108
92
15
124
173
142
9
166
5
29
175
14
41
144
93
157
115
28
83
154
44
19
149
36
68
85
47
141
103
169
11
42
174
184
172
43
179
137
48
99
160
187
91
194
134
125
113
188
104
185
105
170
171
153
159
90
111
46
75
74
27
165
38
143
62
16
50
183
59
81
89
97
82
