91
174
190
187
180
89
10
157
194
188
196
15
175
115
36
60
152
136
170
165
113
3
35
168
117
120
124
189
116
47
133
137
107
100
135
192
172
173
183
121
80
134
171
4
50
182
198
102
29
128
53
122
45
84
58
1
52
61
88
90
126
151
129
12
197
112
57
144
99
77
191
85
185
179
46
69
75
127
104
93
156
70
23
27
108
149
8
145
159
31
94
153
6
49
41
106
26
24
39
139
22
110
48
148
81
82
78
114
181
167
162
71
155
65
5
164
154
67
160
73
51
30
109
66
16
32
11
20
59
37
86
13
111
163
38
18
40
177
72
131
63
147
54
7
142
101
119
19
83
2
169
95
125
130
195
118
193
161
178
9
158
186
150
17
146
87
138
98
166
123
28
64
62
97
42
43
34
96
44
103
92
79
199
55
76
105
14
56
184
141
132
140
21
74
200
25
176
33
68
143
