90
99
24
156
84
81
108
147
144
129
126
162
48
33
102
3
51
96
111
87
168
153
66
42
27
57
54
45
150
93
165
97
133
7
58
113
15
41
112
159
105
78
23
88
123
75
55
59
18
155
95
22
46
148
70
139
68
64
161
6
34
132
73
124
29
36
35
127
86
1
4
140
109
125
72
114
149
47
13
117
94
166
67
37
76
154
69
115
160
71
39
63
10
122
121
61
145
38
62
142
77
158
82
80
163
170
25
40
21
92
164
31
53
43
44
131
83
65
12
134
103
118
11
74
107
91
32
9
89
16
98
17
120
79
28
106
167
100
52
2
20
19
30
128
130
116
152
104
135
146
60
5
8
110
137
141
56
136
119
50
151
49
14
85
143
138
26
101
169
157
