58
92
71
122
1
153
144
39
149
70
107
24
49
32
167
83
87
164
53
132
104
86
50
26
121
23
36
65
170
69
21
127
116
166
94
44
27
3
76
31
93
154
59
56
7
110
117
82
13
140
35
137
90
134
139
99
61
138
2
37
150
146
142
28
125
95
163
57
108
143
75
169
66
45
118
119
33
98
165
136
84
131
51
157
162
101
88
38
103
106
63
100
111
114
152
77
72
48
17
20
160
34
80
113
4
159
6
126
124
68
102
81
9
123
161
155
147
168
112
141
173
10
171
25
12
30
22
18
156
5
89
145
135
64
55
129
14
115
133
43
62
97
105
60
52
109
79
73
46
148
151
158
54
40
172
78
16
15
29
74
41
91
67
8
85
128
130
47
120
96
42
19
11
