145
129
86
123
107
147
19
135
139
80
158
78
137
90
101
11
132
33
20
85
4
50
58
12
103
89
66
37
70
102
7
109
95
55
141
106
10
117
150
62
34
67
56
46
88
27
44
6
21
156
92
35
43
122
45
87
130
128
136
8
144
94
15
2
14
75
25
57
83
60
73
61
41
133
51
115
24
138
5
28
119
97
3
118
116
120
96
30
126
140
36
52
142
59
112
149
114
81
155
146
13
9
153
124
151
26
68
69
22
17
113
157
32
84
38
1
39
105
53
48
125
100
76
121
47
154
64
79
91
29
152
143
54
159
71
93
42
16
104
65
131
63
127
134
148
40
82
74
108
72
49
98
99
31
111
18
77
23
110
