117
127
99
16
129
157
50
15
1
161
94
188
6
128
100
180
35
68
53
37
83
54
160
130
137
91
158
62
70
55
57
184
135
102
90
86
11
76
185
146
2
154
121
10
51
124
52
116
87
25
101
172
159
59
136
108
167
120
178
81
56
149
92
32
12
131
164
29
33
165
192
13
112
132
7
65
174
125
5
98
69
163
196
177
74
114
44
58
75
169
134
27
126
20
47
153
78
26
45
142
166
105
96
95
89
73
175
97
113
84
118
31
46
187
36
198
147
17
71
8
67
41
115
77
66
195
93
155
48
63
23
143
64
4
122
119
106
189
176
19
199
60
21
156
39
110
22
170
182
171
18
140
107
103
79
200
141
133
38
72
9
186
85
197
138
49
109
61
34
123
173
168
151
82
30
40
145
193
88
144
14
179
80
194
152
42
181
150
162
148
183
3
111
139
43
24
190
104
28
191
