42
40
179
39
44
182
161
55
4
15
5
140
32
157
187
29
105
43
150
115
82
139
62
64
121
176
70
13
142
106
160
75
131
141
192
145
186
73
195
118
86
88
164
12
63
91
165
196
197
81
152
23
151
124
173
133
95
52
162
184
14
114
167
116
153
85
48
16
94
69
79
127
10
9
148
104
78
129
123
189
110
1
18
72
185
67
68
46
194
156
33
89
137
30
2
11
136
66
25
8
117
27
56
93
166
120
138
154
76
17
177
143
113
147
97
107
159
35
112
96
45
191
92
122
175
41
125
188
28
22
57
7
183
109
53
132
169
24
54
171
190
90
101
158
80
83
155
65
50
181
38
111
135
31
34
146
74
198
84
99
108
128
49
60
71
180
178
21
126
168
170
51
174
193
119
59
199
20
77
149
47
87
102
37
3
26
58
36
163
103
61
100
200
130
172
6
98
144
134
19
