86
39
111
121
85
104
10
158
40
113
12
33
84
137
102
76
149
57
22
138
88
41
30
120
61
19
147
49
67
36
73
9
96
24
27
87
23
108
90
48
112
4
126
116
71
101
109
82
124
50
5
56
106
134
16
92
28
35
150
66
65
80
135
59
136
98
58
155
89
47
15
133
70
156
78
7
8
54
20
3
145
42
151
6
142
100
72
132
103
144
107
34
68
31
74
21
141
115
114
77
55
2
154
29
13
127
94
95
146
131
64
38
153
60
110
123
139
91
53
51
152
11
26
129
99
140
148
125
14
130
32
119
93
157
81
118
128
105
52
97
46
117
37
75
83
45
79
17
62
43
122
25
18
63
44
1
69
143
