100
89
96
164
137
12
179
2
154
104
125
147
75
106
5
174
13
85
49
161
77
33
31
176
200
50
156
119
190
130
143
11
175
54
58
134
151
66
186
192
10
105
15
46
101
180
144
61
86
78
133
35
141
155
80
193
40
81
39
128
110
45
3
169
34
6
59
131
142
185
171
73
25
37
116
62
127
135
117
181
199
67
153
17
149
129
123
146
188
140
103
65
177
32
198
28
14
113
197
91
52
64
56
166
108
184
19
182
74
41
68
111
83
82
94
60
20
95
187
138
92
8
79
7
4
122
115
84
87
43
55
63
107
24
53
21
183
165
44
157
109
148
152
51
139
102
18
70
42
189
118
57
163
72
172
88
173
23
16
69
194
30
120
93
167
150
22
29
36
162
159
196
47
112
170
136
168
26
191
114
98
76
178
132
48
145
126
121
97
158
71
160
1
27
195
38
124
9
90
99
