5
20
131
168
195
85
94
70
23
41
147
49
184
92
194
12
183
19
15
170
151
115
93
129
88
39
31
169
102
128
139
150
79
182
142
103
199
16
196
190
114
143
89
105
62
90
28
68
192
118
121
83
135
34
51
138
130
193
52
40
86
82
67
159
186
179
119
56
104
172
134
112
122
81
152
125
91
74
154
136
163
35
78
45
198
13
178
120
101
189
144
65
61
37
176
188
3
58
84
66
158
191
30
8
26
10
173
87
132
2
72
21
36
133
181
165
107
137
25
97
80
69
18
171
175
200
63
177
96
111
29
32
43
185
146
108
55
98
59
11
53
57
14
64
127
140
197
60
145
50
113
164
153
155
116
149
46
27
180
22
33
161
100
174
160
126
148
75
47
123
77
166
71
124
99
42
117
167
110
109
24
1
7
17
48
44
95
4
73
76
9
54
156
38
187
106
141
157
162
6
