180
189
103
98
163
47
26
21
118
7
174
12
93
90
123
97
171
24
96
94
198
59
5
62
141
70
177
109
54
92
133
9
66
131
8
43
14
126
78
56
34
41
155
152
139
130
1
115
69
35
183
158
82
117
147
38
101
106
142
164
64
122
4
112
143
166
39
72
29
120
42
179
30
175
86
73
63
99
76
84
128
137
121
178
28
107
32
18
165
19
191
200
79
181
13
27
125
23
190
135
124
80
172
31
57
77
185
149
169
22
74
85
146
71
75
156
45
55
154
36
176
44
134
17
168
105
162
150
83
153
25
167
197
127
68
136
195
61
49
53
60
95
140
100
10
173
65
89
170
193
145
52
111
188
87
182
186
151
88
20
102
2
40
11
51
116
108
159
48
160
138
132
161
50
58
3
33
192
196
113
129
81
144
104
148
157
194
114
67
199
187
46
16
6
15
110
91
184
37
119
