195
180
175
118
26
20
29
45
17
173
65
90
38
164
144
59
121
30
69
169
46
58
56
18
34
6
49
3
43
163
66
130
124
125
53
168
135
160
131
179
188
199
19
182
13
193
114
35
61
64
149
21
77
134
89
37
178
155
181
165
54
83
57
31
100
106
186
174
88
60
117
22
2
177
76
141
136
96
138
150
167
87
154
189
70
72
71
44
161
16
41
116
147
99
132
12
85
94
74
170
151
104
42
40
123
86
184
47
194
91
52
148
103
102
108
146
115
50
24
153
128
14
107
166
112
80
198
192
119
200
48
162
111
156
113
7
110
51
183
133
92
78
120
196
62
8
82
159
36
1
140
55
39
152
158
27
67
197
15
4
68
95
127
93
33
190
191
81
25
5
28
145
79
105
142
11
172
97
143
129
126
63
98
23
10
171
137
101
109
176
84
73
139
75
157
187
32
185
122
9
