78
130
154
131
23
22
108
5
57
144
54
31
10
42
143
40
134
161
109
137
142
85
172
98
153
163
51
64
76
3
44
94
160
66
107
45
113
110
1
101
27
6
168
155
71
77
28
15
178
140
139
118
146
90
176
60
9
16
72
148
8
37
43
29
34
53
158
112
52
56
117
36
147
166
95
68
58
80
96
13
73
46
99
128
62
24
145
49
32
12
175
2
63
136
179
167
120
133
157
162
50
132
115
59
177
111
171
93
4
123
88
97
47
125
82
102
127
86
11
83
174
173
48
30
180
151
122
159
116
138
103
124
121
84
70
69
65
105
75
165
18
79
33
67
170
100
169
114
19
39
149
26
14
164
35
119
141
41
135
106
61
25
152
129
181
156
104
87
92
21
20
55
7
81
17
74
91
126
89
150
38
