163
121
139
8
69
130
86
33
150
40
179
7
53
71
62
131
65
162
175
35
126
111
141
39
109
16
164
159
167
60
29
15
170
165
174
23
42
115
120
83
52
44
89
122
19
185
183
98
124
64
49
73
18
157
133
93
138
1
173
78
105
85
171
10
177
143
76
147
166
91
74
168
172
182
43
161
128
54
14
146
66
184
101
132
3
55
152
34
75
145
37
5
70
181
155
102
160
94
21
28
17
13
22
108
26
110
153
154
112
45
6
88
129
67
58
169
63
48
119
104
158
95
25
135
79
148
186
151
30
178
81
2
100
80
59
57
113
118
11
97
99
32
149
84
77
12
50
180
187
27
156
56
90
24
82
72
103
36
127
20
47
117
114
125
51
136
9
107
106
142
4
176
41
92
144
68
61
46
87
31
38
137
134
123
96
140
116
