3
103
49
21
113
23
136
166
19
112
59
68
53
108
90
12
169
74
139
141
130
100
35
124
118
172
154
50
83
31
143
1
115
105
24
7
9
14
162
80
66
73
8
164
18
157
79
163
11
75
70
122
36
138
25
161
28
91
69
156
78
170
34
94
129
97
137
158
52
151
155
116
41
110
81
104
84
168
107
120
54
61
127
5
43
148
131
39
126
95
119
30
47
40
58
125
85
144
160
128
67
102
17
98
29
173
152
60
165
64
153
45
55
56
57
114
93
106
77
62
44
140
147
92
37
123
167
16
146
86
89
33
72
42
159
101
134
46
111
15
22
109
38
63
99
117
65
6
149
145
48
88
82
132
71
51
32
13
27
171
76
142
2
10
4
121
26
20
87
133
135
150
96
