147
115
134
14
77
156
176
66
25
164
119
155
175
49
109
64
30
33
128
6
51
138
56
37
177
192
89
18
117
154
184
186
152
116
93
101
50
4
137
53
108
15
90
166
28
82
41
81
185
111
29
141
149
95
43
122
72
39
172
97
139
160
162
157
23
179
84
173
20
61
73
16
135
3
38
158
65
189
24
127
153
13
60
59
107
74
182
132
36
88
5
181
121
54
142
170
67
190
42
140
129
98
58
68
159
180
120
27
71
150
7
106
118
110
52
100
144
96
9
163
63
126
91
70
57
11
188
94
17
187
104
87
35
169
34
171
161
146
32
10
183
26
99
21
130
133
143
2
168
102
167
178
31
48
1
112
131
125
114
69
40
75
44
76
62
83
19
55
92
145
124
148
105
85
22
103
86
80
79
78
191
151
136
12
46
113
123
165
174
8
45
47
