58
116
38
81
109
142
158
199
70
186
83
111
123
171
184
159
55
190
133
175
72
99
33
94
144
92
32
8
14
114
7
148
108
68
19
143
78
79
161
196
57
135
166
194
137
180
105
45
50
168
18
98
31
170
74
178
117
60
169
164
21
174
42
9
126
53
37
36
112
153
177
106
163
115
141
176
48
121
97
6
150
71
157
149
192
85
89
179
82
138
198
167
86
136
46
187
181
182
64
39
54
80
104
191
4
146
22
90
59
107
152
65
40
77
49
193
147
43
44
2
120
34
24
26
75
110
101
160
15
139
5
172
125
132
96
173
155
189
16
162
102
11
113
13
10
20
69
129
195
118
154
52
95
145
127
100
67
183
47
200
73
197
124
12
17
61
188
51
87
130
41
1
91
35
131
28
3
134
63
156
93
140
122
165
151
66
119
62
27
30
88
128
103
185
84
29
25
56
76
23
