194
12
179
119
62
115
169
180
112
104
3
175
76
43
153
72
145
18
11
88
31
146
129
188
22
37
1
81
60
190
192
173
135
127
107
42
92
108
105
91
6
28
189
143
121
51
79
187
23
63
10
158
165
130
85
69
162
150
83
80
17
116
74
46
137
68
58
27
154
102
50
19
117
178
191
109
156
140
138
77
106
101
96
198
120
21
56
118
139
52
125
196
73
48
20
155
67
26
86
128
123
87
59
44
103
40
94
142
199
149
9
39
25
57
29
14
113
151
82
65
97
53
136
124
95
184
200
193
170
148
157
126
2
93
49
163
167
174
35
141
64
159
32
98
176
13
5
197
36
30
71
186
166
41
181
34
75
177
78
168
45
7
132
110
8
33
172
182
122
16
114
38
144
133
84
61
70
99
147
24
185
66
15
55
164
171
152
100
111
134
183
131
54
90
89
160
47
4
195
161
