74
124
72
5
179
19
8
100
173
4
57
131
17
41
15
89
32
3
122
167
111
45
146
73
182
20
68
84
75
175
200
133
148
27
33
64
165
37
82
58
139
88
36
142
63
190
113
23
112
123
184
158
95
39
163
50
132
54
80
116
44
18
106
52
108
83
9
56
69
66
67
136
96
161
14
107
85
199
16
135
170
178
90
194
154
48
156
1
162
34
99
134
55
186
169
98
137
176
177
61
53
101
7
13
105
51
191
43
115
62
6
144
47
76
153
2
93
141
104
159
26
110
10
49
160
197
28
195
40
149
103
130
187
31
192
102
97
109
87
42
129
120
119
25
189
35
128
60
46
168
145
196
126
79
157
127
155
147
30
181
86
198
143
121
22
174
21
29
65
180
125
193
185
151
164
59
117
150
171
38
71
92
94
188
24
172
183
114
91
70
78
118
77
140
81
166
138
12
152
11
