16
21
86
126
96
98
94
44
33
85
35
118
17
157
123
68
23
70
58
55
130
108
111
125
26
116
132
148
138
127
95
114
109
67
63
3
88
78
10
47
87
142
153
136
152
143
51
129
27
24
156
37
99
117
141
48
160
75
149
42
56
40
22
81
72
7
12
102
105
146
103
158
6
144
66
29
133
120
83
119
79
25
73
38
19
52
92
115
137
31
112
124
53
155
57
4
11
59
89
9
91
46
104
147
122
13
65
107
140
131
5
151
54
14
110
41
45
134
61
77
69
80
100
154
71
50
30
28
60
76
106
49
39
18
1
32
121
2
101
20
113
82
34
84
145
135
97
93
139
64
36
90
150
43
8
128
62
74
15
159
