10
65
87
28
106
45
20
88
126
34
9
100
23
155
105
149
143
101
59
139
58
114
94
18
21
56
137
125
103
8
97
5
110
27
30
82
108
60
144
136
119
75
142
113
116
140
64
148
32
1
134
127
99
35
80
129
41
147
12
132
25
133
68
83
76
118
46
31
67
14
160
145
62
57
49
54
115
92
52
3
85
47
120
151
2
72
6
77
152
50
74
55
156
16
4
158
84
22
38
124
111
154
29
123
102
15
78
61
109
36
128
146
131
17
53
66
24
19
95
91
112
69
157
11
39
44
70
40
104
153
159
96
121
122
33
7
130
43
13
79
26
89
48
135
93
86
90
81
37
141
150
71
73
138
107
98
42
117
51
63
