150
144
7
159
90
78
160
11
125
12
77
109
60
103
148
66
169
156
92
32
85
2
164
143
157
87
112
62
10
165
6
76
133
124
166
128
43
106
13
30
1
97
126
121
88
29
139
80
171
146
50
22
149
118
54
41
101
175
115
17
167
59
51
68
53
113
26
173
79
28
18
4
75
84
93
21
67
154
38
47
14
117
40
138
86
104
102
3
44
27
83
52
170
89
129
172
15
145
116
147
16
63
162
57
23
120
49
19
31
61
81
69
42
110
105
99
74
107
111
137
46
70
33
94
25
127
20
98
48
140
163
176
155
82
64
119
141
135
151
39
142
5
35
55
152
136
122
174
123
168
132
161
56
73
45
65
8
71
37
96
72
95
9
177
114
100
153
130
108
131
91
158
58
24
178
134
36
34
