27
154
59
39
137
181
189
16
26
148
125
78
32
102
194
93
22
63
15
1
24
5
177
113
168
74
79
73
66
37
123
139
65
188
51
20
196
87
116
43
112
140
152
161
40
7
84
68
54
197
114
174
106
62
153
131
110
34
48
72
173
171
50
61
47
172
107
109
185
180
124
150
44
167
164
89
55
17
91
155
127
178
29
96
14
157
97
117
60
70
147
28
45
111
13
94
183
25
159
160
33
198
199
200
4
49
126
57
31
92
132
81
166
170
138
156
21
129
184
192
165
8
191
53
115
86
144
76
77
71
130
179
56
9
143
118
190
12
46
103
108
88
95
169
58
98
69
101
99
2
120
11
133
186
64
41
151
136
90
193
10
141
52
80
175
163
128
135
119
122
134
82
195
85
158
19
3
145
162
36
105
35
75
142
176
18
67
149
6
30
100
182
83
38
187
42
104
23
146
121
