14
92
149
30
40
9
120
33
145
81
5
110
13
86
138
10
51
28
94
69
157
123
46
160
156
74
112
36
70
148
117
90
111
142
101
62
154
60
97
105
31
82
59
84
91
1
73
89
45
85
72
77
66
136
38
102
54
18
139
137
48
87
20
129
75
35
95
108
143
17
37
80
126
15
68
6
25
115
83
4
21
42
61
2
107
121
71
16
98
158
146
103
88
55
34
27
76
3
113
32
58
78
39
144
67
159
133
125
116
57
93
23
99
130
22
153
155
44
151
118
11
49
52
150
24
141
56
53
109
41
104
96
128
135
8
43
50
114
106
26
63
100
134
7
124
12
131
147
79
29
119
127
152
64
132
140
65
19
122
47
