108
151
66
104
14
55
193
176
69
86
121
186
32
197
166
43
95
185
58
54
88
153
138
74
196
170
62
181
187
198
105
163
78
1
115
111
20
130
16
180
6
7
19
134
41
119
131
46
12
34
56
110
33
40
156
44
93
9
42
172
5
75
179
126
52
164
68
94
122
171
103
21
117
161
25
125
17
145
28
137
101
144
140
152
72
57
38
118
81
13
132
63
89
199
84
100
50
120
188
45
85
150
76
191
195
37
22
70
175
165
51
15
189
60
135
112
96
157
29
113
178
30
167
124
24
39
97
128
158
48
92
200
160
2
3
146
133
71
141
91
35
114
147
61
142
80
129
53
65
159
143
177
155
194
148
174
49
99
149
77
4
107
139
23
173
36
136
98
127
87
192
79
27
183
123
11
90
83
168
116
184
82
73
18
64
10
154
67
169
31
102
26
47
59
106
162
109
182
190
8
