37
67
18
101
122
115
200
136
194
31
147
7
176
77
127
156
88
3
198
192
179
91
35
143
171
26
48
5
105
160
186
29
190
24
80
108
109
184
166
68
66
146
169
155
98
83
158
92
111
191
53
118
69
150
27
131
74
12
19
64
44
11
97
165
86
177
41
139
170
130
168
148
106
126
71
17
107
181
73
134
159
13
152
54
60
163
46
161
142
6
8
84
162
195
4
157
137
21
193
140
52
129
58
56
183
85
149
70
178
123
175
65
133
23
61
10
119
153
63
89
15
180
55
40
197
114
25
1
79
102
75
117
104
81
182
62
45
95
28
57
39
87
49
30
51
36
59
38
43
22
78
120
33
93
196
99
47
112
132
100
141
34
138
96
189
72
185
121
173
20
145
164
187
2
50
125
128
94
135
76
167
124
9
90
113
103
172
16
151
154
174
42
188
199
32
144
110
82
116
14
