89
5
123
62
41
170
25
113
66
141
13
19
67
147
52
31
128
112
92
144
114
72
140
118
136
43
149
119
55
151
46
36
59
45
153
161
21
74
32
126
168
50
75
155
20
101
167
42
107
4
35
34
146
53
24
6
95
132
121
2
70
156
169
84
18
80
148
22
163
145
23
57
129
81
17
88
142
56
28
11
137
76
38
157
159
47
106
100
154
162
7
124
40
44
63
64
158
171
96
29
27
33
108
98
14
130
68
131
79
73
91
134
85
26
166
54
93
111
133
83
37
109
152
10
49
30
94
165
77
120
3
48
160
143
127
138
8
164
61
16
60
115
82
39
116
104
71
78
117
135
86
58
9
90
110
87
125
97
12
99
102
139
105
1
65
15
122
51
103
150
69
