102
112
122
13
90
175
115
59
110
137
194
169
185
189
55
62
159
29
75
104
14
176
160
154
131
94
17
51
92
165
91
107
73
98
188
118
15
171
12
93
183
28
164
153
167
125
195
192
191
172
99
123
126
64
69
156
117
57
132
193
124
25
63
66
18
108
83
143
109
60
54
173
36
71
97
186
151
180
146
87
2
177
121
145
43
50
86
142
114
68
84
187
111
5
47
140
31
190
149
74
181
42
9
144
6
161
49
40
134
46
148
78
79
120
152
106
7
170
166
103
27
85
33
136
82
10
184
8
95
39
44
80
162
168
130
127
157
32
139
128
21
56
4
174
16
100
116
141
96
77
101
89
48
67
1
133
37
45
72
182
41
163
129
3
113
23
150
52
70
19
178
196
11
24
20
135
158
26
53
76
35
119
138
34
58
22
179
65
147
61
81
38
105
155
30
88
