93
12
60
35
68
116
149
152
37
84
23
157
139
166
150
27
40
45
80
120
105
8
137
78
108
162
34
16
82
42
133
142
66
85
89
115
131
118
55
44
163
81
123
91
4
75
126
98
155
52
64
13
9
128
112
96
145
119
132
10
11
65
104
62
146
141
25
33
111
20
130
151
117
70
167
147
7
57
53
97
43
6
2
30
61
113
50
135
125
18
114
86
21
59
36
101
87
161
136
73
88
29
72
46
90
159
19
165
39
51
3
160
14
63
77
22
56
148
41
102
47
74
49
31
140
158
32
144
94
48
124
54
92
67
122
103
17
154
106
143
109
1
15
28
153
99
138
76
164
58
38
71
121
5
69
26
95
127
79
24
134
129
83
110
156
107
100
