118
84
137
169
48
193
16
172
67
97
75
26
52
46
98
121
50
44
25
146
184
195
175
199
23
66
76
107
64
20
154
126
54
132
41
29
123
24
127
101
115
160
27
49
37
110
196
129
191
59
58
177
152
104
141
36
178
81
82
128
119
147
120
135
2
79
18
8
173
125
124
143
61
68
190
10
131
116
197
151
188
19
103
181
180
93
85
100
156
113
56
167
142
43
164
53
117
171
102
148
105
162
9
69
106
89
14
111
55
168
179
192
122
108
7
47
60
194
96
40
139
70
62
74
185
133
186
161
1
42
63
73
91
109
72
189
31
15
34
3
39
35
198
174
45
92
11
165
182
158
183
77
12
157
149
65
150
30
6
17
83
57
134
166
187
99
78
130
94
4
13
86
71
95
112
21
28
5
145
140
136
144
153
88
51
176
22
159
163
80
33
32
114
38
170
200
90
87
155
138
