150
100
135
63
165
52
66
182
124
77
6
149
69
7
164
194
53
123
44
156
157
85
70
20
14
177
92
96
108
144
72
106
56
34
40
128
104
138
83
15
139
192
33
127
179
46
79
174
38
45
102
153
64
196
147
160
57
95
117
119
183
188
113
184
22
10
120
80
94
76
126
193
137
39
55
19
71
121
9
35
37
175
116
58
180
47
43
112
87
65
81
18
41
8
141
107
187
181
197
29
170
159
91
84
105
118
21
172
89
62
24
200
28
75
97
190
23
12
2
82
86
74
191
148
101
49
32
51
189
103
31
146
162
167
13
110
133
114
130
195
1
178
78
36
186
134
17
132
42
155
122
90
111
163
68
11
48
185
16
168
143
154
166
98
158
173
131
88
26
61
50
199
169
30
93
151
115
140
3
4
54
59
60
176
142
99
129
73
152
25
198
125
27
136
67
109
145
171
5
161
