176
187
139
114
154
178
95
69
88
200
56
80
135
53
78
175
41
63
72
22
35
74
68
166
148
112
50
198
51
157
130
8
19
137
167
57
58
101
196
70
43
170
94
131
171
186
91
152
117
155
18
173
48
42
141
159
36
77
14
125
17
15
65
31
197
85
179
133
180
34
156
149
144
73
71
104
168
67
60
136
3
86
37
79
100
102
199
49
143
64
76
52
16
23
124
115
33
93
134
12
128
103
110
165
107
99
120
28
188
29
132
192
9
97
116
113
6
38
1
32
82
185
193
111
89
40
25
4
118
123
7
142
54
5
183
119
122
127
191
151
62
126
75
174
184
106
160
21
138
27
150
147
172
98
153
59
11
177
158
87
30
96
10
129
47
140
13
108
92
162
189
161
24
146
195
61
84
109
164
194
46
105
81
55
26
20
45
181
169
190
182
145
90
39
44
121
66
83
2
163
