147
46
152
191
192
78
82
40
189
100
129
80
87
169
116
187
141
15
94
64
151
139
28
165
86
144
182
110
89
176
136
83
172
20
18
140
173
105
6
88
3
124
4
29
174
55
128
7
90
196
161
137
5
93
36
97
47
101
160
54
2
171
163
120
8
155
96
143
62
186
95
50
109
145
9
193
19
99
197
63
156
85
34
190
67
106
177
49
23
73
138
69
65
12
131
44
11
27
170
14
74
13
56
154
185
53
98
134
133
130
48
21
119
112
61
115
158
57
25
111
70
126
184
117
200
164
122
77
52
42
68
30
26
183
167
10
17
76
180
39
43
60
66
41
142
150
79
1
38
199
166
118
72
159
103
181
92
108
37
107
168
198
162
91
125
148
31
16
127
81
178
179
71
51
153
58
132
22
157
114
146
33
121
149
84
35
175
75
135
195
45
32
188
113
24
59
123
102
194
104
