137
179
135
153
111
3
152
136
17
99
131
163
120
166
88
164
15
195
9
126
81
65
54
183
52
59
55
66
68
189
93
45
16
82
140
178
8
58
7
194
102
92
61
114
86
181
11
184
168
117
106
63
37
187
12
50
190
186
69
60
64
122
40
141
29
118
4
134
21
23
70
31
109
36
27
158
169
154
165
130
119
32
24
198
43
173
53
107
149
2
79
105
85
110
41
14
84
175
151
26
192
176
5
127
98
28
80
35
67
57
144
188
87
180
1
76
18
191
112
132
116
6
171
157
108
139
104
121
156
42
22
73
133
44
46
77
167
162
78
38
177
129
25
125
90
196
159
89
39
123
48
155
13
33
193
174
30
100
10
97
101
113
96
124
75
72
197
19
115
83
103
160
150
199
51
185
170
34
182
146
56
62
148
94
74
128
91
172
147
47
145
71
49
95
138
161
143
142
20
