85
45
96
11
78
65
107
47
136
62
122
34
15
24
105
114
146
39
73
134
43
70
100
4
120
7
118
131
92
35
127
111
50
5
117
91
36
23
123
145
75
12
135
60
103
38
1
71
61
128
109
42
59
25
19
152
20
48
95
129
69
93
108
52
66
138
84
16
137
41
37
74
133
14
116
143
13
151
22
57
21
3
139
141
115
106
68
77
31
53
142
110
54
153
46
67
33
132
40
49
76
126
89
79
121
119
30
27
97
124
147
144
99
32
94
18
87
44
148
130
140
86
113
10
17
8
80
55
102
64
125
2
29
81
26
104
63
150
28
154
51
90
82
101
88
83
98
112
56
72
6
155
9
58
149
