68
191
96
141
86
192
134
161
16
104
195
105
52
83
47
149
125
127
7
126
169
73
177
156
114
13
84
57
78
160
138
15
170
131
20
75
121
137
130
30
147
129
90
172
22
79
165
69
55
62
163
112
116
145
92
17
72
132
142
103
124
89
100
120
168
184
110
94
46
31
65
28
40
44
51
35
164
2
139
155
109
140
33
66
143
61
159
59
175
14
113
63
42
24
27
36
11
60
97
158
187
190
154
26
118
128
3
108
37
82
43
102
54
80
74
119
167
93
53
58
188
77
178
41
180
189
135
48
152
50
29
4
56
12
18
8
95
85
1
23
122
32
6
176
146
183
101
70
153
64
151
111
81
34
71
9
148
182
76
150
10
181
123
157
106
38
133
166
144
174
21
39
162
107
186
49
194
88
99
117
5
173
179
193
25
171
185
87
45
98
19
115
136
67
91
