41
65
126
127
48
42
6
137
86
107
27
52
171
160
44
13
144
23
102
64
25
94
53
74
168
14
110
12
169
39
105
104
109
170
97
148
92
166
71
172
135
145
158
85
34
157
36
68
154
28
161
87
129
33
82
37
103
133
140
100
122
29
155
56
117
46
49
3
119
59
152
62
163
90
139
20
81
156
106
143
63
70
147
95
7
15
76
2
149
141
77
167
30
114
45
38
142
118
73
72
51
31
32
55
91
50
116
93
174
150
11
173
113
40
146
89
9
5
124
111
134
83
136
21
120
67
128
153
60
101
43
78
80
96
54
84
16
58
151
75
132
123
138
165
10
115
8
112
99
19
69
175
66
164
61
88
131
108
24
22
159
47
130
121
18
79
125
98
17
4
1
35
57
26
162
