155
189
124
98
185
198
130
161
179
50
52
71
94
99
165
75
107
44
23
171
129
7
105
68
199
163
145
22
70
103
21
134
148
108
136
13
162
181
86
114
17
131
196
59
168
57
48
55
36
33
200
40
188
35
180
123
177
31
62
96
87
28
4
46
127
110
186
111
73
167
113
72
58
151
166
100
84
26
43
173
76
187
118
67
45
158
19
159
125
150
178
89
30
56
85
95
197
132
54
104
122
194
39
128
29
79
133
12
18
140
1
160
80
106
182
142
115
8
154
116
15
51
157
20
112
47
37
175
93
77
147
176
192
34
14
5
170
172
169
191
174
139
138
64
16
82
65
69
109
119
135
152
53
49
61
66
120
156
42
6
25
193
88
60
27
3
121
190
143
83
149
117
90
97
41
153
195
144
63
92
126
78
101
38
102
91
32
11
2
81
24
10
9
183
141
137
146
74
184
164
