83
90
22
196
157
197
69
74
122
198
123
2
149
136
36
25
31
52
168
98
15
132
13
154
106
127
3
51
41
116
114
194
170
121
172
152
105
5
72
17
53
133
16
29
93
109
163
192
102
61
43
158
142
120
131
7
76
115
85
139
129
118
161
176
178
97
126
110
189
35
71
160
199
135
37
145
77
28
44
1
48
96
183
6
82
151
54
195
138
14
147
171
119
175
182
75
59
47
185
153
38
46
103
181
81
150
94
39
89
190
130
169
186
40
173
128
57
165
87
12
177
58
143
113
68
70
20
64
10
180
108
187
66
26
4
88
117
33
174
19
45
188
32
60
179
78
184
167
107
144
159
124
200
156
62
50
18
112
111
24
56
100
99
55
30
125
65
63
137
80
91
9
162
95
146
27
148
79
73
11
134
101
86
191
141
49
21
8
193
140
23
164
67
92
84
155
166
104
42
34
