81
55
167
63
195
72
180
47
92
186
1
197
157
144
80
181
91
90
3
126
135
43
117
199
200
16
127
189
7
108
170
182
162
15
145
84
20
19
169
110
100
109
13
66
17
97
5
14
190
156
44
68
165
118
35
33
151
198
146
160
130
164
185
42
18
77
71
58
69
111
113
107
61
28
87
54
9
140
94
115
194
36
24
184
143
6
153
65
49
188
133
132
166
67
60
142
12
96
172
177
74
154
89
45
26
149
73
46
62
173
103
119
192
128
2
187
116
123
141
51
112
175
129
105
85
76
168
102
4
98
57
37
8
152
29
40
11
159
174
23
104
93
78
48
196
30
114
27
39
64
52
70
83
150
161
88
56
31
171
191
34
125
138
183
22
95
86
99
148
139
176
178
25
163
79
53
41
59
136
10
21
122
193
82
158
106
75
134
131
50
121
32
38
101
124
137
179
147
155
120
