5
149
113
4
54
78
59
39
50
32
169
131
68
121
31
116
168
27
28
154
160
148
41
153
119
36
81
12
77
69
79
61
141
17
114
37
144
44
73
43
58
40
146
166
67
62
6
159
161
105
104
38
92
16
103
157
22
167
13
139
7
21
60
123
3
101
172
2
63
126
83
84
90
30
137
82
29
151
134
55
111
164
109
124
72
53
117
98
18
165
45
20
142
158
75
143
110
120
127
136
56
171
128
19
64
140
42
132
135
106
95
155
34
10
48
74
91
87
57
170
1
70
52
26
152
112
33
100
47
94
11
9
24
71
51
107
96
162
25
118
15
108
49
14
130
93
23
115
150
99
145
102
76
88
133
86
65
80
129
122
35
89
147
85
156
8
163
46
66
138
97
125
