107
108
125
69
22
121
120
127
59
110
119
85
93
32
160
106
164
49
148
14
40
172
136
118
1
142
168
17
58
36
78
149
133
131
89
46
73
122
137
144
74
158
67
170
87
61
97
29
96
94
123
7
138
77
70
76
48
55
109
38
37
9
41
159
95
114
86
62
104
124
101
66
56
134
20
3
90
132
83
141
100
79
26
30
47
63
117
65
166
88
116
162
16
92
161
68
8
35
31
12
102
27
112
91
53
28
111
145
169
140
15
42
153
43
126
34
99
84
11
10
146
151
71
165
171
57
52
98
150
154
23
130
6
128
167
44
51
18
135
50
24
143
45
80
5
105
129
156
54
155
39
72
13
75
115
113
81
139
64
82
25
147
33
21
2
157
152
19
4
60
163
103
