70
126
159
11
26
86
49
141
131
41
150
158
113
18
14
133
171
90
174
84
45
119
103
53
96
108
72
160
95
139
38
134
48
125
128
25
39
82
107
4
62
170
59
154
68
165
64
140
122
162
15
118
24
76
58
136
164
52
178
17
177
143
106
61
99
33
172
57
163
105
153
5
73
75
180
28
77
34
36
83
7
63
91
40
101
1
66
148
22
55
167
13
166
54
9
157
176
46
16
85
151
149
56
156
92
50
135
179
100
111
2
81
132
80
51
175
161
127
155
35
69
104
112
6
44
23
3
130
168
93
144
43
145
27
31
109
20
67
37
102
138
94
114
137
79
98
152
19
47
87
71
116
146
124
10
32
97
21
12
88
115
142
78
123
65
30
89
147
121
42
173
74
8
110
169
120
117
29
129
60
