110
23
108
63
191
120
172
148
162
64
44
36
122
138
56
10
46
166
53
97
177
62
165
90
13
49
161
155
47
69
18
93
91
8
81
68
43
157
151
129
153
96
45
146
89
175
133
52
59
193
185
132
126
17
145
169
9
79
28
163
3
5
113
116
198
101
72
58
111
14
149
117
181
83
174
31
34
88
1
71
167
24
159
186
60
114
4
130
19
95
127
135
39
112
61
176
75
109
154
197
74
26
73
86
48
160
115
11
179
118
99
134
106
119
192
142
100
121
76
171
200
189
164
182
33
15
105
103
37
143
82
2
102
131
55
6
104
190
173
137
29
57
199
98
7
41
140
180
156
38
87
85
77
136
12
187
178
40
78
195
20
141
84
50
35
16
80
22
92
188
94
147
184
196
67
65
183
70
21
150
107
42
152
144
51
170
124
54
27
25
30
123
139
158
32
128
66
194
125
168
