177
36
83
200
47
95
23
133
75
127
17
30
27
6
173
112
62
106
131
139
58
155
34
187
73
147
191
114
160
68
148
105
18
181
54
149
15
145
70
9
116
142
4
84
197
113
29
159
150
32
96
123
44
137
129
33
25
74
59
168
57
165
93
85
7
98
183
2
11
8
161
89
60
3
71
179
94
141
199
126
48
169
99
10
40
76
92
12
97
138
66
108
49
46
166
41
164
121
180
118
104
78
198
132
72
136
120
158
151
21
52
45
100
91
31
140
19
175
144
134
189
185
56
65
67
130
63
190
186
69
170
156
174
79
182
64
172
22
107
109
50
178
143
61
162
122
53
146
101
87
125
188
163
196
42
1
119
55
82
111
39
153
195
103
13
28
192
128
80
88
14
157
171
86
117
20
16
24
43
124
35
38
5
102
152
110
81
77
167
176
51
26
154
90
37
194
193
135
184
115
