115
12
105
42
50
104
161
44
48
153
51
53
49
146
155
46
162
107
101
164
96
71
60
123
120
36
7
28
118
88
81
27
131
41
80
21
39
35
59
152
103
76
57
19
111
33
68
108
169
1
16
129
166
78
92
112
124
67
47
8
45
2
83
17
6
56
143
11
86
160
87
122
64
128
142
14
121
58
84
141
89
159
113
30
77
38
54
43
91
62
74
72
119
82
40
100
10
158
126
127
29
138
98
102
171
25
65
165
114
70
37
139
69
26
157
133
147
63
90
24
18
116
79
31
61
22
134
75
167
9
97
163
130
172
117
148
137
156
99
140
73
85
5
144
110
3
125
23
20
132
34
135
32
52
94
136
15
4
109
154
13
95
66
55
93
149
106
145
151
168
150
170
