83
175
84
88
27
166
145
53
120
119
78
7
57
44
109
49
113
37
22
146
127
40
67
171
14
60
170
55
115
98
133
152
31
121
149
132
85
131
136
36
47
5
76
154
99
50
182
86
70
110
150
183
68
79
102
176
12
94
72
71
93
33
162
52
51
156
105
118
122
66
15
48
139
39
92
114
180
134
77
82
158
65
3
59
172
56
87
106
100
63
73
62
108
89
130
34
141
13
123
128
17
91
11
163
74
124
148
165
129
38
42
26
185
69
58
181
35
126
19
20
167
64
101
111
147
184
46
159
43
81
140
28
164
30
23
116
96
117
18
6
104
54
21
161
8
29
90
9
178
160
138
95
142
153
10
75
143
179
61
157
41
125
97
80
144
4
137
2
168
45
112
16
135
155
32
151
1
25
24
107
169
174
177
173
103
