63
180
59
5
77
42
81
105
30
132
128
172
153
138
92
107
18
48
54
182
120
158
150
70
8
179
200
25
174
52
87
184
103
112
19
114
57
169
80
22
66
29
104
162
4
90
187
166
125
148
7
26
68
91
106
95
75
109
115
71
129
13
131
37
27
44
167
62
165
76
198
51
65
116
46
14
117
16
43
93
67
113
194
196
1
122
20
159
102
55
39
145
15
78
21
178
9
140
149
185
130
108
173
100
139
152
143
136
61
58
82
69
127
11
134
111
72
110
181
133
135
41
154
123
31
161
164
124
188
189
191
141
12
56
156
175
186
2
155
85
171
49
151
183
24
99
195
35
142
84
192
38
147
23
168
3
34
137
60
97
17
146
96
190
50
193
10
53
45
121
119
101
74
79
98
47
89
176
40
144
33
36
73
199
160
170
157
126
64
86
28
163
88
118
32
83
197
94
177
6
