13
63
167
174
72
43
166
185
84
53
41
1
106
55
51
37
40
188
141
150
156
2
175
71
91
171
102
135
198
97
9
151
81
60
75
144
161
5
26
109
74
112
78
160
119
200
127
143
39
44
73
191
180
162
17
129
8
122
27
92
103
105
21
169
46
155
67
33
164
183
148
3
36
116
136
178
194
133
64
121
140
120
96
131
170
168
100
130
115
83
90
7
11
108
134
94
6
58
152
176
98
20
132
147
184
139
128
126
118
138
61
68
111
69
82
54
10
35
28
47
104
12
14
24
32
38
57
153
65
85
189
114
95
117
87
197
196
137
113
25
145
99
89
193
77
173
125
62
80
70
59
107
182
165
30
19
163
22
154
29
18
86
146
56
192
186
50
48
179
124
76
93
177
110
172
4
195
42
66
181
49
31
159
157
23
34
45
199
149
79
142
101
88
123
187
15
16
158
190
52
