14
45
6
11
42
17
58
39
22
5
68
84
78
10
48
85
103
9
28
13
104
116
23
66
80
57
105
93
128
130
94
19
88
27
138
86
100
40
82
24
81
145
92
41
139
187
3
99
87
163
125
101
171
168
141
155
7
156
59
181
159
131
75
183
29
1
198
73
118
144
35
197
126
119
4
102
51
153
72
64
191
111
129
12
189
177
194
178
83
74
192
71
193
158
180
46
170
120
97
47
77
174
36
70
113
179
49
151
38
195
166
31
122
110
79
123
188
150
18
190
109
115
108
148
117
76
89
172
30
199
32
53
157
8
165
90
34
186
26
33
37
25
173
132
164
106
55
184
152
52
2
63
147
182
112
133
135
137
127
142
50
161
15
140
21
175
149
146
134
61
95
169
44
43
176
54
69
56
98
65
167
60
143
91
124
67
162
160
16
121
136
196
96
20
114
107
185
154
62
