194
122
135
74
199
94
75
174
78
150
19
200
152
112
88
160
163
9
84
93
159
83
80
125
15
156
191
165
2
40
10
106
66
183
71
111
86
185
186
169
110
26
57
33
171
154
147
149
60
139
91
137
68
138
43
53
177
54
16
118
82
136
58
55
179
193
142
133
162
37
76
70
109
90
41
130
34
124
129
134
77
96
69
192
51
79
24
87
120
155
178
95
72
11
3
36
113
101
52
116
31
42
97
144
195
47
4
61
148
99
59
5
20
166
12
126
181
6
143
62
22
188
23
64
108
128
1
117
18
184
45
127
168
107
85
92
187
14
161
50
13
151
115
27
176
131
189
38
81
121
153
21
167
196
119
170
8
197
46
65
63
49
28
29
104
100
182
7
89
25
32
114
157
17
123
105
146
132
190
48
175
39
198
172
145
35
67
158
44
140
102
103
173
164
180
73
98
56
141
30
