115
83
5
57
135
70
48
71
134
53
130
161
96
86
43
97
94
56
60
92
55
112
142
32
122
167
11
81
189
93
91
128
121
30
170
179
133
182
18
162
47
186
149
54
72
74
152
24
88
147
59
154
151
156
40
98
14
39
145
191
118
44
73
160
185
136
69
15
99
13
2
22
183
103
78
110
26
19
65
68
131
77
171
116
190
123
177
119
140
102
176
166
173
76
127
132
20
17
174
148
28
23
12
16
100
187
158
120
6
159
67
107
172
138
90
85
126
146
37
51
144
193
61
143
41
27
155
164
157
89
35
64
192
109
124
194
184
169
50
153
95
79
178
104
46
63
75
139
113
117
34
62
7
9
111
108
87
101
58
33
36
8
84
181
105
141
42
125
188
1
31
25
45
180
38
163
82
129
106
137
66
3
4
52
80
150
175
114
21
49
165
168
10
29
