175
7
92
54
82
115
159
58
48
85
148
95
152
76
111
52
100
121
151
130
21
80
53
112
69
56
66
74
65
120
105
150
68
156
126
165
5
173
164
109
14
87
155
6
144
36
169
139
8
41
160
30
158
96
167
60
141
77
47
136
42
127
124
163
13
2
154
178
106
168
89
88
55
149
62
51
86
135
72
162
24
125
15
138
34
1
67
113
81
99
18
4
137
97
12
64
75
29
27
146
61
102
32
119
145
10
17
49
39
16
84
166
161
26
177
110
91
116
147
9
128
172
31
117
174
157
107
33
133
22
93
44
3
50
23
37
170
98
129
90
11
19
103
46
131
153
104
123
28
94
108
63
142
25
171
134
20
57
140
35
114
40
73
143
70
78
132
176
71
101
45
118
122
79
38
59
43
83
