143
105
175
140
121
136
196
27
153
192
64
90
23
77
188
18
11
195
162
100
26
193
165
159
182
108
158
181
167
130
57
89
133
110
95
4
42
80
125
82
16
3
198
41
19
109
87
151
29
149
33
37
114
172
200
88
86
155
107
74
35
8
12
178
115
85
191
132
118
123
177
31
69
112
97
40
45
94
51
50
138
58
122
142
83
185
54
25
141
134
146
190
92
127
120
111
160
66
63
15
119
113
116
173
72
17
38
98
73
96
55
104
70
20
65
34
49
99
91
128
106
79
24
152
36
1
161
131
47
163
59
168
164
22
46
48
101
44
126
194
28
67
56
171
179
157
137
7
68
62
5
186
2
166
135
10
139
93
71
124
183
30
13
53
43
32
76
102
60
78
145
176
21
14
189
199
148
154
103
117
75
52
61
84
180
197
39
144
184
174
147
6
169
129
170
156
150
187
81
9
