21
128
158
150
91
97
162
120
26
179
52
111
109
71
30
7
189
174
176
184
92
64
187
133
29
188
66
168
73
99
137
103
57
148
24
144
15
122
160
96
11
164
41
56
32
33
39
55
94
14
63
9
60
177
156
27
31
118
42
81
151
83
79
102
72
165
76
127
25
47
77
93
138
180
142
101
88
136
132
186
8
141
54
46
36
195
49
155
40
129
131
116
69
48
104
181
139
35
170
12
45
117
18
38
3
43
78
13
173
114
113
65
4
51
53
190
185
28
74
167
169
125
157
37
192
183
182
191
198
75
2
140
200
119
19
84
10
153
123
149
159
85
34
23
121
143
124
172
193
70
178
82
90
166
130
147
145
62
58
20
199
110
89
22
126
98
107
152
105
1
16
17
100
80
44
67
112
86
68
50
5
87
194
106
196
134
154
175
197
108
146
135
171
6
163
115
59
95
161
61
