21
74
79
120
22
119
172
63
42
6
16
160
116
115
35
7
55
10
109
8
17
40
122
190
146
140
167
56
155
41
169
184
149
4
105
24
126
85
177
175
80
104
28
129
100
38
145
194
185
108
171
99
117
62
163
193
45
78
51
73
25
137
77
114
106
147
174
75
92
34
133
1
144
192
5
153
125
2
89
132
95
157
197
181
72
178
166
110
188
37
91
29
186
70
173
102
124
39
82
93
90
33
161
127
198
136
107
67
27
65
176
66
143
96
150
138
196
57
32
18
164
3
76
69
14
30
58
182
49
60
156
52
101
170
20
130
54
162
139
141
50
158
131
59
180
31
23
165
148
53
168
111
154
199
200
88
86
151
13
68
135
64
152
15
71
36
94
179
98
112
61
123
128
183
46
113
159
87
187
134
84
189
83
12
47
191
48
43
142
97
44
9
11
195
19
26
121
81
103
118
