29
188
45
31
194
107
86
58
98
34
152
141
27
89
48
18
192
180
166
105
60
112
72
53
131
199
142
172
71
43
88
123
56
96
76
193
197
156
170
12
57
168
70
49
161
190
35
196
19
62
119
32
100
16
134
133
101
186
182
99
184
97
129
150
122
104
137
17
120
115
174
181
5
191
23
125
6
82
151
44
155
146
127
22
103
81
95
84
47
9
80
11
36
61
94
200
121
67
159
173
198
54
14
41
8
136
10
183
75
185
13
78
73
130
110
153
38
55
117
143
135
160
138
108
21
113
91
52
176
164
65
116
63
68
178
46
87
171
132
24
3
177
106
111
139
163
15
145
126
83
124
128
102
109
50
64
148
40
90
195
169
140
59
33
74
4
147
30
158
175
144
179
69
39
118
37
28
1
165
92
85
189
93
154
114
79
25
187
26
42
77
2
157
167
66
7
149
20
51
162
