188
119
129
86
66
190
27
85
46
177
135
179
173
39
69
21
149
170
124
102
176
166
107
75
95
113
53
57
72
105
28
132
7
59
158
110
181
174
56
115
152
82
25
133
63
5
30
44
136
164
159
150
67
171
26
70
13
45
61
78
108
88
169
87
4
99
101
151
42
122
71
118
109
33
79
184
15
37
48
154
189
24
148
104
76
43
143
126
77
139
123
120
14
9
49
93
41
121
2
130
11
186
31
22
16
138
23
8
92
160
38
125
84
178
147
175
47
20
106
183
91
74
12
137
36
127
6
58
55
83
131
140
146
10
50
94
163
114
116
167
34
98
100
128
103
145
81
3
162
90
111
180
156
187
64
54
153
89
32
141
112
96
185
165
65
40
17
168
52
161
144
35
97
18
73
19
51
157
155
142
80
182
1
117
62
172
29
60
134
68
