122
188
95
7
149
33
184
137
98
107
131
163
90
81
153
64
142
78
58
135
53
80
155
120
51
112
47
199
96
144
172
91
196
19
117
168
154
146
29
125
2
8
89
189
1
59
102
84
67
15
79
42
86
106
132
27
118
109
176
193
71
60
24
151
52
77
139
170
158
126
73
110
20
103
50
10
65
191
26
130
31
39
83
5
171
105
100
14
161
177
61
57
198
156
181
111
113
178
134
116
4
38
55
183
11
167
88
12
13
32
28
169
45
133
46
36
152
179
147
166
200
165
44
72
35
66
70
145
6
182
114
34
21
197
9
159
160
123
140
192
94
136
23
87
37
85
128
75
97
143
18
101
41
150
127
185
180
62
25
186
56
22
175
82
173
148
187
124
194
195
99
121
157
76
141
17
74
190
16
40
129
30
138
115
68
49
63
174
108
3
164
119
43
48
93
92
69
104
162
54
