51
118
31
92
128
113
46
82
40
85
91
47
84
107
94
59
38
132
135
98
115
139
50
25
58
53
144
96
87
125
67
104
18
127
117
49
122
69
90
114
109
76
4
134
148
9
123
150
66
131
30
22
73
130
149
102
99
13
41
136
36
48
146
33
119
137
39
111
29
17
27
37
42
32
140
55
72
60
77
10
155
79
65
100
6
112
19
97
142
103
54
7
106
70
43
88
95
151
101
108
8
21
147
138
35
145
62
129
26
83
152
74
2
1
57
12
80
143
156
154
3
141
56
124
16
86
89
45
126
34
157
24
110
121
28
14
75
23
133
78
71
68
64
93
44
5
158
15
52
20
116
153
63
81
61
105
11
120
