73
166
92
48
151
184
152
106
113
68
136
12
69
16
146
143
168
126
140
171
54
27
118
53
22
80
43
34
165
8
114
108
52
44
20
30
104
56
75
169
26
173
100
107
182
47
119
99
139
98
50
31
174
142
94
18
101
102
145
179
65
14
159
76
39
123
4
70
41
23
128
66
42
147
71
72
13
130
84
95
64
129
134
59
155
29
149
10
33
38
177
85
163
121
161
141
178
82
25
2
60
79
90
170
103
105
32
109
181
24
167
78
6
115
180
183
63
97
45
175
88
77
89
127
120
124
61
154
111
133
62
122
5
81
19
117
131
162
86
37
137
46
135
164
83
132
157
153
40
138
74
67
93
160
58
158
87
150
9
7
112
35
17
176
49
15
148
55
57
11
51
91
110
172
125
28
21
116
156
144
1
96
3
36
