171
154
167
93
146
55
18
58
46
4
138
45
71
158
89
38
95
91
148
114
59
175
43
82
180
109
6
108
73
7
120
33
162
188
159
75
170
11
83
2
64
178
67
117
37
42
51
62
102
157
68
70
187
186
104
84
5
153
80
26
184
179
28
60
94
79
133
47
118
25
131
32
13
8
182
22
30
147
155
177
125
194
173
161
76
112
66
129
52
77
141
39
192
92
20
111
16
189
90
122
50
150
63
126
152
19
3
124
9
168
136
87
101
86
107
41
54
132
195
12
197
172
143
99
115
69
14
200
85
196
165
36
29
106
139
72
123
191
176
121
193
137
96
48
113
100
151
163
164
169
135
56
145
74
174
81
166
127
27
61
198
88
65
35
31
144
103
199
142
116
190
49
149
57
97
130
181
140
23
183
160
105
34
21
40
53
134
44
17
24
185
156
119
1
98
110
10
128
78
15
