92
33
129
22
116
2
104
190
126
27
151
118
78
103
41
174
89
177
1
83
141
31
97
30
176
24
3
53
150
194
28
166
98
167
105
123
67
122
154
36
144
61
145
165
20
182
134
146
107
62
82
44
142
37
88
120
156
18
16
12
14
76
15
45
184
39
85
106
46
86
11
160
42
128
90
163
137
26
13
117
161
179
4
60
55
32
102
112
52
189
64
7
29
47
73
108
173
79
136
17
180
159
49
139
119
169
48
140
9
6
50
93
158
34
178
171
193
19
111
186
100
191
121
66
192
175
38
181
51
183
56
101
54
153
74
59
40
188
99
91
155
84
130
68
96
147
21
187
80
152
87
94
131
168
8
109
162
10
5
72
138
69
23
132
124
57
185
58
125
114
157
113
164
143
71
127
43
133
110
149
77
25
170
75
35
63
70
148
135
115
172
81
95
65
