2
30
5
97
165
49
44
6
8
75
34
192
14
152
136
179
37
181
38
1
50
53
87
172
90
178
170
41
80
81
164
184
4
193
183
101
198
115
16
21
200
140
133
55
3
177
77
33
157
76
191
10
57
148
160
48
123
190
132
89
142
122
196
163
59
32
168
22
173
72
96
188
180
31
167
125
129
124
194
71
134
45
128
121
117
145
83
15
46
92
161
52
113
138
36
131
143
94
99
107
42
189
120
23
174
61
54
197
154
158
84
155
116
9
12
130
149
102
19
112
176
106
147
95
18
150
68
137
199
151
100
27
26
63
60
109
29
43
126
35
127
79
58
17
39
28
118
82
67
141
111
11
103
114
74
78
86
169
139
104
159
85
187
182
98
146
153
66
156
186
56
144
25
93
135
119
175
110
51
171
185
166
88
195
70
108
24
62
20
69
65
13
7
73
91
47
64
162
105
40
