151
168
98
150
174
42
149
5
21
184
141
25
39
55
27
73
123
60
57
35
191
61
9
143
119
82
118
125
72
11
10
41
122
19
195
34
44
112
170
48
165
136
111
166
91
56
171
120
134
200
12
58
138
148
36
2
50
53
51
95
85
84
188
189
113
133
115
181
176
75
7
193
178
33
102
105
62
190
163
157
146
78
81
18
156
88
145
106
16
101
31
80
153
177
77
66
37
49
83
132
167
13
23
99
173
139
43
96
172
175
92
29
28
90
198
142
59
186
74
87
46
52
154
109
127
144
140
128
110
67
180
86
187
47
107
121
63
94
185
197
79
116
164
162
135
30
194
14
182
117
6
3
26
93
129
137
161
24
159
108
130
183
64
89
100
199
131
147
103
152
15
76
65
1
114
155
71
54
126
160
124
68
8
22
45
169
38
69
179
70
17
20
192
4
196
97
158
104
40
32
