40
136
196
134
37
91
74
14
105
72
180
81
12
16
107
84
43
9
51
56
191
39
100
8
53
15
7
121
46
146
193
165
186
159
70
59
102
76
116
55
160
1
80
150
123
145
185
23
152
75
183
192
147
38
138
130
198
62
108
156
97
98
132
173
144
149
113
35
20
169
4
188
89
66
158
199
166
67
182
178
92
21
194
189
71
190
148
155
17
128
153
95
122
114
52
168
36
101
197
29
61
161
11
47
99
157
129
50
32
90
184
120
18
117
65
10
34
19
69
181
25
172
125
106
41
22
30
5
86
104
195
31
139
93
167
112
115
109
6
85
64
176
126
58
171
164
63
88
163
187
141
26
179
87
127
54
135
2
45
3
24
57
177
133
78
48
137
124
175
103
119
73
162
60
170
151
140
118
82
44
94
143
154
27
96
110
174
131
79
28
68
49
33
42
77
142
83
13
111
