132
131
106
98
60
156
44
172
97
85
42
7
149
102
30
164
103
25
197
90
111
79
6
12
45
51
9
138
181
46
150
161
133
147
116
14
11
54
100
40
63
143
10
120
152
183
162
5
193
142
37
166
47
94
69
195
126
74
64
123
68
59
121
159
122
125
148
124
194
151
41
13
34
88
57
129
43
20
83
189
191
22
136
39
1
153
31
66
92
21
52
175
33
29
48
198
155
87
58
169
82
80
96
35
89
24
86
61
113
107
173
23
167
176
160
134
118
117
200
81
179
186
145
140
32
192
93
101
139
72
188
137
95
199
178
26
67
163
76
141
19
2
3
16
110
109
28
174
190
99
135
62
108
146
53
18
91
73
112
196
17
119
127
170
71
171
168
77
177
187
185
78
128
182
49
65
36
180
50
105
165
154
157
158
56
55
115
4
27
70
184
114
104
84
130
15
75
38
8
144
