10
178
186
2
165
121
151
11
18
193
131
95
139
136
122
54
190
146
1
127
75
15
147
189
9
101
141
184
98
24
192
199
17
130
14
69
66
119
47
55
170
83
200
174
89
195
27
86
144
96
132
158
84
114
22
145
173
152
166
182
26
39
176
21
79
148
156
87
143
6
57
28
126
129
118
149
77
63
106
157
65
113
110
183
38
60
52
8
4
80
175
82
177
105
180
41
90
92
49
44
94
71
104
163
138
116
185
99
111
102
62
117
32
97
162
37
191
33
142
43
140
29
25
108
51
72
40
133
159
155
125
12
19
20
91
45
88
103
42
124
59
46
164
179
187
70
188
3
35
34
48
161
5
171
137
167
134
7
13
85
107
36
198
100
168
76
181
93
81
50
153
194
68
112
115
109
31
128
196
67
197
61
64
73
30
150
78
56
154
135
120
123
172
16
53
169
23
160
58
74
