108
137
191
100
22
58
169
105
33
168
23
25
69
82
47
85
155
95
18
65
127
20
72
167
184
50
166
109
103
48
94
156
136
5
139
77
177
188
102
81
140
172
36
116
110
160
114
163
63
84
75
133
15
165
55
60
3
6
158
199
123
154
180
117
43
148
107
161
52
200
9
97
91
70
138
8
11
46
40
34
134
152
131
145
64
129
115
35
96
104
196
149
68
178
197
16
192
10
93
67
44
51
112
120
187
17
13
113
122
162
19
99
4
159
61
125
38
142
89
92
32
151
183
111
31
176
49
86
90
106
74
54
71
29
189
56
87
53
80
186
147
101
42
66
164
88
171
157
26
194
126
132
135
174
78
190
73
170
198
193
185
45
41
2
27
37
141
14
144
121
124
181
118
7
57
12
173
28
153
182
76
30
39
130
83
98
62
79
128
143
146
24
59
179
21
195
175
119
1
150
