13
141
74
10
71
107
83
133
127
29
104
42
58
50
30
46
79
146
44
32
140
158
89
77
34
88
143
110
96
95
139
115
43
109
62
25
3
47
51
103
137
5
11
132
16
19
160
105
128
57
52
81
86
111
149
159
114
98
56
82
59
26
14
91
163
1
153
102
73
142
6
138
60
84
66
64
135
136
116
22
21
122
92
53
162
35
67
54
76
41
9
63
27
93
90
117
55
2
61
126
145
155
157
120
151
144
17
134
119
154
68
20
147
15
40
108
4
45
31
118
97
7
101
125
99
165
12
28
94
23
130
8
37
70
113
100
24
129
39
72
78
112
80
87
161
38
123
48
36
106
124
85
150
49
156
152
164
75
148
121
65
18
131
69
33
