10
1
200
181
61
40
187
82
52
99
141
189
153
115
168
135
59
120
101
154
53
60
134
186
42
14
161
35
32
73
15
8
85
79
11
24
70
139
18
166
74
25
116
21
149
93
132
22
125
83
75
142
56
146
88
164
104
37
158
130
19
68
136
78
63
41
140
129
17
28
3
197
112
33
173
31
192
58
131
165
100
194
170
188
108
191
151
98
94
159
91
6
175
77
174
167
196
103
84
9
179
23
46
150
95
169
67
176
178
81
137
172
171
96
30
128
119
111
177
38
144
114
199
20
92
27
152
13
55
143
102
54
5
45
121
160
127
195
16
90
110
162
155
49
65
87
89
39
122
64
76
62
184
182
44
190
105
48
138
118
50
72
7
109
66
106
180
69
193
57
36
123
43
147
34
133
117
163
126
97
156
148
113
4
86
198
2
26
80
47
71
183
145
12
157
29
51
185
107
124
