152
115
172
73
150
22
108
157
182
63
120
98
128
178
160
18
40
57
94
21
144
102
33
181
199
143
189
42
129
103
151
29
148
70
184
131
101
3
106
198
87
156
83
177
146
173
137
141
165
171
161
196
80
154
176
123
17
84
85
117
38
124
111
110
36
59
65
136
104
114
162
92
31
86
125
116
93
82
41
194
132
118
121
134
112
190
139
99
122
133
91
126
153
193
169
149
107
127
135
109
159
50
81
95
113
78
67
183
105
119
195
142
79
28
96
89
97
90
62
179
140
191
71
170
9
186
147
130
168
88
100
145
54
51
7
13
61
20
26
64
15
58
75
175
30
138
192
187
47
55
27
74
72
200
53
166
45
69
66
52
16
158
10
77
12
6
56
60
35
1
19
188
46
37
76
4
8
49
14
48
174
39
180
23
68
5
185
163
155
32
197
24
44
25
164
43
11
34
167
2
