181
26
68
41
139
79
49
120
66
109
25
171
164
35
47
144
74
105
112
154
7
84
199
142
132
12
126
1
159
81
97
27
177
33
185
34
99
55
166
194
88
76
158
148
108
153
103
83
116
38
106
94
53
115
101
187
190
172
192
121
140
180
30
57
137
168
193
114
82
200
196
72
135
61
113
131
51
179
133
170
6
175
67
102
191
65
122
3
145
162
111
119
2
80
156
75
15
104
69
32
151
127
198
128
138
42
86
110
95
147
78
157
136
44
176
13
24
22
91
90
56
60
85
149
129
188
9
183
23
16
70
14
89
107
174
160
173
100
123
77
39
118
20
87
178
96
130
98
73
36
17
63
54
161
10
134
58
4
150
184
169
62
182
71
28
141
189
197
21
165
117
195
43
152
143
8
11
52
18
45
167
125
64
50
48
163
40
37
92
155
29
124
186
19
59
93
146
5
46
31
