172
182
43
110
136
140
180
53
118
51
190
17
185
14
116
69
188
91
170
114
139
23
120
3
60
134
46
122
164
115
79
66
106
26
158
87
156
95
55
33
183
197
175
29
141
166
78
157
93
61
107
99
48
198
97
12
193
176
30
109
129
89
8
42
35
88
15
103
187
98
24
131
4
133
16
28
22
56
105
54
117
96
40
81
72
59
19
27
135
47
195
153
159
152
149
199
74
132
128
70
45
1
76
10
80
186
64
62
11
104
52
160
5
83
34
112
145
50
200
71
92
123
13
154
146
90
126
142
196
144
178
32
150
124
125
86
101
63
162
68
138
161
169
25
165
155
181
192
49
85
137
119
9
151
37
18
179
189
77
75
58
194
184
102
100
108
168
111
174
177
84
44
20
57
41
6
191
36
113
163
130
167
65
2
127
173
7
39
73
143
21
94
148
38
171
147
82
121
31
67
