73
21
136
42
155
71
30
108
119
95
167
23
72
50
186
153
113
25
193
70
139
32
51
163
199
184
57
13
109
179
75
183
19
128
26
38
44
8
168
133
185
1
39
99
2
36
115
5
24
110
22
142
65
161
10
196
171
158
190
104
100
93
118
18
82
195
37
164
29
28
124
27
126
189
96
98
152
77
121
86
192
131
76
145
187
114
9
102
7
106
149
112
116
47
56
35
83
135
11
41
94
178
68
49
92
194
144
101
40
20
52
122
148
105
159
160
54
123
85
198
62
132
107
45
120
151
182
63
138
97
59
130
103
55
191
17
58
137
91
146
143
88
188
78
16
33
197
31
89
180
154
177
81
69
175
84
173
66
87
141
129
127
61
165
74
79
117
174
48
3
147
14
166
46
172
200
12
43
90
169
162
156
80
170
64
111
53
150
134
4
15
157
176
125
181
60
34
67
140
6
