91
18
137
23
129
89
10
160
60
126
124
191
36
3
35
118
20
138
122
130
147
19
47
100
180
80
123
117
200
150
17
50
113
29
190
90
153
145
45
53
185
103
85
152
52
134
189
1
107
161
4
61
110
12
112
148
48
128
133
157
57
102
101
199
99
8
169
177
77
69
146
46
75
175
27
170
70
131
193
188
49
93
31
149
194
94
141
41
88
127
26
181
139
39
24
81
125
121
15
115
178
6
106
78
136
171
182
82
71
165
65
11
32
135
151
116
16
173
111
73
51
166
66
86
186
132
37
120
104
22
184
38
84
13
30
167
67
163
63
119
140
40
154
54
5
159
59
172
72
7
183
83
195
95
9
109
108
158
58
2
105
164
64
187
87
198
98
162
192
62
92
143
142
155
176
76
43
42
55
197
97
34
144
28
44
179
196
96
79
33
156
56
174
25
114
14
74
21
168
68
