164
91
54
30
148
199
8
22
46
38
169
31
156
83
140
109
157
17
116
20
5
67
14
138
55
13
129
82
141
66
190
24
10
180
88
176
57
73
167
93
171
106
45
96
153
188
159
59
28
200
144
132
26
85
21
58
102
69
70
48
111
78
74
125
92
29
151
133
104
12
191
103
77
145
117
165
19
16
160
36
107
47
87
120
44
126
181
99
189
33
98
105
162
63
161
127
39
32
35
178
34
42
113
27
119
64
168
40
101
131
184
43
136
187
196
52
185
197
172
53
114
41
198
158
37
81
2
51
86
173
100
150
4
143
195
65
166
146
9
71
142
62
149
1
194
75
6
68
90
183
76
11
182
174
94
97
128
108
3
15
25
124
79
154
121
7
179
163
147
130
110
139
61
23
123
170
186
155
193
84
135
175
177
18
89
134
95
192
56
118
115
122
72
80
152
49
60
50
137
112
