16
198
99
182
15
115
75
66
104
96
116
8
151
46
174
71
64
117
31
67
154
86
113
186
39
65
21
62
53
185
140
4
76
41
194
120
7
30
55
112
159
90
103
193
87
1
175
147
109
48
74
44
156
146
127
126
35
160
138
84
63
18
167
78
32
100
17
168
26
196
166
161
9
189
157
23
20
6
173
60
101
139
11
5
142
179
163
61
29
149
52
200
131
150
119
38
183
164
102
172
169
68
184
114
123
22
43
69
144
24
2
97
72
106
14
54
192
58
98
3
108
80
162
137
89
12
143
152
135
10
45
13
136
133
176
105
197
158
121
165
153
28
92
129
145
122
130
118
180
88
111
110
125
171
83
191
95
34
40
188
199
56
50
42
148
85
132
187
170
47
73
33
77
177
178
190
155
19
107
94
81
49
79
128
25
82
91
195
36
70
57
141
93
134
59
51
27
124
37
181
