106
13
71
98
81
25
183
96
100
131
55
149
111
129
144
185
52
119
88
83
164
120
138
9
42
123
188
73
80
176
40
74
11
44
200
113
62
171
99
38
20
156
48
85
168
199
12
23
39
151
14
66
108
112
4
86
84
173
93
179
43
187
190
117
192
47
104
5
6
180
115
157
45
121
142
105
114
177
64
134
130
135
28
91
8
116
107
186
46
50
110
137
59
148
54
154
150
103
16
53
35
33
10
169
196
125
126
69
172
41
49
94
191
57
97
136
70
37
193
109
27
166
159
118
68
2
143
165
26
102
76
90
22
89
141
95
163
140
58
75
82
31
65
146
19
79
194
174
189
18
60
92
147
61
15
197
24
32
29
77
34
21
160
152
122
195
72
51
36
145
63
128
101
181
167
184
155
162
178
170
67
87
3
158
198
175
1
132
133
124
127
30
182
153
78
17
139
7
56
161
