197
26
130
2
155
154
195
72
175
33
28
157
166
127
22
159
80
177
163
190
109
8
18
77
122
89
144
160
52
38
101
98
124
74
174
167
99
14
171
142
55
182
126
184
115
189
78
193
170
57
83
81
45
107
120
181
13
64
112
51
30
156
125
63
149
94
15
100
118
121
161
35
70
5
67
165
6
68
4
9
196
147
42
123
158
139
50
110
91
146
185
76
96
27
114
59
179
102
198
71
133
1
3
173
85
153
44
117
58
54
200
164
21
138
183
31
25
105
86
88
111
47
61
136
36
10
104
194
23
169
84
186
178
168
62
32
46
116
150
93
17
176
7
152
180
135
128
199
39
192
191
113
12
65
16
134
49
129
75
162
60
66
188
119
34
103
131
151
106
53
48
56
137
79
92
41
90
97
108
187
19
87
29
43
140
95
73
143
141
69
148
82
24
172
37
145
11
20
132
40
