29
182
97
111
165
185
43
184
162
112
60
52
22
173
144
131
159
163
174
148
126
105
95
142
34
87
121
120
23
38
183
62
11
164
74
69
36
98
187
133
103
84
81
175
160
168
3
54
25
161
44
90
140
113
40
186
101
88
4
150
8
47
188
99
104
155
10
19
102
181
115
64
129
1
89
75
172
27
118
190
20
124
135
63
178
93
117
116
16
21
180
157
127
68
26
18
32
72
13
123
24
77
170
177
76
107
56
110
153
122
145
5
14
152
143
55
128
49
80
78
48
149
50
31
46
45
86
167
154
2
66
137
67
108
171
58
139
59
37
151
132
35
147
130
17
57
85
134
96
6
146
176
61
39
15
83
65
92
166
79
70
136
42
138
82
91
53
158
100
73
125
28
169
156
9
33
7
119
12
71
51
189
109
114
94
30
106
141
179
41
