118
17
59
103
35
67
134
2
66
106
105
89
10
22
114
37
110
112
144
48
98
143
148
25
90
151
91
153
49
131
12
156
117
77
123
127
81
64
145
113
107
120
115
60
51
6
28
7
52
96
14
87
126
16
139
39
158
75
13
141
133
99
65
150
11
86
18
125
97
32
111
55
138
155
100
146
129
31
21
136
46
27
92
152
93
4
76
15
73
104
95
108
38
85
8
29
142
1
94
159
41
69
42
34
19
137
135
57
43
84
83
132
45
40
53
61
33
80
157
154
20
9
74
88
122
23
5
3
44
26
102
160
101
63
70
147
128
30
47
116
121
68
62
50
78
36
79
149
54
119
24
71
58
72
130
56
124
82
140
109
