53
70
55
140
69
56
86
95
19
82
6
11
72
76
16
131
147
46
63
101
65
79
123
99
92
54
58
91
1
138
83
59
129
62
67
68
89
93
144
40
104
25
143
12
135
28
18
49
34
61
87
102
4
145
103
151
81
33
122
51
75
15
32
88
42
35
96
120
149
30
84
150
94
21
73
78
5
23
118
109
128
97
133
10
52
117
80
85
50
77
8
114
130
112
3
36
37
157
156
13
20
100
124
126
31
90
17
154
38
153
7
121
29
57
41
14
64
108
43
107
139
141
74
9
155
137
48
125
60
27
134
152
116
115
110
98
119
66
71
2
47
136
127
45
148
39
24
44
22
132
142
105
146
111
106
113
26
