95
99
182
162
91
59
89
112
158
71
176
165
38
109
58
147
96
12
2
62
151
60
36
25
55
15
46
86
198
161
76
181
53
189
49
178
133
185
114
82
50
68
129
171
164
183
8
5
1
94
153
97
51
193
30
113
148
123
103
157
143
125
137
64
122
66
146
20
9
93
100
56
52
21
87
34
163
197
16
188
90
170
141
106
128
22
177
196
19
186
74
184
134
33
69
194
135
70
149
117
145
18
6
7
139
107
4
81
54
61
73
101
79
28
132
92
110
41
187
140
78
75
121
160
24
159
32
42
47
142
35
48
116
175
14
72
131
111
152
120
98
26
191
173
3
80
77
88
126
43
119
155
180
124
37
11
144
104
108
13
29
138
105
102
45
17
169
200
195
166
23
167
192
84
118
190
115
127
174
44
156
199
179
154
168
65
40
31
27
67
130
150
39
136
10
172
57
63
85
83
