150
157
176
161
28
179
193
4
125
72
49
192
6
97
156
110
126
146
164
107
105
55
58
120
163
159
93
190
26
69
137
86
87
9
37
195
169
36
121
78
117
171
189
65
39
124
194
135
24
85
131
83
158
45
77
95
153
2
111
118
76
20
52
143
43
16
60
38
186
12
68
89
178
198
79
170
47
160
3
139
34
10
180
88
14
128
50
23
114
119
1
184
96
116
199
7
183
148
144
174
33
21
132
91
155
82
175
104
134
196
188
17
200
106
191
103
44
173
61
5
41
27
71
129
63
140
168
181
31
51
84
123
136
73
152
13
57
35
75
67
154
22
18
177
54
122
185
98
19
29
112
42
80
99
182
8
64
147
59
133
100
40
142
32
197
46
94
66
151
127
165
62
141
149
48
101
172
113
162
74
92
56
130
145
167
53
108
138
11
30
81
15
187
115
109
166
70
102
25
90
