50
36
52
31
141
106
109
43
162
18
149
5
173
158
8
119
124
42
12
148
35
63
123
112
107
2
74
144
57
118
100
1
51
72
40
19
16
11
156
139
110
98
93
108
3
88
129
47
90
175
49
75
125
77
145
82
163
135
116
62
33
9
38
154
96
122
14
161
81
102
66
115
13
155
59
32
111
39
86
34
127
137
130
73
80
136
114
21
131
64
128
147
6
152
104
45
83
95
29
67
146
89
15
171
48
65
165
28
134
7
69
117
24
55
30
71
120
157
153
76
159
17
143
23
172
68
84
60
97
170
27
4
79
37
25
20
169
132
44
142
138
164
61
140
133
91
167
94
26
105
113
174
121
126
92
70
22
160
103
151
56
46
10
53
150
85
54
58
87
41
168
78
166
101
99
