65
176
177
199
150
145
63
58
133
25
167
118
81
14
132
19
141
188
20
97
42
8
87
50
7
144
182
196
45
157
96
21
93
68
154
122
5
18
40
187
98
140
86
104
191
175
165
156
57
174
23
28
38
163
168
103
13
149
46
72
116
12
169
102
31
73
195
15
161
151
1
61
198
181
178
115
52
70
76
37
74
54
99
105
171
121
75
71
80
194
197
30
36
164
66
117
123
166
180
146
120
200
100
10
60
67
110
106
41
158
179
64
32
85
107
138
89
2
127
142
62
51
193
192
128
53
124
153
139
44
162
9
29
129
147
69
82
79
43
39
16
137
92
88
136
189
95
47
59
148
143
114
183
33
56
111
4
173
170
6
17
11
109
159
34
172
185
90
130
78
55
190
27
160
3
91
48
101
24
131
135
35
126
113
77
49
184
22
26
119
84
155
186
83
94
134
125
108
152
112
