140
11
99
200
142
3
90
148
127
17
66
44
46
75
121
150
159
186
70
155
181
191
143
45
107
157
185
117
28
29
79
146
141
167
161
54
84
31
188
71
57
42
60
69
1
93
125
8
80
184
43
178
128
133
47
95
59
182
27
145
136
6
16
85
7
56
190
13
61
15
98
135
129
154
198
193
176
50
91
55
123
175
122
113
174
37
166
102
82
94
138
19
18
109
108
40
65
151
20
114
168
126
51
162
97
152
115
26
192
112
24
87
134
73
48
177
101
49
194
21
76
131
169
172
86
100
2
183
130
197
30
163
164
67
25
187
158
147
62
92
5
39
144
35
78
34
23
12
103
68
111
116
139
41
53
96
173
189
120
132
137
33
110
106
179
88
180
170
81
58
195
32
14
196
22
72
10
160
4
64
83
171
124
199
63
36
105
156
119
77
118
149
52
153
104
165
9
38
89
74
