28
93
37
14
19
44
79
122
35
149
97
112
137
7
18
51
104
38
31
90
69
131
73
57
10
107
58
151
48
40
81
116
85
13
72
91
32
99
66
94
70
54
59
87
120
110
82
132
135
89
1
83
34
3
126
39
100
118
142
152
52
115
5
143
133
77
92
63
12
144
140
24
17
96
15
84
8
102
148
136
124
64
53
139
47
108
98
21
138
9
16
86
74
20
33
146
113
2
150
106
23
101
29
78
134
128
75
46
123
45
43
109
61
147
119
11
130
114
22
62
95
117
42
26
145
55
36
141
111
121
6
41
105
129
88
125
68
65
50
67
71
103
80
27
30
25
127
76
60
49
56
4
