200
173
76
40
61
190
87
92
153
67
130
38
193
103
58
162
152
186
19
71
145
8
86
136
75
166
111
189
165
63
192
99
187
2
37
89
66
85
195
90
180
65
143
169
142
1
114
48
52
197
150
108
177
5
88
81
9
53
134
94
146
7
78
116
59
46
188
82
72
4
73
157
174
11
60
15
109
55
156
149
22
68
93
147
113
74
179
20
176
33
175
100
50
184
132
10
170
140
45
39
41
16
115
163
181
32
30
131
28
118
26
56
27
139
144
117
36
128
49
14
70
126
64
168
95
183
161
84
129
119
34
106
12
124
160
51
122
196
69
171
154
120
54
3
133
198
191
112
21
42
135
23
102
182
199
80
29
44
141
91
155
57
107
47
79
185
121
18
6
125
137
101
96
24
31
178
62
17
159
97
105
123
110
83
43
194
164
35
172
98
138
167
127
151
158
104
25
77
148
13
