2
63
151
66
52
50
117
113
124
99
49
61
200
67
85
183
112
136
45
90
162
84
118
36
169
30
23
127
48
58
91
116
171
174
79
24
20
148
157
42
152
188
125
55
196
46
97
75
176
87
93
156
172
145
18
123
135
163
37
170
158
186
197
153
114
165
94
59
68
15
47
71
89
56
167
76
178
39
177
25
111
12
28
185
60
74
194
103
53
138
199
5
41
83
184
4
175
141
81
44
80
166
17
78
133
10
131
3
119
115
198
143
35
121
16
13
51
195
88
109
189
154
26
168
82
150
106
110
147
122
193
69
179
160
100
8
130
164
21
86
192
1
34
38
64
129
181
65
98
43
31
173
134
40
137
92
149
29
146
57
140
77
72
180
102
6
105
11
62
190
7
187
155
144
182
126
104
159
27
96
139
161
107
95
132
120
22
70
33
142
101
19
32
73
108
128
191
9
54
14
