71
166
179
104
162
131
95
155
23
146
58
175
144
3
46
24
69
149
5
8
103
173
177
153
140
44
172
94
119
152
188
118
86
164
154
187
51
141
10
56
130
60
167
102
57
128
169
7
148
107
190
105
124
96
137
199
116
13
48
120
1
77
136
64
197
62
178
36
115
30
49
90
34
151
25
27
67
22
191
55
92
4
52
19
150
180
122
81
87
185
111
18
16
73
133
113
6
42
43
28
29
170
132
160
182
38
196
129
70
79
156
163
31
72
91
37
200
158
126
184
11
35
161
14
106
33
114
80
63
125
112
143
21
85
100
134
110
109
108
32
147
45
61
41
93
171
135
174
88
98
194
127
165
20
50
74
186
97
142
139
181
195
78
40
15
17
53
12
99
192
84
54
75
145
159
189
193
89
59
82
39
47
123
138
121
76
66
168
117
183
65
68
9
83
176
157
101
198
26
2
