71
51
67
130
55
139
31
59
161
163
13
123
86
87
10
82
164
138
32
29
129
121
100
60
38
165
107
159
135
14
160
33
133
154
91
118
126
117
65
57
58
22
147
81
102
88
136
155
145
24
153
98
16
19
104
149
137
109
77
92
148
61
131
151
162
114
116
113
8
25
103
84
3
146
27
52
7
106
15
150
140
79
168
171
35
173
63
115
54
30
23
62
44
40
73
48
169
83
20
76
85
174
120
89
72
111
47
45
42
157
134
46
9
105
75
64
18
119
128
49
152
156
170
4
97
5
56
78
101
142
21
176
172
17
70
12
108
37
124
74
96
93
166
2
80
41
132
39
158
6
94
143
43
122
53
34
28
36
69
26
125
99
11
167
68
175
95
90
1
50
127
66
112
144
141
110
