143
28
42
115
23
106
18
61
196
50
63
9
46
102
182
132
172
126
159
151
148
188
146
80
178
77
96
130
174
68
111
86
162
117
25
195
163
87
125
98
40
13
11
74
94
100
85
198
4
7
17
65
78
71
168
10
194
38
103
90
119
141
187
66
81
49
190
55
138
121
88
137
22
89
179
91
36
64
108
56
39
191
197
8
58
2
154
34
31
135
21
83
41
84
57
54
176
164
69
99
181
47
113
3
114
139
53
129
156
161
173
118
26
107
150
75
175
136
67
105
70
110
59
32
14
158
79
16
186
24
45
189
6
180
82
27
97
185
140
104
167
177
169
144
95
147
48
101
92
183
20
184
5
124
192
193
149
19
134
60
170
52
112
122
152
127
128
43
30
72
160
153
142
44
33
76
1
37
123
155
73
109
133
35
62
131
120
15
51
166
157
165
145
116
171
93
29
12
