37
171
97
88
133
60
65
146
166
46
179
185
102
22
188
94
118
156
115
193
42
161
79
165
26
148
93
137
147
132
38
151
125
119
198
91
111
45
57
74
162
49
16
112
181
20
13
5
69
62
52
55
11
86
127
51
71
195
189
163
131
92
99
29
180
15
1
106
194
84
157
36
164
178
113
10
85
200
190
17
145
44
90
123
34
128
41
68
47
96
81
48
40
144
126
150
130
7
168
143
149
3
191
159
56
152
98
192
8
120
153
104
135
172
169
4
35
39
100
105
23
25
63
58
24
72
14
186
196
82
95
141
9
87
154
167
121
30
80
61
117
124
6
67
18
107
77
182
136
174
110
59
175
19
116
21
122
187
138
50
12
170
64
70
75
173
155
33
177
142
109
160
103
66
54
184
183
73
53
129
32
176
27
199
140
197
83
78
2
134
76
89
158
108
114
31
43
28
139
101
