126
120
148
149
193
73
33
17
103
110
179
65
184
141
128
165
3
66
16
56
191
88
28
162
107
69
194
38
50
199
47
30
137
10
171
183
152
157
95
51
134
123
122
147
156
143
160
139
124
74
155
22
145
43
180
82
113
6
92
186
85
118
150
140
135
138
78
91
121
63
60
29
35
176
132
159
26
76
64
170
87
174
48
98
25
130
14
49
41
32
7
39
168
5
187
114
133
4
190
112
2
169
166
189
9
154
198
136
178
58
106
18
97
142
125
116
84
81
119
146
153
61
93
161
188
46
37
75
59
67
44
54
80
108
175
115
55
102
181
53
20
177
77
68
72
52
86
62
158
19
163
71
200
105
27
42
31
100
15
172
13
89
90
94
99
185
131
127
182
23
192
129
83
197
45
196
151
144
109
195
167
111
36
34
24
104
96
57
11
79
40
21
173
8
164
1
117
70
12
101
