154
132
28
116
103
70
153
143
148
106
122
36
131
185
60
89
59
11
151
95
62
184
97
33
194
35
108
142
144
19
25
58
65
26
130
192
7
46
72
149
8
81
199
69
150
56
78
190
80
98
42
141
125
12
145
189
179
44
20
6
10
133
102
67
30
193
82
1
127
123
3
175
105
119
163
49
101
79
64
187
83
124
197
182
99
76
66
104
50
135
39
27
37
174
146
48
87
166
52
134
2
24
113
160
45
186
152
74
191
5
88
111
114
4
92
128
159
23
47
31
200
55
136
126
195
137
38
14
13
140
172
169
107
121
53
17
43
117
21
183
68
90
61
22
75
161
129
115
171
155
162
85
84
100
188
34
170
29
177
91
86
147
109
196
54
164
18
118
180
32
77
181
138
96
110
198
165
120
173
73
178
16
168
15
40
41
167
112
157
57
9
94
176
93
51
156
63
71
158
139
