113
135
167
51
103
122
18
43
7
166
124
133
32
160
5
100
47
3
35
11
140
101
117
28
164
44
49
67
29
146
39
74
163
107
142
104
72
20
96
15
41
64
37
71
6
105
25
127
40
92
128
162
157
139
158
57
31
106
126
10
137
38
111
120
76
46
56
169
22
136
138
132
30
99
52
42
33
26
159
123
8
85
62
141
130
94
75
16
23
58
95
175
174
102
155
24
2
93
83
21
53
54
147
178
69
80
161
154
108
118
153
45
34
165
177
61
84
152
112
144
77
143
180
176
14
119
97
115
125
98
90
172
50
89
129
36
121
13
116
27
87
145
86
173
179
73
156
17
78
70
63
148
150
149
59
110
12
4
109
114
170
131
134
181
79
91
82
66
88
9
60
55
168
151
19
65
171
68
48
1
81
