139
45
54
104
122
98
110
179
108
73
118
152
103
81
187
19
86
2
66
85
51
96
7
53
169
132
165
44
63
27
192
156
76
138
89
30
13
31
114
39
180
135
17
91
12
115
32
35
9
146
33
127
1
199
162
158
88
196
8
157
20
175
62
105
172
197
58
101
55
93
140
151
154
185
99
70
147
78
178
40
131
5
16
112
64
77
109
174
25
171
67
191
82
46
182
123
189
142
126
166
144
173
92
72
49
41
168
59
71
155
190
116
193
50
176
136
134
29
150
121
83
107
94
198
34
183
111
163
47
128
61
137
6
141
113
124
129
159
184
117
14
119
43
188
18
80
65
23
38
3
153
195
177
56
28
161
87
160
21
149
4
36
24
97
95
60
48
145
181
143
90
79
133
167
57
148
102
69
120
74
125
68
15
100
42
75
10
194
11
170
130
26
84
164
52
186
106
37
22
