7
1
117
6
116
34
110
38
37
3
114
200
36
199
112
113
173
5
111
35
175
4
174
39
115
109
8
2
118
120
41
10
178
122
179
9
176
119
42
177
11
40
121
123
14
15
22
183
43
191
56
57
50
182
45
181
48
188
16
190
23
194
12
18
24
196
17
49
20
19
186
55
25
13
197
53
47
185
59
187
46
21
180
192
58
143
131
125
54
148
124
132
151
152
193
130
133
189
142
195
52
137
135
184
136
145
147
128
139
51
44
138
127
146
144
126
149
129
141
150
134
140
60
97
91
27
68
86
87
155
171
31
166
93
80
84
81
160
102
198
70
157
159
61
170
98
99
77
153
26
92
162
32
163
161
85
169
101
78
89
106
94
100
90
158
63
83
72
64
69
29
62
76
67
104
33
66
172
65
165
82
105
154
30
167
103
79
88
107
75
96
74
168
156
71
164
28
95
73
108
