102
115
66
161
131
20
197
146
106
69
8
98
46
156
49
13
129
110
200
31
181
152
33
17
193
28
149
183
139
3
89
64
137
30
112
42
32
172
199
195
105
165
141
18
173
54
56
6
61
77
118
50
117
82
180
185
138
109
70
40
176
122
145
92
126
150
15
84
71
21
37
127
124
186
168
190
23
144
101
192
62
93
160
179
65
143
44
88
12
73
188
19
48
121
26
52
41
91
189
14
47
57
43
162
36
99
83
38
167
113
53
51
196
11
148
174
85
5
2
130
81
175
191
170
108
87
22
97
184
119
27
147
163
94
198
60
120
7
107
187
72
16
55
79
153
39
133
159
171
142
158
67
154
123
29
95
96
1
166
104
157
177
74
86
128
59
35
132
34
140
100
182
4
68
24
25
75
78
45
135
76
116
164
194
10
125
80
151
111
155
134
103
63
90
178
114
136
169
58
9
