103
34
100
104
47
5
132
57
63
1
33
29
75
54
128
35
135
62
159
50
58
22
82
71
3
21
124
147
88
74
52
154
65
158
153
140
61
16
32
126
136
43
129
19
70
117
157
115
67
48
110
155
87
15
11
118
80
143
40
64
73
8
121
76
36
95
10
125
112
41
152
96
81
23
127
4
148
56
108
90
51
139
113
89
13
97
12
68
122
102
28
37
49
83
59
109
86
60
101
7
91
24
106
17
2
30
38
44
20
92
130
138
31
9
72
53
78
93
142
46
14
85
114
123
98
119
94
150
120
144
55
25
84
146
69
39
79
111
145
116
151
133
26
42
6
107
66
45
105
77
131
149
134
18
141
137
99
27
156
