63
50
184
48
153
59
112
197
108
55
42
163
53
123
15
159
84
166
100
89
139
187
37
154
47
133
191
65
198
77
142
71
80
188
157
4
87
36
45
95
137
40
27
39
176
68
28
169
92
114
5
1
88
172
192
102
23
56
8
171
75
118
2
136
32
67
164
43
129
126
185
134
25
196
78
30
69
199
113
117
10
52
110
158
127
9
150
51
33
99
41
26
104
66
18
22
149
103
122
148
61
46
14
200
54
170
24
189
79
177
175
44
167
109
91
94
151
20
180
60
141
76
183
146
138
179
120
73
128
173
58
74
105
19
97
132
12
64
57
29
144
135
143
162
174
21
182
125
93
16
160
119
161
168
111
115
98
34
181
17
3
86
6
186
72
96
62
107
152
38
193
156
101
85
90
145
178
70
194
49
106
140
11
195
165
83
82
131
155
31
121
190
35
130
13
147
124
116
81
7
