138
139
35
15
110
171
48
113
91
1
27
109
64
148
84
16
149
57
104
119
51
150
89
67
33
165
96
79
176
45
134
115
159
18
136
12
37
32
42
75
82
3
177
154
156
141
112
116
30
71
17
88
142
162
97
145
26
52
172
121
95
53
174
77
46
120
78
147
58
129
21
20
144
117
153
81
14
107
73
36
43
70
135
38
170
54
90
118
80
157
99
163
114
146
151
55
24
8
31
29
168
22
61
140
76
98
158
161
111
173
6
123
72
102
60
94
7
62
86
152
83
41
50
155
2
101
160
13
93
47
130
125
74
122
167
106
164
166
85
69
175
66
9
143
19
10
39
128
137
124
40
28
105
131
127
34
108
100
49
68
87
63
25
169
56
65
126
103
11
5
4
44
133
59
132
92
23
