25
121
48
109
154
30
162
95
81
36
185
8
104
33
167
151
11
123
177
21
10
29
158
200
110
66
57
96
79
44
161
65
19
83
86
70
141
119
168
37
114
146
73
169
122
116
163
182
14
84
108
24
38
195
192
159
106
53
93
186
27
132
5
26
39
32
67
51
181
74
45
129
142
72
97
92
144
17
137
13
47
176
12
55
166
130
64
52
31
22
153
115
171
40
7
128
34
199
82
98
170
143
75
193
117
23
49
111
78
175
61
165
87
9
118
134
173
18
152
179
59
99
94
77
149
41
16
189
112
180
194
150
71
136
191
28
102
157
103
42
140
43
184
58
155
50
113
6
68
76
105
145
2
178
54
89
198
100
139
35
172
46
4
148
160
69
1
63
56
174
120
60
127
107
187
131
101
126
91
90
156
188
124
85
88
80
62
133
197
20
190
196
125
183
164
135
15
3
147
138
