23
135
171
38
168
59
123
166
49
180
83
40
196
175
101
45
156
32
160
66
138
42
169
78
99
71
70
172
77
98
3
129
7
131
150
192
153
44
132
2
43
67
20
48
22
114
113
143
60
164
184
104
189
50
116
162
39
136
17
29
31
19
182
61
140
124
187
128
84
34
12
80
170
145
90
161
177
85
199
158
10
81
33
14
96
26
25
119
52
72
103
130
146
127
5
165
54
178
4
112
88
157
92
198
68
154
125
126
121
147
149
200
9
35
148
173
13
108
87
122
73
144
69
28
57
194
110
111
97
27
191
118
141
37
24
1
6
47
151
133
179
79
185
36
82
167
117
102
190
95
89
163
115
53
75
8
134
152
155
188
51
174
159
186
193
139
94
21
16
55
62
64
176
74
63
93
58
100
105
183
18
56
91
120
11
46
107
86
197
195
15
106
65
109
181
76
142
41
137
30
