63
195
115
154
173
28
169
189
40
175
137
29
104
140
142
149
146
106
88
47
22
135
94
7
25
191
181
125
112
38
72
177
118
55
192
77
66
101
99
157
185
84
162
156
114
187
58
158
109
81
150
155
139
124
147
130
42
56
132
144
141
95
20
190
18
16
86
199
10
111
9
196
108
143
65
170
180
61
17
36
79
172
43
53
74
123
193
30
87
122
200
14
50
92
102
159
26
107
39
100
70
117
6
174
62
13
148
27
131
68
103
82
134
44
15
80
33
57
93
34
64
138
59
96
8
11
60
110
49
198
120
23
76
97
133
165
45
90
183
168
73
167
160
12
164
176
83
41
188
35
105
194
89
32
186
85
153
121
129
51
91
113
1
46
78
182
54
75
21
3
179
24
171
31
184
69
166
152
119
178
71
127
19
161
197
4
145
128
116
98
37
2
136
52
151
163
5
67
126
48
