168
103
39
132
194
11
34
138
97
77
51
149
9
145
141
161
117
36
154
37
172
90
75
152
74
146
67
26
166
66
109
53
136
127
30
176
174
143
198
133
94
89
86
186
191
43
196
6
31
5
62
19
112
164
65
115
3
126
116
91
193
144
41
18
108
2
102
177
17
4
107
27
178
105
68
181
55
156
81
73
134
151
50
121
119
104
200
20
54
84
163
32
23
167
78
49
35
192
29
92
189
70
137
82
58
22
199
184
155
140
8
190
160
93
153
187
175
122
106
1
148
124
165
76
171
64
131
7
169
188
162
113
28
59
130
21
60
15
179
33
129
48
135
118
83
100
72
123
12
24
185
52
63
101
170
14
10
158
96
114
25
71
69
79
159
56
120
142
85
46
40
147
182
45
125
88
98
99
80
61
197
111
157
183
150
173
38
42
195
95
47
139
87
110
16
180
57
128
13
44
