100
89
51
1
24
198
110
132
174
62
21
82
103
126
147
157
45
175
18
109
159
40
53
168
90
97
91
150
171
151
166
65
14
84
144
86
123
137
187
99
43
94
15
196
41
192
169
10
127
135
113
167
143
16
81
158
46
52
117
108
42
164
58
26
67
140
61
95
96
7
66
170
106
56
173
148
142
122
119
11
193
177
180
181
71
63
134
124
88
75
186
59
73
39
2
47
165
20
145
141
54
50
74
6
30
92
183
179
87
133
37
35
17
156
116
13
105
194
121
191
83
33
114
34
153
78
69
9
118
8
131
152
23
162
197
104
138
77
112
188
161
120
44
154
130
136
182
85
189
27
5
12
125
111
128
129
184
107
38
178
79
3
76
32
25
160
93
139
64
146
49
155
163
102
172
22
98
68
48
101
19
115
4
72
57
28
55
176
31
149
36
185
60
200
199
29
70
195
190
80
