65
130
138
110
105
5
171
195
99
3
2
101
146
169
106
97
192
136
29
71
21
187
84
31
124
114
131
42
83
109
100
40
86
141
200
188
53
76
158
102
27
156
98
167
24
111
43
36
78
52
73
198
90
88
151
12
163
113
196
54
185
68
16
8
165
25
7
19
26
117
197
148
140
193
57
177
112
4
176
95
184
164
122
104
145
133
64
67
91
93
161
168
152
11
58
174
38
87
41
34
183
30
175
160
147
89
143
128
155
60
186
108
120
125
44
22
1
35
62
75
142
162
63
18
17
139
150
15
179
61
66
172
189
157
126
181
153
182
59
70
46
92
33
49
107
191
154
137
82
116
9
45
129
56
144
180
119
77
190
159
118
81
149
132
55
72
10
94
6
47
69
96
166
50
39
178
37
20
79
135
48
194
134
123
199
103
28
121
74
80
127
13
170
14
85
51
173
32
23
115
