50
143
105
48
21
85
122
151
10
123
58
100
97
107
88
142
103
64
140
35
54
84
81
62
42
19
82
12
30
114
155
66
11
110
71
14
125
90
18
154
87
44
118
72
117
120
33
77
149
69
26
141
67
159
89
53
96
31
91
109
162
106
9
112
29
20
16
150
157
63
86
101
111
80
99
45
36
108
38
76
83
37
121
93
153
59
47
158
130
152
65
15
34
5
119
3
68
95
27
132
148
135
113
74
79
139
156
60
94
23
129
145
24
134
61
17
137
22
115
136
102
124
4
70
32
131
144
57
92
41
133
8
7
138
49
28
73
25
78
2
126
6
46
127
39
161
128
1
160
104
147
98
52
116
13
43
75
51
55
40
146
56
