77
185
116
25
35
82
189
143
148
152
76
171
101
131
79
160
145
109
106
63
33
32
37
140
174
94
34
31
127
11
81
138
195
71
175
97
142
187
117
14
156
68
104
46
155
181
17
27
193
78
98
38
53
18
192
24
169
108
139
178
59
194
91
44
123
4
10
45
16
3
62
126
51
67
110
184
15
136
112
42
170
5
28
40
29
114
115
113
144
41
188
163
30
57
74
83
186
26
70
87
56
157
164
52
1
133
149
69
146
190
132
50
119
166
191
90
124
103
60
54
89
92
49
19
177
58
199
179
130
198
75
64
118
61
99
86
65
23
176
22
7
36
147
39
84
21
13
9
135
93
161
154
88
66
137
121
183
12
96
150
165
200
172
196
20
72
73
105
141
80
134
180
85
102
8
153
48
182
162
173
43
100
168
6
55
2
197
129
167
159
107
95
128
151
111
47
122
125
158
120
