128
94
105
34
153
22
172
103
189
23
157
72
145
130
27
100
13
129
15
132
78
5
26
7
2
191
18
113
198
102
9
160
98
38
36
40
67
166
164
152
158
85
119
156
179
144
50
35
168
125
24
112
114
178
184
101
80
66
99
146
110
45
162
171
31
69
64
77
107
136
154
71
126
177
117
143
57
14
137
70
63
39
56
187
97
155
139
150
92
65
138
86
8
11
196
21
197
165
149
68
55
109
169
133
124
118
25
20
43
42
84
48
163
73
186
120
79
104
87
142
122
33
115
49
185
88
46
174
32
58
61
176
194
10
81
167
127
188
52
121
134
106
82
95
147
16
111
30
83
91
4
3
183
123
12
193
1
180
181
60
89
175
47
37
151
159
131
192
116
148
75
161
17
93
173
96
62
29
44
59
74
90
200
28
170
54
108
140
135
199
51
19
6
41
190
76
182
141
53
195
