11
76
113
66
166
199
122
149
5
63
55
75
68
31
40
124
150
64
170
172
159
189
18
180
104
112
182
1
6
95
169
174
191
105
59
86
73
56
107
65
82
100
57
89
162
131
103
2
41
52
155
136
163
176
118
167
168
144
146
44
153
94
157
58
154
91
17
102
23
125
121
99
200
22
127
45
19
3
160
187
135
39
173
117
8
78
139
93
15
193
69
192
186
7
175
83
109
132
185
114
70
164
27
67
47
181
26
87
25
110
81
96
79
133
171
158
108
141
34
74
151
98
72
46
38
156
116
71
77
195
92
194
183
177
10
49
24
29
12
123
152
188
43
142
148
137
9
138
35
51
54
33
147
20
129
179
60
119
126
90
48
53
30
145
80
84
21
62
140
196
36
190
42
130
120
134
13
97
106
143
61
184
88
85
101
178
14
198
28
111
115
197
4
16
128
32
37
161
50
165
