139
4
40
163
149
87
145
72
116
11
142
111
41
96
58
30
112
83
10
152
157
160
120
124
38
131
13
119
61
52
27
127
20
113
70
15
66
98
147
19
133
78
150
162
130
44
89
93
117
81
35
37
99
95
69
105
33
153
100
59
158
21
148
141
8
17
32
45
42
1
76
54
7
156
108
65
104
155
88
49
82
114
39
107
68
34
90
18
31
5
73
26
92
85
12
43
101
25
67
84
74
48
80
36
136
138
94
28
115
118
60
109
2
29
53
159
144
23
143
135
140
6
161
55
126
103
125
14
164
86
106
22
50
71
97
121
77
9
134
3
63
46
102
146
75
91
137
47
51
128
123
57
24
56
64
154
132
151
122
110
62
16
79
129
