7
14
188
5
18
118
6
55
168
167
78
198
54
72
154
196
58
180
41
144
3
65
199
165
101
146
116
148
149
50
162
89
115
147
128
132
63
79
124
157
66
183
57
155
62
200
103
158
184
64
100
44
182
139
34
60
76
125
45
136
20
194
83
126
21
73
111
29
16
131
82
92
159
68
110
93
114
25
53
104
46
67
35
191
15
121
109
141
106
176
193
91
95
175
105
143
112
166
37
145
85
27
181
51
10
187
179
23
22
84
61
99
170
160
81
74
70
140
77
8
56
97
87
96
189
48
173
130
164
32
113
52
178
24
137
49
11
107
42
161
185
31
4
2
19
172
186
90
177
9
120
129
88
94
174
75
102
133
138
86
192
151
47
108
135
195
134
13
163
123
26
153
98
171
40
156
38
36
69
190
80
142
122
17
30
43
117
119
28
152
59
39
12
169
33
150
127
1
71
197
