137
14
168
25
184
154
156
13
84
87
83
75
38
69
6
132
78
159
70
19
59
150
66
143
26
22
9
116
148
55
189
139
35
94
130
178
123
106
93
125
45
105
2
68
173
144
155
79
15
65
28
128
44
82
48
49
41
190
20
113
133
72
76
182
1
162
86
118
57
64
185
10
107
31
183
134
172
7
191
4
171
32
61
37
88
142
63
67
99
112
169
27
176
51
153
174
166
179
122
85
12
126
98
54
90
131
60
108
129
188
91
23
73
149
187
119
160
117
92
96
11
74
21
109
141
124
16
140
170
175
164
80
127
180
158
52
167
29
62
43
17
114
50
101
42
53
181
138
102
97
121
186
147
100
161
30
89
8
24
111
56
18
33
46
110
165
136
135
47
163
152
146
40
3
177
103
39
34
71
115
81
104
151
5
36
157
58
77
145
95
120
