141
86
28
29
77
35
85
54
103
88
5
19
72
120
17
49
56
70
169
81
183
177
36
79
116
59
115
150
23
46
128
66
53
89
13
51
110
100
73
71
125
31
132
37
162
12
146
15
21
41
26
180
16
94
179
118
176
185
178
106
63
130
117
39
143
61
52
153
20
123
76
107
160
152
164
62
159
154
68
181
38
82
43
97
127
45
135
147
148
50
67
10
134
149
92
40
78
75
186
139
74
98
42
1
155
4
122
22
87
32
96
133
33
24
69
136
174
47
83
172
101
112
6
84
95
157
167
25
91
7
114
64
142
9
121
34
58
171
60
2
126
168
11
113
145
184
173
182
187
161
188
105
55
137
170
138
129
163
111
27
119
144
80
57
30
104
156
108
44
48
131
8
124
65
93
165
140
99
109
158
175
14
18
90
166
151
3
102
