24
3
79
1
125
66
149
35
110
94
117
87
100
122
130
47
36
111
39
119
22
120
84
96
33
14
104
55
78
128
4
132
65
107
51
63
121
118
158
114
131
19
140
152
29
133
153
7
156
89
30
49
98
137
46
25
103
139
52
11
56
148
82
97
20
69
37
28
147
92
38
57
146
102
83
154
68
129
74
155
126
142
70
31
86
2
34
116
44
136
18
127
151
81
43
113
106
48
99
157
9
5
143
72
71
145
61
109
115
16
26
150
10
58
17
134
45
76
50
73
15
108
40
53
32
75
105
59
12
144
27
112
60
21
64
91
62
67
6
77
101
159
141
23
123
85
8
95
124
88
13
54
90
80
135
41
42
93
138
