9
49
86
145
2
105
99
20
116
85
95
66
37
170
89
1
98
27
91
151
156
127
30
43
14
33
17
64
19
31
84
113
173
107
87
120
90
65
39
32
123
8
153
78
92
100
70
74
83
163
159
167
93
172
50
169
88
6
71
29
10
155
28
135
119
61
55
79
117
67
46
80
166
141
138
121
111
5
103
143
165
158
54
7
115
149
108
4
122
41
164
147
47
110
69
57
40
101
132
134
97
136
42
139
152
75
137
129
82
34
104
154
13
168
26
94
171
72
125
23
15
106
58
68
12
53
157
62
16
114
21
48
51
124
81
63
162
25
102
38
112
60
148
133
73
59
96
128
144
142
130
118
36
45
146
11
52
140
35
44
160
76
109
150
22
77
18
161
3
126
24
56
131
