85
25
32
68
7
123
200
150
118
95
129
182
19
196
50
3
49
168
153
158
52
47
157
144
86
88
117
175
172
107
30
163
106
138
56
74
137
146
162
141
87
198
20
160
108
169
151
126
94
166
55
181
139
17
69
167
197
109
78
23
59
148
195
22
5
102
58
54
101
75
142
120
31
124
79
177
152
190
92
112
113
199
105
191
64
27
188
1
51
71
119
81
122
26
40
53
18
110
28
179
192
11
176
140
63
103
149
65
44
48
111
72
132
170
84
104
61
2
185
131
155
93
121
76
83
194
114
62
21
145
96
97
45
46
115
42
14
147
127
189
60
135
57
9
183
82
34
134
98
173
156
70
4
116
99
136
24
37
73
15
133
89
125
33
128
154
43
36
67
178
66
187
184
16
8
143
186
130
161
100
41
13
159
80
193
39
38
164
35
180
90
174
77
6
171
165
91
10
29
12
