3
8
13
18
23
28
33
38
41
46
54
59
64
69
72
77
82
87
92
97
103
108
113
118
123
128
133
138
141
146
152
157
162
167
172
177
184
189
192
197
1
6
11
16
21
26
31
36
44
52
57
62
67
75
80
85
90
95
101
106
111
116
121
126
131
136
144
150
155
160
165
170
175
180
181
182
187
195
4
9
14
19
24
29
34
39
42
47
49
55
60
65
70
73
78
83
88
93
98
104
109
114
119
124
129
134
139
142
147
149
153
158
163
168
173
178
185
190
193
198
2
7
12
17
22
27
32
37
45
53
58
63
68
76
81
86
91
96
102
107
112
117
122
127
132
137
145
151
156
161
166
171
176
183
188
196
48
148
199
5
105
154
10
15
20
25
30
35
40
43
50
51
56
61
66
71
74
79
84
89
94
99
100
110
115
120
125
130
135
140
143
159
164
169
174
179
186
191
194
