116
38
139
65
91
5
72
43
107
117
119
52
3
95
131
115
81
123
175
73
1
90
161
39
14
130
31
103
200
67
63
27
100
188
94
21
155
166
118
195
41
54
75
92
36
171
120
86
196
114
186
47
35
129
173
133
152
83
101
80
105
98
193
180
51
13
25
49
48
33
40
20
159
164
9
179
8
126
15
77
18
10
58
11
96
162
125
46
167
191
127
34
113
172
145
178
2
143
198
140
60
176
78
121
122
30
135
174
184
136
109
163
71
138
110
93
158
151
128
76
134
7
132
22
28
59
157
12
70
146
183
62
104
88
26
150
199
137
108
194
106
141
99
112
190
168
17
124
66
24
97
79
142
197
181
4
169
87
189
177
16
45
170
160
148
68
64
57
53
56
50
29
147
69
111
185
182
154
192
74
156
102
153
165
44
19
55
84
37
85
89
82
187
42
144
23
6
61
32
149
