186
161
180
165
47
49
36
164
163
73
151
166
38
96
46
61
148
10
86
92
167
93
33
139
131
8
28
108
176
42
71
107
59
154
174
2
153
24
21
5
120
99
124
187
116
37
185
35
88
143
183
29
25
119
105
170
32
15
78
190
100
123
113
26
129
103
175
181
179
11
109
69
65
149
4
168
101
162
184
140
16
41
55
51
50
20
102
12
66
130
118
48
53
30
72
177
44
142
112
58
133
135
98
84
150
80
94
87
74
169
62
18
27
97
79
23
128
138
63
34
134
117
39
156
45
67
1
7
160
104
147
145
14
90
9
141
121
125
54
91
64
17
157
152
182
40
111
132
85
31
114
126
75
83
155
173
60
19
144
68
3
52
146
77
82
95
76
110
13
178
115
43
89
57
122
171
188
70
172
22
6
81
159
56
137
136
106
189
127
158
