171
121
26
58
104
29
65
51
60
1
191
184
12
157
85
119
138
133
22
62
135
28
63
169
83
170
44
122
137
173
5
120
48
50
71
158
74
147
124
30
115
140
127
194
46
35
75
131
72
2
32
43
178
40
90
17
111
118
67
89
134
164
102
31
94
97
126
19
7
189
182
155
128
108
33
175
196
143
84
193
159
105
37
21
153
27
49
148
93
160
70
57
113
92
150
167
36
42
95
177
168
77
16
34
132
6
174
200
4
145
129
73
82
179
66
139
107
199
161
55
151
123
101
98
56
38
25
103
166
185
130
86
149
53
78
11
8
80
195
183
68
14
114
91
96
76
146
87
59
39
110
156
45
152
24
176
3
9
100
88
81
13
141
79
186
99
197
198
61
142
18
10
112
181
187
15
188
125
54
162
117
41
116
64
136
163
106
192
20
180
165
109
52
154
23
172
190
144
47
69
