148
57
134
114
53
46
7
76
151
47
110
80
26
78
119
74
127
108
129
123
50
131
125
137
85
59
155
51
82
9
150
145
49
13
6
40
146
122
27
22
128
44
105
8
99
136
29
42
113
138
117
86
89
20
115
10
17
147
3
48
149
143
56
140
118
133
28
97
18
73
37
152
130
41
156
153
157
30
126
109
116
33
112
14
11
32
4
135
39
52
139
121
100
15
87
31
12
38
81
24
142
60
75
67
62
19
65
23
107
144
111
102
159
101
16
72
5
64
35
36
95
79
84
94
158
68
71
63
106
98
43
66
55
88
58
141
103
1
120
91
92
70
2
132
77
90
93
34
124
54
45
69
96
25
21
154
104
83
61
