182
58
163
15
18
169
151
46
111
3
116
4
131
59
31
112
138
132
159
96
134
9
150
117
71
75
162
30
69
84
173
178
14
152
110
161
144
20
133
50
16
51
118
105
1
52
171
120
143
185
72
125
21
164
149
94
81
41
172
79
109
5
2
13
11
54
160
139
102
80
65
17
64
181
170
42
114
107
47
91
168
174
179
43
25
153
37
184
66
93
49
73
121
128
32
36
124
44
28
39
48
101
55
8
154
92
68
53
89
127
77
35
60
86
123
145
165
78
61
108
176
183
146
158
103
19
40
135
126
82
85
167
180
24
22
56
122
106
156
166
97
129
119
113
62
26
57
29
83
76
136
175
137
7
142
157
23
90
140
177
100
33
104
141
187
95
115
10
12
45
186
67
63
99
34
88
38
148
74
98
70
87
6
155
130
27
147
