70
45
151
135
168
112
32
57
47
81
133
167
158
20
128
117
153
116
23
155
139
115
176
138
69
96
120
99
166
27
171
15
11
55
104
88
94
101
3
43
48
72
66
79
177
87
114
82
174
7
134
49
170
77
163
179
65
46
191
109
127
29
172
75
188
61
4
67
28
86
121
113
178
6
173
17
10
156
193
13
30
12
144
124
8
108
59
90
157
129
14
92
31
119
147
194
95
63
106
73
111
60
189
2
160
38
74
40
123
62
184
185
85
105
39
154
161
132
186
130
187
125
35
1
18
71
183
51
24
175
164
80
68
141
162
52
182
146
143
107
102
192
181
16
149
145
126
140
41
148
76
22
34
26
169
44
118
195
89
159
9
98
64
37
91
36
58
100
93
84
21
25
54
152
103
5
78
110
19
56
142
83
131
136
97
190
122
53
137
180
50
42
150
165
33
