75
11
7
118
117
147
8
35
119
15
86
92
74
189
64
162
190
106
98
62
151
159
33
150
176
21
93
48
3
172
28
22
141
45
14
188
111
131
43
10
110
187
55
80
27
37
100
18
148
99
6
29
156
65
13
50
95
70
165
128
166
160
145
87
66
181
30
113
184
88
112
42
52
104
44
180
61
123
121
154
158
177
127
17
59
167
120
163
126
157
4
138
96
115
153
168
179
97
140
173
84
58
122
129
34
89
85
182
161
40
164
46
47
186
107
71
101
53
108
1
178
5
125
24
105
116
2
38
77
19
23
103
57
68
90
81
109
51
83
133
124
60
171
152
91
32
183
36
49
12
16
169
142
69
72
20
149
135
56
9
67
136
175
114
185
174
139
137
78
170
102
79
26
25
76
94
146
132
82
143
63
41
134
130
73
144
54
31
155
39
