102
27
104
185
121
20
12
10
144
172
108
141
199
59
95
34
30
2
39
115
130
74
170
163
184
55
173
44
23
53
175
94
40
85
63
31
52
176
26
161
125
101
62
1
194
123
38
188
181
198
159
67
186
13
54
156
148
160
182
17
99
129
162
167
76
90
69
28
138
37
73
126
98
92
171
157
139
131
142
29
81
169
133
146
72
132
191
36
66
58
127
158
189
82
153
136
91
70
117
45
145
112
190
103
110
93
60
109
21
47
7
50
197
195
46
5
79
137
57
187
105
4
150
120
11
48
151
18
179
135
16
3
147
192
88
80
180
25
111
83
143
119
84
174
15
89
43
168
87
51
177
64
106
35
68
42
19
193
113
100
107
183
154
196
200
56
86
14
140
32
96
78
155
8
152
97
75
122
128
24
116
71
165
65
164
114
124
61
6
77
41
134
118
178
49
22
33
149
166
9
