42
49
90
159
20
131
147
38
25
2
63
154
136
134
135
105
5
114
116
111
22
34
138
58
107
118
27
102
140
117
150
99
72
142
109
98
149
31
19
62
71
100
92
66
95
50
37
60
122
69
4
48
89
148
79
56
59
101
14
125
8
21
85
40
36
54
139
81
132
55
133
124
24
3
106
110
64
84
97
1
120
11
13
26
9
160
153
45
141
46
43
91
10
146
15
47
6
16
103
65
155
96
67
88
52
57
87
129
83
119
51
93
128
86
23
35
73
41
113
61
156
30
82
33
126
108
18
76
130
104
70
158
77
121
28
68
123
143
137
157
44
29
151
39
145
152
78
12
74
115
144
32
75
17
94
161
127
7
112
80
53
