179
92
198
83
189
105
51
5
75
64
145
121
13
28
10
175
49
142
33
117
103
19
178
161
22
70
174
119
24
136
101
131
194
9
197
129
1
108
154
199
43
107
144
38
181
27
110
159
158
143
123
74
59
192
93
90
190
140
157
114
57
34
42
53
100
48
195
177
191
82
115
12
14
126
37
164
111
137
87
4
163
89
25
182
84
69
50
8
21
134
66
67
147
36
71
152
122
127
81
183
98
156
46
160
56
72
68
106
132
173
112
18
40
104
148
153
165
193
91
63
172
118
39
125
77
168
124
95
151
102
171
16
155
44
15
23
96
11
113
146
52
116
65
62
141
186
79
85
31
55
80
41
32
86
128
73
130
88
61
109
139
7
17
169
180
120
30
20
150
138
133
187
29
184
167
2
47
149
166
200
97
196
94
185
162
170
35
135
26
188
6
3
76
176
78
58
60
45
54
99
