134
143
138
93
186
1
165
119
59
27
44
193
182
54
49
95
14
187
64
111
3
118
66
141
192
29
145
91
168
80
139
10
85
197
98
184
23
175
191
30
102
151
116
137
122
25
112
79
132
81
58
36
42
32
47
75
128
170
173
110
177
136
150
55
178
129
37
45
5
15
46
114
76
65
86
35
200
16
43
174
62
6
123
31
135
153
144
24
96
157
106
8
88
9
188
160
196
67
83
161
26
181
92
152
198
77
19
38
40
172
183
72
51
195
39
4
107
41
108
99
133
117
89
146
73
176
90
71
124
127
155
52
140
156
20
113
17
69
158
147
125
148
109
149
154
70
163
167
12
56
74
104
87
78
166
164
28
33
169
68
61
162
171
130
101
50
82
13
185
115
11
100
18
180
126
60
179
34
159
189
94
57
63
97
194
84
120
48
22
21
199
190
53
105
121
2
103
131
7
142
