177
46
13
20
105
190
68
66
110
125
83
57
15
63
73
142
176
43
153
189
107
182
64
141
62
4
89
140
172
194
121
123
116
37
42
111
114
174
17
95
175
108
133
156
70
99
12
139
126
85
32
1
171
168
5
200
79
191
160
92
151
135
76
67
157
25
94
101
192
9
33
87
39
161
155
50
167
186
90
75
198
146
81
77
136
138
181
27
74
104
91
144
10
53
18
178
137
145
88
22
34
184
40
96
52
127
149
28
166
179
173
54
100
150
124
35
109
134
122
188
112
118
170
97
120
148
23
113
41
11
143
117
86
29
183
197
44
6
48
31
47
162
82
187
102
30
38
55
106
45
49
158
14
69
115
7
169
65
59
80
147
78
8
84
195
159
185
16
51
119
71
165
3
130
152
180
196
36
56
193
128
154
58
103
93
129
163
19
164
21
26
98
131
72
199
24
60
2
61
132
