55
151
164
31
193
56
179
41
122
128
183
124
65
144
194
75
46
132
60
158
69
170
146
199
51
95
22
43
190
48
30
81
110
145
99
7
12
196
157
19
165
77
111
163
176
133
16
11
135
73
96
64
80
84
100
26
44
68
126
134
118
4
177
143
20
161
197
148
13
54
141
38
186
160
107
52
101
23
149
119
188
130
82
108
127
109
72
114
198
74
172
71
97
181
24
187
3
79
136
156
6
162
28
174
117
195
66
70
115
147
49
138
37
42
98
184
17
15
93
57
89
85
125
33
167
150
129
173
153
39
182
40
155
191
169
47
131
140
53
21
113
29
94
152
189
78
192
45
178
120
91
200
180
102
116
62
171
103
87
92
90
139
50
36
18
86
159
154
2
10
112
34
5
32
137
8
83
121
105
1
175
63
59
88
123
168
142
185
35
25
58
61
104
14
76
166
9
106
27
67
