85
132
7
154
62
119
59
68
109
27
188
175
90
89
103
142
5
91
93
140
53
111
51
95
174
21
57
170
102
134
100
28
172
61
191
47
10
193
60
166
133
112
195
49
9
75
1
183
19
157
32
145
177
96
52
35
158
8
101
153
184
97
3
147
17
113
180
200
41
176
167
45
58
36
149
114
33
108
80
65
155
34
79
76
138
162
78
29
139
122
66
50
44
99
23
120
20
130
92
94
84
187
163
40
82
43
141
136
64
178
88
196
131
73
31
86
67
106
128
121
14
24
150
199
15
107
185
25
6
129
186
63
26
110
70
18
74
72
160
181
148
197
105
151
13
182
83
179
46
125
152
194
169
56
135
81
22
69
71
48
38
143
144
123
159
115
39
42
165
4
192
168
126
161
118
164
117
127
190
11
198
87
189
116
2
16
12
98
156
171
173
104
137
54
37
55
30
124
77
146
