160
138
200
102
171
112
40
163
151
130
116
197
147
49
94
161
101
80
156
39
142
10
150
182
98
78
70
7
51
84
91
83
3
45
42
20
140
155
99
178
8
36
59
77
127
61
74
6
23
95
79
176
195
196
193
198
199
62
149
1
175
5
137
75
134
18
192
56
128
164
169
122
153
119
71
132
67
48
32
145
100
170
33
76
82
135
121
46
124
183
166
13
117
186
114
92
96
11
44
30
17
31
54
21
16
167
90
72
4
12
152
115
105
143
173
26
9
174
57
129
29
15
87
187
126
25
191
28
181
52
19
157
107
189
38
133
58
185
93
108
159
53
47
50
63
89
136
120
104
22
144
118
2
172
188
162
27
141
37
111
168
109
43
35
55
88
97
148
64
106
65
110
41
125
131
86
179
73
165
177
34
190
154
180
146
68
103
24
60
194
81
66
85
69
113
139
184
14
158
123
