54
83
2
77
94
137
11
154
62
22
28
101
158
165
60
103
177
93
163
189
152
117
9
113
41
24
31
139
182
36
156
80
17
125
89
114
49
88
50
149
104
111
176
75
20
160
21
132
46
155
6
15
32
188
121
129
96
5
72
170
147
18
4
127
134
8
67
131
43
143
124
159
78
184
58
86
172
109
179
142
128
37
13
91
65
146
140
181
34
186
56
130
161
81
84
47
175
44
59
162
122
19
42
180
192
39
195
183
98
30
108
74
87
119
69
171
7
40
3
35
57
52
100
136
120
85
118
66
144
167
14
73
51
45
157
193
107
148
166
110
196
55
151
68
191
1
123
29
23
12
38
82
178
33
141
164
145
102
27
150
16
173
153
116
70
115
126
64
106
133
112
97
105
79
10
169
63
190
76
48
25
92
187
168
53
185
71
95
61
26
90
138
99
135
194
174
