63
115
8
61
56
99
166
142
48
116
124
100
70
161
149
87
98
3
143
19
165
136
91
109
1
46
29
163
31
147
72
150
86
66
10
77
16
14
51
105
111
78
128
40
80
171
106
93
21
145
94
44
20
119
95
160
170
25
126
133
59
117
83
28
88
55
22
23
64
92
113
148
130
67
154
18
43
110
156
38
159
167
35
76
140
74
81
174
173
96
50
7
52
37
90
134
137
42
168
12
169
71
36
4
85
45
155
33
41
152
53
175
114
82
79
138
164
97
15
123
24
54
58
30
102
135
34
26
141
172
120
127
68
118
139
2
129
158
146
107
73
39
103
32
62
122
5
6
69
108
153
17
131
47
151
9
75
162
144
57
13
60
27
84
112
89
157
65
104
101
125
132
121
11
49
