165
111
131
148
124
166
34
14
36
143
199
58
161
176
63
192
125
182
193
102
73
146
133
23
29
186
156
76
89
178
2
175
92
168
103
157
173
59
30
127
145
82
1
25
117
32
101
61
109
3
12
191
8
100
39
88
17
94
150
13
16
115
42
48
107
188
197
62
130
155
172
99
113
170
9
190
184
70
140
21
189
163
11
35
118
43
27
126
114
98
6
15
33
46
151
57
52
83
26
37
153
137
180
18
164
123
112
97
51
24
171
135
132
10
129
158
144
56
104
85
80
55
154
141
77
183
31
160
72
200
60
22
152
74
138
159
174
4
177
81
122
71
47
187
49
54
108
91
86
110
20
41
5
105
67
128
162
45
44
194
40
28
65
142
169
96
181
196
69
106
95
78
84
64
75
198
38
93
195
53
139
136
167
50
134
87
79
66
7
179
90
149
147
68
19
185
119
116
120
121
