129
149
162
144
118
180
4
141
43
102
160
148
135
161
61
65
64
143
25
110
5
7
63
57
27
56
73
62
136
103
171
122
114
120
82
152
74
130
170
123
116
174
67
92
84
95
9
96
77
140
23
132
54
55
163
154
31
30
33
155
6
119
142
128
112
88
86
172
24
35
32
111
68
98
47
59
85
52
22
17
72
38
125
133
48
11
150
97
51
145
8
76
177
39
12
179
158
100
14
87
53
169
1
168
139
108
21
3
58
16
83
166
70
159
66
75
94
93
44
79
60
124
20
45
41
157
49
178
50
69
156
91
28
105
115
153
138
164
101
151
19
109
126
2
165
131
10
104
90
26
167
13
173
18
80
127
46
121
107
113
147
34
37
137
176
134
99
78
29
42
40
89
71
175
36
146
15
106
117
81
