66
55
153
89
118
10
7
123
48
18
23
31
103
159
52
108
129
146
98
105
74
156
53
80
116
90
59
170
68
75
96
136
113
9
63
99
33
144
101
30
49
5
20
38
16
114
134
162
41
122
151
131
102
132
44
65
47
120
97
109
85
64
91
19
87
27
1
21
76
173
35
73
106
86
36
150
161
82
165
163
32
152
58
124
112
125
84
138
26
81
143
6
24
13
50
119
139
172
4
46
70
100
17
155
83
62
22
45
164
29
158
2
88
126
25
14
79
69
154
60
104
168
110
28
34
174
54
15
92
107
37
12
160
72
135
145
140
111
78
61
121
94
115
117
95
40
8
171
137
56
3
148
39
127
130
169
71
166
67
57
42
147
43
133
77
51
149
167
141
128
93
142
157
11
