84
171
167
128
97
141
44
15
22
49
176
109
107
156
73
30
76
80
40
166
151
85
123
119
51
7
19
124
95
82
157
133
24
11
45
34
163
59
94
102
58
70
99
158
46
53
8
42
71
145
33
48
177
112
4
131
126
130
159
134
36
127
10
29
104
132
72
6
105
5
172
178
113
68
90
27
96
38
174
93
52
91
154
122
60
41
57
92
142
117
56
86
108
61
146
2
26
77
62
65
165
88
121
54
116
101
66
83
1
120
164
74
37
115
81
87
13
18
161
149
32
147
28
148
23
64
125
106
179
138
143
110
114
25
89
162
3
137
50
100
155
144
16
139
35
9
79
118
180
17
136
168
14
31
78
103
39
75
67
129
20
169
153
43
98
21
135
12
63
55
150
170
69
47
140
175
152
173
111
160
