161
11
148
87
195
109
70
192
100
152
193
12
103
59
111
7
102
16
50
167
41
78
37
56
184
15
115
67
20
55
71
94
128
95
107
132
188
34
198
196
51
47
76
119
133
122
139
159
124
117
8
49
42
21
199
175
10
164
145
163
116
93
182
158
9
52
65
6
129
17
150
1
4
61
77
54
173
168
104
30
85
147
153
82
165
2
143
177
14
26
58
185
170
60
89
38
33
200
176
101
113
63
64
144
81
106
19
174
121
83
187
91
74
69
127
169
62
22
46
181
135
79
68
140
75
142
136
25
43
178
39
138
80
154
146
72
137
86
171
183
130
160
194
191
126
162
45
24
151
48
3
88
92
110
157
44
29
172
112
18
35
27
28
40
97
189
166
53
118
125
96
13
57
84
141
36
156
98
32
131
114
149
120
108
197
180
73
190
134
99
123
23
5
155
105
90
66
31
186
179
