21
76
165
101
57
47
121
178
80
129
31
174
139
70
100
113
149
175
13
25
63
160
77
104
61
39
60
12
115
126
199
83
172
152
17
164
171
119
141
27
88
95
52
90
46
5
193
195
50
198
147
86
188
9
166
15
6
145
196
56
109
44
74
144
96
45
16
116
132
154
143
82
117
153
123
26
36
19
84
140
190
49
59
128
37
24
133
103
163
28
58
97
20
73
159
91
136
200
118
14
186
177
4
167
110
124
11
169
157
42
30
138
33
134
54
68
53
43
107
108
112
192
98
38
66
62
135
79
69
81
185
131
122
3
64
10
137
94
75
111
155
176
158
114
173
194
34
184
7
120
130
48
168
189
181
32
142
127
93
170
102
41
183
150
162
87
67
2
182
35
99
51
105
146
85
23
1
18
179
148
197
72
92
40
8
89
191
161
180
78
55
65
106
29
187
125
151
22
71
156
