86
137
178
67
16
115
25
132
176
91
55
97
150
88
187
169
163
159
172
99
75
10
112
158
144
47
151
79
174
22
53
122
6
98
117
3
131
130
46
51
186
185
7
124
134
103
9
70
135
27
164
120
168
171
183
109
30
37
73
110
155
81
76
143
154
165
23
29
74
78
162
173
93
72
145
94
5
32
57
61
14
146
65
129
1
100
8
153
114
142
83
36
157
42
52
106
113
133
34
121
170
82
102
118
54
128
44
175
87
60
49
152
4
147
84
138
148
40
33
149
126
41
45
63
119
19
15
127
189
68
136
26
69
90
182
66
96
190
35
181
167
2
59
11
43
160
92
166
125
89
18
156
39
50
80
101
108
123
184
139
180
179
85
64
24
105
71
161
28
111
56
116
31
58
17
21
107
95
20
104
38
188
62
12
140
141
48
13
77
177
