94
32
134
157
170
197
93
115
79
104
165
136
38
147
178
96
149
177
107
199
145
33
183
135
102
114
53
98
143
192
41
85
13
131
82
29
191
195
59
71
144
138
198
3
185
130
14
50
172
42
171
36
179
21
91
84
124
113
128
69
77
86
68
112
7
43
168
9
46
58
15
44
37
19
105
196
73
116
137
97
18
49
129
34
118
125
120
132
70
189
169
26
24
64
39
155
40
17
67
30
72
11
90
187
6
45
27
78
22
151
186
194
106
164
35
159
48
156
87
111
109
180
57
92
12
175
88
154
28
167
142
122
119
184
173
75
141
100
103
76
166
162
10
139
95
193
20
65
83
31
163
181
110
152
146
54
62
8
174
123
176
161
190
2
127
74
81
150
52
160
148
60
16
23
158
126
101
80
66
188
153
4
61
121
51
1
47
140
99
89
133
182
56
55
108
25
5
63
117
