199
5
93
161
184
56
171
149
158
76
185
44
152
115
156
182
118
27
67
26
131
6
128
157
190
108
150
121
140
120
117
83
88
18
36
129
62
107
173
30
168
42
165
187
96
91
29
116
69
47
38
155
130
98
73
180
143
111
66
125
54
21
77
23
12
200
109
134
80
84
39
57
151
137
4
79
63
13
11
28
60
15
34
141
193
138
101
43
25
35
52
45
127
170
176
181
16
195
106
179
142
196
144
87
119
14
103
90
175
178
75
139
64
124
22
147
122
194
86
183
169
61
95
10
8
110
133
186
24
135
145
160
104
71
153
159
197
177
112
167
92
174
41
37
100
17
82
189
114
1
72
48
99
97
188
172
148
33
166
32
70
126
49
53
7
198
51
102
105
132
85
78
68
146
40
65
192
50
136
31
113
81
164
191
154
89
163
123
3
162
59
94
19
46
2
9
58
20
74
55
