106
144
174
198
104
197
70
199
200
117
23
15
18
126
60
91
109
112
196
164
140
137
5
82
35
65
28
36
146
97
78
189
76
6
7
19
103
99
79
88
182
24
64
14
93
84
187
59
186
72
17
180
41
58
111
71
16
68
102
50
152
95
25
67
166
192
159
83
62
178
127
122
135
96
85
10
42
57
176
12
56
13
151
73
168
108
86
188
132
81
194
120
185
11
34
155
43
195
119
4
30
125
143
55
110
80
40
165
52
26
191
162
92
161
184
53
2
177
116
124
123
172
77
153
149
129
114
179
8
154
87
167
142
66
47
141
69
145
21
75
101
160
181
175
113
37
150
115
148
118
9
169
1
139
171
131
156
105
51
107
45
190
48
128
31
38
158
130
147
54
63
133
100
98
89
134
163
61
22
39
121
3
170
94
20
138
173
27
183
32
44
74
29
90
136
193
49
157
33
46
