52
185
10
99
125
42
166
151
7
92
22
198
68
63
135
183
56
174
96
28
182
40
195
164
194
38
55
89
6
106
32
170
80
116
172
72
5
41
161
57
20
29
91
86
50
128
3
33
73
49
133
8
74
31
30
76
26
95
156
176
25
16
167
196
103
100
101
71
131
200
157
27
121
69
175
64
169
45
79
21
67
143
122
90
186
98
78
188
140
113
168
34
120
83
148
109
193
141
189
60
94
138
110
153
115
107
162
65
158
146
145
197
137
108
36
39
132
35
129
88
37
11
160
61
112
163
59
70
82
4
178
14
127
199
187
46
114
1
119
19
17
77
9
51
93
184
117
53
43
126
134
152
173
15
12
144
105
155
44
87
165
180
139
142
124
118
159
177
179
136
18
154
192
130
75
62
149
123
102
97
181
23
13
85
104
84
48
147
54
111
2
81
47
190
24
171
191
150
66
58
