155
70
4
71
119
172
16
121
111
102
69
194
153
53
58
5
179
114
47
181
118
164
82
171
79
38
65
113
157
143
28
193
177
33
108
140
87
110
50
19
89
189
101
36
107
104
66
175
188
156
191
68
106
57
135
184
22
150
12
64
129
75
170
178
80
165
74
32
88
86
168
100
167
197
61
93
95
11
67
160
174
63
199
134
73
48
39
49
130
91
192
7
26
159
115
190
138
42
24
196
117
152
20
56
142
62
131
166
14
54
31
81
84
133
137
98
195
185
136
27
76
99
125
90
17
15
144
13
21
120
109
154
198
128
25
161
23
83
35
85
158
116
147
34
132
183
30
41
146
124
176
163
112
60
148
44
59
126
186
103
55
18
127
96
187
45
94
122
200
92
46
169
78
29
180
10
145
123
37
52
9
149
3
43
51
141
182
77
6
1
105
151
162
2
40
72
8
97
173
139
