167
139
149
189
58
43
57
137
135
129
76
16
153
41
108
33
73
112
19
61
31
18
69
63
133
17
74
105
191
6
163
116
12
10
27
144
155
173
88
141
161
152
48
118
96
126
164
52
46
101
54
94
146
159
97
50
71
174
82
200
113
172
30
128
67
32
103
187
59
122
20
1
87
124
102
98
95
111
5
29
62
140
177
158
26
77
157
44
166
168
40
175
70
107
42
185
99
190
160
90
121
72
134
136
56
22
7
183
53
114
21
125
196
170
178
83
169
117
47
100
81
35
115
4
45
38
184
131
110
37
79
92
138
49
28
143
106
132
89
60
150
180
55
176
104
109
3
11
66
24
162
80
127
186
130
93
156
119
86
145
142
2
171
197
151
23
181
14
188
64
9
51
91
65
36
182
154
148
165
192
78
8
179
15
199
13
120
34
195
25
68
193
85
194
84
147
75
39
198
123
