182
72
197
162
84
200
142
171
40
187
136
152
153
47
183
70
166
180
110
97
12
43
20
165
88
92
158
174
112
128
140
53
94
179
60
129
160
141
74
186
175
144
176
38
61
120
114
147
130
143
67
17
131
133
56
126
189
117
177
151
102
192
13
93
199
134
156
196
118
29
195
62
14
107
81
146
79
100
123
127
173
98
122
18
9
169
28
16
32
30
44
75
45
193
2
132
163
34
149
31
68
90
106
101
109
58
198
6
48
111
77
115
95
155
87
159
71
1
51
116
188
37
121
3
27
167
125
185
52
113
22
36
46
35
80
85
103
59
49
7
170
172
5
21
76
15
11
39
4
138
164
50
168
137
10
69
150
108
148
54
91
64
83
41
157
135
139
161
181
119
42
82
8
99
96
33
86
66
57
154
65
191
55
63
145
178
194
105
24
73
104
190
19
78
25
26
23
89
124
184
