47
145
108
70
37
95
26
52
139
150
72
39
170
3
112
161
142
92
179
126
164
71
148
86
103
15
122
6
153
138
4
173
36
146
130
38
166
75
65
63
165
42
19
129
167
56
58
176
169
21
66
177
180
174
40
35
105
151
152
45
114
61
143
89
156
140
99
33
102
115
120
18
49
46
69
132
128
157
117
76
44
121
104
51
127
17
62
144
88
83
48
60
163
11
74
137
57
29
116
2
50
87
28
107
101
91
90
27
16
141
55
97
113
147
98
81
84
154
158
119
168
12
82
178
24
43
85
22
53
54
23
59
100
136
149
9
7
172
30
20
171
109
162
14
181
25
118
134
110
131
135
79
94
1
67
78
10
124
125
133
159
32
77
73
13
175
155
5
31
96
64
106
93
41
123
111
68
80
34
8
160
