11
24
67
110
38
184
25
71
163
199
96
181
108
183
14
52
150
168
117
173
197
86
30
70
151
145
43
81
73
124
185
115
47
42
66
12
8
62
32
102
112
95
196
103
59
135
172
2
53
33
57
127
58
50
107
44
72
164
105
99
76
169
159
121
122
60
34
193
116
111
36
80
154
179
79
31
41
88
158
22
138
188
37
195
128
39
68
54
165
171
136
45
155
48
46
29
109
94
143
55
49
113
4
162
51
192
180
97
106
3
40
15
120
176
114
146
100
19
144
191
26
142
78
123
6
175
9
16
61
189
129
149
1
134
74
18
200
93
20
13
152
182
64
186
84
167
140
69
5
101
139
7
27
85
157
83
28
87
194
82
132
133
170
92
131
125
178
161
174
153
35
21
156
65
56
166
75
177
160
10
126
137
190
98
187
119
91
104
148
130
90
17
89
77
147
118
23
141
198
63
