185
186
198
173
14
54
199
92
137
195
2
107
191
21
196
26
182
95
142
161
80
179
4
65
145
156
151
109
59
5
193
3
58
1
39
127
36
34
90
98
168
183
170
75
30
29
20
69
135
48
124
129
47
10
40
73
160
130
16
71
110
17
12
128
100
194
66
108
115
89
46
114
133
85
106
81
18
28
7
15
146
9
33
181
190
136
101
131
77
41
144
192
187
104
86
25
84
57
119
171
96
61
134
159
43
177
157
42
132
56
143
24
79
121
94
176
62
70
172
126
35
149
118
150
103
68
169
200
184
155
120
83
162
165
60
167
23
166
153
197
53
97
99
88
49
189
125
163
91
51
55
147
117
140
64
27
122
139
93
152
87
154
32
116
19
67
111
38
6
37
102
31
138
113
178
74
45
22
72
123
188
52
112
105
8
13
158
164
180
174
76
44
148
78
175
141
82
11
63
50
