84
46
68
177
86
69
116
112
146
29
131
128
70
157
132
72
121
22
144
48
16
24
95
51
43
83
159
45
55
179
141
10
52
56
14
78
153
154
166
136
27
105
93
21
155
109
122
170
100
60
66
18
120
37
87
62
61
7
33
114
173
59
42
36
107
63
32
129
142
108
41
50
20
149
175
117
23
85
89
5
102
30
65
31
25
125
77
99
115
104
71
19
167
151
176
152
97
174
118
96
1
94
172
75
134
79
3
162
34
64
138
80
165
163
140
160
9
88
145
169
90
4
123
49
139
6
15
168
110
76
58
148
73
126
101
40
135
26
137
156
106
113
143
161
2
147
28
54
39
38
82
17
53
178
171
91
13
35
119
98
103
8
67
57
12
130
124
150
164
74
158
92
133
47
111
81
44
11
127
