157
115
25
140
193
171
107
160
91
110
24
200
181
42
127
53
196
116
123
173
159
155
59
32
194
48
26
104
45
135
31
86
139
145
138
39
60
108
72
185
56
124
150
179
156
85
92
190
15
21
136
125
49
88
103
131
22
101
192
83
23
58
74
81
144
80
154
71
183
186
100
99
109
38
35
133
30
43
65
180
182
142
6
10
62
143
40
106
44
102
120
162
132
68
134
169
19
167
170
66
36
67
82
57
184
161
176
198
78
11
122
34
63
1
3
153
79
29
148
28
111
87
14
187
37
73
137
17
195
84
27
70
118
174
13
5
75
20
158
4
96
7
89
117
52
76
90
177
126
112
164
41
97
94
51
175
95
98
12
189
55
172
146
178
18
163
113
147
152
33
64
114
69
9
188
129
61
199
168
46
105
2
50
54
197
16
121
77
8
166
47
165
149
128
141
130
119
191
93
151
