68
163
132
144
114
22
74
58
5
38
195
187
150
52
17
179
95
176
125
35
192
127
116
26
28
18
50
27
173
4
39
168
6
111
20
186
44
135
155
157
55
94
108
40
23
165
49
85
161
105
170
124
156
2
57
128
64
77
43
7
185
160
54
151
119
142
169
175
193
78
92
121
56
117
138
104
120
33
53
136
45
69
31
100
130
71
88
139
67
59
110
164
147
84
72
146
113
145
194
97
141
140
131
189
87
159
37
81
122
112
182
30
42
80
86
171
70
61
172
36
12
15
134
174
63
166
152
153
25
184
75
115
178
62
82
149
19
14
103
96
93
188
79
76
101
11
133
126
9
158
162
98
8
16
109
66
48
190
46
180
41
183
29
123
118
47
129
10
89
106
24
32
107
51
143
91
83
73
177
191
137
65
21
1
60
34
148
3
181
154
13
167
102
99
90
