81
55
63
167
195
62
47
90
1
16
72
58
180
135
80
157
92
69
77
144
179
20
91
29
9
186
109
197
189
3
108
89
181
127
43
126
14
7
200
170
117
84
28
199
162
194
49
13
39
45
23
160
165
190
182
42
118
153
15
18
111
145
156
100
159
94
66
44
26
19
65
36
17
2
68
5
52
37
139
24
169
97
35
185
172
164
33
125
110
70
166
61
64
146
152
4
130
54
107
11
96
27
103
184
102
151
6
106
67
40
198
113
21
32
131
101
53
50
141
191
56
116
99
192
71
86
140
82
138
124
133
150
85
128
154
31
168
57
78
75
25
87
46
38
173
60
115
73
163
149
122
112
41
183
137
48
12
10
129
155
114
119
8
134
143
88
121
175
171
104
95
187
132
105
193
83
59
178
176
123
136
34
30
147
51
188
177
98
161
79
22
174
196
142
158
148
74
76
93
