40
110
151
153
192
2
5
10
26
36
58
60
116
155
164
176
195
12
28
62
70
85
101
105
124
134
137
149
157
188
6
25
33
38
43
57
68
93
97
100
104
112
125
139
161
178
179
194
9
15
16
17
18
29
32
34
37
39
47
50
69
71
72
75
78
83
121
127
129
130
156
158
159
162
167
168
169
172
175
185
186
189
193
198
3
14
20
23
45
49
82
86
99
107
115
120
122
128
131
133
136
147
163
171
191
197
199
200
4
13
42
52
55
61
65
66
67
73
74
76
77
79
87
89
90
94
96
98
102
109
111
126
132
140
144
146
150
154
160
174
180
181
190
196
1
19
21
24
30
35
41
44
54
64
81
84
88
95
108
135
142
170
173
177
184
187
7
22
31
46
48
53
59
80
92
117
118
123
138
145
148
182
8
11
27
51
56
91
103
106
143
152
166
183
63
113
114
119
141
