3
4
12
19
21
23
33
34
37
46
47
54
59
67
68
71
77
78
88
91
103
104
107
120
127
134
135
137
139
144
146
160
170
172
174
175
184
189
191
192
194
195
199
6
8
14
18
25
27
30
31
32
36
39
53
57
60
63
65
70
76
84
89
92
97
98
108
115
116
117
118
132
136
138
142
143
145
147
150
151
157
162
163
164
166
167
169
177
181
186
187
197
1
7
9
10
13
15
16
22
26
43
44
45
48
52
55
58
64
66
69
72
73
74
82
85
86
87
90
93
94
96
99
100
101
110
111
112
121
122
123
126
129
130
131
140
141
148
149
152
153
154
158
159
161
165
168
180
182
188
190
193
2
5
11
17
20
24
28
29
35
38
40
41
42
49
50
51
56
61
62
75
79
80
81
83
95
102
105
106
109
113
114
119
124
125
128
133
155
156
171
173
176
178
179
183
185
196
198
