14
150
20
143
121
157
107
78
23
114
117
119
96
176
68
198
79
58
183
120
148
144
160
3
21
139
159
161
93
190
26
28
88
82
137
196
17
200
86
106
118
87
50
179
9
193
103
4
37
44
125
195
72
186
12
63
33
49
169
178
132
192
170
36
91
168
175
123
6
34
152
39
191
97
124
156
110
194
135
24
85
75
61
41
27
1
71
83
129
199
126
45
140
146
77
177
95
7
2
111
164
31
51
84
185
98
29
104
43
16
38
35
105
55
89
154
80
47
173
22
99
18
8
163
180
69
147
19
59
128
112
136
73
184
116
42
13
174
67
155
197
134
188
94
133
100
54
171
189
65
122
131
5
165
158
141
153
46
181
182
48
64
76
66
52
127
60
172
113
142
92
10
32
56
62
108
145
101
167
138
11
30
57
53
162
74
40
109
15
151
115
166
149
81
187
130
102
70
25
