2
11
10
42
34
24
28
33
55
5
38
66
15
77
46
19
52
48
68
73
71
105
61
64
54
93
13
111
44
99
78
58
143
95
20
119
139
129
41
84
103
57
56
118
25
75
69
120
102
36
108
43
50
65
123
49
82
89
86
63
107
109
122
60
128
97
51
88
116
81
53
80
132
74
104
70
166
121
112
94
18
110
167
125
141
151
100
157
147
67
45
131
30
168
162
115
136
8
96
133
87
31
9
90
47
22
72
138
171
130
137
92
146
114
165
172
106
124
135
91
59
39
101
62
127
113
76
153
152
126
83
156
149
79
98
144
160
154
85
170
145
164
117
158
148
159
163
134
142
150
155
161
